ARM GAS  C:\Users\MATTHE~1\AppData\Local\Temp\cc6yc6fq.s 			page 1


   1              		.syntax unified
   2              		.cpu cortex-m3
   3              		.fpu softvfp
   4              		.eabi_attribute 20, 1
   5              		.eabi_attribute 21, 1
   6              		.eabi_attribute 23, 3
   7              		.eabi_attribute 24, 1
   8              		.eabi_attribute 25, 1
   9              		.eabi_attribute 26, 1
  10              		.eabi_attribute 30, 6
  11              		.eabi_attribute 34, 1
  12              		.eabi_attribute 18, 4
  13              		.thumb
  14              		.file	"cymetadata.c"
  15              		.text
  16              	.Ltext0:
  17              		.cfi_sections	.debug_frame
  18              		.global	cy_meta_configecc
  19              		.section	.cyconfigecc,"a",%progbits
  20              		.align	2
  21              		.type	cy_meta_configecc, %object
  22              		.size	cy_meta_configecc, 928
  23              	cy_meta_configecc:
  24 0000 02       		.byte	2
  25 0001 52       		.byte	82
  26 0002 00       		.byte	0
  27 0003 40       		.byte	64
  28 0004 02       		.byte	2
  29 0005 64       		.byte	100
  30 0006 00       		.byte	0
  31 0007 40       		.byte	64
  32 0008 4A       		.byte	74
  33 0009 00       		.byte	0
  34 000a 01       		.byte	1
  35 000b 40       		.byte	64
  36 000c 32       		.byte	50
  37 000d 01       		.byte	1
  38 000e 01       		.byte	1
  39 000f 40       		.byte	64
  40 0010 0E       		.byte	14
  41 0011 02       		.byte	2
  42 0012 01       		.byte	1
  43 0013 40       		.byte	64
  44 0014 48       		.byte	72
  45 0015 03       		.byte	3
  46 0016 01       		.byte	1
  47 0017 40       		.byte	64
  48 0018 41       		.byte	65
  49 0019 04       		.byte	4
  50 001a 01       		.byte	1
  51 001b 40       		.byte	64
  52 001c 42       		.byte	66
  53 001d 05       		.byte	5
  54 001e 01       		.byte	1
  55 001f 40       		.byte	64
  56 0020 02       		.byte	2
  57 0021 07       		.byte	7
ARM GAS  C:\Users\MATTHE~1\AppData\Local\Temp\cc6yc6fq.s 			page 2


  58 0022 01       		.byte	1
  59 0023 40       		.byte	64
  60 0024 01       		.byte	1
  61 0025 0D       		.byte	13
  62 0026 01       		.byte	1
  63 0027 40       		.byte	64
  64 0028 02       		.byte	2
  65 0029 41       		.byte	65
  66 002a 01       		.byte	1
  67 002b 40       		.byte	64
  68 002c 02       		.byte	2
  69 002d 42       		.byte	66
  70 002e 01       		.byte	1
  71 002f 40       		.byte	64
  72 0030 03       		.byte	3
  73 0031 45       		.byte	69
  74 0032 01       		.byte	1
  75 0033 40       		.byte	64
  76 0034 03       		.byte	3
  77 0035 50       		.byte	80
  78 0036 01       		.byte	1
  79 0037 40       		.byte	64
  80 0038 04       		.byte	4
  81 0039 01       		.byte	1
  82 003a 10       		.byte	16
  83 003b 20       		.byte	32
  84 003c 82       		.byte	-126
  85 003d 3B       		.byte	59
  86 003e 85       		.byte	-123
  87 003f 72       		.byte	114
  88 0040 01       		.byte	1
  89 0041 02       		.byte	2
  90 0042 05       		.byte	5
  91 0043 03       		.byte	3
  92 0044 08       		.byte	8
  93 0045 13       		.byte	19
  94 0046 09       		.byte	9
  95 0047 03       		.byte	3
  96 0048 0A       		.byte	10
  97 0049 0C       		.byte	12
  98 004a 0C       		.byte	12
  99 004b 0C       		.byte	12
 100 004c 0E       		.byte	14
 101 004d 13       		.byte	19
 102 004e 0F       		.byte	15
 103 004f 03       		.byte	3
 104 0050 10       		.byte	16
 105 0051 1F       		.byte	31
 106 0052 11       		.byte	17
 107 0053 03       		.byte	3
 108 0054 14       		.byte	20
 109 0055 0C       		.byte	12
 110 0056 15       		.byte	21
 111 0057 03       		.byte	3
 112 0058 16       		.byte	22
 113 0059 12       		.byte	18
 114 005a 1B       		.byte	27
ARM GAS  C:\Users\MATTHE~1\AppData\Local\Temp\cc6yc6fq.s 			page 3


 115 005b 04       		.byte	4
 116 005c 1D       		.byte	29
 117 005d 02       		.byte	2
 118 005e 1E       		.byte	30
 119 005f 01       		.byte	1
 120 0060 22       		.byte	34
 121 0061 03       		.byte	3
 122 0062 23       		.byte	35
 123 0063 03       		.byte	3
 124 0064 24       		.byte	36
 125 0065 0C       		.byte	12
 126 0066 25       		.byte	37
 127 0067 01       		.byte	1
 128 0068 28       		.byte	40
 129 0069 04       		.byte	4
 130 006a 2B       		.byte	43
 131 006b 03       		.byte	3
 132 006c 2C       		.byte	44
 133 006d 08       		.byte	8
 134 006e 30       		.byte	48
 135 006f 0F       		.byte	15
 136 0070 32       		.byte	50
 137 0071 10       		.byte	16
 138 0072 35       		.byte	53
 139 0073 07       		.byte	7
 140 0074 38       		.byte	56
 141 0075 08       		.byte	8
 142 0076 3A       		.byte	58
 143 0077 02       		.byte	2
 144 0078 3B       		.byte	59
 145 0079 20       		.byte	32
 146 007a 58       		.byte	88
 147 007b 04       		.byte	4
 148 007c 59       		.byte	89
 149 007d 04       		.byte	4
 150 007e 5F       		.byte	95
 151 007f 01       		.byte	1
 152 0080 80       		.byte	-128
 153 0081 04       		.byte	4
 154 0082 81       		.byte	-127
 155 0083 40       		.byte	64
 156 0084 85       		.byte	-123
 157 0085 6C       		.byte	108
 158 0086 86       		.byte	-122
 159 0087 01       		.byte	1
 160 0088 87       		.byte	-121
 161 0089 13       		.byte	19
 162 008a 88       		.byte	-120
 163 008b 24       		.byte	36
 164 008c 89       		.byte	-119
 165 008d 67       		.byte	103
 166 008e 8B       		.byte	-117
 167 008f 18       		.byte	24
 168 0090 8C       		.byte	-116
 169 0091 67       		.byte	103
 170 0092 8D       		.byte	-115
 171 0093 01       		.byte	1
ARM GAS  C:\Users\MATTHE~1\AppData\Local\Temp\cc6yc6fq.s 			page 4


 172 0094 8E       		.byte	-114
 173 0095 88       		.byte	-120
 174 0096 90       		.byte	-112
 175 0097 01       		.byte	1
 176 0098 91       		.byte	-111
 177 0099 02       		.byte	2
 178 009a 94       		.byte	-108
 179 009b F9       		.byte	-7
 180 009c 95       		.byte	-107
 181 009d 03       		.byte	3
 182 009e 96       		.byte	-106
 183 009f 02       		.byte	2
 184 00a0 98       		.byte	-104
 185 00a1 E5       		.byte	-27
 186 00a2 99       		.byte	-103
 187 00a3 0F       		.byte	15
 188 00a4 9A       		.byte	-102
 189 00a5 12       		.byte	18
 190 00a6 9B       		.byte	-101
 191 00a7 70       		.byte	112
 192 00a8 9E       		.byte	-98
 193 00a9 9E       		.byte	-98
 194 00aa 9F       		.byte	-97
 195 00ab 1F       		.byte	31
 196 00ac A0       		.byte	-96
 197 00ad 81       		.byte	-127
 198 00ae A1       		.byte	-95
 199 00af 03       		.byte	3
 200 00b0 A2       		.byte	-94
 201 00b1 06       		.byte	6
 202 00b2 A3       		.byte	-93
 203 00b3 1C       		.byte	28
 204 00b4 A4       		.byte	-92
 205 00b5 64       		.byte	100
 206 00b6 A5       		.byte	-91
 207 00b7 20       		.byte	32
 208 00b8 A8       		.byte	-88
 209 00b9 99       		.byte	-103
 210 00ba A9       		.byte	-87
 211 00bb 60       		.byte	96
 212 00bc AA       		.byte	-86
 213 00bd 66       		.byte	102
 214 00be AC       		.byte	-84
 215 00bf 44       		.byte	68
 216 00c0 AD       		.byte	-83
 217 00c1 7B       		.byte	123
 218 00c2 AF       		.byte	-81
 219 00c3 04       		.byte	4
 220 00c4 B2       		.byte	-78
 221 00c5 E0       		.byte	-32
 222 00c6 B3       		.byte	-77
 223 00c7 7F       		.byte	127
 224 00c8 B4       		.byte	-76
 225 00c9 7F       		.byte	127
 226 00ca BB       		.byte	-69
 227 00cb 08       		.byte	8
 228 00cc BE       		.byte	-66
ARM GAS  C:\Users\MATTHE~1\AppData\Local\Temp\cc6yc6fq.s 			page 5


 229 00cd 10       		.byte	16
 230 00ce D8       		.byte	-40
 231 00cf 04       		.byte	4
 232 00d0 D9       		.byte	-39
 233 00d1 04       		.byte	4
 234 00d2 DF       		.byte	-33
 235 00d3 01       		.byte	1
 236 00d4 00       		.byte	0
 237 00d5 40       		.byte	64
 238 00d6 02       		.byte	2
 239 00d7 08       		.byte	8
 240 00d8 04       		.byte	4
 241 00d9 40       		.byte	64
 242 00da 05       		.byte	5
 243 00db 04       		.byte	4
 244 00dc 06       		.byte	6
 245 00dd 0C       		.byte	12
 246 00de 07       		.byte	7
 247 00df 40       		.byte	64
 248 00e0 08       		.byte	8
 249 00e1 40       		.byte	64
 250 00e2 09       		.byte	9
 251 00e3 01       		.byte	1
 252 00e4 0A       		.byte	10
 253 00e5 20       		.byte	32
 254 00e6 0C       		.byte	12
 255 00e7 80       		.byte	-128
 256 00e8 0D       		.byte	13
 257 00e9 50       		.byte	80
 258 00ea 0F       		.byte	15
 259 00eb 60       		.byte	96
 260 00ec 10       		.byte	16
 261 00ed 90       		.byte	-112
 262 00ee 12       		.byte	18
 263 00ef 85       		.byte	-123
 264 00f0 14       		.byte	20
 265 00f1 10       		.byte	16
 266 00f2 16       		.byte	22
 267 00f3 21       		.byte	33
 268 00f4 17       		.byte	23
 269 00f5 22       		.byte	34
 270 00f6 18       		.byte	24
 271 00f7 40       		.byte	64
 272 00f8 1A       		.byte	26
 273 00f9 40       		.byte	64
 274 00fa 1B       		.byte	27
 275 00fb 06       		.byte	6
 276 00fc 1D       		.byte	29
 277 00fd 10       		.byte	16
 278 00fe 1E       		.byte	30
 279 00ff 10       		.byte	16
 280 0100 20       		.byte	32
 281 0101 0C       		.byte	12
 282 0102 21       		.byte	33
 283 0103 10       		.byte	16
 284 0104 22       		.byte	34
 285 0105 10       		.byte	16
ARM GAS  C:\Users\MATTHE~1\AppData\Local\Temp\cc6yc6fq.s 			page 6


 286 0106 26       		.byte	38
 287 0107 08       		.byte	8
 288 0108 27       		.byte	39
 289 0109 20       		.byte	32
 290 010a 28       		.byte	40
 291 010b 40       		.byte	64
 292 010c 29       		.byte	41
 293 010d 20       		.byte	32
 294 010e 2A       		.byte	42
 295 010f 08       		.byte	8
 296 0110 2C       		.byte	44
 297 0111 40       		.byte	64
 298 0112 2E       		.byte	46
 299 0113 68       		.byte	104
 300 0114 30       		.byte	48
 301 0115 08       		.byte	8
 302 0116 31       		.byte	49
 303 0117 10       		.byte	16
 304 0118 33       		.byte	51
 305 0119 42       		.byte	66
 306 011a 35       		.byte	53
 307 011b 21       		.byte	33
 308 011c 36       		.byte	54
 309 011d 80       		.byte	-128
 310 011e 37       		.byte	55
 311 011f 28       		.byte	40
 312 0120 38       		.byte	56
 313 0121 04       		.byte	4
 314 0122 39       		.byte	57
 315 0123 80       		.byte	-128
 316 0124 3A       		.byte	58
 317 0125 21       		.byte	33
 318 0126 3B       		.byte	59
 319 0127 01       		.byte	1
 320 0128 3C       		.byte	60
 321 0129 04       		.byte	4
 322 012a 3F       		.byte	63
 323 012b 61       		.byte	97
 324 012c C0       		.byte	-64
 325 012d F3       		.byte	-13
 326 012e C2       		.byte	-62
 327 012f FD       		.byte	-3
 328 0130 C4       		.byte	-60
 329 0131 FF       		.byte	-1
 330 0132 CA       		.byte	-54
 331 0133 F7       		.byte	-9
 332 0134 CC       		.byte	-52
 333 0135 FF       		.byte	-1
 334 0136 CE       		.byte	-50
 335 0137 FF       		.byte	-1
 336 0138 87       		.byte	-121
 337 0139 04       		.byte	4
 338 013a 8D       		.byte	-115
 339 013b 02       		.byte	2
 340 013c 91       		.byte	-111
 341 013d 10       		.byte	16
 342 013e A1       		.byte	-95
ARM GAS  C:\Users\MATTHE~1\AppData\Local\Temp\cc6yc6fq.s 			page 7


 343 013f 01       		.byte	1
 344 0140 A3       		.byte	-93
 345 0141 0E       		.byte	14
 346 0142 AB       		.byte	-85
 347 0143 01       		.byte	1
 348 0144 AF       		.byte	-81
 349 0145 01       		.byte	1
 350 0146 B1       		.byte	-79
 351 0147 08       		.byte	8
 352 0148 B3       		.byte	-77
 353 0149 04       		.byte	4
 354 014a B5       		.byte	-75
 355 014b 03       		.byte	3
 356 014c B7       		.byte	-73
 357 014d 10       		.byte	16
 358 014e BF       		.byte	-65
 359 014f 54       		.byte	84
 360 0150 D9       		.byte	-39
 361 0151 04       		.byte	4
 362 0152 DF       		.byte	-33
 363 0153 01       		.byte	1
 364 0154 04       		.byte	4
 365 0155 40       		.byte	64
 366 0156 05       		.byte	5
 367 0157 01       		.byte	1
 368 0158 06       		.byte	6
 369 0159 10       		.byte	16
 370 015a 07       		.byte	7
 371 015b 28       		.byte	40
 372 015c 0C       		.byte	12
 373 015d 80       		.byte	-128
 374 015e 0F       		.byte	15
 375 015f 60       		.byte	96
 376 0160 15       		.byte	21
 377 0161 24       		.byte	36
 378 0162 17       		.byte	23
 379 0163 82       		.byte	-126
 380 0164 1C       		.byte	28
 381 0165 10       		.byte	16
 382 0166 1D       		.byte	29
 383 0167 80       		.byte	-128
 384 0168 1E       		.byte	30
 385 0169 80       		.byte	-128
 386 016a 1F       		.byte	31
 387 016b 10       		.byte	16
 388 016c 22       		.byte	34
 389 016d 40       		.byte	64
 390 016e 23       		.byte	35
 391 016f 94       		.byte	-108
 392 0170 26       		.byte	38
 393 0171 10       		.byte	16
 394 0172 27       		.byte	39
 395 0173 09       		.byte	9
 396 0174 28       		.byte	40
 397 0175 40       		.byte	64
 398 0176 2A       		.byte	42
 399 0177 40       		.byte	64
ARM GAS  C:\Users\MATTHE~1\AppData\Local\Temp\cc6yc6fq.s 			page 8


 400 0178 2B       		.byte	43
 401 0179 04       		.byte	4
 402 017a 2F       		.byte	47
 403 017b 08       		.byte	8
 404 017c 32       		.byte	50
 405 017d 01       		.byte	1
 406 017e 35       		.byte	53
 407 017f 01       		.byte	1
 408 0180 36       		.byte	54
 409 0181 14       		.byte	20
 410 0182 38       		.byte	56
 411 0183 80       		.byte	-128
 412 0184 39       		.byte	57
 413 0185 04       		.byte	4
 414 0186 3E       		.byte	62
 415 0187 10       		.byte	16
 416 0188 3F       		.byte	63
 417 0189 42       		.byte	66
 418 018a 42       		.byte	66
 419 018b 80       		.byte	-128
 420 018c 43       		.byte	67
 421 018d 01       		.byte	1
 422 018e 45       		.byte	69
 423 018f A0       		.byte	-96
 424 0190 46       		.byte	70
 425 0191 10       		.byte	16
 426 0192 4C       		.byte	76
 427 0193 40       		.byte	64
 428 0194 4D       		.byte	77
 429 0195 04       		.byte	4
 430 0196 4E       		.byte	78
 431 0197 02       		.byte	2
 432 0198 4F       		.byte	79
 433 0199 20       		.byte	32
 434 019a 56       		.byte	86
 435 019b 44       		.byte	68
 436 019c 57       		.byte	87
 437 019d 01       		.byte	1
 438 019e 5C       		.byte	92
 439 019f 02       		.byte	2
 440 01a0 5E       		.byte	94
 441 01a1 80       		.byte	-128
 442 01a2 5F       		.byte	95
 443 01a3 10       		.byte	16
 444 01a4 66       		.byte	102
 445 01a5 80       		.byte	-128
 446 01a6 67       		.byte	103
 447 01a7 04       		.byte	4
 448 01a8 7F       		.byte	127
 449 01a9 10       		.byte	16
 450 01aa 82       		.byte	-126
 451 01ab 40       		.byte	64
 452 01ac 90       		.byte	-112
 453 01ad 40       		.byte	64
 454 01ae 91       		.byte	-111
 455 01af 20       		.byte	32
 456 01b0 92       		.byte	-110
ARM GAS  C:\Users\MATTHE~1\AppData\Local\Temp\cc6yc6fq.s 			page 9


 457 01b1 50       		.byte	80
 458 01b2 97       		.byte	-105
 459 01b3 40       		.byte	64
 460 01b4 9B       		.byte	-101
 461 01b5 20       		.byte	32
 462 01b6 9C       		.byte	-100
 463 01b7 40       		.byte	64
 464 01b8 9D       		.byte	-99
 465 01b9 05       		.byte	5
 466 01ba 9E       		.byte	-98
 467 01bb 29       		.byte	41
 468 01bc 9F       		.byte	-97
 469 01bd 4A       		.byte	74
 470 01be A0       		.byte	-96
 471 01bf 04       		.byte	4
 472 01c0 A2       		.byte	-94
 473 01c1 08       		.byte	8
 474 01c2 A3       		.byte	-93
 475 01c3 04       		.byte	4
 476 01c4 A4       		.byte	-92
 477 01c5 88       		.byte	-120
 478 01c6 A7       		.byte	-89
 479 01c7 10       		.byte	16
 480 01c8 A9       		.byte	-87
 481 01c9 01       		.byte	1
 482 01ca AB       		.byte	-85
 483 01cb 10       		.byte	16
 484 01cc C0       		.byte	-64
 485 01cd F0       		.byte	-16
 486 01ce C2       		.byte	-62
 487 01cf B0       		.byte	-80
 488 01d0 C4       		.byte	-60
 489 01d1 F0       		.byte	-16
 490 01d2 CA       		.byte	-54
 491 01d3 2D       		.byte	45
 492 01d4 CC       		.byte	-52
 493 01d5 E1       		.byte	-31
 494 01d6 CE       		.byte	-50
 495 01d7 BA       		.byte	-70
 496 01d8 D0       		.byte	-48
 497 01d9 70       		.byte	112
 498 01da D2       		.byte	-46
 499 01db 30       		.byte	48
 500 01dc D6       		.byte	-42
 501 01dd B0       		.byte	-80
 502 01de D8       		.byte	-40
 503 01df 30       		.byte	48
 504 01e0 DE       		.byte	-34
 505 01e1 40       		.byte	64
 506 01e2 E4       		.byte	-28
 507 01e3 01       		.byte	1
 508 01e4 01       		.byte	1
 509 01e5 12       		.byte	18
 510 01e6 02       		.byte	2
 511 01e7 72       		.byte	114
 512 01e8 07       		.byte	7
 513 01e9 24       		.byte	36
ARM GAS  C:\Users\MATTHE~1\AppData\Local\Temp\cc6yc6fq.s 			page 10


 514 01ea 09       		.byte	9
 515 01eb 07       		.byte	7
 516 01ec 0C       		.byte	12
 517 01ed 5B       		.byte	91
 518 01ee 0E       		.byte	14
 519 01ef 20       		.byte	32
 520 01f0 0F       		.byte	15
 521 01f1 3F       		.byte	63
 522 01f2 10       		.byte	16
 523 01f3 07       		.byte	7
 524 01f4 11       		.byte	17
 525 01f5 7F       		.byte	127
 526 01f6 14       		.byte	20
 527 01f7 2B       		.byte	43
 528 01f8 15       		.byte	21
 529 01f9 68       		.byte	104
 530 01fa 16       		.byte	22
 531 01fb 40       		.byte	64
 532 01fc 17       		.byte	23
 533 01fd 13       		.byte	19
 534 01fe 18       		.byte	24
 535 01ff 38       		.byte	56
 536 0200 19       		.byte	25
 537 0201 11       		.byte	17
 538 0202 1A       		.byte	26
 539 0203 43       		.byte	67
 540 0204 1E       		.byte	30
 541 0205 04       		.byte	4
 542 0206 1F       		.byte	31
 543 0207 3F       		.byte	63
 544 0208 21       		.byte	33
 545 0209 12       		.byte	18
 546 020a 22       		.byte	34
 547 020b 7B       		.byte	123
 548 020c 24       		.byte	36
 549 020d 18       		.byte	24
 550 020e 25       		.byte	37
 551 020f 48       		.byte	72
 552 0210 26       		.byte	38
 553 0211 40       		.byte	64
 554 0212 27       		.byte	39
 555 0213 17       		.byte	23
 556 0214 28       		.byte	40
 557 0215 39       		.byte	57
 558 0216 29       		.byte	41
 559 0217 13       		.byte	19
 560 0218 2A       		.byte	42
 561 0219 40       		.byte	64
 562 021a 2D       		.byte	45
 563 021b 77       		.byte	119
 564 021c 31       		.byte	49
 565 021d 7F       		.byte	127
 566 021e 34       		.byte	52
 567 021f 78       		.byte	120
 568 0220 36       		.byte	54
 569 0221 07       		.byte	7
 570 0222 3A       		.byte	58
ARM GAS  C:\Users\MATTHE~1\AppData\Local\Temp\cc6yc6fq.s 			page 11


 571 0223 20       		.byte	32
 572 0224 3F       		.byte	63
 573 0225 01       		.byte	1
 574 0226 52       		.byte	82
 575 0227 03       		.byte	3
 576 0228 58       		.byte	88
 577 0229 04       		.byte	4
 578 022a 59       		.byte	89
 579 022b 04       		.byte	4
 580 022c 5B       		.byte	91
 581 022d 04       		.byte	4
 582 022e 5F       		.byte	95
 583 022f 01       		.byte	1
 584 0230 80       		.byte	-128
 585 0231 02       		.byte	2
 586 0232 82       		.byte	-126
 587 0233 01       		.byte	1
 588 0234 85       		.byte	-123
 589 0235 01       		.byte	1
 590 0236 89       		.byte	-119
 591 0237 01       		.byte	1
 592 0238 8C       		.byte	-116
 593 0239 28       		.byte	40
 594 023a 8D       		.byte	-115
 595 023b 01       		.byte	1
 596 023c 90       		.byte	-112
 597 023d 01       		.byte	1
 598 023e 92       		.byte	-110
 599 023f 06       		.byte	6
 600 0240 95       		.byte	-107
 601 0241 01       		.byte	1
 602 0242 9E       		.byte	-98
 603 0243 10       		.byte	16
 604 0244 A0       		.byte	-96
 605 0245 10       		.byte	16
 606 0246 A2       		.byte	-94
 607 0247 20       		.byte	32
 608 0248 A4       		.byte	-92
 609 0249 2B       		.byte	43
 610 024a A8       		.byte	-88
 611 024b 2B       		.byte	43
 612 024c B0       		.byte	-80
 613 024d 03       		.byte	3
 614 024e B1       		.byte	-79
 615 024f 01       		.byte	1
 616 0250 B2       		.byte	-78
 617 0251 04       		.byte	4
 618 0252 B4       		.byte	-76
 619 0253 30       		.byte	48
 620 0254 B6       		.byte	-74
 621 0255 08       		.byte	8
 622 0256 BE       		.byte	-66
 623 0257 10       		.byte	16
 624 0258 BF       		.byte	-65
 625 0259 01       		.byte	1
 626 025a D6       		.byte	-42
 627 025b 02       		.byte	2
ARM GAS  C:\Users\MATTHE~1\AppData\Local\Temp\cc6yc6fq.s 			page 12


 628 025c D7       		.byte	-41
 629 025d 10       		.byte	16
 630 025e D8       		.byte	-40
 631 025f 04       		.byte	4
 632 0260 D9       		.byte	-39
 633 0261 04       		.byte	4
 634 0262 DB       		.byte	-37
 635 0263 04       		.byte	4
 636 0264 DF       		.byte	-33
 637 0265 01       		.byte	1
 638 0266 00       		.byte	0
 639 0267 42       		.byte	66
 640 0268 05       		.byte	5
 641 0269 01       		.byte	1
 642 026a 07       		.byte	7
 643 026b 01       		.byte	1
 644 026c 09       		.byte	9
 645 026d 06       		.byte	6
 646 026e 0A       		.byte	10
 647 026f 05       		.byte	5
 648 0270 0C       		.byte	12
 649 0271 80       		.byte	-128
 650 0272 0E       		.byte	14
 651 0273 02       		.byte	2
 652 0274 0F       		.byte	15
 653 0275 40       		.byte	64
 654 0276 11       		.byte	17
 655 0277 04       		.byte	4
 656 0278 12       		.byte	18
 657 0279 08       		.byte	8
 658 027a 13       		.byte	19
 659 027b 02       		.byte	2
 660 027c 14       		.byte	20
 661 027d 40       		.byte	64
 662 027e 17       		.byte	23
 663 027f 16       		.byte	22
 664 0280 1A       		.byte	26
 665 0281 07       		.byte	7
 666 0282 1B       		.byte	27
 667 0283 10       		.byte	16
 668 0284 1C       		.byte	28
 669 0285 02       		.byte	2
 670 0286 1D       		.byte	29
 671 0287 25       		.byte	37
 672 0288 1E       		.byte	30
 673 0289 02       		.byte	2
 674 028a 21       		.byte	33
 675 028b 02       		.byte	2
 676 028c 27       		.byte	39
 677 028d 80       		.byte	-128
 678 028e 2A       		.byte	42
 679 028f A1       		.byte	-95
 680 0290 2B       		.byte	43
 681 0291 10       		.byte	16
 682 0292 30       		.byte	48
 683 0293 A2       		.byte	-94
 684 0294 32       		.byte	50
ARM GAS  C:\Users\MATTHE~1\AppData\Local\Temp\cc6yc6fq.s 			page 13


 685 0295 08       		.byte	8
 686 0296 36       		.byte	54
 687 0297 08       		.byte	8
 688 0298 39       		.byte	57
 689 0299 91       		.byte	-111
 690 029a 3A       		.byte	58
 691 029b 04       		.byte	4
 692 029c 3C       		.byte	60
 693 029d 08       		.byte	8
 694 029e 3D       		.byte	61
 695 029f 08       		.byte	8
 696 02a0 3E       		.byte	62
 697 02a1 C0       		.byte	-64
 698 02a2 3F       		.byte	63
 699 02a3 20       		.byte	32
 700 02a4 5F       		.byte	95
 701 02a5 80       		.byte	-128
 702 02a6 68       		.byte	104
 703 02a7 08       		.byte	8
 704 02a8 69       		.byte	105
 705 02a9 90       		.byte	-112
 706 02aa 6B       		.byte	107
 707 02ab 02       		.byte	2
 708 02ac 6D       		.byte	109
 709 02ad 01       		.byte	1
 710 02ae 6E       		.byte	110
 711 02af 08       		.byte	8
 712 02b0 6F       		.byte	111
 713 02b1 5D       		.byte	93
 714 02b2 74       		.byte	116
 715 02b3 20       		.byte	32
 716 02b4 76       		.byte	118
 717 02b5 29       		.byte	41
 718 02b6 90       		.byte	-112
 719 02b7 40       		.byte	64
 720 02b8 91       		.byte	-111
 721 02b9 04       		.byte	4
 722 02ba 92       		.byte	-110
 723 02bb 40       		.byte	64
 724 02bc 93       		.byte	-109
 725 02bd 40       		.byte	64
 726 02be 96       		.byte	-106
 727 02bf 02       		.byte	2
 728 02c0 9A       		.byte	-102
 729 02c1 04       		.byte	4
 730 02c2 9C       		.byte	-100
 731 02c3 40       		.byte	64
 732 02c4 9D       		.byte	-99
 733 02c5 05       		.byte	5
 734 02c6 9E       		.byte	-98
 735 02c7 29       		.byte	41
 736 02c8 9F       		.byte	-97
 737 02c9 42       		.byte	66
 738 02ca A0       		.byte	-96
 739 02cb 04       		.byte	4
 740 02cc A2       		.byte	-94
 741 02cd 08       		.byte	8
ARM GAS  C:\Users\MATTHE~1\AppData\Local\Temp\cc6yc6fq.s 			page 14


 742 02ce A4       		.byte	-92
 743 02cf 88       		.byte	-120
 744 02d0 A5       		.byte	-91
 745 02d1 20       		.byte	32
 746 02d2 A6       		.byte	-90
 747 02d3 04       		.byte	4
 748 02d4 A7       		.byte	-89
 749 02d5 18       		.byte	24
 750 02d6 A8       		.byte	-88
 751 02d7 12       		.byte	18
 752 02d8 AA       		.byte	-86
 753 02d9 12       		.byte	18
 754 02da AF       		.byte	-81
 755 02db 40       		.byte	64
 756 02dc C0       		.byte	-64
 757 02dd 99       		.byte	-103
 758 02de C2       		.byte	-62
 759 02df 9F       		.byte	-97
 760 02e0 C4       		.byte	-60
 761 02e1 7E       		.byte	126
 762 02e2 CA       		.byte	-54
 763 02e3 0F       		.byte	15
 764 02e4 CC       		.byte	-52
 765 02e5 4F       		.byte	79
 766 02e6 CE       		.byte	-50
 767 02e7 7F       		.byte	127
 768 02e8 D6       		.byte	-42
 769 02e9 10       		.byte	16
 770 02ea A8       		.byte	-88
 771 02eb 02       		.byte	2
 772 02ec A9       		.byte	-87
 773 02ed 04       		.byte	4
 774 02ee E4       		.byte	-28
 775 02ef 01       		.byte	1
 776 02f0 00       		.byte	0
 777 02f1 08       		.byte	8
 778 02f2 C0       		.byte	-64
 779 02f3 10       		.byte	16
 780 02f4 AC       		.byte	-84
 781 02f5 04       		.byte	4
 782 02f6 EC       		.byte	-20
 783 02f7 40       		.byte	64
 784 02f8 5F       		.byte	95
 785 02f9 02       		.byte	2
 786 02fa 83       		.byte	-125
 787 02fb 02       		.byte	2
 788 02fc D6       		.byte	-42
 789 02fd 01       		.byte	1
 790 02fe 00       		.byte	0
 791 02ff 01       		.byte	1
 792 0300 08       		.byte	8
 793 0301 01       		.byte	1
 794 0302 0A       		.byte	10
 795 0303 01       		.byte	1
 796 0304 02       		.byte	2
 797 0305 00       		.byte	0
 798 0306 40       		.byte	64
ARM GAS  C:\Users\MATTHE~1\AppData\Local\Temp\cc6yc6fq.s 			page 15


 799 0307 01       		.byte	1
 800 0308 03       		.byte	3
 801 0309 00       		.byte	0
 802 030a 10       		.byte	16
 803 030b 00       		.byte	0
 804 030c 03       		.byte	3
 805 030d 00       		.byte	0
 806 030e 20       		.byte	32
 807 030f 01       		.byte	1
 808 0310 10       		.byte	16
 809 0311 04       		.byte	4
 810 0312 03       		.byte	3
 811 0313 02       		.byte	2
 812 0314 01       		.byte	1
 813 0315 08       		.byte	8
 814 0316 40       		.byte	64
 815 0317 02       		.byte	2
 816 0318 03       		.byte	3
 817 0319 0E       		.byte	14
 818 031a 10       		.byte	16
 819 031b 00       		.byte	0
 820 031c 00       		.byte	0
 821 031d 02       		.byte	2
 822 031e 00       		.byte	0
 823 031f 0C       		.byte	12
 824 0320 00       		.byte	0
 825 0321 00       		.byte	0
 826 0322 13       		.byte	19
 827 0323 00       		.byte	0
 828 0324 04       		.byte	4
 829 0325 00       		.byte	0
 830 0326 18       		.byte	24
 831 0327 00       		.byte	0
 832 0328 00       		.byte	0
 833 0329 00       		.byte	0
 834 032a 10       		.byte	16
 835 032b 00       		.byte	0
 836 032c 00       		.byte	0
 837 032d 0E       		.byte	14
 838 032e 13       		.byte	19
 839 032f 00       		.byte	0
 840 0330 08       		.byte	8
 841 0331 00       		.byte	0
 842 0332 04       		.byte	4
 843 0333 00       		.byte	0
 844 0334 10       		.byte	16
 845 0335 00       		.byte	0
 846 0336 03       		.byte	3
 847 0337 00       		.byte	0
 848 0338 0C       		.byte	12
 849 0339 0E       		.byte	14
 850 033a 60       		.byte	96
 851 033b 01       		.byte	1
 852 033c 00       		.byte	0
 853 033d 00       		.byte	0
 854 033e 00       		.byte	0
 855 033f 00       		.byte	0
ARM GAS  C:\Users\MATTHE~1\AppData\Local\Temp\cc6yc6fq.s 			page 16


 856 0340 00       		.byte	0
 857 0341 00       		.byte	0
 858 0342 51       		.byte	81
 859 0343 40       		.byte	64
 860 0344 32       		.byte	50
 861 0345 06       		.byte	6
 862 0346 05       		.byte	5
 863 0347 00       		.byte	0
 864 0348 01       		.byte	1
 865 0349 FD       		.byte	-3
 866 034a 0E       		.byte	14
 867 034b CB       		.byte	-53
 868 034c 37       		.byte	55
 869 034d FF       		.byte	-1
 870 034e FF       		.byte	-1
 871 034f FF       		.byte	-1
 872 0350 62       		.byte	98
 873 0351 A0       		.byte	-96
 874 0352 F0       		.byte	-16
 875 0353 41       		.byte	65
 876 0354 0C       		.byte	12
 877 0355 00       		.byte	0
 878 0356 00       		.byte	0
 879 0357 00       		.byte	0
 880 0358 1B       		.byte	27
 881 0359 00       		.byte	0
 882 035a 00       		.byte	0
 883 035b 00       		.byte	0
 884 035c 04       		.byte	4
 885 035d 04       		.byte	4
 886 035e 04       		.byte	4
 887 035f 04       		.byte	4
 888 0360 00       		.byte	0
 889 0361 00       		.byte	0
 890 0362 00       		.byte	0
 891 0363 05       		.byte	5
 892 0364 00       		.byte	0
 893 0365 00       		.byte	0
 894 0366 00       		.byte	0
 895 0367 00       		.byte	0
 896 0368 00       		.byte	0
 897 0369 00       		.byte	0
 898 036a 40       		.byte	64
 899 036b 02       		.byte	2
 900 036c 00       		.byte	0
 901 036d 10       		.byte	16
 902 036e 30       		.byte	48
 903 036f 10       		.byte	16
 904 0370 00       		.byte	0
 905 0371 10       		.byte	16
 906 0372 10       		.byte	16
 907 0373 12       		.byte	18
 908 0374 00       		.byte	0
 909 0375 00       		.byte	0
 910 0376 00       		.byte	0
 911 0377 00       		.byte	0
 912 0378 00       		.byte	0
ARM GAS  C:\Users\MATTHE~1\AppData\Local\Temp\cc6yc6fq.s 			page 17


 913 0379 00       		.byte	0
 914 037a 00       		.byte	0
 915 037b 00       		.byte	0
 916 037c 00       		.byte	0
 917 037d 00       		.byte	0
 918 037e 00       		.byte	0
 919 037f 00       		.byte	0
 920 0380 00       		.byte	0
 921 0381 00       		.byte	0
 922 0382 00       		.byte	0
 923 0383 00       		.byte	0
 924 0384 01       		.byte	1
 925 0385 00       		.byte	0
 926 0386 00       		.byte	0
 927 0387 00       		.byte	0
 928 0388 00       		.byte	0
 929 0389 00       		.byte	0
 930 038a 00       		.byte	0
 931 038b 00       		.byte	0
 932 038c 20       		.byte	32
 933 038d 00       		.byte	0
 934 038e 20       		.byte	32
 935 038f 20       		.byte	32
 936 0390 20       		.byte	32
 937 0391 00       		.byte	0
 938 0392 20       		.byte	32
 939 0393 00       		.byte	0
 940 0394 00       		.byte	0
 941 0395 00       		.byte	0
 942 0396 00       		.byte	0
 943 0397 00       		.byte	0
 944 0398 00       		.byte	0
 945 0399 0C       		.byte	12
 946 039a 0C       		.byte	12
 947 039b 00       		.byte	0
 948 039c 00       		.byte	0
 949 039d 00       		.byte	0
 950 039e 00       		.byte	0
 951 039f 00       		.byte	0
 952              		.global	cy_meta_custnvl
 953              		.section	.cycustnvl,"a",%progbits
 954              		.align	2
 955              		.type	cy_meta_custnvl, %object
 956              		.size	cy_meta_custnvl, 4
 957              	cy_meta_custnvl:
 958 0000 00       		.byte	0
 959 0001 00       		.byte	0
 960 0002 40       		.byte	64
 961 0003 05       		.byte	5
 962              		.global	cy_meta_wonvl
 963              		.section	.cywolatch,"a",%progbits
 964              		.align	2
 965              		.type	cy_meta_wonvl, %object
 966              		.size	cy_meta_wonvl, 4
 967              	cy_meta_wonvl:
 968 0000 BC       		.byte	-68
 969 0001 90       		.byte	-112
ARM GAS  C:\Users\MATTHE~1\AppData\Local\Temp\cc6yc6fq.s 			page 18


 970 0002 AC       		.byte	-84
 971 0003 AF       		.byte	-81
 972              		.global	cy_meta_flashprotect
 973              		.section	.cyflashprotect,"a",%progbits
 974              		.align	2
 975              		.type	cy_meta_flashprotect, %object
 976              		.size	cy_meta_flashprotect, 256
 977              	cy_meta_flashprotect:
 978 0000 00000000 		.space	256
 978      00000000 
 978      00000000 
 978      00000000 
 978      00000000 
 979              		.global	cy_metadata
 980              		.section	.cymeta,"a",%progbits
 981              		.align	2
 982              		.type	cy_metadata, %object
 983              		.size	cy_metadata, 12
 984              	cy_metadata:
 985 0000 00       		.byte	0
 986 0001 01       		.byte	1
 987 0002 2E       		.byte	46
 988 0003 12       		.byte	18
 989 0004 30       		.byte	48
 990 0005 69       		.byte	105
 991 0006 00       		.byte	0
 992 0007 01       		.byte	1
 993 0008 00       		.byte	0
 994 0009 00       		.byte	0
 995 000a 00       		.byte	0
 996 000b 00       		.byte	0
 997              		.text
 998              	.Letext0:
 999              		.file 1 ".\\Generated_Source\\PSoC5\\cymetadata.c"
 1000              		.file 2 ".\\Generated_Source\\PSoC5\\cytypes.h"
 1001              		.section	.debug_info,"",%progbits
 1002              	.Ldebug_info0:
 1003 0000 36010000 		.4byte	0x136
 1004 0004 0400     		.2byte	0x4
 1005 0006 00000000 		.4byte	.Ldebug_abbrev0
 1006 000a 04       		.byte	0x4
 1007 000b 01       		.uleb128 0x1
 1008 000c 04010000 		.4byte	.LASF18
 1009 0010 01       		.byte	0x1
 1010 0011 00000000 		.4byte	.LASF19
 1011 0015 26000000 		.4byte	.LASF20
 1012 0019 00000000 		.4byte	.Ldebug_line0
 1013 001d 02       		.uleb128 0x2
 1014 001e 01       		.byte	0x1
 1015 001f 06       		.byte	0x6
 1016 0020 D8010000 		.4byte	.LASF0
 1017 0024 02       		.uleb128 0x2
 1018 0025 01       		.byte	0x1
 1019 0026 08       		.byte	0x8
 1020 0027 84000000 		.4byte	.LASF1
 1021 002b 02       		.uleb128 0x2
 1022 002c 02       		.byte	0x2
ARM GAS  C:\Users\MATTHE~1\AppData\Local\Temp\cc6yc6fq.s 			page 19


 1023 002d 05       		.byte	0x5
 1024 002e BF010000 		.4byte	.LASF2
 1025 0032 02       		.uleb128 0x2
 1026 0033 02       		.byte	0x2
 1027 0034 07       		.byte	0x7
 1028 0035 A4000000 		.4byte	.LASF3
 1029 0039 02       		.uleb128 0x2
 1030 003a 04       		.byte	0x4
 1031 003b 05       		.byte	0x5
 1032 003c CF010000 		.4byte	.LASF4
 1033 0040 02       		.uleb128 0x2
 1034 0041 04       		.byte	0x4
 1035 0042 07       		.byte	0x7
 1036 0043 92000000 		.4byte	.LASF5
 1037 0047 02       		.uleb128 0x2
 1038 0048 08       		.byte	0x8
 1039 0049 05       		.byte	0x5
 1040 004a AC010000 		.4byte	.LASF6
 1041 004e 02       		.uleb128 0x2
 1042 004f 08       		.byte	0x8
 1043 0050 07       		.byte	0x7
 1044 0051 ED000000 		.4byte	.LASF7
 1045 0055 03       		.uleb128 0x3
 1046 0056 04       		.byte	0x4
 1047 0057 05       		.byte	0x5
 1048 0058 696E7400 		.ascii	"int\000"
 1049 005c 02       		.uleb128 0x2
 1050 005d 04       		.byte	0x4
 1051 005e 07       		.byte	0x7
 1052 005f E0000000 		.4byte	.LASF8
 1053 0063 04       		.uleb128 0x4
 1054 0064 C9010000 		.4byte	.LASF21
 1055 0068 02       		.byte	0x2
 1056 0069 A1       		.byte	0xa1
 1057 006a 24000000 		.4byte	0x24
 1058 006e 02       		.uleb128 0x2
 1059 006f 04       		.byte	0x4
 1060 0070 04       		.byte	0x4
 1061 0071 7E000000 		.4byte	.LASF9
 1062 0075 02       		.uleb128 0x2
 1063 0076 08       		.byte	0x8
 1064 0077 04       		.byte	0x4
 1065 0078 B7000000 		.4byte	.LASF10
 1066 007c 02       		.uleb128 0x2
 1067 007d 01       		.byte	0x1
 1068 007e 08       		.byte	0x8
 1069 007f BA010000 		.4byte	.LASF11
 1070 0083 05       		.uleb128 0x5
 1071 0084 63000000 		.4byte	0x63
 1072 0088 94000000 		.4byte	0x94
 1073 008c 06       		.uleb128 0x6
 1074 008d 94000000 		.4byte	0x94
 1075 0091 9F03     		.2byte	0x39f
 1076 0093 00       		.byte	0
 1077 0094 02       		.uleb128 0x2
 1078 0095 04       		.byte	0x4
 1079 0096 07       		.byte	0x7
ARM GAS  C:\Users\MATTHE~1\AppData\Local\Temp\cc6yc6fq.s 			page 20


 1080 0097 A3010000 		.4byte	.LASF12
 1081 009b 07       		.uleb128 0x7
 1082 009c CE000000 		.4byte	.LASF13
 1083 00a0 01       		.byte	0x1
 1084 00a1 1C       		.byte	0x1c
 1085 00a2 AC000000 		.4byte	0xac
 1086 00a6 05       		.uleb128 0x5
 1087 00a7 03       		.byte	0x3
 1088 00a8 00000000 		.4byte	cy_meta_configecc
 1089 00ac 08       		.uleb128 0x8
 1090 00ad 83000000 		.4byte	0x83
 1091 00b1 05       		.uleb128 0x5
 1092 00b2 63000000 		.4byte	0x63
 1093 00b6 C1000000 		.4byte	0xc1
 1094 00ba 09       		.uleb128 0x9
 1095 00bb 94000000 		.4byte	0x94
 1096 00bf 03       		.byte	0x3
 1097 00c0 00       		.byte	0
 1098 00c1 07       		.uleb128 0x7
 1099 00c2 BE000000 		.4byte	.LASF14
 1100 00c6 01       		.byte	0x1
 1101 00c7 9A       		.byte	0x9a
 1102 00c8 D2000000 		.4byte	0xd2
 1103 00cc 05       		.uleb128 0x5
 1104 00cd 03       		.byte	0x3
 1105 00ce 00000000 		.4byte	cy_meta_custnvl
 1106 00d2 08       		.uleb128 0x8
 1107 00d3 B1000000 		.4byte	0xb1
 1108 00d7 07       		.uleb128 0x7
 1109 00d8 95010000 		.4byte	.LASF15
 1110 00dc 01       		.byte	0x1
 1111 00dd A5       		.byte	0xa5
 1112 00de E8000000 		.4byte	0xe8
 1113 00e2 05       		.uleb128 0x5
 1114 00e3 03       		.byte	0x3
 1115 00e4 00000000 		.4byte	cy_meta_wonvl
 1116 00e8 08       		.uleb128 0x8
 1117 00e9 B1000000 		.4byte	0xb1
 1118 00ed 05       		.uleb128 0x5
 1119 00ee 63000000 		.4byte	0x63
 1120 00f2 FD000000 		.4byte	0xfd
 1121 00f6 09       		.uleb128 0x9
 1122 00f7 94000000 		.4byte	0x94
 1123 00fb FF       		.byte	0xff
 1124 00fc 00       		.byte	0
 1125 00fd 07       		.uleb128 0x7
 1126 00fe 80010000 		.4byte	.LASF16
 1127 0102 01       		.byte	0x1
 1128 0103 B0       		.byte	0xb0
 1129 0104 0E010000 		.4byte	0x10e
 1130 0108 05       		.uleb128 0x5
 1131 0109 03       		.byte	0x3
 1132 010a 00000000 		.4byte	cy_meta_flashprotect
 1133 010e 08       		.uleb128 0x8
 1134 010f ED000000 		.4byte	0xed
 1135 0113 05       		.uleb128 0x5
 1136 0114 63000000 		.4byte	0x63
ARM GAS  C:\Users\MATTHE~1\AppData\Local\Temp\cc6yc6fq.s 			page 21


 1137 0118 23010000 		.4byte	0x123
 1138 011c 09       		.uleb128 0x9
 1139 011d 94000000 		.4byte	0x94
 1140 0121 0B       		.byte	0xb
 1141 0122 00       		.byte	0
 1142 0123 07       		.uleb128 0x7
 1143 0124 72000000 		.4byte	.LASF17
 1144 0128 01       		.byte	0x1
 1145 0129 DA       		.byte	0xda
 1146 012a 34010000 		.4byte	0x134
 1147 012e 05       		.uleb128 0x5
 1148 012f 03       		.byte	0x3
 1149 0130 00000000 		.4byte	cy_metadata
 1150 0134 08       		.uleb128 0x8
 1151 0135 13010000 		.4byte	0x113
 1152 0139 00       		.byte	0
 1153              		.section	.debug_abbrev,"",%progbits
 1154              	.Ldebug_abbrev0:
 1155 0000 01       		.uleb128 0x1
 1156 0001 11       		.uleb128 0x11
 1157 0002 01       		.byte	0x1
 1158 0003 25       		.uleb128 0x25
 1159 0004 0E       		.uleb128 0xe
 1160 0005 13       		.uleb128 0x13
 1161 0006 0B       		.uleb128 0xb
 1162 0007 03       		.uleb128 0x3
 1163 0008 0E       		.uleb128 0xe
 1164 0009 1B       		.uleb128 0x1b
 1165 000a 0E       		.uleb128 0xe
 1166 000b 10       		.uleb128 0x10
 1167 000c 17       		.uleb128 0x17
 1168 000d 00       		.byte	0
 1169 000e 00       		.byte	0
 1170 000f 02       		.uleb128 0x2
 1171 0010 24       		.uleb128 0x24
 1172 0011 00       		.byte	0
 1173 0012 0B       		.uleb128 0xb
 1174 0013 0B       		.uleb128 0xb
 1175 0014 3E       		.uleb128 0x3e
 1176 0015 0B       		.uleb128 0xb
 1177 0016 03       		.uleb128 0x3
 1178 0017 0E       		.uleb128 0xe
 1179 0018 00       		.byte	0
 1180 0019 00       		.byte	0
 1181 001a 03       		.uleb128 0x3
 1182 001b 24       		.uleb128 0x24
 1183 001c 00       		.byte	0
 1184 001d 0B       		.uleb128 0xb
 1185 001e 0B       		.uleb128 0xb
 1186 001f 3E       		.uleb128 0x3e
 1187 0020 0B       		.uleb128 0xb
 1188 0021 03       		.uleb128 0x3
 1189 0022 08       		.uleb128 0x8
 1190 0023 00       		.byte	0
 1191 0024 00       		.byte	0
 1192 0025 04       		.uleb128 0x4
 1193 0026 16       		.uleb128 0x16
ARM GAS  C:\Users\MATTHE~1\AppData\Local\Temp\cc6yc6fq.s 			page 22


 1194 0027 00       		.byte	0
 1195 0028 03       		.uleb128 0x3
 1196 0029 0E       		.uleb128 0xe
 1197 002a 3A       		.uleb128 0x3a
 1198 002b 0B       		.uleb128 0xb
 1199 002c 3B       		.uleb128 0x3b
 1200 002d 0B       		.uleb128 0xb
 1201 002e 49       		.uleb128 0x49
 1202 002f 13       		.uleb128 0x13
 1203 0030 00       		.byte	0
 1204 0031 00       		.byte	0
 1205 0032 05       		.uleb128 0x5
 1206 0033 01       		.uleb128 0x1
 1207 0034 01       		.byte	0x1
 1208 0035 49       		.uleb128 0x49
 1209 0036 13       		.uleb128 0x13
 1210 0037 01       		.uleb128 0x1
 1211 0038 13       		.uleb128 0x13
 1212 0039 00       		.byte	0
 1213 003a 00       		.byte	0
 1214 003b 06       		.uleb128 0x6
 1215 003c 21       		.uleb128 0x21
 1216 003d 00       		.byte	0
 1217 003e 49       		.uleb128 0x49
 1218 003f 13       		.uleb128 0x13
 1219 0040 2F       		.uleb128 0x2f
 1220 0041 05       		.uleb128 0x5
 1221 0042 00       		.byte	0
 1222 0043 00       		.byte	0
 1223 0044 07       		.uleb128 0x7
 1224 0045 34       		.uleb128 0x34
 1225 0046 00       		.byte	0
 1226 0047 03       		.uleb128 0x3
 1227 0048 0E       		.uleb128 0xe
 1228 0049 3A       		.uleb128 0x3a
 1229 004a 0B       		.uleb128 0xb
 1230 004b 3B       		.uleb128 0x3b
 1231 004c 0B       		.uleb128 0xb
 1232 004d 49       		.uleb128 0x49
 1233 004e 13       		.uleb128 0x13
 1234 004f 3F       		.uleb128 0x3f
 1235 0050 19       		.uleb128 0x19
 1236 0051 02       		.uleb128 0x2
 1237 0052 18       		.uleb128 0x18
 1238 0053 00       		.byte	0
 1239 0054 00       		.byte	0
 1240 0055 08       		.uleb128 0x8
 1241 0056 26       		.uleb128 0x26
 1242 0057 00       		.byte	0
 1243 0058 49       		.uleb128 0x49
 1244 0059 13       		.uleb128 0x13
 1245 005a 00       		.byte	0
 1246 005b 00       		.byte	0
 1247 005c 09       		.uleb128 0x9
 1248 005d 21       		.uleb128 0x21
 1249 005e 00       		.byte	0
 1250 005f 49       		.uleb128 0x49
ARM GAS  C:\Users\MATTHE~1\AppData\Local\Temp\cc6yc6fq.s 			page 23


 1251 0060 13       		.uleb128 0x13
 1252 0061 2F       		.uleb128 0x2f
 1253 0062 0B       		.uleb128 0xb
 1254 0063 00       		.byte	0
 1255 0064 00       		.byte	0
 1256 0065 00       		.byte	0
 1257              		.section	.debug_aranges,"",%progbits
 1258 0000 14000000 		.4byte	0x14
 1259 0004 0200     		.2byte	0x2
 1260 0006 00000000 		.4byte	.Ldebug_info0
 1261 000a 04       		.byte	0x4
 1262 000b 00       		.byte	0
 1263 000c 0000     		.2byte	0
 1264 000e 0000     		.2byte	0
 1265 0010 00000000 		.4byte	0
 1266 0014 00000000 		.4byte	0
 1267              		.section	.debug_line,"",%progbits
 1268              	.Ldebug_line0:
 1269 0000 4F000000 		.section	.debug_str,"MS",%progbits,1
 1269      02004900 
 1269      00000201 
 1269      FB0E0D00 
 1269      01010101 
 1270              	.LASF19:
 1271 0000 2E5C4765 		.ascii	".\\Generated_Source\\PSoC5\\cymetadata.c\000"
 1271      6E657261 
 1271      7465645F 
 1271      536F7572 
 1271      63655C50 
 1272              	.LASF20:
 1273 0026 433A5C55 		.ascii	"C:\\Users\\Matthew Arbesfeld\\Documents\\PSoC Creat"
 1273      73657273 
 1273      5C4D6174 
 1273      74686577 
 1273      20417262 
 1274 0055 6F725C42 		.ascii	"or\\BoxesUART\\BoxesUART.cydsn\000"
 1274      6F786573 
 1274      55415254 
 1274      5C426F78 
 1274      65735541 
 1275              	.LASF17:
 1276 0072 63795F6D 		.ascii	"cy_metadata\000"
 1276      65746164 
 1276      61746100 
 1277              	.LASF9:
 1278 007e 666C6F61 		.ascii	"float\000"
 1278      7400
 1279              	.LASF1:
 1280 0084 756E7369 		.ascii	"unsigned char\000"
 1280      676E6564 
 1280      20636861 
 1280      7200
 1281              	.LASF5:
 1282 0092 6C6F6E67 		.ascii	"long unsigned int\000"
 1282      20756E73 
 1282      69676E65 
 1282      6420696E 
ARM GAS  C:\Users\MATTHE~1\AppData\Local\Temp\cc6yc6fq.s 			page 24


 1282      7400
 1283              	.LASF3:
 1284 00a4 73686F72 		.ascii	"short unsigned int\000"
 1284      7420756E 
 1284      7369676E 
 1284      65642069 
 1284      6E7400
 1285              	.LASF10:
 1286 00b7 646F7562 		.ascii	"double\000"
 1286      6C6500
 1287              	.LASF14:
 1288 00be 63795F6D 		.ascii	"cy_meta_custnvl\000"
 1288      6574615F 
 1288      63757374 
 1288      6E766C00 
 1289              	.LASF13:
 1290 00ce 63795F6D 		.ascii	"cy_meta_configecc\000"
 1290      6574615F 
 1290      636F6E66 
 1290      69676563 
 1290      6300
 1291              	.LASF8:
 1292 00e0 756E7369 		.ascii	"unsigned int\000"
 1292      676E6564 
 1292      20696E74 
 1292      00
 1293              	.LASF7:
 1294 00ed 6C6F6E67 		.ascii	"long long unsigned int\000"
 1294      206C6F6E 
 1294      6720756E 
 1294      7369676E 
 1294      65642069 
 1295              	.LASF18:
 1296 0104 474E5520 		.ascii	"GNU C 4.8.4 20140526 (release) [ARM/embedded-4_8-br"
 1296      4320342E 
 1296      382E3420 
 1296      32303134 
 1296      30353236 
 1297 0137 616E6368 		.ascii	"anch revision 211358] -mcpu=cortex-m3 -mthumb -g -O"
 1297      20726576 
 1297      6973696F 
 1297      6E203231 
 1297      31333538 
 1298 016a 30202D66 		.ascii	"0 -ffunction-sections\000"
 1298      66756E63 
 1298      74696F6E 
 1298      2D736563 
 1298      74696F6E 
 1299              	.LASF16:
 1300 0180 63795F6D 		.ascii	"cy_meta_flashprotect\000"
 1300      6574615F 
 1300      666C6173 
 1300      6870726F 
 1300      74656374 
 1301              	.LASF15:
 1302 0195 63795F6D 		.ascii	"cy_meta_wonvl\000"
 1302      6574615F 
ARM GAS  C:\Users\MATTHE~1\AppData\Local\Temp\cc6yc6fq.s 			page 25


 1302      776F6E76 
 1302      6C00
 1303              	.LASF12:
 1304 01a3 73697A65 		.ascii	"sizetype\000"
 1304      74797065 
 1304      00
 1305              	.LASF6:
 1306 01ac 6C6F6E67 		.ascii	"long long int\000"
 1306      206C6F6E 
 1306      6720696E 
 1306      7400
 1307              	.LASF11:
 1308 01ba 63686172 		.ascii	"char\000"
 1308      00
 1309              	.LASF2:
 1310 01bf 73686F72 		.ascii	"short int\000"
 1310      7420696E 
 1310      7400
 1311              	.LASF21:
 1312 01c9 75696E74 		.ascii	"uint8\000"
 1312      3800
 1313              	.LASF4:
 1314 01cf 6C6F6E67 		.ascii	"long int\000"
 1314      20696E74 
 1314      00
 1315              	.LASF0:
 1316 01d8 7369676E 		.ascii	"signed char\000"
 1316      65642063 
 1316      68617200 
 1317              		.ident	"GCC: (GNU Tools for ARM Embedded Processors) 4.8.4 20140526 (release) [ARM/embedded-4_8-br
