ARM GAS  C:\Users\MATTHE~1\AppData\Local\Temp\ccLyQHPM.s 			page 1


   1              		.syntax unified
   2              		.cpu cortex-m3
   3              		.fpu softvfp
   4              		.eabi_attribute 20, 1
   5              		.eabi_attribute 21, 1
   6              		.eabi_attribute 23, 3
   7              		.eabi_attribute 24, 1
   8              		.eabi_attribute 25, 1
   9              		.eabi_attribute 26, 1
  10              		.eabi_attribute 30, 6
  11              		.eabi_attribute 34, 1
  12              		.eabi_attribute 18, 4
  13              		.thumb
  14              		.file	"main.c"
  15              		.text
  16              	.Ltext0:
  17              		.cfi_sections	.debug_frame
  18              		.section	.text.main,"ax",%progbits
  19              		.align	2
  20              		.global	main
  21              		.thumb
  22              		.thumb_func
  23              		.type	main, %function
  24              	main:
  25              	.LFB56:
  26              		.file 1 ".\\main.c"
   1:.\main.c      **** /* ========================================
   2:.\main.c      ****  *
   3:.\main.c      ****  * Copyright YOUR COMPANY, THE YEAR
   4:.\main.c      ****  * All Rights Reserved
   5:.\main.c      ****  * UNPUBLISHED, LICENSED SOFTWARE.
   6:.\main.c      ****  *
   7:.\main.c      ****  * CONFIDENTIAL AND PROPRIETARY INFORMATION
   8:.\main.c      ****  * WHICH IS THE PROPERTY OF your company.
   9:.\main.c      ****  *
  10:.\main.c      ****  * ========================================
  11:.\main.c      **** */
  12:.\main.c      **** #include <project.h>
  13:.\main.c      **** 
  14:.\main.c      **** int main()
  15:.\main.c      **** {
  27              		.loc 1 15 0
  28              		.cfi_startproc
  29              		@ args = 0, pretend = 0, frame = 0
  30              		@ frame_needed = 1, uses_anonymous_args = 0
  31 0000 80B5     		push	{r7, lr}
  32              		.cfi_def_cfa_offset 8
  33              		.cfi_offset 7, -8
  34              		.cfi_offset 14, -4
  35 0002 00AF     		add	r7, sp, #0
  36              		.cfi_def_cfa_register 7
  16:.\main.c      ****     StartupLED_Write(1);
  37              		.loc 1 16 0
  38 0004 0120     		movs	r0, #1
  39 0006 FFF7FEFF 		bl	StartupLED_Write
  17:.\main.c      ****     CyDelay(500);
  40              		.loc 1 17 0
ARM GAS  C:\Users\MATTHE~1\AppData\Local\Temp\ccLyQHPM.s 			page 2


  41 000a 4FF4FA70 		mov	r0, #500
  42 000e FFF7FEFF 		bl	CyDelay
  18:.\main.c      ****     StartupLED_Write(0);
  43              		.loc 1 18 0
  44 0012 0020     		movs	r0, #0
  45 0014 FFF7FEFF 		bl	StartupLED_Write
  19:.\main.c      ****     CyDelay(500);
  46              		.loc 1 19 0
  47 0018 4FF4FA70 		mov	r0, #500
  48 001c FFF7FEFF 		bl	CyDelay
  20:.\main.c      ****     StartupLED_Write(1);
  49              		.loc 1 20 0
  50 0020 0120     		movs	r0, #1
  51 0022 FFF7FEFF 		bl	StartupLED_Write
  21:.\main.c      ****     CyDelay(500);
  52              		.loc 1 21 0
  53 0026 4FF4FA70 		mov	r0, #500
  54 002a FFF7FEFF 		bl	CyDelay
  22:.\main.c      ****     StartupLED_Write(0);
  55              		.loc 1 22 0
  56 002e 0020     		movs	r0, #0
  57 0030 FFF7FEFF 		bl	StartupLED_Write
  23:.\main.c      ****     CyDelay(500);
  58              		.loc 1 23 0
  59 0034 4FF4FA70 		mov	r0, #500
  60 0038 FFF7FEFF 		bl	CyDelay
  24:.\main.c      ****     StartupLED_Write(1);
  61              		.loc 1 24 0
  62 003c 0120     		movs	r0, #1
  63 003e FFF7FEFF 		bl	StartupLED_Write
  25:.\main.c      ****     
  26:.\main.c      ****     UART_1_Start();
  64              		.loc 1 26 0
  65 0042 FFF7FEFF 		bl	UART_1_Start
  27:.\main.c      ****     CyGlobalIntEnable;
  66              		.loc 1 27 0
  67              	@ 27 ".\main.c" 1
  68 0046 62B6     		CPSIE   i
  69              	@ 0 "" 2
  28:.\main.c      ****     
  29:.\main.c      ****     UART_1_LoadTxConfig(); /* Configure UART for transmitting */
  70              		.loc 1 29 0
  71              		.thumb
  72 0048 FFF7FEFF 		bl	UART_1_LoadTxConfig
  73              	.L2:
  30:.\main.c      ****     for(;;) {
  31:.\main.c      ****         UART_1_PutChar('1'); /* Send received byte back */
  74              		.loc 1 31 0 discriminator 1
  75 004c 3120     		movs	r0, #49
  76 004e FFF7FEFF 		bl	UART_1_PutChar
  32:.\main.c      ****         CyDelay(500);
  77              		.loc 1 32 0 discriminator 1
  78 0052 4FF4FA70 		mov	r0, #500
  79 0056 FFF7FEFF 		bl	CyDelay
  33:.\main.c      ****         UART_1_PutChar('2'); /* Send received byte back */
  80              		.loc 1 33 0 discriminator 1
  81 005a 3220     		movs	r0, #50
ARM GAS  C:\Users\MATTHE~1\AppData\Local\Temp\ccLyQHPM.s 			page 3


  82 005c FFF7FEFF 		bl	UART_1_PutChar
  34:.\main.c      ****         CyDelay(500);
  83              		.loc 1 34 0 discriminator 1
  84 0060 4FF4FA70 		mov	r0, #500
  85 0064 FFF7FEFF 		bl	CyDelay
  35:.\main.c      ****     }
  86              		.loc 1 35 0 discriminator 1
  87 0068 F0E7     		b	.L2
  88              		.cfi_endproc
  89              	.LFE56:
  90              		.size	main, .-main
  91 006a 00BF     		.text
  92              	.Letext0:
  93              		.file 2 "c:\\program files (x86)\\cypress\\psoc creator\\3.1\\psoc creator\\import\\gnu_cs\\arm\\4
  94              		.file 3 "c:\\program files (x86)\\cypress\\psoc creator\\3.1\\psoc creator\\import\\gnu_cs\\arm\\4
  95              		.file 4 ".\\Generated_Source\\PSoC5/core_cm3.h"
  96              		.section	.debug_info,"",%progbits
  97              	.Ldebug_info0:
  98 0000 C0000000 		.4byte	0xc0
  99 0004 0400     		.2byte	0x4
 100 0006 00000000 		.4byte	.Ldebug_abbrev0
 101 000a 04       		.byte	0x4
 102 000b 01       		.uleb128 0x1
 103 000c 07010000 		.4byte	.LASF15
 104 0010 01       		.byte	0x1
 105 0011 C4000000 		.4byte	.LASF16
 106 0015 6F000000 		.4byte	.LASF17
 107 0019 00000000 		.4byte	.Ldebug_ranges0+0
 108 001d 00000000 		.4byte	0
 109 0021 00000000 		.4byte	.Ldebug_line0
 110 0025 02       		.uleb128 0x2
 111 0026 01       		.byte	0x1
 112 0027 06       		.byte	0x6
 113 0028 E1000000 		.4byte	.LASF0
 114 002c 02       		.uleb128 0x2
 115 002d 01       		.byte	0x1
 116 002e 08       		.byte	0x8
 117 002f 5C000000 		.4byte	.LASF1
 118 0033 02       		.uleb128 0x2
 119 0034 02       		.byte	0x2
 120 0035 05       		.byte	0x5
 121 0036 FD000000 		.4byte	.LASF2
 122 003a 02       		.uleb128 0x2
 123 003b 02       		.byte	0x2
 124 003c 07       		.byte	0x7
 125 003d 0E000000 		.4byte	.LASF3
 126 0041 03       		.uleb128 0x3
 127 0042 ED000000 		.4byte	.LASF9
 128 0046 02       		.byte	0x2
 129 0047 37       		.byte	0x37
 130 0048 4C000000 		.4byte	0x4c
 131 004c 02       		.uleb128 0x2
 132 004d 04       		.byte	0x4
 133 004e 05       		.byte	0x5
 134 004f BB000000 		.4byte	.LASF4
 135 0053 02       		.uleb128 0x2
 136 0054 04       		.byte	0x4
ARM GAS  C:\Users\MATTHE~1\AppData\Local\Temp\ccLyQHPM.s 			page 4


 137 0055 07       		.byte	0x7
 138 0056 33000000 		.4byte	.LASF5
 139 005a 02       		.uleb128 0x2
 140 005b 08       		.byte	0x8
 141 005c 05       		.byte	0x5
 142 005d 00000000 		.4byte	.LASF6
 143 0061 02       		.uleb128 0x2
 144 0062 08       		.byte	0x8
 145 0063 07       		.byte	0x7
 146 0064 45000000 		.4byte	.LASF7
 147 0068 04       		.uleb128 0x4
 148 0069 04       		.byte	0x4
 149 006a 05       		.byte	0x5
 150 006b 696E7400 		.ascii	"int\000"
 151 006f 02       		.uleb128 0x2
 152 0070 04       		.byte	0x4
 153 0071 07       		.byte	0x7
 154 0072 21000000 		.4byte	.LASF8
 155 0076 03       		.uleb128 0x3
 156 0077 83010000 		.4byte	.LASF10
 157 007b 03       		.byte	0x3
 158 007c 41       		.byte	0x41
 159 007d 41000000 		.4byte	0x41
 160 0081 02       		.uleb128 0x2
 161 0082 04       		.byte	0x4
 162 0083 04       		.byte	0x4
 163 0084 F7000000 		.4byte	.LASF11
 164 0088 02       		.uleb128 0x2
 165 0089 08       		.byte	0x8
 166 008a 04       		.byte	0x4
 167 008b CD000000 		.4byte	.LASF12
 168 008f 02       		.uleb128 0x2
 169 0090 01       		.byte	0x1
 170 0091 08       		.byte	0x8
 171 0092 6A000000 		.4byte	.LASF13
 172 0096 02       		.uleb128 0x2
 173 0097 04       		.byte	0x4
 174 0098 07       		.byte	0x7
 175 0099 8B010000 		.4byte	.LASF14
 176 009d 05       		.uleb128 0x5
 177 009e 2E000000 		.4byte	.LASF18
 178 00a2 01       		.byte	0x1
 179 00a3 0E       		.byte	0xe
 180 00a4 68000000 		.4byte	0x68
 181 00a8 00000000 		.4byte	.LFB56
 182 00ac 6A000000 		.4byte	.LFE56-.LFB56
 183 00b0 01       		.uleb128 0x1
 184 00b1 9C       		.byte	0x9c
 185 00b2 06       		.uleb128 0x6
 186 00b3 D4000000 		.4byte	.LASF19
 187 00b7 04       		.byte	0x4
 188 00b8 1606     		.2byte	0x616
 189 00ba BE000000 		.4byte	0xbe
 190 00be 07       		.uleb128 0x7
 191 00bf 76000000 		.4byte	0x76
 192 00c3 00       		.byte	0
 193              		.section	.debug_abbrev,"",%progbits
ARM GAS  C:\Users\MATTHE~1\AppData\Local\Temp\ccLyQHPM.s 			page 5


 194              	.Ldebug_abbrev0:
 195 0000 01       		.uleb128 0x1
 196 0001 11       		.uleb128 0x11
 197 0002 01       		.byte	0x1
 198 0003 25       		.uleb128 0x25
 199 0004 0E       		.uleb128 0xe
 200 0005 13       		.uleb128 0x13
 201 0006 0B       		.uleb128 0xb
 202 0007 03       		.uleb128 0x3
 203 0008 0E       		.uleb128 0xe
 204 0009 1B       		.uleb128 0x1b
 205 000a 0E       		.uleb128 0xe
 206 000b 55       		.uleb128 0x55
 207 000c 17       		.uleb128 0x17
 208 000d 11       		.uleb128 0x11
 209 000e 01       		.uleb128 0x1
 210 000f 10       		.uleb128 0x10
 211 0010 17       		.uleb128 0x17
 212 0011 00       		.byte	0
 213 0012 00       		.byte	0
 214 0013 02       		.uleb128 0x2
 215 0014 24       		.uleb128 0x24
 216 0015 00       		.byte	0
 217 0016 0B       		.uleb128 0xb
 218 0017 0B       		.uleb128 0xb
 219 0018 3E       		.uleb128 0x3e
 220 0019 0B       		.uleb128 0xb
 221 001a 03       		.uleb128 0x3
 222 001b 0E       		.uleb128 0xe
 223 001c 00       		.byte	0
 224 001d 00       		.byte	0
 225 001e 03       		.uleb128 0x3
 226 001f 16       		.uleb128 0x16
 227 0020 00       		.byte	0
 228 0021 03       		.uleb128 0x3
 229 0022 0E       		.uleb128 0xe
 230 0023 3A       		.uleb128 0x3a
 231 0024 0B       		.uleb128 0xb
 232 0025 3B       		.uleb128 0x3b
 233 0026 0B       		.uleb128 0xb
 234 0027 49       		.uleb128 0x49
 235 0028 13       		.uleb128 0x13
 236 0029 00       		.byte	0
 237 002a 00       		.byte	0
 238 002b 04       		.uleb128 0x4
 239 002c 24       		.uleb128 0x24
 240 002d 00       		.byte	0
 241 002e 0B       		.uleb128 0xb
 242 002f 0B       		.uleb128 0xb
 243 0030 3E       		.uleb128 0x3e
 244 0031 0B       		.uleb128 0xb
 245 0032 03       		.uleb128 0x3
 246 0033 08       		.uleb128 0x8
 247 0034 00       		.byte	0
 248 0035 00       		.byte	0
 249 0036 05       		.uleb128 0x5
 250 0037 2E       		.uleb128 0x2e
ARM GAS  C:\Users\MATTHE~1\AppData\Local\Temp\ccLyQHPM.s 			page 6


 251 0038 00       		.byte	0
 252 0039 3F       		.uleb128 0x3f
 253 003a 19       		.uleb128 0x19
 254 003b 03       		.uleb128 0x3
 255 003c 0E       		.uleb128 0xe
 256 003d 3A       		.uleb128 0x3a
 257 003e 0B       		.uleb128 0xb
 258 003f 3B       		.uleb128 0x3b
 259 0040 0B       		.uleb128 0xb
 260 0041 49       		.uleb128 0x49
 261 0042 13       		.uleb128 0x13
 262 0043 11       		.uleb128 0x11
 263 0044 01       		.uleb128 0x1
 264 0045 12       		.uleb128 0x12
 265 0046 06       		.uleb128 0x6
 266 0047 40       		.uleb128 0x40
 267 0048 18       		.uleb128 0x18
 268 0049 9642     		.uleb128 0x2116
 269 004b 19       		.uleb128 0x19
 270 004c 00       		.byte	0
 271 004d 00       		.byte	0
 272 004e 06       		.uleb128 0x6
 273 004f 34       		.uleb128 0x34
 274 0050 00       		.byte	0
 275 0051 03       		.uleb128 0x3
 276 0052 0E       		.uleb128 0xe
 277 0053 3A       		.uleb128 0x3a
 278 0054 0B       		.uleb128 0xb
 279 0055 3B       		.uleb128 0x3b
 280 0056 05       		.uleb128 0x5
 281 0057 49       		.uleb128 0x49
 282 0058 13       		.uleb128 0x13
 283 0059 3F       		.uleb128 0x3f
 284 005a 19       		.uleb128 0x19
 285 005b 3C       		.uleb128 0x3c
 286 005c 19       		.uleb128 0x19
 287 005d 00       		.byte	0
 288 005e 00       		.byte	0
 289 005f 07       		.uleb128 0x7
 290 0060 35       		.uleb128 0x35
 291 0061 00       		.byte	0
 292 0062 49       		.uleb128 0x49
 293 0063 13       		.uleb128 0x13
 294 0064 00       		.byte	0
 295 0065 00       		.byte	0
 296 0066 00       		.byte	0
 297              		.section	.debug_aranges,"",%progbits
 298 0000 1C000000 		.4byte	0x1c
 299 0004 0200     		.2byte	0x2
 300 0006 00000000 		.4byte	.Ldebug_info0
 301 000a 04       		.byte	0x4
 302 000b 00       		.byte	0
 303 000c 0000     		.2byte	0
 304 000e 0000     		.2byte	0
 305 0010 00000000 		.4byte	.LFB56
 306 0014 6A000000 		.4byte	.LFE56-.LFB56
 307 0018 00000000 		.4byte	0
ARM GAS  C:\Users\MATTHE~1\AppData\Local\Temp\ccLyQHPM.s 			page 7


 308 001c 00000000 		.4byte	0
 309              		.section	.debug_ranges,"",%progbits
 310              	.Ldebug_ranges0:
 311 0000 00000000 		.4byte	.LFB56
 312 0004 6A000000 		.4byte	.LFE56
 313 0008 00000000 		.4byte	0
 314 000c 00000000 		.4byte	0
 315              		.section	.debug_line,"",%progbits
 316              	.Ldebug_line0:
 317 0000 7E010000 		.section	.debug_str,"MS",%progbits,1
 317      02004401 
 317      00000201 
 317      FB0E0D00 
 317      01010101 
 318              	.LASF6:
 319 0000 6C6F6E67 		.ascii	"long long int\000"
 319      206C6F6E 
 319      6720696E 
 319      7400
 320              	.LASF3:
 321 000e 73686F72 		.ascii	"short unsigned int\000"
 321      7420756E 
 321      7369676E 
 321      65642069 
 321      6E7400
 322              	.LASF8:
 323 0021 756E7369 		.ascii	"unsigned int\000"
 323      676E6564 
 323      20696E74 
 323      00
 324              	.LASF18:
 325 002e 6D61696E 		.ascii	"main\000"
 325      00
 326              	.LASF5:
 327 0033 6C6F6E67 		.ascii	"long unsigned int\000"
 327      20756E73 
 327      69676E65 
 327      6420696E 
 327      7400
 328              	.LASF7:
 329 0045 6C6F6E67 		.ascii	"long long unsigned int\000"
 329      206C6F6E 
 329      6720756E 
 329      7369676E 
 329      65642069 
 330              	.LASF1:
 331 005c 756E7369 		.ascii	"unsigned char\000"
 331      676E6564 
 331      20636861 
 331      7200
 332              	.LASF13:
 333 006a 63686172 		.ascii	"char\000"
 333      00
 334              	.LASF17:
 335 006f 433A5C55 		.ascii	"C:\\Users\\Matthew Arbesfeld\\Documents\\PSoC Creat"
 335      73657273 
 335      5C4D6174 
ARM GAS  C:\Users\MATTHE~1\AppData\Local\Temp\ccLyQHPM.s 			page 8


 335      74686577 
 335      20417262 
 336 009e 6F725C42 		.ascii	"or\\BoxesUART\\BoxesUART.cydsn\000"
 336      6F786573 
 336      55415254 
 336      5C426F78 
 336      65735541 
 337              	.LASF4:
 338 00bb 6C6F6E67 		.ascii	"long int\000"
 338      20696E74 
 338      00
 339              	.LASF16:
 340 00c4 2E5C6D61 		.ascii	".\\main.c\000"
 340      696E2E63 
 340      00
 341              	.LASF12:
 342 00cd 646F7562 		.ascii	"double\000"
 342      6C6500
 343              	.LASF19:
 344 00d4 49544D5F 		.ascii	"ITM_RxBuffer\000"
 344      52784275 
 344      66666572 
 344      00
 345              	.LASF0:
 346 00e1 7369676E 		.ascii	"signed char\000"
 346      65642063 
 346      68617200 
 347              	.LASF9:
 348 00ed 5F5F696E 		.ascii	"__int32_t\000"
 348      7433325F 
 348      7400
 349              	.LASF11:
 350 00f7 666C6F61 		.ascii	"float\000"
 350      7400
 351              	.LASF2:
 352 00fd 73686F72 		.ascii	"short int\000"
 352      7420696E 
 352      7400
 353              	.LASF15:
 354 0107 474E5520 		.ascii	"GNU C 4.8.4 20140526 (release) [ARM/embedded-4_8-br"
 354      4320342E 
 354      382E3420 
 354      32303134 
 354      30353236 
 355 013a 616E6368 		.ascii	"anch revision 211358] -mcpu=cortex-m3 -mthumb -g -O"
 355      20726576 
 355      6973696F 
 355      6E203231 
 355      31333538 
 356 016d 30202D66 		.ascii	"0 -ffunction-sections\000"
 356      66756E63 
 356      74696F6E 
 356      2D736563 
 356      74696F6E 
 357              	.LASF10:
 358 0183 696E7433 		.ascii	"int32_t\000"
 358      325F7400 
ARM GAS  C:\Users\MATTHE~1\AppData\Local\Temp\ccLyQHPM.s 			page 9


 359              	.LASF14:
 360 018b 73697A65 		.ascii	"sizetype\000"
 360      74797065 
 360      00
 361              		.ident	"GCC: (GNU Tools for ARM Embedded Processors) 4.8.4 20140526 (release) [ARM/embedded-4_8-br
