--------------- Build Started: 04/25/2015 23:26:24 Project: Boxes5, Configuration: ARM GCC 4.8.4 Debug ---------------
cydsfit.exe -.appdatapath "C:\Users\Matthew Arbesfeld\AppData\Local\Cypress Semiconductor\PSoC Creator\3.1" -.fdsnotice -.fdswarpdepfile=warp_dependencies.txt -.fdselabdepfile=elab_dependencies.txt -.fdsbldfile=generated_files.txt -p "C:\Users\Matthew Arbesfeld\Documents\PSoC Creator\BoxesUART\Boxes5.cydsn\Boxes5.cyprj" -d CY8C5868AXI-LP035 -s "C:\Users\Matthew Arbesfeld\Documents\PSoC Creator\BoxesUART\Boxes5.cydsn\Generated_Source\PSoC5" -- -yv2 -q10 -ygs -o2 -v3 -.fftcfgtype=LE
Elaborating Design...
HDL Generation ...
Synthesis ...
Place and Route ...
Tech mapping ...
Analog Placement ...
Analog Routing ...
Analog Code Generation ...
Digital Placement ...
Digital Routing ...
Bitstream Generation ...
Static timing analysis ...
API Generation ...
Dependency Generation ...
Clean Temporary Files ...
arm-none-eabi-gcc.exe -mcpu=cortex-m3 -mthumb -Wno-main -I. -I.\Generated_Source\PSoC5 -Wa,-alh=.\CortexM3\ARM_GCC_484\Debug/main.lst -g -D DEBUG -Wall -ffunction-sections -O0 -c .\main.c -o .\CortexM3\ARM_GCC_484\Debug\main.o
arm-none-eabi-gcc.exe -mcpu=cortex-m3 -mthumb -Wno-main -I. -I.\Generated_Source\PSoC5 -Wa,-alh=.\CortexM3\ARM_GCC_484\Debug/cyfitter_cfg.lst -g -D DEBUG -Wall -ffunction-sections -O0 -c .\Generated_Source\PSoC5\cyfitter_cfg.c -o .\CortexM3\ARM_GCC_484\Debug\cyfitter_cfg.o
arm-none-eabi-gcc.exe -mcpu=cortex-m3 -mthumb -Wno-main -I. -I.\Generated_Source\PSoC5 -Wa,-alh=.\CortexM3\ARM_GCC_484\Debug/cymetadata.lst -g -D DEBUG -Wall -ffunction-sections -O0 -c .\Generated_Source\PSoC5\cymetadata.c -o .\CortexM3\ARM_GCC_484\Debug\cymetadata.o
arm-none-eabi-gcc.exe -mcpu=cortex-m3 -mthumb -Wno-main -I. -I.\Generated_Source\PSoC5 -Wa,-alh=.\CortexM3\ARM_GCC_484\Debug/Cm3Start.lst -g -D DEBUG -Wall -ffunction-sections -O0 -c .\Generated_Source\PSoC5\Cm3Start.c -o .\CortexM3\ARM_GCC_484\Debug\Cm3Start.o
arm-none-eabi-as.exe -mcpu=cortex-m3 -mthumb -I. -I.\Generated_Source\PSoC5 -alh=.\CortexM3\ARM_GCC_484\Debug/CyBootAsmGnu.lst -g -W -o .\CortexM3\ARM_GCC_484\Debug\CyBootAsmGnu.o .\Generated_Source\PSoC5\CyBootAsmGnu.s
arm-none-eabi-gcc.exe -mcpu=cortex-m3 -mthumb -Wno-main -I. -I.\Generated_Source\PSoC5 -Wa,-alh=.\CortexM3\ARM_GCC_484\Debug/CyDmac.lst -g -D DEBUG -Wall -ffunction-sections -O0 -c .\Generated_Source\PSoC5\CyDmac.c -o .\CortexM3\ARM_GCC_484\Debug\CyDmac.o
arm-none-eabi-gcc.exe -mcpu=cortex-m3 -mthumb -Wno-main -I. -I.\Generated_Source\PSoC5 -Wa,-alh=.\CortexM3\ARM_GCC_484\Debug/CyFlash.lst -g -D DEBUG -Wall -ffunction-sections -O0 -c .\Generated_Source\PSoC5\CyFlash.c -o .\CortexM3\ARM_GCC_484\Debug\CyFlash.o
arm-none-eabi-gcc.exe -mcpu=cortex-m3 -mthumb -Wno-main -I. -I.\Generated_Source\PSoC5 -Wa,-alh=.\CortexM3\ARM_GCC_484\Debug/CyLib.lst -g -D DEBUG -Wall -ffunction-sections -O0 -c .\Generated_Source\PSoC5\CyLib.c -o .\CortexM3\ARM_GCC_484\Debug\CyLib.o
arm-none-eabi-gcc.exe -mcpu=cortex-m3 -mthumb -Wno-main -I. -I.\Generated_Source\PSoC5 -Wa,-alh=.\CortexM3\ARM_GCC_484\Debug/cyPm.lst -g -D DEBUG -Wall -ffunction-sections -O0 -c .\Generated_Source\PSoC5\cyPm.c -o .\CortexM3\ARM_GCC_484\Debug\cyPm.o
arm-none-eabi-gcc.exe -mcpu=cortex-m3 -mthumb -Wno-main -I. -I.\Generated_Source\PSoC5 -Wa,-alh=.\CortexM3\ARM_GCC_484\Debug/CySpc.lst -g -D DEBUG -Wall -ffunction-sections -O0 -c .\Generated_Source\PSoC5\CySpc.c -o .\CortexM3\ARM_GCC_484\Debug\CySpc.o
arm-none-eabi-gcc.exe -mcpu=cortex-m3 -mthumb -Wno-main -I. -I.\Generated_Source\PSoC5 -Wa,-alh=.\CortexM3\ARM_GCC_484\Debug/cyutils.lst -g -D DEBUG -Wall -ffunction-sections -O0 -c .\Generated_Source\PSoC5\cyutils.c -o .\CortexM3\ARM_GCC_484\Debug\cyutils.o
arm-none-eabi-gcc.exe -mcpu=cortex-m3 -mthumb -Wno-main -I. -I.\Generated_Source\PSoC5 -Wa,-alh=.\CortexM3\ARM_GCC_484\Debug/Tx.lst -g -D DEBUG -Wall -ffunction-sections -O0 -c .\Generated_Source\PSoC5\Tx.c -o .\CortexM3\ARM_GCC_484\Debug\Tx.o
arm-none-eabi-gcc.exe -mcpu=cortex-m3 -mthumb -Wno-main -I. -I.\Generated_Source\PSoC5 -Wa,-alh=.\CortexM3\ARM_GCC_484\Debug/Tx_PM.lst -g -D DEBUG -Wall -ffunction-sections -O0 -c .\Generated_Source\PSoC5\Tx_PM.c -o .\CortexM3\ARM_GCC_484\Debug\Tx_PM.o
arm-none-eabi-gcc.exe -mcpu=cortex-m3 -mthumb -Wno-main -I. -I.\Generated_Source\PSoC5 -Wa,-alh=.\CortexM3\ARM_GCC_484\Debug/Tx_INT.lst -g -D DEBUG -Wall -ffunction-sections -O0 -c .\Generated_Source\PSoC5\Tx_INT.c -o .\CortexM3\ARM_GCC_484\Debug\Tx_INT.o
arm-none-eabi-gcc.exe -mcpu=cortex-m3 -mthumb -Wno-main -I. -I.\Generated_Source\PSoC5 -Wa,-alh=.\CortexM3\ARM_GCC_484\Debug/Tx_BOOT.lst -g -D DEBUG -Wall -ffunction-sections -O0 -c .\Generated_Source\PSoC5\Tx_BOOT.c -o .\CortexM3\ARM_GCC_484\Debug\Tx_BOOT.o
arm-none-eabi-gcc.exe -mcpu=cortex-m3 -mthumb -Wno-main -I. -I.\Generated_Source\PSoC5 -Wa,-alh=.\CortexM3\ARM_GCC_484\Debug/Rx_Right.lst -g -D DEBUG -Wall -ffunction-sections -O0 -c .\Generated_Source\PSoC5\Rx_Right.c -o .\CortexM3\ARM_GCC_484\Debug\Rx_Right.o
arm-none-eabi-gcc.exe -mcpu=cortex-m3 -mthumb -Wno-main -I. -I.\Generated_Source\PSoC5 -Wa,-alh=.\CortexM3\ARM_GCC_484\Debug/Rx_Right_PM.lst -g -D DEBUG -Wall -ffunction-sections -O0 -c .\Generated_Source\PSoC5\Rx_Right_PM.c -o .\CortexM3\ARM_GCC_484\Debug\Rx_Right_PM.o
arm-none-eabi-gcc.exe -mcpu=cortex-m3 -mthumb -Wno-main -I. -I.\Generated_Source\PSoC5 -Wa,-alh=.\CortexM3\ARM_GCC_484\Debug/Rx_Right_INT.lst -g -D DEBUG -Wall -ffunction-sections -O0 -c .\Generated_Source\PSoC5\Rx_Right_INT.c -o .\CortexM3\ARM_GCC_484\Debug\Rx_Right_INT.o
arm-none-eabi-gcc.exe -mcpu=cortex-m3 -mthumb -Wno-main -I. -I.\Generated_Source\PSoC5 -Wa,-alh=.\CortexM3\ARM_GCC_484\Debug/Rx_Right_BOOT.lst -g -D DEBUG -Wall -ffunction-sections -O0 -c .\Generated_Source\PSoC5\Rx_Right_BOOT.c -o .\CortexM3\ARM_GCC_484\Debug\Rx_Right_BOOT.o
arm-none-eabi-gcc.exe -mcpu=cortex-m3 -mthumb -Wno-main -I. -I.\Generated_Source\PSoC5 -Wa,-alh=.\CortexM3\ARM_GCC_484\Debug/isr_Rx_Left.lst -g -D DEBUG -Wall -ffunction-sections -O0 -c .\Generated_Source\PSoC5\isr_Rx_Left.c -o .\CortexM3\ARM_GCC_484\Debug\isr_Rx_Left.o
arm-none-eabi-gcc.exe -mcpu=cortex-m3 -mthumb -Wno-main -I. -I.\Generated_Source\PSoC5 -Wa,-alh=.\CortexM3\ARM_GCC_484\Debug/Rx_Left_Pins.lst -g -D DEBUG -Wall -ffunction-sections -O0 -c .\Generated_Source\PSoC5\Rx_Left_Pins.c -o .\CortexM3\ARM_GCC_484\Debug\Rx_Left_Pins.o
arm-none-eabi-gcc.exe -mcpu=cortex-m3 -mthumb -Wno-main -I. -I.\Generated_Source\PSoC5 -Wa,-alh=.\CortexM3\ARM_GCC_484\Debug/Rx_Front.lst -g -D DEBUG -Wall -ffunction-sections -O0 -c .\Generated_Source\PSoC5\Rx_Front.c -o .\CortexM3\ARM_GCC_484\Debug\Rx_Front.o
arm-none-eabi-gcc.exe -mcpu=cortex-m3 -mthumb -Wno-main -I. -I.\Generated_Source\PSoC5 -Wa,-alh=.\CortexM3\ARM_GCC_484\Debug/Rx_Front_PM.lst -g -D DEBUG -Wall -ffunction-sections -O0 -c .\Generated_Source\PSoC5\Rx_Front_PM.c -o .\CortexM3\ARM_GCC_484\Debug\Rx_Front_PM.o
arm-none-eabi-gcc.exe -mcpu=cortex-m3 -mthumb -Wno-main -I. -I.\Generated_Source\PSoC5 -Wa,-alh=.\CortexM3\ARM_GCC_484\Debug/Rx_Front_INT.lst -g -D DEBUG -Wall -ffunction-sections -O0 -c .\Generated_Source\PSoC5\Rx_Front_INT.c -o .\CortexM3\ARM_GCC_484\Debug\Rx_Front_INT.o
arm-none-eabi-gcc.exe -mcpu=cortex-m3 -mthumb -Wno-main -I. -I.\Generated_Source\PSoC5 -Wa,-alh=.\CortexM3\ARM_GCC_484\Debug/Rx_Front_BOOT.lst -g -D DEBUG -Wall -ffunction-sections -O0 -c .\Generated_Source\PSoC5\Rx_Front_BOOT.c -o .\CortexM3\ARM_GCC_484\Debug\Rx_Front_BOOT.o
arm-none-eabi-gcc.exe -mcpu=cortex-m3 -mthumb -Wno-main -I. -I.\Generated_Source\PSoC5 -Wa,-alh=.\CortexM3\ARM_GCC_484\Debug/Rx_Left.lst -g -D DEBUG -Wall -ffunction-sections -O0 -c .\Generated_Source\PSoC5\Rx_Left.c -o .\CortexM3\ARM_GCC_484\Debug\Rx_Left.o
arm-none-eabi-gcc.exe -mcpu=cortex-m3 -mthumb -Wno-main -I. -I.\Generated_Source\PSoC5 -Wa,-alh=.\CortexM3\ARM_GCC_484\Debug/Rx_Left_PM.lst -g -D DEBUG -Wall -ffunction-sections -O0 -c .\Generated_Source\PSoC5\Rx_Left_PM.c -o .\CortexM3\ARM_GCC_484\Debug\Rx_Left_PM.o
arm-none-eabi-gcc.exe -mcpu=cortex-m3 -mthumb -Wno-main -I. -I.\Generated_Source\PSoC5 -Wa,-alh=.\CortexM3\ARM_GCC_484\Debug/Rx_Left_INT.lst -g -D DEBUG -Wall -ffunction-sections -O0 -c .\Generated_Source\PSoC5\Rx_Left_INT.c -o .\CortexM3\ARM_GCC_484\Debug\Rx_Left_INT.o
arm-none-eabi-gcc.exe -mcpu=cortex-m3 -mthumb -Wno-main -I. -I.\Generated_Source\PSoC5 -Wa,-alh=.\CortexM3\ARM_GCC_484\Debug/Rx_Left_BOOT.lst -g -D DEBUG -Wall -ffunction-sections -O0 -c .\Generated_Source\PSoC5\Rx_Left_BOOT.c -o .\CortexM3\ARM_GCC_484\Debug\Rx_Left_BOOT.o
arm-none-eabi-gcc.exe -mcpu=cortex-m3 -mthumb -Wno-main -I. -I.\Generated_Source\PSoC5 -Wa,-alh=.\CortexM3\ARM_GCC_484\Debug/isr_Rx_Back.lst -g -D DEBUG -Wall -ffunction-sections -O0 -c .\Generated_Source\PSoC5\isr_Rx_Back.c -o .\CortexM3\ARM_GCC_484\Debug\isr_Rx_Back.o
arm-none-eabi-gcc.exe -mcpu=cortex-m3 -mthumb -Wno-main -I. -I.\Generated_Source\PSoC5 -Wa,-alh=.\CortexM3\ARM_GCC_484\Debug/Rx_Back.lst -g -D DEBUG -Wall -ffunction-sections -O0 -c .\Generated_Source\PSoC5\Rx_Back.c -o .\CortexM3\ARM_GCC_484\Debug\Rx_Back.o
arm-none-eabi-gcc.exe -mcpu=cortex-m3 -mthumb -Wno-main -I. -I.\Generated_Source\PSoC5 -Wa,-alh=.\CortexM3\ARM_GCC_484\Debug/Rx_Back_PM.lst -g -D DEBUG -Wall -ffunction-sections -O0 -c .\Generated_Source\PSoC5\Rx_Back_PM.c -o .\CortexM3\ARM_GCC_484\Debug\Rx_Back_PM.o
arm-none-eabi-gcc.exe -mcpu=cortex-m3 -mthumb -Wno-main -I. -I.\Generated_Source\PSoC5 -Wa,-alh=.\CortexM3\ARM_GCC_484\Debug/Rx_Back_INT.lst -g -D DEBUG -Wall -ffunction-sections -O0 -c .\Generated_Source\PSoC5\Rx_Back_INT.c -o .\CortexM3\ARM_GCC_484\Debug\Rx_Back_INT.o
arm-none-eabi-gcc.exe -mcpu=cortex-m3 -mthumb -Wno-main -I. -I.\Generated_Source\PSoC5 -Wa,-alh=.\CortexM3\ARM_GCC_484\Debug/Rx_Back_BOOT.lst -g -D DEBUG -Wall -ffunction-sections -O0 -c .\Generated_Source\PSoC5\Rx_Back_BOOT.c -o .\CortexM3\ARM_GCC_484\Debug\Rx_Back_BOOT.o
arm-none-eabi-gcc.exe -mcpu=cortex-m3 -mthumb -Wno-main -I. -I.\Generated_Source\PSoC5 -Wa,-alh=.\CortexM3\ARM_GCC_484\Debug/isr_Rx_Front.lst -g -D DEBUG -Wall -ffunction-sections -O0 -c .\Generated_Source\PSoC5\isr_Rx_Front.c -o .\CortexM3\ARM_GCC_484\Debug\isr_Rx_Front.o
arm-none-eabi-gcc.exe -mcpu=cortex-m3 -mthumb -Wno-main -I. -I.\Generated_Source\PSoC5 -Wa,-alh=.\CortexM3\ARM_GCC_484\Debug/Rx_Back_Pins.lst -g -D DEBUG -Wall -ffunction-sections -O0 -c .\Generated_Source\PSoC5\Rx_Back_Pins.c -o .\CortexM3\ARM_GCC_484\Debug\Rx_Back_Pins.o
arm-none-eabi-gcc.exe -mcpu=cortex-m3 -mthumb -Wno-main -I. -I.\Generated_Source\PSoC5 -Wa,-alh=.\CortexM3\ARM_GCC_484\Debug/LCD.lst -g -D DEBUG -Wall -ffunction-sections -O0 -c .\Generated_Source\PSoC5\LCD.c -o .\CortexM3\ARM_GCC_484\Debug\LCD.o
arm-none-eabi-gcc.exe -mcpu=cortex-m3 -mthumb -Wno-main -I. -I.\Generated_Source\PSoC5 -Wa,-alh=.\CortexM3\ARM_GCC_484\Debug/LCD_PM.lst -g -D DEBUG -Wall -ffunction-sections -O0 -c .\Generated_Source\PSoC5\LCD_PM.c -o .\CortexM3\ARM_GCC_484\Debug\LCD_PM.o
arm-none-eabi-gcc.exe -mcpu=cortex-m3 -mthumb -Wno-main -I. -I.\Generated_Source\PSoC5 -Wa,-alh=.\CortexM3\ARM_GCC_484\Debug/Rx_Front_Pins.lst -g -D DEBUG -Wall -ffunction-sections -O0 -c .\Generated_Source\PSoC5\Rx_Front_Pins.c -o .\CortexM3\ARM_GCC_484\Debug\Rx_Front_Pins.o
arm-none-eabi-gcc.exe -mcpu=cortex-m3 -mthumb -Wno-main -I. -I.\Generated_Source\PSoC5 -Wa,-alh=.\CortexM3\ARM_GCC_484\Debug/Rx_Right_Pins.lst -g -D DEBUG -Wall -ffunction-sections -O0 -c .\Generated_Source\PSoC5\Rx_Right_Pins.c -o .\CortexM3\ARM_GCC_484\Debug\Rx_Right_Pins.o
arm-none-eabi-gcc.exe -mcpu=cortex-m3 -mthumb -Wno-main -I. -I.\Generated_Source\PSoC5 -Wa,-alh=.\CortexM3\ARM_GCC_484\Debug/isr_Rx_Right.lst -g -D DEBUG -Wall -ffunction-sections -O0 -c .\Generated_Source\PSoC5\isr_Rx_Right.c -o .\CortexM3\ARM_GCC_484\Debug\isr_Rx_Right.o
arm-none-eabi-gcc.exe -mcpu=cortex-m3 -mthumb -Wno-main -I. -I.\Generated_Source\PSoC5 -Wa,-alh=.\CortexM3\ARM_GCC_484\Debug/LED.lst -g -D DEBUG -Wall -ffunction-sections -O0 -c .\Generated_Source\PSoC5\LED.c -o .\CortexM3\ARM_GCC_484\Debug\LED.o
arm-none-eabi-gcc.exe -mcpu=cortex-m3 -mthumb -Wno-main -I. -I.\Generated_Source\PSoC5 -Wa,-alh=.\CortexM3\ARM_GCC_484\Debug/Button.lst -g -D DEBUG -Wall -ffunction-sections -O0 -c .\Generated_Source\PSoC5\Button.c -o .\CortexM3\ARM_GCC_484\Debug\Button.o
arm-none-eabi-gcc.exe -mcpu=cortex-m3 -mthumb -Wno-main -I. -I.\Generated_Source\PSoC5 -Wa,-alh=.\CortexM3\ARM_GCC_484\Debug/StartupLED.lst -g -D DEBUG -Wall -ffunction-sections -O0 -c .\Generated_Source\PSoC5\StartupLED.c -o .\CortexM3\ARM_GCC_484\Debug\StartupLED.o
arm-none-eabi-gcc.exe -mcpu=cortex-m3 -mthumb -Wno-main -I. -I.\Generated_Source\PSoC5 -Wa,-alh=.\CortexM3\ARM_GCC_484\Debug/Tx_IntClock.lst -g -D DEBUG -Wall -ffunction-sections -O0 -c .\Generated_Source\PSoC5\Tx_IntClock.c -o .\CortexM3\ARM_GCC_484\Debug\Tx_IntClock.o
arm-none-eabi-gcc.exe -mcpu=cortex-m3 -mthumb -Wno-main -I. -I.\Generated_Source\PSoC5 -Wa,-alh=.\CortexM3\ARM_GCC_484\Debug/Rx_Right_IntClock.lst -g -D DEBUG -Wall -ffunction-sections -O0 -c .\Generated_Source\PSoC5\Rx_Right_IntClock.c -o .\CortexM3\ARM_GCC_484\Debug\Rx_Right_IntClock.o
arm-none-eabi-gcc.exe -mcpu=cortex-m3 -mthumb -Wno-main -I. -I.\Generated_Source\PSoC5 -Wa,-alh=.\CortexM3\ARM_GCC_484\Debug/Rx_Front_IntClock.lst -g -D DEBUG -Wall -ffunction-sections -O0 -c .\Generated_Source\PSoC5\Rx_Front_IntClock.c -o .\CortexM3\ARM_GCC_484\Debug\Rx_Front_IntClock.o
arm-none-eabi-gcc.exe -mcpu=cortex-m3 -mthumb -Wno-main -I. -I.\Generated_Source\PSoC5 -Wa,-alh=.\CortexM3\ARM_GCC_484\Debug/Rx_Left_IntClock.lst -g -D DEBUG -Wall -ffunction-sections -O0 -c .\Generated_Source\PSoC5\Rx_Left_IntClock.c -o .\CortexM3\ARM_GCC_484\Debug\Rx_Left_IntClock.o
arm-none-eabi-gcc.exe -mcpu=cortex-m3 -mthumb -Wno-main -I. -I.\Generated_Source\PSoC5 -Wa,-alh=.\CortexM3\ARM_GCC_484\Debug/Rx_Back_IntClock.lst -g -D DEBUG -Wall -ffunction-sections -O0 -c .\Generated_Source\PSoC5\Rx_Back_IntClock.c -o .\CortexM3\ARM_GCC_484\Debug\Rx_Back_IntClock.o
arm-none-eabi-gcc.exe -mcpu=cortex-m3 -mthumb -Wno-main -I. -I.\Generated_Source\PSoC5 -Wa,-alh=.\CortexM3\ARM_GCC_484\Debug/LCD_LCDPort.lst -g -D DEBUG -Wall -ffunction-sections -O0 -c .\Generated_Source\PSoC5\LCD_LCDPort.c -o .\CortexM3\ARM_GCC_484\Debug\LCD_LCDPort.o
arm-none-eabi-gcc.exe -mcpu=cortex-m3 -mthumb -Wno-main -I. -I.\Generated_Source\PSoC5 -Wa,-alh=.\CortexM3\ARM_GCC_484\Debug/Rx_Front_Register.lst -g -D DEBUG -Wall -ffunction-sections -O0 -c .\Generated_Source\PSoC5\Rx_Front_Register.c -o .\CortexM3\ARM_GCC_484\Debug\Rx_Front_Register.o
arm-none-eabi-gcc.exe -mcpu=cortex-m3 -mthumb -Wno-main -I. -I.\Generated_Source\PSoC5 -Wa,-alh=.\CortexM3\ARM_GCC_484\Debug/Clock_1.lst -g -D DEBUG -Wall -ffunction-sections -O0 -c .\Generated_Source\PSoC5\Clock_1.c -o .\CortexM3\ARM_GCC_484\Debug\Clock_1.o
arm-none-eabi-gcc.exe -mcpu=cortex-m3 -mthumb -Wno-main -I. -I.\Generated_Source\PSoC5 -Wa,-alh=.\CortexM3\ARM_GCC_484\Debug/Rx_Back_Register.lst -g -D DEBUG -Wall -ffunction-sections -O0 -c .\Generated_Source\PSoC5\Rx_Back_Register.c -o .\CortexM3\ARM_GCC_484\Debug\Rx_Back_Register.o
arm-none-eabi-gcc.exe -mcpu=cortex-m3 -mthumb -Wno-main -I. -I.\Generated_Source\PSoC5 -Wa,-alh=.\CortexM3\ARM_GCC_484\Debug/Rx_Left_Register.lst -g -D DEBUG -Wall -ffunction-sections -O0 -c .\Generated_Source\PSoC5\Rx_Left_Register.c -o .\CortexM3\ARM_GCC_484\Debug\Rx_Left_Register.o
arm-none-eabi-gcc.exe -mcpu=cortex-m3 -mthumb -Wno-main -I. -I.\Generated_Source\PSoC5 -Wa,-alh=.\CortexM3\ARM_GCC_484\Debug/Rx_Right_Register.lst -g -D DEBUG -Wall -ffunction-sections -O0 -c .\Generated_Source\PSoC5\Rx_Right_Register.c -o .\CortexM3\ARM_GCC_484\Debug\Rx_Right_Register.o
arm-none-eabi-gcc.exe -mcpu=cortex-m3 -mthumb -Wno-main -I. -I.\Generated_Source\PSoC5 -Wa,-alh=.\CortexM3\ARM_GCC_484\Debug/Rx_Top.lst -g -D DEBUG -Wall -ffunction-sections -O0 -c .\Generated_Source\PSoC5\Rx_Top.c -o .\CortexM3\ARM_GCC_484\Debug\Rx_Top.o
arm-none-eabi-gcc.exe -mcpu=cortex-m3 -mthumb -Wno-main -I. -I.\Generated_Source\PSoC5 -Wa,-alh=.\CortexM3\ARM_GCC_484\Debug/Rx_Top_PM.lst -g -D DEBUG -Wall -ffunction-sections -O0 -c .\Generated_Source\PSoC5\Rx_Top_PM.c -o .\CortexM3\ARM_GCC_484\Debug\Rx_Top_PM.o
arm-none-eabi-gcc.exe -mcpu=cortex-m3 -mthumb -Wno-main -I. -I.\Generated_Source\PSoC5 -Wa,-alh=.\CortexM3\ARM_GCC_484\Debug/Rx_Top_INT.lst -g -D DEBUG -Wall -ffunction-sections -O0 -c .\Generated_Source\PSoC5\Rx_Top_INT.c -o .\CortexM3\ARM_GCC_484\Debug\Rx_Top_INT.o
arm-none-eabi-gcc.exe -mcpu=cortex-m3 -mthumb -Wno-main -I. -I.\Generated_Source\PSoC5 -Wa,-alh=.\CortexM3\ARM_GCC_484\Debug/Rx_Top_BOOT.lst -g -D DEBUG -Wall -ffunction-sections -O0 -c .\Generated_Source\PSoC5\Rx_Top_BOOT.c -o .\CortexM3\ARM_GCC_484\Debug\Rx_Top_BOOT.o
arm-none-eabi-gcc.exe -mcpu=cortex-m3 -mthumb -Wno-main -I. -I.\Generated_Source\PSoC5 -Wa,-alh=.\CortexM3\ARM_GCC_484\Debug/Rx_Top_Pins.lst -g -D DEBUG -Wall -ffunction-sections -O0 -c .\Generated_Source\PSoC5\Rx_Top_Pins.c -o .\CortexM3\ARM_GCC_484\Debug\Rx_Top_Pins.o
arm-none-eabi-gcc.exe -mcpu=cortex-m3 -mthumb -Wno-main -I. -I.\Generated_Source\PSoC5 -Wa,-alh=.\CortexM3\ARM_GCC_484\Debug/isr_Rx_Top.lst -g -D DEBUG -Wall -ffunction-sections -O0 -c .\Generated_Source\PSoC5\isr_Rx_Top.c -o .\CortexM3\ARM_GCC_484\Debug\isr_Rx_Top.o
arm-none-eabi-gcc.exe -mcpu=cortex-m3 -mthumb -Wno-main -I. -I.\Generated_Source\PSoC5 -Wa,-alh=.\CortexM3\ARM_GCC_484\Debug/Rx_Top_Register.lst -g -D DEBUG -Wall -ffunction-sections -O0 -c .\Generated_Source\PSoC5\Rx_Top_Register.c -o .\CortexM3\ARM_GCC_484\Debug\Rx_Top_Register.o
arm-none-eabi-gcc.exe -mcpu=cortex-m3 -mthumb -Wno-main -I. -I.\Generated_Source\PSoC5 -Wa,-alh=.\CortexM3\ARM_GCC_484\Debug/Rx_Bottom.lst -g -D DEBUG -Wall -ffunction-sections -O0 -c .\Generated_Source\PSoC5\Rx_Bottom.c -o .\CortexM3\ARM_GCC_484\Debug\Rx_Bottom.o
arm-none-eabi-gcc.exe -mcpu=cortex-m3 -mthumb -Wno-main -I. -I.\Generated_Source\PSoC5 -Wa,-alh=.\CortexM3\ARM_GCC_484\Debug/Rx_Bottom_PM.lst -g -D DEBUG -Wall -ffunction-sections -O0 -c .\Generated_Source\PSoC5\Rx_Bottom_PM.c -o .\CortexM3\ARM_GCC_484\Debug\Rx_Bottom_PM.o
arm-none-eabi-gcc.exe -mcpu=cortex-m3 -mthumb -Wno-main -I. -I.\Generated_Source\PSoC5 -Wa,-alh=.\CortexM3\ARM_GCC_484\Debug/Rx_Bottom_INT.lst -g -D DEBUG -Wall -ffunction-sections -O0 -c .\Generated_Source\PSoC5\Rx_Bottom_INT.c -o .\CortexM3\ARM_GCC_484\Debug\Rx_Bottom_INT.o
arm-none-eabi-gcc.exe -mcpu=cortex-m3 -mthumb -Wno-main -I. -I.\Generated_Source\PSoC5 -Wa,-alh=.\CortexM3\ARM_GCC_484\Debug/Rx_Bottom_BOOT.lst -g -D DEBUG -Wall -ffunction-sections -O0 -c .\Generated_Source\PSoC5\Rx_Bottom_BOOT.c -o .\CortexM3\ARM_GCC_484\Debug\Rx_Bottom_BOOT.o
arm-none-eabi-gcc.exe -mcpu=cortex-m3 -mthumb -Wno-main -I. -I.\Generated_Source\PSoC5 -Wa,-alh=.\CortexM3\ARM_GCC_484\Debug/Rx_Bottom_Pins.lst -g -D DEBUG -Wall -ffunction-sections -O0 -c .\Generated_Source\PSoC5\Rx_Bottom_Pins.c -o .\CortexM3\ARM_GCC_484\Debug\Rx_Bottom_Pins.o
arm-none-eabi-gcc.exe -mcpu=cortex-m3 -mthumb -Wno-main -I. -I.\Generated_Source\PSoC5 -Wa,-alh=.\CortexM3\ARM_GCC_484\Debug/isr_Rx_Bottom.lst -g -D DEBUG -Wall -ffunction-sections -O0 -c .\Generated_Source\PSoC5\isr_Rx_Bottom.c -o .\CortexM3\ARM_GCC_484\Debug\isr_Rx_Bottom.o
arm-none-eabi-gcc.exe -mcpu=cortex-m3 -mthumb -Wno-main -I. -I.\Generated_Source\PSoC5 -Wa,-alh=.\CortexM3\ARM_GCC_484\Debug/Rx_Bottom_Register.lst -g -D DEBUG -Wall -ffunction-sections -O0 -c .\Generated_Source\PSoC5\Rx_Bottom_Register.c -o .\CortexM3\ARM_GCC_484\Debug\Rx_Bottom_Register.o
arm-none-eabi-gcc.exe -mcpu=cortex-m3 -mthumb -Wno-main -I. -I.\Generated_Source\PSoC5 -Wa,-alh=.\CortexM3\ARM_GCC_484\Debug/Rx_Top_IntClock.lst -g -D DEBUG -Wall -ffunction-sections -O0 -c .\Generated_Source\PSoC5\Rx_Top_IntClock.c -o .\CortexM3\ARM_GCC_484\Debug\Rx_Top_IntClock.o
arm-none-eabi-gcc.exe -mcpu=cortex-m3 -mthumb -Wno-main -I. -I.\Generated_Source\PSoC5 -Wa,-alh=.\CortexM3\ARM_GCC_484\Debug/Rx_Bottom_IntClock.lst -g -D DEBUG -Wall -ffunction-sections -O0 -c .\Generated_Source\PSoC5\Rx_Bottom_IntClock.c -o .\CortexM3\ARM_GCC_484\Debug\Rx_Bottom_IntClock.o
arm-none-eabi-ar.exe -rs .\CortexM3\ARM_GCC_484\Debug\Boxes5.a .\CortexM3\ARM_GCC_484\Debug\cyfitter_cfg.o .\CortexM3\ARM_GCC_484\Debug\CyBootAsmGnu.o .\CortexM3\ARM_GCC_484\Debug\CyDmac.o .\CortexM3\ARM_GCC_484\Debug\CyFlash.o .\CortexM3\ARM_GCC_484\Debug\CyLib.o .\CortexM3\ARM_GCC_484\Debug\cyPm.o .\CortexM3\ARM_GCC_484\Debug\CySpc.o .\CortexM3\ARM_GCC_484\Debug\cyutils.o .\CortexM3\ARM_GCC_484\Debug\Tx.o .\CortexM3\ARM_GCC_484\Debug\Tx_PM.o .\CortexM3\ARM_GCC_484\Debug\Tx_INT.o .\CortexM3\ARM_GCC_484\Debug\Tx_BOOT.o .\CortexM3\ARM_GCC_484\Debug\Rx_Right.o .\CortexM3\ARM_GCC_484\Debug\Rx_Right_PM.o .\CortexM3\ARM_GCC_484\Debug\Rx_Right_INT.o .\CortexM3\ARM_GCC_484\Debug\Rx_Right_BOOT.o .\CortexM3\ARM_GCC_484\Debug\isr_Rx_Left.o .\CortexM3\ARM_GCC_484\Debug\Rx_Left_Pins.o .\CortexM3\ARM_GCC_484\Debug\Rx_Front.o .\CortexM3\ARM_GCC_484\Debug\Rx_Front_PM.o .\CortexM3\ARM_GCC_484\Debug\Rx_Front_INT.o .\CortexM3\ARM_GCC_484\Debug\Rx_Front_BOOT.o .\CortexM3\ARM_GCC_484\Debug\Rx_Left.o .\CortexM3\ARM_GCC_484\Debug\Rx_Left_PM.o .\CortexM3\ARM_GCC_484\Debug\Rx_Left_INT.o .\CortexM3\ARM_GCC_484\Debug\Rx_Left_BOOT.o .\CortexM3\ARM_GCC_484\Debug\isr_Rx_Back.o .\CortexM3\ARM_GCC_484\Debug\Rx_Back.o .\CortexM3\ARM_GCC_484\Debug\Rx_Back_PM.o .\CortexM3\ARM_GCC_484\Debug\Rx_Back_INT.o .\CortexM3\ARM_GCC_484\Debug\Rx_Back_BOOT.o .\CortexM3\ARM_GCC_484\Debug\isr_Rx_Front.o .\CortexM3\ARM_GCC_484\Debug\Rx_Back_Pins.o .\CortexM3\ARM_GCC_484\Debug\LCD.o .\CortexM3\ARM_GCC_484\Debug\LCD_PM.o .\CortexM3\ARM_GCC_484\Debug\Rx_Front_Pins.o .\CortexM3\ARM_GCC_484\Debug\Rx_Right_Pins.o .\CortexM3\ARM_GCC_484\Debug\isr_Rx_Right.o .\CortexM3\ARM_GCC_484\Debug\LED.o .\CortexM3\ARM_GCC_484\Debug\Button.o .\CortexM3\ARM_GCC_484\Debug\StartupLED.o .\CortexM3\ARM_GCC_484\Debug\Tx_IntClock.o .\CortexM3\ARM_GCC_484\Debug\Rx_Right_IntClock.o .\CortexM3\ARM_GCC_484\Debug\Rx_Front_IntClock.o .\CortexM3\ARM_GCC_484\Debug\Rx_Left_IntClock.o .\CortexM3\ARM_GCC_484\Debug\Rx_Back_IntClock.o .\CortexM3\ARM_GCC_484\Debug\LCD_LCDPort.o .\CortexM3\ARM_GCC_484\Debug\Rx_Front_Register.o .\CortexM3\ARM_GCC_484\Debug\Clock_1.o .\CortexM3\ARM_GCC_484\Debug\Rx_Back_Register.o .\CortexM3\ARM_GCC_484\Debug\Rx_Left_Register.o .\CortexM3\ARM_GCC_484\Debug\Rx_Right_Register.o .\CortexM3\ARM_GCC_484\Debug\Rx_Top.o .\CortexM3\ARM_GCC_484\Debug\Rx_Top_PM.o .\CortexM3\ARM_GCC_484\Debug\Rx_Top_INT.o .\CortexM3\ARM_GCC_484\Debug\Rx_Top_BOOT.o .\CortexM3\ARM_GCC_484\Debug\Rx_Top_Pins.o .\CortexM3\ARM_GCC_484\Debug\isr_Rx_Top.o .\CortexM3\ARM_GCC_484\Debug\Rx_Top_Register.o .\CortexM3\ARM_GCC_484\Debug\Rx_Bottom.o .\CortexM3\ARM_GCC_484\Debug\Rx_Bottom_PM.o .\CortexM3\ARM_GCC_484\Debug\Rx_Bottom_INT.o .\CortexM3\ARM_GCC_484\Debug\Rx_Bottom_BOOT.o .\CortexM3\ARM_GCC_484\Debug\Rx_Bottom_Pins.o .\CortexM3\ARM_GCC_484\Debug\isr_Rx_Bottom.o .\CortexM3\ARM_GCC_484\Debug\Rx_Bottom_Register.o .\CortexM3\ARM_GCC_484\Debug\Rx_Top_IntClock.o .\CortexM3\ARM_GCC_484\Debug\Rx_Bottom_IntClock.o
arm-none-eabi-ar.exe: creating .\CortexM3\ARM_GCC_484\Debug\Boxes5.a
arm-none-eabi-gcc.exe -Wl,--start-group -o .\CortexM3\ARM_GCC_484\Debug\Boxes5.elf .\CortexM3\ARM_GCC_484\Debug\main.o .\CortexM3\ARM_GCC_484\Debug\cymetadata.o .\CortexM3\ARM_GCC_484\Debug\Cm3Start.o .\CortexM3\ARM_GCC_484\Debug\Boxes5.a "C:\Program Files (x86)\Cypress\PSoC Creator\3.1\PSoC Creator\psoc\content\cycomponentlibrary\CyComponentLibrary.cylib\CortexM3\ARM_GCC_484\Debug\CyComponentLibrary.a" -mthumb -march=armv7-m -mfix-cortex-m3-ldrd -Wl,-Map,.\CortexM3\ARM_GCC_484\Debug/Boxes5.map -T .\Generated_Source\PSoC5\cm3gcc.ld -g -specs=nano.specs "-u _printf_float" "" -Wl,--gc-sections -Wl,--end-group
cyelftool.exe -C "C:\Users\Matthew Arbesfeld\Documents\PSoC Creator\BoxesUART\Boxes5.cydsn\CortexM3\ARM_GCC_484\Debug\Boxes5.elf" --flash_size 262144 --flash_row_size 256
cyelftool.exe -S "C:\Users\Matthew Arbesfeld\Documents\PSoC Creator\BoxesUART\Boxes5.cydsn\CortexM3\ARM_GCC_484\Debug\Boxes5.elf"
Flash used: 6934 of 262144 bytes (2.6 %).
SRAM used: 2501 of 65536 bytes (3.8 %). Stack: 2048 bytes. Heap: 128 bytes.
--------------- Build Succeeded: 04/25/2015 23:27:05 ---------------
