ARM GAS  C:\Users\MATTHE~1\AppData\Local\Temp\cc2zijkS.s 			page 1


   1              		.syntax unified
   2              		.cpu cortex-m3
   3              		.fpu softvfp
   4              		.eabi_attribute 20, 1
   5              		.eabi_attribute 21, 1
   6              		.eabi_attribute 23, 3
   7              		.eabi_attribute 24, 1
   8              		.eabi_attribute 25, 1
   9              		.eabi_attribute 26, 1
  10              		.eabi_attribute 30, 6
  11              		.eabi_attribute 34, 1
  12              		.eabi_attribute 18, 4
  13              		.thumb
  14              		.file	"main.c"
  15              		.text
  16              	.Ltext0:
  17              		.cfi_sections	.debug_frame
  18              		.section	.rodata
  19              		.align	2
  20              	.LC0:
  21 0000 53696465 		.ascii	"Side: \000"
  21      3A2000
  22 0007 00       		.align	2
  23              	.LC1:
  24 0008 4F726965 		.ascii	"Orient: \000"
  24      6E743A20 
  24      00
  25 0011 000000   		.section	.text.DisplayChar,"ax",%progbits
  26              		.align	2
  27              		.global	DisplayChar
  28              		.thumb
  29              		.thumb_func
  30              		.type	DisplayChar, %function
  31              	DisplayChar:
  32              	.LFB56:
  33              		.file 1 ".\\main.c"
   1:.\main.c      **** /* ========================================
   2:.\main.c      ****  *
   3:.\main.c      ****  * Copyright YOUR COMPANY, THE YEAR
   4:.\main.c      ****  * All Rights Reserved
   5:.\main.c      ****  * UNPUBLISHED, LICENSED SOFTWARE.
   6:.\main.c      ****  *
   7:.\main.c      ****  * CONFIDENTIAL AND PROPRIETARY INFORMATION
   8:.\main.c      ****  * WHICH IS THE PROPERTY OF your company.
   9:.\main.c      ****  *
  10:.\main.c      ****  * ========================================
  11:.\main.c      **** */
  12:.\main.c      **** #include <project.h>
  13:.\main.c      **** 
  14:.\main.c      **** typedef enum {SIDE_LEFT, SIDE_RIGHT, SIDE_BACK, SIDE_FRONT, SIDE_TOP, SIDE_BOTTOM} Side;
  15:.\main.c      **** typedef enum {ORIENT_N, ORIENT_E, ORIENT_S, ORIENT_W, ORIENT_UNKNOWN} Orientation;
  16:.\main.c      **** 
  17:.\main.c      **** void DisplayChar(Side side, Orientation orientation) {
  34              		.loc 1 17 0
  35              		.cfi_startproc
  36              		@ args = 0, pretend = 0, frame = 8
  37              		@ frame_needed = 1, uses_anonymous_args = 0
ARM GAS  C:\Users\MATTHE~1\AppData\Local\Temp\cc2zijkS.s 			page 2


  38 0000 80B5     		push	{r7, lr}
  39              		.cfi_def_cfa_offset 8
  40              		.cfi_offset 7, -8
  41              		.cfi_offset 14, -4
  42 0002 82B0     		sub	sp, sp, #8
  43              		.cfi_def_cfa_offset 16
  44 0004 00AF     		add	r7, sp, #0
  45              		.cfi_def_cfa_register 7
  46 0006 0246     		mov	r2, r0
  47 0008 0B46     		mov	r3, r1
  48 000a FA71     		strb	r2, [r7, #7]
  49 000c BB71     		strb	r3, [r7, #6]
  18:.\main.c      ****     LCD_ClearDisplay();
  50              		.loc 1 18 0
  51 000e 0120     		movs	r0, #1
  52 0010 FFF7FEFF 		bl	LCD_WriteControl
  19:.\main.c      ****     LCD_PrintString("Side: ");
  53              		.loc 1 19 0
  54 0014 0A48     		ldr	r0, .L2
  55 0016 FFF7FEFF 		bl	LCD_PrintString
  20:.\main.c      ****     LCD_PrintInt8(side);
  56              		.loc 1 20 0
  57 001a FB79     		ldrb	r3, [r7, #7]	@ zero_extendqisi2
  58 001c 1846     		mov	r0, r3
  59 001e FFF7FEFF 		bl	LCD_PrintInt8
  21:.\main.c      ****     LCD_Position(1, 0);
  60              		.loc 1 21 0
  61 0022 0120     		movs	r0, #1
  62 0024 0021     		movs	r1, #0
  63 0026 FFF7FEFF 		bl	LCD_Position
  22:.\main.c      ****     LCD_PrintString("Orient: ");
  64              		.loc 1 22 0
  65 002a 0648     		ldr	r0, .L2+4
  66 002c FFF7FEFF 		bl	LCD_PrintString
  23:.\main.c      ****     LCD_PrintInt8(orientation);
  67              		.loc 1 23 0
  68 0030 BB79     		ldrb	r3, [r7, #6]	@ zero_extendqisi2
  69 0032 1846     		mov	r0, r3
  70 0034 FFF7FEFF 		bl	LCD_PrintInt8
  24:.\main.c      **** };
  71              		.loc 1 24 0
  72 0038 0837     		adds	r7, r7, #8
  73 003a BD46     		mov	sp, r7
  74              		@ sp needed
  75 003c 80BD     		pop	{r7, pc}
  76              	.L3:
  77 003e 00BF     		.align	2
  78              	.L2:
  79 0040 00000000 		.word	.LC0
  80 0044 08000000 		.word	.LC1
  81              		.cfi_endproc
  82              	.LFE56:
  83              		.size	DisplayChar, .-DisplayChar
  84              		.section	.text.OrientationFromReg,"ax",%progbits
  85              		.align	2
  86              		.global	OrientationFromReg
  87              		.thumb
ARM GAS  C:\Users\MATTHE~1\AppData\Local\Temp\cc2zijkS.s 			page 3


  88              		.thumb_func
  89              		.type	OrientationFromReg, %function
  90              	OrientationFromReg:
  91              	.LFB57:
  25:.\main.c      **** 
  26:.\main.c      **** Orientation OrientationFromReg(uint8 orientation) {
  92              		.loc 1 26 0
  93              		.cfi_startproc
  94              		@ args = 0, pretend = 0, frame = 8
  95              		@ frame_needed = 1, uses_anonymous_args = 0
  96              		@ link register save eliminated.
  97 0000 80B4     		push	{r7}
  98              		.cfi_def_cfa_offset 4
  99              		.cfi_offset 7, -4
 100 0002 83B0     		sub	sp, sp, #12
 101              		.cfi_def_cfa_offset 16
 102 0004 00AF     		add	r7, sp, #0
 103              		.cfi_def_cfa_register 7
 104 0006 0346     		mov	r3, r0
 105 0008 FB71     		strb	r3, [r7, #7]
  27:.\main.c      ****     switch (orientation) {
 106              		.loc 1 27 0
 107 000a FB79     		ldrb	r3, [r7, #7]	@ zero_extendqisi2
 108 000c 013B     		subs	r3, r3, #1
 109 000e 072B     		cmp	r3, #7
 110 0010 1AD8     		bhi	.L5
 111 0012 01A2     		adr	r2, .L7
 112 0014 52F823F0 		ldr	pc, [r2, r3, lsl #2]
 113              		.p2align 2
 114              	.L7:
 115 0018 39000000 		.word	.L6+1
 116 001c 3D000000 		.word	.L8+1
 117 0020 49000000 		.word	.L5+1
 118 0024 41000000 		.word	.L9+1
 119 0028 49000000 		.word	.L5+1
 120 002c 49000000 		.word	.L5+1
 121 0030 49000000 		.word	.L5+1
 122 0034 45000000 		.word	.L10+1
 123              		.p2align 1
 124              	.L6:
  28:.\main.c      ****         case 1:
  29:.\main.c      ****             return ORIENT_N;
 125              		.loc 1 29 0
 126 0038 0023     		movs	r3, #0
 127 003a 06E0     		b	.L11
 128              	.L8:
  30:.\main.c      ****         case 2:
  31:.\main.c      ****             return ORIENT_E;
 129              		.loc 1 31 0
 130 003c 0123     		movs	r3, #1
 131 003e 04E0     		b	.L11
 132              	.L9:
  32:.\main.c      ****         case 4:
  33:.\main.c      ****             return ORIENT_S;
 133              		.loc 1 33 0
 134 0040 0223     		movs	r3, #2
 135 0042 02E0     		b	.L11
ARM GAS  C:\Users\MATTHE~1\AppData\Local\Temp\cc2zijkS.s 			page 4


 136              	.L10:
  34:.\main.c      ****         case 8:
  35:.\main.c      ****             return ORIENT_W;
 137              		.loc 1 35 0
 138 0044 0323     		movs	r3, #3
 139 0046 00E0     		b	.L11
 140              	.L5:
  36:.\main.c      ****     }
  37:.\main.c      ****     
  38:.\main.c      ****     return ORIENT_UNKNOWN;
 141              		.loc 1 38 0
 142 0048 0423     		movs	r3, #4
 143              	.L11:
  39:.\main.c      ****         
  40:.\main.c      **** }
 144              		.loc 1 40 0
 145 004a 1846     		mov	r0, r3
 146 004c 0C37     		adds	r7, r7, #12
 147 004e BD46     		mov	sp, r7
 148              		@ sp needed
 149 0050 5DF8047B 		ldr	r7, [sp], #4
 150 0054 7047     		bx	lr
 151              		.cfi_endproc
 152              	.LFE57:
 153              		.size	OrientationFromReg, .-OrientationFromReg
 154 0056 00BF     		.section	.text.ProcessChar,"ax",%progbits
 155              		.align	2
 156              		.global	ProcessChar
 157              		.thumb
 158              		.thumb_func
 159              		.type	ProcessChar, %function
 160              	ProcessChar:
 161              	.LFB58:
  41:.\main.c      **** void ProcessChar(char c, Side side, Orientation orientation) {
 162              		.loc 1 41 0
 163              		.cfi_startproc
 164              		@ args = 0, pretend = 0, frame = 8
 165              		@ frame_needed = 1, uses_anonymous_args = 0
 166 0000 80B5     		push	{r7, lr}
 167              		.cfi_def_cfa_offset 8
 168              		.cfi_offset 7, -8
 169              		.cfi_offset 14, -4
 170 0002 82B0     		sub	sp, sp, #8
 171              		.cfi_def_cfa_offset 16
 172 0004 00AF     		add	r7, sp, #0
 173              		.cfi_def_cfa_register 7
 174 0006 1346     		mov	r3, r2
 175 0008 0246     		mov	r2, r0
 176 000a FA71     		strb	r2, [r7, #7]
 177 000c 0A46     		mov	r2, r1
 178 000e BA71     		strb	r2, [r7, #6]
 179 0010 7B71     		strb	r3, [r7, #5]
  42:.\main.c      ****     if (c == '1') {
 180              		.loc 1 42 0
 181 0012 FB79     		ldrb	r3, [r7, #7]	@ zero_extendqisi2
 182 0014 312B     		cmp	r3, #49
 183 0016 03D1     		bne	.L13
ARM GAS  C:\Users\MATTHE~1\AppData\Local\Temp\cc2zijkS.s 			page 5


  43:.\main.c      ****         LED_Write(1);   
 184              		.loc 1 43 0
 185 0018 0120     		movs	r0, #1
 186 001a FFF7FEFF 		bl	LED_Write
 187 001e 02E0     		b	.L15
 188              	.L13:
  44:.\main.c      ****     } else {
  45:.\main.c      ****         LED_Write(0);
 189              		.loc 1 45 0
 190 0020 0020     		movs	r0, #0
 191 0022 FFF7FEFF 		bl	LED_Write
 192              	.L15:
  46:.\main.c      ****     }
  47:.\main.c      ****     
  48:.\main.c      ****     if (orientation == ORIENT_UNKNOWN) {
  49:.\main.c      ****         // TODO: handle this??    
  50:.\main.c      ****     }
  51:.\main.c      ****     
  52:.\main.c      ****     DisplayChar(side, orientation);
 193              		.loc 1 52 0
 194 0026 BA79     		ldrb	r2, [r7, #6]	@ zero_extendqisi2
 195 0028 7B79     		ldrb	r3, [r7, #5]	@ zero_extendqisi2
 196 002a 1046     		mov	r0, r2
 197 002c 1946     		mov	r1, r3
 198 002e FFF7FEFF 		bl	DisplayChar
  53:.\main.c      **** };
 199              		.loc 1 53 0
 200 0032 0837     		adds	r7, r7, #8
 201 0034 BD46     		mov	sp, r7
 202              		@ sp needed
 203 0036 80BD     		pop	{r7, pc}
 204              		.cfi_endproc
 205              	.LFE58:
 206              		.size	ProcessChar, .-ProcessChar
 207              		.section	.text.isr_Rx_Left_Int,"ax",%progbits
 208              		.align	2
 209              		.global	isr_Rx_Left_Int
 210              		.thumb
 211              		.thumb_func
 212              		.type	isr_Rx_Left_Int, %function
 213              	isr_Rx_Left_Int:
 214              	.LFB59:
  54:.\main.c      **** 
  55:.\main.c      **** CY_ISR_PROTO(isr_Rx_Left_Int);
  56:.\main.c      **** CY_ISR(isr_Rx_Left_Int) {
 215              		.loc 1 56 0
 216              		.cfi_startproc
 217              		@ args = 0, pretend = 0, frame = 0
 218              		@ frame_needed = 1, uses_anonymous_args = 0
 219 0000 98B5     		push	{r3, r4, r7, lr}
 220              		.cfi_def_cfa_offset 16
 221              		.cfi_offset 3, -16
 222              		.cfi_offset 4, -12
 223              		.cfi_offset 7, -8
 224              		.cfi_offset 14, -4
 225 0002 00AF     		add	r7, sp, #0
 226              		.cfi_def_cfa_register 7
ARM GAS  C:\Users\MATTHE~1\AppData\Local\Temp\cc2zijkS.s 			page 6


  57:.\main.c      ****     while (Rx_Left_GetRxBufferSize()) {
 227              		.loc 1 57 0
 228 0004 0FE0     		b	.L17
 229              	.L18:
  58:.\main.c      ****         ProcessChar(Rx_Left_GetChar(), SIDE_LEFT, OrientationFromReg(Rx_Left_Register_Read()));
 230              		.loc 1 58 0
 231 0006 FFF7FEFF 		bl	Rx_Left_GetChar
 232 000a 0346     		mov	r3, r0
 233 000c 1C46     		mov	r4, r3
 234 000e FFF7FEFF 		bl	Rx_Left_Register_Read
 235 0012 0346     		mov	r3, r0
 236 0014 1846     		mov	r0, r3
 237 0016 FFF7FEFF 		bl	OrientationFromReg
 238 001a 0346     		mov	r3, r0
 239 001c 2046     		mov	r0, r4
 240 001e 0021     		movs	r1, #0
 241 0020 1A46     		mov	r2, r3
 242 0022 FFF7FEFF 		bl	ProcessChar
 243              	.L17:
  57:.\main.c      ****     while (Rx_Left_GetRxBufferSize()) {
 244              		.loc 1 57 0 discriminator 1
 245 0026 FFF7FEFF 		bl	Rx_Left_GetRxBufferSize
 246 002a 0346     		mov	r3, r0
 247 002c 002B     		cmp	r3, #0
 248 002e EAD1     		bne	.L18
  59:.\main.c      ****     }
  60:.\main.c      **** }
 249              		.loc 1 60 0
 250 0030 98BD     		pop	{r3, r4, r7, pc}
 251              		.cfi_endproc
 252              	.LFE59:
 253              		.size	isr_Rx_Left_Int, .-isr_Rx_Left_Int
 254 0032 00BF     		.section	.text.isr_Rx_Right_Int,"ax",%progbits
 255              		.align	2
 256              		.global	isr_Rx_Right_Int
 257              		.thumb
 258              		.thumb_func
 259              		.type	isr_Rx_Right_Int, %function
 260              	isr_Rx_Right_Int:
 261              	.LFB60:
  61:.\main.c      **** 
  62:.\main.c      **** CY_ISR_PROTO(isr_Rx_Right_Int);
  63:.\main.c      **** CY_ISR(isr_Rx_Right_Int) {
 262              		.loc 1 63 0
 263              		.cfi_startproc
 264              		@ args = 0, pretend = 0, frame = 0
 265              		@ frame_needed = 1, uses_anonymous_args = 0
 266 0000 98B5     		push	{r3, r4, r7, lr}
 267              		.cfi_def_cfa_offset 16
 268              		.cfi_offset 3, -16
 269              		.cfi_offset 4, -12
 270              		.cfi_offset 7, -8
 271              		.cfi_offset 14, -4
 272 0002 00AF     		add	r7, sp, #0
 273              		.cfi_def_cfa_register 7
  64:.\main.c      ****     while (Rx_Right_GetRxBufferSize()) {
 274              		.loc 1 64 0
ARM GAS  C:\Users\MATTHE~1\AppData\Local\Temp\cc2zijkS.s 			page 7


 275 0004 0FE0     		b	.L20
 276              	.L21:
  65:.\main.c      ****         ProcessChar(Rx_Right_GetChar(), SIDE_RIGHT, OrientationFromReg(Rx_Right_Register_Read()));
 277              		.loc 1 65 0
 278 0006 FFF7FEFF 		bl	Rx_Right_GetChar
 279 000a 0346     		mov	r3, r0
 280 000c 1C46     		mov	r4, r3
 281 000e FFF7FEFF 		bl	Rx_Right_Register_Read
 282 0012 0346     		mov	r3, r0
 283 0014 1846     		mov	r0, r3
 284 0016 FFF7FEFF 		bl	OrientationFromReg
 285 001a 0346     		mov	r3, r0
 286 001c 2046     		mov	r0, r4
 287 001e 0121     		movs	r1, #1
 288 0020 1A46     		mov	r2, r3
 289 0022 FFF7FEFF 		bl	ProcessChar
 290              	.L20:
  64:.\main.c      ****     while (Rx_Right_GetRxBufferSize()) {
 291              		.loc 1 64 0 discriminator 1
 292 0026 FFF7FEFF 		bl	Rx_Right_GetRxBufferSize
 293 002a 0346     		mov	r3, r0
 294 002c 002B     		cmp	r3, #0
 295 002e EAD1     		bne	.L21
  66:.\main.c      ****     }
  67:.\main.c      **** }
 296              		.loc 1 67 0
 297 0030 98BD     		pop	{r3, r4, r7, pc}
 298              		.cfi_endproc
 299              	.LFE60:
 300              		.size	isr_Rx_Right_Int, .-isr_Rx_Right_Int
 301 0032 00BF     		.section	.text.isr_Rx_Front_Int,"ax",%progbits
 302              		.align	2
 303              		.global	isr_Rx_Front_Int
 304              		.thumb
 305              		.thumb_func
 306              		.type	isr_Rx_Front_Int, %function
 307              	isr_Rx_Front_Int:
 308              	.LFB61:
  68:.\main.c      **** 
  69:.\main.c      **** CY_ISR_PROTO(isr_Rx_Front_Int);
  70:.\main.c      **** CY_ISR(isr_Rx_Front_Int) {
 309              		.loc 1 70 0
 310              		.cfi_startproc
 311              		@ args = 0, pretend = 0, frame = 0
 312              		@ frame_needed = 1, uses_anonymous_args = 0
 313 0000 98B5     		push	{r3, r4, r7, lr}
 314              		.cfi_def_cfa_offset 16
 315              		.cfi_offset 3, -16
 316              		.cfi_offset 4, -12
 317              		.cfi_offset 7, -8
 318              		.cfi_offset 14, -4
 319 0002 00AF     		add	r7, sp, #0
 320              		.cfi_def_cfa_register 7
  71:.\main.c      ****     while (Rx_Front_GetRxBufferSize()) {
 321              		.loc 1 71 0
 322 0004 0FE0     		b	.L23
 323              	.L24:
ARM GAS  C:\Users\MATTHE~1\AppData\Local\Temp\cc2zijkS.s 			page 8


  72:.\main.c      ****         ProcessChar(Rx_Front_GetChar(), SIDE_FRONT, OrientationFromReg(Rx_Front_Register_Read()));
 324              		.loc 1 72 0
 325 0006 FFF7FEFF 		bl	Rx_Front_GetChar
 326 000a 0346     		mov	r3, r0
 327 000c 1C46     		mov	r4, r3
 328 000e FFF7FEFF 		bl	Rx_Front_Register_Read
 329 0012 0346     		mov	r3, r0
 330 0014 1846     		mov	r0, r3
 331 0016 FFF7FEFF 		bl	OrientationFromReg
 332 001a 0346     		mov	r3, r0
 333 001c 2046     		mov	r0, r4
 334 001e 0321     		movs	r1, #3
 335 0020 1A46     		mov	r2, r3
 336 0022 FFF7FEFF 		bl	ProcessChar
 337              	.L23:
  71:.\main.c      ****     while (Rx_Front_GetRxBufferSize()) {
 338              		.loc 1 71 0 discriminator 1
 339 0026 FFF7FEFF 		bl	Rx_Front_GetRxBufferSize
 340 002a 0346     		mov	r3, r0
 341 002c 002B     		cmp	r3, #0
 342 002e EAD1     		bne	.L24
  73:.\main.c      ****     }
  74:.\main.c      **** }
 343              		.loc 1 74 0
 344 0030 98BD     		pop	{r3, r4, r7, pc}
 345              		.cfi_endproc
 346              	.LFE61:
 347              		.size	isr_Rx_Front_Int, .-isr_Rx_Front_Int
 348 0032 00BF     		.section	.text.isr_Rx_Back_Int,"ax",%progbits
 349              		.align	2
 350              		.global	isr_Rx_Back_Int
 351              		.thumb
 352              		.thumb_func
 353              		.type	isr_Rx_Back_Int, %function
 354              	isr_Rx_Back_Int:
 355              	.LFB62:
  75:.\main.c      **** 
  76:.\main.c      **** CY_ISR_PROTO(isr_Rx_Back_Int);
  77:.\main.c      **** CY_ISR(isr_Rx_Back_Int) {
 356              		.loc 1 77 0
 357              		.cfi_startproc
 358              		@ args = 0, pretend = 0, frame = 0
 359              		@ frame_needed = 1, uses_anonymous_args = 0
 360 0000 98B5     		push	{r3, r4, r7, lr}
 361              		.cfi_def_cfa_offset 16
 362              		.cfi_offset 3, -16
 363              		.cfi_offset 4, -12
 364              		.cfi_offset 7, -8
 365              		.cfi_offset 14, -4
 366 0002 00AF     		add	r7, sp, #0
 367              		.cfi_def_cfa_register 7
  78:.\main.c      ****     while (Rx_Back_GetRxBufferSize()) {
 368              		.loc 1 78 0
 369 0004 0FE0     		b	.L26
 370              	.L27:
  79:.\main.c      ****         ProcessChar(Rx_Back_GetChar(), SIDE_BACK, OrientationFromReg(Rx_Back_Register_Read()));
 371              		.loc 1 79 0
ARM GAS  C:\Users\MATTHE~1\AppData\Local\Temp\cc2zijkS.s 			page 9


 372 0006 FFF7FEFF 		bl	Rx_Back_GetChar
 373 000a 0346     		mov	r3, r0
 374 000c 1C46     		mov	r4, r3
 375 000e FFF7FEFF 		bl	Rx_Back_Register_Read
 376 0012 0346     		mov	r3, r0
 377 0014 1846     		mov	r0, r3
 378 0016 FFF7FEFF 		bl	OrientationFromReg
 379 001a 0346     		mov	r3, r0
 380 001c 2046     		mov	r0, r4
 381 001e 0221     		movs	r1, #2
 382 0020 1A46     		mov	r2, r3
 383 0022 FFF7FEFF 		bl	ProcessChar
 384              	.L26:
  78:.\main.c      ****     while (Rx_Back_GetRxBufferSize()) {
 385              		.loc 1 78 0 discriminator 1
 386 0026 FFF7FEFF 		bl	Rx_Back_GetRxBufferSize
 387 002a 0346     		mov	r3, r0
 388 002c 002B     		cmp	r3, #0
 389 002e EAD1     		bne	.L27
  80:.\main.c      ****     }
  81:.\main.c      **** }
 390              		.loc 1 81 0
 391 0030 98BD     		pop	{r3, r4, r7, pc}
 392              		.cfi_endproc
 393              	.LFE62:
 394              		.size	isr_Rx_Back_Int, .-isr_Rx_Back_Int
 395 0032 00BF     		.section	.text.isr_Rx_Top_Int,"ax",%progbits
 396              		.align	2
 397              		.global	isr_Rx_Top_Int
 398              		.thumb
 399              		.thumb_func
 400              		.type	isr_Rx_Top_Int, %function
 401              	isr_Rx_Top_Int:
 402              	.LFB63:
  82:.\main.c      **** 
  83:.\main.c      **** CY_ISR_PROTO(isr_Rx_Top_Int);
  84:.\main.c      **** CY_ISR(isr_Rx_Top_Int) {
 403              		.loc 1 84 0
 404              		.cfi_startproc
 405              		@ args = 0, pretend = 0, frame = 0
 406              		@ frame_needed = 1, uses_anonymous_args = 0
 407 0000 98B5     		push	{r3, r4, r7, lr}
 408              		.cfi_def_cfa_offset 16
 409              		.cfi_offset 3, -16
 410              		.cfi_offset 4, -12
 411              		.cfi_offset 7, -8
 412              		.cfi_offset 14, -4
 413 0002 00AF     		add	r7, sp, #0
 414              		.cfi_def_cfa_register 7
  85:.\main.c      ****     while (Rx_Top_GetRxBufferSize()) {
 415              		.loc 1 85 0
 416 0004 0FE0     		b	.L29
 417              	.L30:
  86:.\main.c      ****         ProcessChar(Rx_Top_GetChar(), SIDE_TOP, OrientationFromReg(Rx_Top_Register_Read()));
 418              		.loc 1 86 0
 419 0006 FFF7FEFF 		bl	Rx_Top_GetChar
 420 000a 0346     		mov	r3, r0
ARM GAS  C:\Users\MATTHE~1\AppData\Local\Temp\cc2zijkS.s 			page 10


 421 000c 1C46     		mov	r4, r3
 422 000e FFF7FEFF 		bl	Rx_Top_Register_Read
 423 0012 0346     		mov	r3, r0
 424 0014 1846     		mov	r0, r3
 425 0016 FFF7FEFF 		bl	OrientationFromReg
 426 001a 0346     		mov	r3, r0
 427 001c 2046     		mov	r0, r4
 428 001e 0421     		movs	r1, #4
 429 0020 1A46     		mov	r2, r3
 430 0022 FFF7FEFF 		bl	ProcessChar
 431              	.L29:
  85:.\main.c      ****     while (Rx_Top_GetRxBufferSize()) {
 432              		.loc 1 85 0 discriminator 1
 433 0026 FFF7FEFF 		bl	Rx_Top_GetRxBufferSize
 434 002a 0346     		mov	r3, r0
 435 002c 002B     		cmp	r3, #0
 436 002e EAD1     		bne	.L30
  87:.\main.c      ****     }
  88:.\main.c      **** }
 437              		.loc 1 88 0
 438 0030 98BD     		pop	{r3, r4, r7, pc}
 439              		.cfi_endproc
 440              	.LFE63:
 441              		.size	isr_Rx_Top_Int, .-isr_Rx_Top_Int
 442 0032 00BF     		.section	.text.isr_Rx_Bottom_Int,"ax",%progbits
 443              		.align	2
 444              		.global	isr_Rx_Bottom_Int
 445              		.thumb
 446              		.thumb_func
 447              		.type	isr_Rx_Bottom_Int, %function
 448              	isr_Rx_Bottom_Int:
 449              	.LFB64:
  89:.\main.c      **** 
  90:.\main.c      **** CY_ISR_PROTO(isr_Rx_Bottom_Int);
  91:.\main.c      **** CY_ISR(isr_Rx_Bottom_Int) {
 450              		.loc 1 91 0
 451              		.cfi_startproc
 452              		@ args = 0, pretend = 0, frame = 0
 453              		@ frame_needed = 1, uses_anonymous_args = 0
 454 0000 98B5     		push	{r3, r4, r7, lr}
 455              		.cfi_def_cfa_offset 16
 456              		.cfi_offset 3, -16
 457              		.cfi_offset 4, -12
 458              		.cfi_offset 7, -8
 459              		.cfi_offset 14, -4
 460 0002 00AF     		add	r7, sp, #0
 461              		.cfi_def_cfa_register 7
  92:.\main.c      ****     while (Rx_Bottom_GetRxBufferSize()) {
 462              		.loc 1 92 0
 463 0004 0FE0     		b	.L32
 464              	.L33:
  93:.\main.c      ****         ProcessChar(Rx_Bottom_GetChar(), SIDE_BOTTOM, OrientationFromReg(Rx_Bottom_Register_Read())
 465              		.loc 1 93 0
 466 0006 FFF7FEFF 		bl	Rx_Bottom_GetChar
 467 000a 0346     		mov	r3, r0
 468 000c 1C46     		mov	r4, r3
 469 000e FFF7FEFF 		bl	Rx_Bottom_Register_Read
ARM GAS  C:\Users\MATTHE~1\AppData\Local\Temp\cc2zijkS.s 			page 11


 470 0012 0346     		mov	r3, r0
 471 0014 1846     		mov	r0, r3
 472 0016 FFF7FEFF 		bl	OrientationFromReg
 473 001a 0346     		mov	r3, r0
 474 001c 2046     		mov	r0, r4
 475 001e 0521     		movs	r1, #5
 476 0020 1A46     		mov	r2, r3
 477 0022 FFF7FEFF 		bl	ProcessChar
 478              	.L32:
  92:.\main.c      ****     while (Rx_Bottom_GetRxBufferSize()) {
 479              		.loc 1 92 0 discriminator 1
 480 0026 FFF7FEFF 		bl	Rx_Bottom_GetRxBufferSize
 481 002a 0346     		mov	r3, r0
 482 002c 002B     		cmp	r3, #0
 483 002e EAD1     		bne	.L33
  94:.\main.c      ****     }
  95:.\main.c      **** }
 484              		.loc 1 95 0
 485 0030 98BD     		pop	{r3, r4, r7, pc}
 486              		.cfi_endproc
 487              	.LFE64:
 488              		.size	isr_Rx_Bottom_Int, .-isr_Rx_Bottom_Int
 489 0032 00BF     		.section	.text.main,"ax",%progbits
 490              		.align	2
 491              		.global	main
 492              		.thumb
 493              		.thumb_func
 494              		.type	main, %function
 495              	main:
 496              	.LFB65:
  96:.\main.c      **** 
  97:.\main.c      **** int main()
  98:.\main.c      **** {
 497              		.loc 1 98 0
 498              		.cfi_startproc
 499              		@ args = 0, pretend = 0, frame = 8
 500              		@ frame_needed = 1, uses_anonymous_args = 0
 501 0000 80B5     		push	{r7, lr}
 502              		.cfi_def_cfa_offset 8
 503              		.cfi_offset 7, -8
 504              		.cfi_offset 14, -4
 505 0002 82B0     		sub	sp, sp, #8
 506              		.cfi_def_cfa_offset 16
 507 0004 00AF     		add	r7, sp, #0
 508              		.cfi_def_cfa_register 7
  99:.\main.c      ****     StartupLED_Write(1);
 509              		.loc 1 99 0
 510 0006 0120     		movs	r0, #1
 511 0008 FFF7FEFF 		bl	StartupLED_Write
 100:.\main.c      ****     CyDelay(500);
 512              		.loc 1 100 0
 513 000c 4FF4FA70 		mov	r0, #500
 514 0010 FFF7FEFF 		bl	CyDelay
 101:.\main.c      ****     StartupLED_Write(0);
 515              		.loc 1 101 0
 516 0014 0020     		movs	r0, #0
 517 0016 FFF7FEFF 		bl	StartupLED_Write
ARM GAS  C:\Users\MATTHE~1\AppData\Local\Temp\cc2zijkS.s 			page 12


 102:.\main.c      ****     CyDelay(500);
 518              		.loc 1 102 0
 519 001a 4FF4FA70 		mov	r0, #500
 520 001e FFF7FEFF 		bl	CyDelay
 103:.\main.c      ****     StartupLED_Write(1);
 521              		.loc 1 103 0
 522 0022 0120     		movs	r0, #1
 523 0024 FFF7FEFF 		bl	StartupLED_Write
 104:.\main.c      ****     CyDelay(500);
 524              		.loc 1 104 0
 525 0028 4FF4FA70 		mov	r0, #500
 526 002c FFF7FEFF 		bl	CyDelay
 105:.\main.c      ****     StartupLED_Write(0);
 527              		.loc 1 105 0
 528 0030 0020     		movs	r0, #0
 529 0032 FFF7FEFF 		bl	StartupLED_Write
 106:.\main.c      ****     
 107:.\main.c      ****     Rx_Front_Start();
 530              		.loc 1 107 0
 531 0036 FFF7FEFF 		bl	Rx_Front_Start
 108:.\main.c      ****     Rx_Left_Start();
 532              		.loc 1 108 0
 533 003a FFF7FEFF 		bl	Rx_Left_Start
 109:.\main.c      ****     Rx_Back_Start();
 534              		.loc 1 109 0
 535 003e FFF7FEFF 		bl	Rx_Back_Start
 110:.\main.c      ****     Rx_Right_Start();
 536              		.loc 1 110 0
 537 0042 FFF7FEFF 		bl	Rx_Right_Start
 111:.\main.c      ****     Rx_Top_Start();
 538              		.loc 1 111 0
 539 0046 FFF7FEFF 		bl	Rx_Top_Start
 112:.\main.c      ****     Rx_Bottom_Start();
 540              		.loc 1 112 0
 541 004a FFF7FEFF 		bl	Rx_Bottom_Start
 113:.\main.c      ****     
 114:.\main.c      ****     isr_Rx_Front_StartEx(isr_Rx_Front_Int);
 542              		.loc 1 114 0
 543 004e 1748     		ldr	r0, .L39
 544 0050 FFF7FEFF 		bl	isr_Rx_Front_StartEx
 115:.\main.c      ****     isr_Rx_Back_StartEx(isr_Rx_Back_Int);
 545              		.loc 1 115 0
 546 0054 1648     		ldr	r0, .L39+4
 547 0056 FFF7FEFF 		bl	isr_Rx_Back_StartEx
 116:.\main.c      ****     isr_Rx_Left_StartEx(isr_Rx_Left_Int);
 548              		.loc 1 116 0
 549 005a 1648     		ldr	r0, .L39+8
 550 005c FFF7FEFF 		bl	isr_Rx_Left_StartEx
 117:.\main.c      ****     isr_Rx_Right_StartEx(isr_Rx_Right_Int);
 551              		.loc 1 117 0
 552 0060 1548     		ldr	r0, .L39+12
 553 0062 FFF7FEFF 		bl	isr_Rx_Right_StartEx
 118:.\main.c      ****     isr_Rx_Top_StartEx(isr_Rx_Top_Int);
 554              		.loc 1 118 0
 555 0066 1548     		ldr	r0, .L39+16
 556 0068 FFF7FEFF 		bl	isr_Rx_Top_StartEx
 119:.\main.c      ****     isr_Rx_Bottom_StartEx(isr_Rx_Bottom_Int);
ARM GAS  C:\Users\MATTHE~1\AppData\Local\Temp\cc2zijkS.s 			page 13


 557              		.loc 1 119 0
 558 006c 1448     		ldr	r0, .L39+20
 559 006e FFF7FEFF 		bl	isr_Rx_Bottom_StartEx
 120:.\main.c      ****     
 121:.\main.c      ****     LCD_Start();
 560              		.loc 1 121 0
 561 0072 FFF7FEFF 		bl	LCD_Start
 122:.\main.c      **** 	LCD_ClearDisplay();
 562              		.loc 1 122 0
 563 0076 0120     		movs	r0, #1
 564 0078 FFF7FEFF 		bl	LCD_WriteControl
 123:.\main.c      ****     
 124:.\main.c      ****     CyGlobalIntEnable;
 565              		.loc 1 124 0
 566              	@ 124 ".\main.c" 1
 567 007c 62B6     		CPSIE   i
 568              	@ 0 "" 2
 125:.\main.c      ****     
 126:.\main.c      ****     uint8 prev = -1;
 569              		.loc 1 126 0
 570              		.thumb
 571 007e FF23     		movs	r3, #255
 572 0080 FB71     		strb	r3, [r7, #7]
 573              	.L38:
 574              	.LBB2:
 127:.\main.c      ****     for(;;) {
 128:.\main.c      ****         uint8 pos = Button_Read();
 575              		.loc 1 128 0
 576 0082 FFF7FEFF 		bl	Button_Read
 577 0086 0346     		mov	r3, r0
 578 0088 BB71     		strb	r3, [r7, #6]
 129:.\main.c      ****         if (pos != prev) {
 579              		.loc 1 129 0
 580 008a BA79     		ldrb	r2, [r7, #6]	@ zero_extendqisi2
 581 008c FB79     		ldrb	r3, [r7, #7]	@ zero_extendqisi2
 582 008e 9A42     		cmp	r2, r3
 583 0090 0BD0     		beq	.L35
 130:.\main.c      ****             Tx_PutChar(pos ? '1' : '0');
 584              		.loc 1 130 0
 585 0092 BB79     		ldrb	r3, [r7, #6]	@ zero_extendqisi2
 586 0094 002B     		cmp	r3, #0
 587 0096 01D0     		beq	.L36
 588              		.loc 1 130 0 is_stmt 0 discriminator 1
 589 0098 3123     		movs	r3, #49
 590 009a 00E0     		b	.L37
 591              	.L36:
 592              		.loc 1 130 0 discriminator 2
 593 009c 3023     		movs	r3, #48
 594              	.L37:
 595              		.loc 1 130 0 discriminator 3
 596 009e 1846     		mov	r0, r3
 597 00a0 FFF7FEFF 		bl	Tx_PutChar
 131:.\main.c      ****             prev = pos;
 598              		.loc 1 131 0 is_stmt 1 discriminator 3
 599 00a4 BB79     		ldrb	r3, [r7, #6]
 600 00a6 FB71     		strb	r3, [r7, #7]
 601              	.LBE2:
ARM GAS  C:\Users\MATTHE~1\AppData\Local\Temp\cc2zijkS.s 			page 14


 132:.\main.c      ****         }
 133:.\main.c      ****     }
 602              		.loc 1 133 0 discriminator 3
 603 00a8 EBE7     		b	.L38
 604              	.L35:
 605              		.loc 1 133 0 is_stmt 0
 606 00aa EAE7     		b	.L38
 607              	.L40:
 608              		.align	2
 609              	.L39:
 610 00ac 00000000 		.word	isr_Rx_Front_Int
 611 00b0 00000000 		.word	isr_Rx_Back_Int
 612 00b4 00000000 		.word	isr_Rx_Left_Int
 613 00b8 00000000 		.word	isr_Rx_Right_Int
 614 00bc 00000000 		.word	isr_Rx_Top_Int
 615 00c0 00000000 		.word	isr_Rx_Bottom_Int
 616              		.cfi_endproc
 617              	.LFE65:
 618              		.size	main, .-main
 619              		.text
 620              	.Letext0:
 621              		.file 2 "c:\\program files (x86)\\cypress\\psoc creator\\3.1\\psoc creator\\import\\gnu_cs\\arm\\4
 622              		.file 3 "c:\\program files (x86)\\cypress\\psoc creator\\3.1\\psoc creator\\import\\gnu_cs\\arm\\4
 623              		.file 4 ".\\Generated_Source\\PSoC5/cytypes.h"
 624              		.file 5 ".\\Generated_Source\\PSoC5/core_cm3.h"
 625              		.section	.debug_info,"",%progbits
 626              	.Ldebug_info0:
 627 0000 5E020000 		.4byte	0x25e
 628 0004 0400     		.2byte	0x4
 629 0006 00000000 		.4byte	.Ldebug_abbrev0
 630 000a 04       		.byte	0x4
 631 000b 01       		.uleb128 0x1
 632 000c 98010000 		.4byte	.LASF41
 633 0010 01       		.byte	0x1
 634 0011 DA000000 		.4byte	.LASF42
 635 0015 24000000 		.4byte	.LASF43
 636 0019 00000000 		.4byte	.Ldebug_ranges0+0
 637 001d 00000000 		.4byte	0
 638 0021 00000000 		.4byte	.Ldebug_line0
 639 0025 02       		.uleb128 0x2
 640 0026 01       		.byte	0x1
 641 0027 06       		.byte	0x6
 642 0028 AD020000 		.4byte	.LASF0
 643 002c 02       		.uleb128 0x2
 644 002d 01       		.byte	0x1
 645 002e 08       		.byte	0x8
 646 002f 41010000 		.4byte	.LASF1
 647 0033 02       		.uleb128 0x2
 648 0034 02       		.byte	0x2
 649 0035 05       		.byte	0x5
 650 0036 85020000 		.4byte	.LASF2
 651 003a 02       		.uleb128 0x2
 652 003b 02       		.byte	0x2
 653 003c 07       		.byte	0x7
 654 003d 10010000 		.4byte	.LASF3
 655 0041 03       		.uleb128 0x3
 656 0042 73000000 		.4byte	.LASF9
ARM GAS  C:\Users\MATTHE~1\AppData\Local\Temp\cc2zijkS.s 			page 15


 657 0046 02       		.byte	0x2
 658 0047 37       		.byte	0x37
 659 0048 4C000000 		.4byte	0x4c
 660 004c 02       		.uleb128 0x2
 661 004d 04       		.byte	0x4
 662 004e 05       		.byte	0x5
 663 004f A4020000 		.4byte	.LASF4
 664 0053 02       		.uleb128 0x2
 665 0054 04       		.byte	0x4
 666 0055 07       		.byte	0x7
 667 0056 EE000000 		.4byte	.LASF5
 668 005a 02       		.uleb128 0x2
 669 005b 08       		.byte	0x8
 670 005c 05       		.byte	0x5
 671 005d 36020000 		.4byte	.LASF6
 672 0061 02       		.uleb128 0x2
 673 0062 08       		.byte	0x8
 674 0063 07       		.byte	0x7
 675 0064 72010000 		.4byte	.LASF7
 676 0068 04       		.uleb128 0x4
 677 0069 04       		.byte	0x4
 678 006a 05       		.byte	0x5
 679 006b 696E7400 		.ascii	"int\000"
 680 006f 02       		.uleb128 0x2
 681 0070 04       		.byte	0x4
 682 0071 07       		.byte	0x7
 683 0072 65010000 		.4byte	.LASF8
 684 0076 03       		.uleb128 0x3
 685 0077 14020000 		.4byte	.LASF10
 686 007b 03       		.byte	0x3
 687 007c 41       		.byte	0x41
 688 007d 41000000 		.4byte	0x41
 689 0081 03       		.uleb128 0x3
 690 0082 8F020000 		.4byte	.LASF11
 691 0086 04       		.byte	0x4
 692 0087 A1       		.byte	0xa1
 693 0088 2C000000 		.4byte	0x2c
 694 008c 02       		.uleb128 0x2
 695 008d 04       		.byte	0x4
 696 008e 04       		.byte	0x4
 697 008f 6D000000 		.4byte	.LASF12
 698 0093 02       		.uleb128 0x2
 699 0094 08       		.byte	0x8
 700 0095 04       		.byte	0x4
 701 0096 4F010000 		.4byte	.LASF13
 702 009a 02       		.uleb128 0x2
 703 009b 01       		.byte	0x1
 704 009c 08       		.byte	0x8
 705 009d 5E020000 		.4byte	.LASF14
 706 00a1 02       		.uleb128 0x2
 707 00a2 04       		.byte	0x4
 708 00a3 07       		.byte	0x7
 709 00a4 1C020000 		.4byte	.LASF15
 710 00a8 05       		.uleb128 0x5
 711 00a9 01       		.byte	0x1
 712 00aa 01       		.byte	0x1
 713 00ab 0E       		.byte	0xe
ARM GAS  C:\Users\MATTHE~1\AppData\Local\Temp\cc2zijkS.s 			page 16


 714 00ac D5000000 		.4byte	0xd5
 715 00b0 06       		.uleb128 0x6
 716 00b1 A4000000 		.4byte	.LASF16
 717 00b5 00       		.sleb128 0
 718 00b6 06       		.uleb128 0x6
 719 00b7 E3000000 		.4byte	.LASF17
 720 00bb 01       		.sleb128 1
 721 00bc 06       		.uleb128 0x6
 722 00bd 5B010000 		.4byte	.LASF18
 723 00c1 02       		.sleb128 2
 724 00c2 06       		.uleb128 0x6
 725 00c3 AE000000 		.4byte	.LASF19
 726 00c7 03       		.sleb128 3
 727 00c8 06       		.uleb128 0x6
 728 00c9 D1000000 		.4byte	.LASF20
 729 00cd 04       		.sleb128 4
 730 00ce 06       		.uleb128 0x6
 731 00cf B9000000 		.4byte	.LASF21
 732 00d3 05       		.sleb128 5
 733 00d4 00       		.byte	0
 734 00d5 03       		.uleb128 0x3
 735 00d6 00000000 		.4byte	.LASF22
 736 00da 01       		.byte	0x1
 737 00db 0E       		.byte	0xe
 738 00dc A8000000 		.4byte	0xa8
 739 00e0 05       		.uleb128 0x5
 740 00e1 01       		.byte	0x1
 741 00e2 01       		.byte	0x1
 742 00e3 0F       		.byte	0xf
 743 00e4 07010000 		.4byte	0x107
 744 00e8 06       		.uleb128 0x6
 745 00e9 89000000 		.4byte	.LASF23
 746 00ed 00       		.sleb128 0
 747 00ee 06       		.uleb128 0x6
 748 00ef 44020000 		.4byte	.LASF24
 749 00f3 01       		.sleb128 1
 750 00f4 06       		.uleb128 0x6
 751 00f5 92000000 		.4byte	.LASF25
 752 00f9 02       		.sleb128 2
 753 00fa 06       		.uleb128 0x6
 754 00fb 9B000000 		.4byte	.LASF26
 755 00ff 03       		.sleb128 3
 756 0100 06       		.uleb128 0x6
 757 0101 89010000 		.4byte	.LASF27
 758 0105 04       		.sleb128 4
 759 0106 00       		.byte	0
 760 0107 03       		.uleb128 0x3
 761 0108 7D000000 		.4byte	.LASF28
 762 010c 01       		.byte	0x1
 763 010d 0F       		.byte	0xf
 764 010e E0000000 		.4byte	0xe0
 765 0112 07       		.uleb128 0x7
 766 0113 18000000 		.4byte	.LASF31
 767 0117 01       		.byte	0x1
 768 0118 11       		.byte	0x11
 769 0119 00000000 		.4byte	.LFB56
 770 011d 48000000 		.4byte	.LFE56-.LFB56
ARM GAS  C:\Users\MATTHE~1\AppData\Local\Temp\cc2zijkS.s 			page 17


 771 0121 01       		.uleb128 0x1
 772 0122 9C       		.byte	0x9c
 773 0123 44010000 		.4byte	0x144
 774 0127 08       		.uleb128 0x8
 775 0128 25020000 		.4byte	.LASF29
 776 012c 01       		.byte	0x1
 777 012d 11       		.byte	0x11
 778 012e D5000000 		.4byte	0xd5
 779 0132 02       		.uleb128 0x2
 780 0133 91       		.byte	0x91
 781 0134 77       		.sleb128 -9
 782 0135 08       		.uleb128 0x8
 783 0136 C5000000 		.4byte	.LASF30
 784 013a 01       		.byte	0x1
 785 013b 11       		.byte	0x11
 786 013c 07010000 		.4byte	0x107
 787 0140 02       		.uleb128 0x2
 788 0141 91       		.byte	0x91
 789 0142 76       		.sleb128 -10
 790 0143 00       		.byte	0
 791 0144 09       		.uleb128 0x9
 792 0145 05000000 		.4byte	.LASF44
 793 0149 01       		.byte	0x1
 794 014a 1A       		.byte	0x1a
 795 014b 07010000 		.4byte	0x107
 796 014f 00000000 		.4byte	.LFB57
 797 0153 56000000 		.4byte	.LFE57-.LFB57
 798 0157 01       		.uleb128 0x1
 799 0158 9C       		.byte	0x9c
 800 0159 6C010000 		.4byte	0x16c
 801 015d 08       		.uleb128 0x8
 802 015e C5000000 		.4byte	.LASF30
 803 0162 01       		.byte	0x1
 804 0163 1A       		.byte	0x1a
 805 0164 81000000 		.4byte	0x81
 806 0168 02       		.uleb128 0x2
 807 0169 91       		.byte	0x91
 808 016a 77       		.sleb128 -9
 809 016b 00       		.byte	0
 810 016c 07       		.uleb128 0x7
 811 016d 2A020000 		.4byte	.LASF32
 812 0171 01       		.byte	0x1
 813 0172 29       		.byte	0x29
 814 0173 00000000 		.4byte	.LFB58
 815 0177 38000000 		.4byte	.LFE58-.LFB58
 816 017b 01       		.uleb128 0x1
 817 017c 9C       		.byte	0x9c
 818 017d AA010000 		.4byte	0x1aa
 819 0181 0A       		.uleb128 0xa
 820 0182 6300     		.ascii	"c\000"
 821 0184 01       		.byte	0x1
 822 0185 29       		.byte	0x29
 823 0186 9A000000 		.4byte	0x9a
 824 018a 02       		.uleb128 0x2
 825 018b 91       		.byte	0x91
 826 018c 77       		.sleb128 -9
 827 018d 08       		.uleb128 0x8
ARM GAS  C:\Users\MATTHE~1\AppData\Local\Temp\cc2zijkS.s 			page 18


 828 018e 25020000 		.4byte	.LASF29
 829 0192 01       		.byte	0x1
 830 0193 29       		.byte	0x29
 831 0194 D5000000 		.4byte	0xd5
 832 0198 02       		.uleb128 0x2
 833 0199 91       		.byte	0x91
 834 019a 76       		.sleb128 -10
 835 019b 08       		.uleb128 0x8
 836 019c C5000000 		.4byte	.LASF30
 837 01a0 01       		.byte	0x1
 838 01a1 29       		.byte	0x29
 839 01a2 07010000 		.4byte	0x107
 840 01a6 02       		.uleb128 0x2
 841 01a7 91       		.byte	0x91
 842 01a8 75       		.sleb128 -11
 843 01a9 00       		.byte	0
 844 01aa 0B       		.uleb128 0xb
 845 01ab 00010000 		.4byte	.LASF33
 846 01af 01       		.byte	0x1
 847 01b0 38       		.byte	0x38
 848 01b1 00000000 		.4byte	.LFB59
 849 01b5 32000000 		.4byte	.LFE59-.LFB59
 850 01b9 01       		.uleb128 0x1
 851 01ba 9C       		.byte	0x9c
 852 01bb 0B       		.uleb128 0xb
 853 01bc 30010000 		.4byte	.LASF34
 854 01c0 01       		.byte	0x1
 855 01c1 3F       		.byte	0x3f
 856 01c2 00000000 		.4byte	.LFB60
 857 01c6 32000000 		.4byte	.LFE60-.LFB60
 858 01ca 01       		.uleb128 0x1
 859 01cb 9C       		.byte	0x9c
 860 01cc 0B       		.uleb128 0xb
 861 01cd 4D020000 		.4byte	.LASF35
 862 01d1 01       		.byte	0x1
 863 01d2 46       		.byte	0x46
 864 01d3 00000000 		.4byte	.LFB61
 865 01d7 32000000 		.4byte	.LFE61-.LFB61
 866 01db 01       		.uleb128 0x1
 867 01dc 9C       		.byte	0x9c
 868 01dd 0B       		.uleb128 0xb
 869 01de 63020000 		.4byte	.LASF36
 870 01e2 01       		.byte	0x1
 871 01e3 4D       		.byte	0x4d
 872 01e4 00000000 		.4byte	.LFB62
 873 01e8 32000000 		.4byte	.LFE62-.LFB62
 874 01ec 01       		.uleb128 0x1
 875 01ed 9C       		.byte	0x9c
 876 01ee 0B       		.uleb128 0xb
 877 01ef 95020000 		.4byte	.LASF37
 878 01f3 01       		.byte	0x1
 879 01f4 54       		.byte	0x54
 880 01f5 00000000 		.4byte	.LFB63
 881 01f9 32000000 		.4byte	.LFE63-.LFB63
 882 01fd 01       		.uleb128 0x1
 883 01fe 9C       		.byte	0x9c
 884 01ff 0B       		.uleb128 0xb
ARM GAS  C:\Users\MATTHE~1\AppData\Local\Temp\cc2zijkS.s 			page 19


 885 0200 73020000 		.4byte	.LASF38
 886 0204 01       		.byte	0x1
 887 0205 5B       		.byte	0x5b
 888 0206 00000000 		.4byte	.LFB64
 889 020a 32000000 		.4byte	.LFE64-.LFB64
 890 020e 01       		.uleb128 0x1
 891 020f 9C       		.byte	0x9c
 892 0210 0C       		.uleb128 0xc
 893 0211 56010000 		.4byte	.LASF39
 894 0215 01       		.byte	0x1
 895 0216 61       		.byte	0x61
 896 0217 68000000 		.4byte	0x68
 897 021b 00000000 		.4byte	.LFB65
 898 021f C4000000 		.4byte	.LFE65-.LFB65
 899 0223 01       		.uleb128 0x1
 900 0224 9C       		.byte	0x9c
 901 0225 50020000 		.4byte	0x250
 902 0229 0D       		.uleb128 0xd
 903 022a B9020000 		.4byte	.LASF40
 904 022e 01       		.byte	0x1
 905 022f 7E       		.byte	0x7e
 906 0230 81000000 		.4byte	0x81
 907 0234 02       		.uleb128 0x2
 908 0235 91       		.byte	0x91
 909 0236 77       		.sleb128 -9
 910 0237 0E       		.uleb128 0xe
 911 0238 82000000 		.4byte	.LBB2
 912 023c 26000000 		.4byte	.LBE2-.LBB2
 913 0240 0F       		.uleb128 0xf
 914 0241 706F7300 		.ascii	"pos\000"
 915 0245 01       		.byte	0x1
 916 0246 80       		.byte	0x80
 917 0247 81000000 		.4byte	0x81
 918 024b 02       		.uleb128 0x2
 919 024c 91       		.byte	0x91
 920 024d 76       		.sleb128 -10
 921 024e 00       		.byte	0
 922 024f 00       		.byte	0
 923 0250 10       		.uleb128 0x10
 924 0251 23010000 		.4byte	.LASF45
 925 0255 05       		.byte	0x5
 926 0256 1606     		.2byte	0x616
 927 0258 5C020000 		.4byte	0x25c
 928 025c 11       		.uleb128 0x11
 929 025d 76000000 		.4byte	0x76
 930 0261 00       		.byte	0
 931              		.section	.debug_abbrev,"",%progbits
 932              	.Ldebug_abbrev0:
 933 0000 01       		.uleb128 0x1
 934 0001 11       		.uleb128 0x11
 935 0002 01       		.byte	0x1
 936 0003 25       		.uleb128 0x25
 937 0004 0E       		.uleb128 0xe
 938 0005 13       		.uleb128 0x13
 939 0006 0B       		.uleb128 0xb
 940 0007 03       		.uleb128 0x3
 941 0008 0E       		.uleb128 0xe
ARM GAS  C:\Users\MATTHE~1\AppData\Local\Temp\cc2zijkS.s 			page 20


 942 0009 1B       		.uleb128 0x1b
 943 000a 0E       		.uleb128 0xe
 944 000b 55       		.uleb128 0x55
 945 000c 17       		.uleb128 0x17
 946 000d 11       		.uleb128 0x11
 947 000e 01       		.uleb128 0x1
 948 000f 10       		.uleb128 0x10
 949 0010 17       		.uleb128 0x17
 950 0011 00       		.byte	0
 951 0012 00       		.byte	0
 952 0013 02       		.uleb128 0x2
 953 0014 24       		.uleb128 0x24
 954 0015 00       		.byte	0
 955 0016 0B       		.uleb128 0xb
 956 0017 0B       		.uleb128 0xb
 957 0018 3E       		.uleb128 0x3e
 958 0019 0B       		.uleb128 0xb
 959 001a 03       		.uleb128 0x3
 960 001b 0E       		.uleb128 0xe
 961 001c 00       		.byte	0
 962 001d 00       		.byte	0
 963 001e 03       		.uleb128 0x3
 964 001f 16       		.uleb128 0x16
 965 0020 00       		.byte	0
 966 0021 03       		.uleb128 0x3
 967 0022 0E       		.uleb128 0xe
 968 0023 3A       		.uleb128 0x3a
 969 0024 0B       		.uleb128 0xb
 970 0025 3B       		.uleb128 0x3b
 971 0026 0B       		.uleb128 0xb
 972 0027 49       		.uleb128 0x49
 973 0028 13       		.uleb128 0x13
 974 0029 00       		.byte	0
 975 002a 00       		.byte	0
 976 002b 04       		.uleb128 0x4
 977 002c 24       		.uleb128 0x24
 978 002d 00       		.byte	0
 979 002e 0B       		.uleb128 0xb
 980 002f 0B       		.uleb128 0xb
 981 0030 3E       		.uleb128 0x3e
 982 0031 0B       		.uleb128 0xb
 983 0032 03       		.uleb128 0x3
 984 0033 08       		.uleb128 0x8
 985 0034 00       		.byte	0
 986 0035 00       		.byte	0
 987 0036 05       		.uleb128 0x5
 988 0037 04       		.uleb128 0x4
 989 0038 01       		.byte	0x1
 990 0039 0B       		.uleb128 0xb
 991 003a 0B       		.uleb128 0xb
 992 003b 3A       		.uleb128 0x3a
 993 003c 0B       		.uleb128 0xb
 994 003d 3B       		.uleb128 0x3b
 995 003e 0B       		.uleb128 0xb
 996 003f 01       		.uleb128 0x1
 997 0040 13       		.uleb128 0x13
 998 0041 00       		.byte	0
ARM GAS  C:\Users\MATTHE~1\AppData\Local\Temp\cc2zijkS.s 			page 21


 999 0042 00       		.byte	0
 1000 0043 06       		.uleb128 0x6
 1001 0044 28       		.uleb128 0x28
 1002 0045 00       		.byte	0
 1003 0046 03       		.uleb128 0x3
 1004 0047 0E       		.uleb128 0xe
 1005 0048 1C       		.uleb128 0x1c
 1006 0049 0D       		.uleb128 0xd
 1007 004a 00       		.byte	0
 1008 004b 00       		.byte	0
 1009 004c 07       		.uleb128 0x7
 1010 004d 2E       		.uleb128 0x2e
 1011 004e 01       		.byte	0x1
 1012 004f 3F       		.uleb128 0x3f
 1013 0050 19       		.uleb128 0x19
 1014 0051 03       		.uleb128 0x3
 1015 0052 0E       		.uleb128 0xe
 1016 0053 3A       		.uleb128 0x3a
 1017 0054 0B       		.uleb128 0xb
 1018 0055 3B       		.uleb128 0x3b
 1019 0056 0B       		.uleb128 0xb
 1020 0057 27       		.uleb128 0x27
 1021 0058 19       		.uleb128 0x19
 1022 0059 11       		.uleb128 0x11
 1023 005a 01       		.uleb128 0x1
 1024 005b 12       		.uleb128 0x12
 1025 005c 06       		.uleb128 0x6
 1026 005d 40       		.uleb128 0x40
 1027 005e 18       		.uleb128 0x18
 1028 005f 9642     		.uleb128 0x2116
 1029 0061 19       		.uleb128 0x19
 1030 0062 01       		.uleb128 0x1
 1031 0063 13       		.uleb128 0x13
 1032 0064 00       		.byte	0
 1033 0065 00       		.byte	0
 1034 0066 08       		.uleb128 0x8
 1035 0067 05       		.uleb128 0x5
 1036 0068 00       		.byte	0
 1037 0069 03       		.uleb128 0x3
 1038 006a 0E       		.uleb128 0xe
 1039 006b 3A       		.uleb128 0x3a
 1040 006c 0B       		.uleb128 0xb
 1041 006d 3B       		.uleb128 0x3b
 1042 006e 0B       		.uleb128 0xb
 1043 006f 49       		.uleb128 0x49
 1044 0070 13       		.uleb128 0x13
 1045 0071 02       		.uleb128 0x2
 1046 0072 18       		.uleb128 0x18
 1047 0073 00       		.byte	0
 1048 0074 00       		.byte	0
 1049 0075 09       		.uleb128 0x9
 1050 0076 2E       		.uleb128 0x2e
 1051 0077 01       		.byte	0x1
 1052 0078 3F       		.uleb128 0x3f
 1053 0079 19       		.uleb128 0x19
 1054 007a 03       		.uleb128 0x3
 1055 007b 0E       		.uleb128 0xe
ARM GAS  C:\Users\MATTHE~1\AppData\Local\Temp\cc2zijkS.s 			page 22


 1056 007c 3A       		.uleb128 0x3a
 1057 007d 0B       		.uleb128 0xb
 1058 007e 3B       		.uleb128 0x3b
 1059 007f 0B       		.uleb128 0xb
 1060 0080 27       		.uleb128 0x27
 1061 0081 19       		.uleb128 0x19
 1062 0082 49       		.uleb128 0x49
 1063 0083 13       		.uleb128 0x13
 1064 0084 11       		.uleb128 0x11
 1065 0085 01       		.uleb128 0x1
 1066 0086 12       		.uleb128 0x12
 1067 0087 06       		.uleb128 0x6
 1068 0088 40       		.uleb128 0x40
 1069 0089 18       		.uleb128 0x18
 1070 008a 9742     		.uleb128 0x2117
 1071 008c 19       		.uleb128 0x19
 1072 008d 01       		.uleb128 0x1
 1073 008e 13       		.uleb128 0x13
 1074 008f 00       		.byte	0
 1075 0090 00       		.byte	0
 1076 0091 0A       		.uleb128 0xa
 1077 0092 05       		.uleb128 0x5
 1078 0093 00       		.byte	0
 1079 0094 03       		.uleb128 0x3
 1080 0095 08       		.uleb128 0x8
 1081 0096 3A       		.uleb128 0x3a
 1082 0097 0B       		.uleb128 0xb
 1083 0098 3B       		.uleb128 0x3b
 1084 0099 0B       		.uleb128 0xb
 1085 009a 49       		.uleb128 0x49
 1086 009b 13       		.uleb128 0x13
 1087 009c 02       		.uleb128 0x2
 1088 009d 18       		.uleb128 0x18
 1089 009e 00       		.byte	0
 1090 009f 00       		.byte	0
 1091 00a0 0B       		.uleb128 0xb
 1092 00a1 2E       		.uleb128 0x2e
 1093 00a2 00       		.byte	0
 1094 00a3 3F       		.uleb128 0x3f
 1095 00a4 19       		.uleb128 0x19
 1096 00a5 03       		.uleb128 0x3
 1097 00a6 0E       		.uleb128 0xe
 1098 00a7 3A       		.uleb128 0x3a
 1099 00a8 0B       		.uleb128 0xb
 1100 00a9 3B       		.uleb128 0x3b
 1101 00aa 0B       		.uleb128 0xb
 1102 00ab 27       		.uleb128 0x27
 1103 00ac 19       		.uleb128 0x19
 1104 00ad 11       		.uleb128 0x11
 1105 00ae 01       		.uleb128 0x1
 1106 00af 12       		.uleb128 0x12
 1107 00b0 06       		.uleb128 0x6
 1108 00b1 40       		.uleb128 0x40
 1109 00b2 18       		.uleb128 0x18
 1110 00b3 9642     		.uleb128 0x2116
 1111 00b5 19       		.uleb128 0x19
 1112 00b6 00       		.byte	0
ARM GAS  C:\Users\MATTHE~1\AppData\Local\Temp\cc2zijkS.s 			page 23


 1113 00b7 00       		.byte	0
 1114 00b8 0C       		.uleb128 0xc
 1115 00b9 2E       		.uleb128 0x2e
 1116 00ba 01       		.byte	0x1
 1117 00bb 3F       		.uleb128 0x3f
 1118 00bc 19       		.uleb128 0x19
 1119 00bd 03       		.uleb128 0x3
 1120 00be 0E       		.uleb128 0xe
 1121 00bf 3A       		.uleb128 0x3a
 1122 00c0 0B       		.uleb128 0xb
 1123 00c1 3B       		.uleb128 0x3b
 1124 00c2 0B       		.uleb128 0xb
 1125 00c3 49       		.uleb128 0x49
 1126 00c4 13       		.uleb128 0x13
 1127 00c5 11       		.uleb128 0x11
 1128 00c6 01       		.uleb128 0x1
 1129 00c7 12       		.uleb128 0x12
 1130 00c8 06       		.uleb128 0x6
 1131 00c9 40       		.uleb128 0x40
 1132 00ca 18       		.uleb128 0x18
 1133 00cb 9642     		.uleb128 0x2116
 1134 00cd 19       		.uleb128 0x19
 1135 00ce 01       		.uleb128 0x1
 1136 00cf 13       		.uleb128 0x13
 1137 00d0 00       		.byte	0
 1138 00d1 00       		.byte	0
 1139 00d2 0D       		.uleb128 0xd
 1140 00d3 34       		.uleb128 0x34
 1141 00d4 00       		.byte	0
 1142 00d5 03       		.uleb128 0x3
 1143 00d6 0E       		.uleb128 0xe
 1144 00d7 3A       		.uleb128 0x3a
 1145 00d8 0B       		.uleb128 0xb
 1146 00d9 3B       		.uleb128 0x3b
 1147 00da 0B       		.uleb128 0xb
 1148 00db 49       		.uleb128 0x49
 1149 00dc 13       		.uleb128 0x13
 1150 00dd 02       		.uleb128 0x2
 1151 00de 18       		.uleb128 0x18
 1152 00df 00       		.byte	0
 1153 00e0 00       		.byte	0
 1154 00e1 0E       		.uleb128 0xe
 1155 00e2 0B       		.uleb128 0xb
 1156 00e3 01       		.byte	0x1
 1157 00e4 11       		.uleb128 0x11
 1158 00e5 01       		.uleb128 0x1
 1159 00e6 12       		.uleb128 0x12
 1160 00e7 06       		.uleb128 0x6
 1161 00e8 00       		.byte	0
 1162 00e9 00       		.byte	0
 1163 00ea 0F       		.uleb128 0xf
 1164 00eb 34       		.uleb128 0x34
 1165 00ec 00       		.byte	0
 1166 00ed 03       		.uleb128 0x3
 1167 00ee 08       		.uleb128 0x8
 1168 00ef 3A       		.uleb128 0x3a
 1169 00f0 0B       		.uleb128 0xb
ARM GAS  C:\Users\MATTHE~1\AppData\Local\Temp\cc2zijkS.s 			page 24


 1170 00f1 3B       		.uleb128 0x3b
 1171 00f2 0B       		.uleb128 0xb
 1172 00f3 49       		.uleb128 0x49
 1173 00f4 13       		.uleb128 0x13
 1174 00f5 02       		.uleb128 0x2
 1175 00f6 18       		.uleb128 0x18
 1176 00f7 00       		.byte	0
 1177 00f8 00       		.byte	0
 1178 00f9 10       		.uleb128 0x10
 1179 00fa 34       		.uleb128 0x34
 1180 00fb 00       		.byte	0
 1181 00fc 03       		.uleb128 0x3
 1182 00fd 0E       		.uleb128 0xe
 1183 00fe 3A       		.uleb128 0x3a
 1184 00ff 0B       		.uleb128 0xb
 1185 0100 3B       		.uleb128 0x3b
 1186 0101 05       		.uleb128 0x5
 1187 0102 49       		.uleb128 0x49
 1188 0103 13       		.uleb128 0x13
 1189 0104 3F       		.uleb128 0x3f
 1190 0105 19       		.uleb128 0x19
 1191 0106 3C       		.uleb128 0x3c
 1192 0107 19       		.uleb128 0x19
 1193 0108 00       		.byte	0
 1194 0109 00       		.byte	0
 1195 010a 11       		.uleb128 0x11
 1196 010b 35       		.uleb128 0x35
 1197 010c 00       		.byte	0
 1198 010d 49       		.uleb128 0x49
 1199 010e 13       		.uleb128 0x13
 1200 010f 00       		.byte	0
 1201 0110 00       		.byte	0
 1202 0111 00       		.byte	0
 1203              		.section	.debug_aranges,"",%progbits
 1204 0000 64000000 		.4byte	0x64
 1205 0004 0200     		.2byte	0x2
 1206 0006 00000000 		.4byte	.Ldebug_info0
 1207 000a 04       		.byte	0x4
 1208 000b 00       		.byte	0
 1209 000c 0000     		.2byte	0
 1210 000e 0000     		.2byte	0
 1211 0010 00000000 		.4byte	.LFB56
 1212 0014 48000000 		.4byte	.LFE56-.LFB56
 1213 0018 00000000 		.4byte	.LFB57
 1214 001c 56000000 		.4byte	.LFE57-.LFB57
 1215 0020 00000000 		.4byte	.LFB58
 1216 0024 38000000 		.4byte	.LFE58-.LFB58
 1217 0028 00000000 		.4byte	.LFB59
 1218 002c 32000000 		.4byte	.LFE59-.LFB59
 1219 0030 00000000 		.4byte	.LFB60
 1220 0034 32000000 		.4byte	.LFE60-.LFB60
 1221 0038 00000000 		.4byte	.LFB61
 1222 003c 32000000 		.4byte	.LFE61-.LFB61
 1223 0040 00000000 		.4byte	.LFB62
 1224 0044 32000000 		.4byte	.LFE62-.LFB62
 1225 0048 00000000 		.4byte	.LFB63
 1226 004c 32000000 		.4byte	.LFE63-.LFB63
ARM GAS  C:\Users\MATTHE~1\AppData\Local\Temp\cc2zijkS.s 			page 25


 1227 0050 00000000 		.4byte	.LFB64
 1228 0054 32000000 		.4byte	.LFE64-.LFB64
 1229 0058 00000000 		.4byte	.LFB65
 1230 005c C4000000 		.4byte	.LFE65-.LFB65
 1231 0060 00000000 		.4byte	0
 1232 0064 00000000 		.4byte	0
 1233              		.section	.debug_ranges,"",%progbits
 1234              	.Ldebug_ranges0:
 1235 0000 00000000 		.4byte	.LFB56
 1236 0004 48000000 		.4byte	.LFE56
 1237 0008 00000000 		.4byte	.LFB57
 1238 000c 56000000 		.4byte	.LFE57
 1239 0010 00000000 		.4byte	.LFB58
 1240 0014 38000000 		.4byte	.LFE58
 1241 0018 00000000 		.4byte	.LFB59
 1242 001c 32000000 		.4byte	.LFE59
 1243 0020 00000000 		.4byte	.LFB60
 1244 0024 32000000 		.4byte	.LFE60
 1245 0028 00000000 		.4byte	.LFB61
 1246 002c 32000000 		.4byte	.LFE61
 1247 0030 00000000 		.4byte	.LFB62
 1248 0034 32000000 		.4byte	.LFE62
 1249 0038 00000000 		.4byte	.LFB63
 1250 003c 32000000 		.4byte	.LFE63
 1251 0040 00000000 		.4byte	.LFB64
 1252 0044 32000000 		.4byte	.LFE64
 1253 0048 00000000 		.4byte	.LFB65
 1254 004c C4000000 		.4byte	.LFE65
 1255 0050 00000000 		.4byte	0
 1256 0054 00000000 		.4byte	0
 1257              		.section	.debug_line,"",%progbits
 1258              	.Ldebug_line0:
 1259 0000 6D020000 		.section	.debug_str,"MS",%progbits,1
 1259      02005101 
 1259      00000201 
 1259      FB0E0D00 
 1259      01010101 
 1260              	.LASF22:
 1261 0000 53696465 		.ascii	"Side\000"
 1261      00
 1262              	.LASF44:
 1263 0005 4F726965 		.ascii	"OrientationFromReg\000"
 1263      6E746174 
 1263      696F6E46 
 1263      726F6D52 
 1263      656700
 1264              	.LASF31:
 1265 0018 44697370 		.ascii	"DisplayChar\000"
 1265      6C617943 
 1265      68617200 
 1266              	.LASF43:
 1267 0024 433A5C55 		.ascii	"C:\\Users\\Matthew Arbesfeld\\Documents\\PSoC Creat"
 1267      73657273 
 1267      5C4D6174 
 1267      74686577 
 1267      20417262 
 1268 0053 6F725C42 		.ascii	"or\\BoxesUART\\Boxes5.cydsn\000"
ARM GAS  C:\Users\MATTHE~1\AppData\Local\Temp\cc2zijkS.s 			page 26


 1268      6F786573 
 1268      55415254 
 1268      5C426F78 
 1268      6573352E 
 1269              	.LASF12:
 1270 006d 666C6F61 		.ascii	"float\000"
 1270      7400
 1271              	.LASF9:
 1272 0073 5F5F696E 		.ascii	"__int32_t\000"
 1272      7433325F 
 1272      7400
 1273              	.LASF28:
 1274 007d 4F726965 		.ascii	"Orientation\000"
 1274      6E746174 
 1274      696F6E00 
 1275              	.LASF23:
 1276 0089 4F524945 		.ascii	"ORIENT_N\000"
 1276      4E545F4E 
 1276      00
 1277              	.LASF25:
 1278 0092 4F524945 		.ascii	"ORIENT_S\000"
 1278      4E545F53 
 1278      00
 1279              	.LASF26:
 1280 009b 4F524945 		.ascii	"ORIENT_W\000"
 1280      4E545F57 
 1280      00
 1281              	.LASF16:
 1282 00a4 53494445 		.ascii	"SIDE_LEFT\000"
 1282      5F4C4546 
 1282      5400
 1283              	.LASF19:
 1284 00ae 53494445 		.ascii	"SIDE_FRONT\000"
 1284      5F46524F 
 1284      4E5400
 1285              	.LASF21:
 1286 00b9 53494445 		.ascii	"SIDE_BOTTOM\000"
 1286      5F424F54 
 1286      544F4D00 
 1287              	.LASF30:
 1288 00c5 6F726965 		.ascii	"orientation\000"
 1288      6E746174 
 1288      696F6E00 
 1289              	.LASF20:
 1290 00d1 53494445 		.ascii	"SIDE_TOP\000"
 1290      5F544F50 
 1290      00
 1291              	.LASF42:
 1292 00da 2E5C6D61 		.ascii	".\\main.c\000"
 1292      696E2E63 
 1292      00
 1293              	.LASF17:
 1294 00e3 53494445 		.ascii	"SIDE_RIGHT\000"
 1294      5F524947 
 1294      485400
 1295              	.LASF5:
 1296 00ee 6C6F6E67 		.ascii	"long unsigned int\000"
ARM GAS  C:\Users\MATTHE~1\AppData\Local\Temp\cc2zijkS.s 			page 27


 1296      20756E73 
 1296      69676E65 
 1296      6420696E 
 1296      7400
 1297              	.LASF33:
 1298 0100 6973725F 		.ascii	"isr_Rx_Left_Int\000"
 1298      52785F4C 
 1298      6566745F 
 1298      496E7400 
 1299              	.LASF3:
 1300 0110 73686F72 		.ascii	"short unsigned int\000"
 1300      7420756E 
 1300      7369676E 
 1300      65642069 
 1300      6E7400
 1301              	.LASF45:
 1302 0123 49544D5F 		.ascii	"ITM_RxBuffer\000"
 1302      52784275 
 1302      66666572 
 1302      00
 1303              	.LASF34:
 1304 0130 6973725F 		.ascii	"isr_Rx_Right_Int\000"
 1304      52785F52 
 1304      69676874 
 1304      5F496E74 
 1304      00
 1305              	.LASF1:
 1306 0141 756E7369 		.ascii	"unsigned char\000"
 1306      676E6564 
 1306      20636861 
 1306      7200
 1307              	.LASF13:
 1308 014f 646F7562 		.ascii	"double\000"
 1308      6C6500
 1309              	.LASF39:
 1310 0156 6D61696E 		.ascii	"main\000"
 1310      00
 1311              	.LASF18:
 1312 015b 53494445 		.ascii	"SIDE_BACK\000"
 1312      5F424143 
 1312      4B00
 1313              	.LASF8:
 1314 0165 756E7369 		.ascii	"unsigned int\000"
 1314      676E6564 
 1314      20696E74 
 1314      00
 1315              	.LASF7:
 1316 0172 6C6F6E67 		.ascii	"long long unsigned int\000"
 1316      206C6F6E 
 1316      6720756E 
 1316      7369676E 
 1316      65642069 
 1317              	.LASF27:
 1318 0189 4F524945 		.ascii	"ORIENT_UNKNOWN\000"
 1318      4E545F55 
 1318      4E4B4E4F 
 1318      574E00
ARM GAS  C:\Users\MATTHE~1\AppData\Local\Temp\cc2zijkS.s 			page 28


 1319              	.LASF41:
 1320 0198 474E5520 		.ascii	"GNU C 4.8.4 20140526 (release) [ARM/embedded-4_8-br"
 1320      4320342E 
 1320      382E3420 
 1320      32303134 
 1320      30353236 
 1321 01cb 616E6368 		.ascii	"anch revision 211358] -mcpu=cortex-m3 -mthumb -g -O"
 1321      20726576 
 1321      6973696F 
 1321      6E203231 
 1321      31333538 
 1322 01fe 30202D66 		.ascii	"0 -ffunction-sections\000"
 1322      66756E63 
 1322      74696F6E 
 1322      2D736563 
 1322      74696F6E 
 1323              	.LASF10:
 1324 0214 696E7433 		.ascii	"int32_t\000"
 1324      325F7400 
 1325              	.LASF15:
 1326 021c 73697A65 		.ascii	"sizetype\000"
 1326      74797065 
 1326      00
 1327              	.LASF29:
 1328 0225 73696465 		.ascii	"side\000"
 1328      00
 1329              	.LASF32:
 1330 022a 50726F63 		.ascii	"ProcessChar\000"
 1330      65737343 
 1330      68617200 
 1331              	.LASF6:
 1332 0236 6C6F6E67 		.ascii	"long long int\000"
 1332      206C6F6E 
 1332      6720696E 
 1332      7400
 1333              	.LASF24:
 1334 0244 4F524945 		.ascii	"ORIENT_E\000"
 1334      4E545F45 
 1334      00
 1335              	.LASF35:
 1336 024d 6973725F 		.ascii	"isr_Rx_Front_Int\000"
 1336      52785F46 
 1336      726F6E74 
 1336      5F496E74 
 1336      00
 1337              	.LASF14:
 1338 025e 63686172 		.ascii	"char\000"
 1338      00
 1339              	.LASF36:
 1340 0263 6973725F 		.ascii	"isr_Rx_Back_Int\000"
 1340      52785F42 
 1340      61636B5F 
 1340      496E7400 
 1341              	.LASF38:
 1342 0273 6973725F 		.ascii	"isr_Rx_Bottom_Int\000"
 1342      52785F42 
 1342      6F74746F 
ARM GAS  C:\Users\MATTHE~1\AppData\Local\Temp\cc2zijkS.s 			page 29


 1342      6D5F496E 
 1342      7400
 1343              	.LASF2:
 1344 0285 73686F72 		.ascii	"short int\000"
 1344      7420696E 
 1344      7400
 1345              	.LASF11:
 1346 028f 75696E74 		.ascii	"uint8\000"
 1346      3800
 1347              	.LASF37:
 1348 0295 6973725F 		.ascii	"isr_Rx_Top_Int\000"
 1348      52785F54 
 1348      6F705F49 
 1348      6E7400
 1349              	.LASF4:
 1350 02a4 6C6F6E67 		.ascii	"long int\000"
 1350      20696E74 
 1350      00
 1351              	.LASF0:
 1352 02ad 7369676E 		.ascii	"signed char\000"
 1352      65642063 
 1352      68617200 
 1353              	.LASF40:
 1354 02b9 70726576 		.ascii	"prev\000"
 1354      00
 1355              		.ident	"GCC: (GNU Tools for ARM Embedded Processors) 4.8.4 20140526 (release) [ARM/embedded-4_8-br
