ARM GAS  C:\Users\MATTHE~1\AppData\Local\Temp\ccelW8Mt.s 			page 1


   1              		.syntax unified
   2              		.cpu cortex-m3
   3              		.fpu softvfp
   4              		.eabi_attribute 20, 1
   5              		.eabi_attribute 21, 1
   6              		.eabi_attribute 23, 3
   7              		.eabi_attribute 24, 1
   8              		.eabi_attribute 25, 1
   9              		.eabi_attribute 26, 1
  10              		.eabi_attribute 30, 6
  11              		.eabi_attribute 34, 1
  12              		.eabi_attribute 18, 4
  13              		.thumb
  14              		.file	"Rx_Back_Pins.c"
  15              		.text
  16              	.Ltext0:
  17              		.cfi_sections	.debug_frame
  18              		.section	.text.Rx_Back_Pins_Write,"ax",%progbits
  19              		.align	2
  20              		.global	Rx_Back_Pins_Write
  21              		.thumb
  22              		.thumb_func
  23              		.type	Rx_Back_Pins_Write, %function
  24              	Rx_Back_Pins_Write:
  25              	.LFB0:
  26              		.file 1 ".\\Generated_Source\\PSoC5\\Rx_Back_Pins.c"
   1:.\Generated_Source\PSoC5/Rx_Back_Pins.c **** /*******************************************************************************
   2:.\Generated_Source\PSoC5/Rx_Back_Pins.c **** * File Name: Rx_Back_Pins.c  
   3:.\Generated_Source\PSoC5/Rx_Back_Pins.c **** * Version 2.10
   4:.\Generated_Source\PSoC5/Rx_Back_Pins.c **** *
   5:.\Generated_Source\PSoC5/Rx_Back_Pins.c **** * Description:
   6:.\Generated_Source\PSoC5/Rx_Back_Pins.c **** *  This file contains API to enable firmware control of a Pins component.
   7:.\Generated_Source\PSoC5/Rx_Back_Pins.c **** *
   8:.\Generated_Source\PSoC5/Rx_Back_Pins.c **** * Note:
   9:.\Generated_Source\PSoC5/Rx_Back_Pins.c **** *
  10:.\Generated_Source\PSoC5/Rx_Back_Pins.c **** ********************************************************************************
  11:.\Generated_Source\PSoC5/Rx_Back_Pins.c **** * Copyright 2008-2014, Cypress Semiconductor Corporation.  All rights reserved.
  12:.\Generated_Source\PSoC5/Rx_Back_Pins.c **** * You may use this file only in accordance with the license, terms, conditions, 
  13:.\Generated_Source\PSoC5/Rx_Back_Pins.c **** * disclaimers, and limitations in the end user license agreement accompanying 
  14:.\Generated_Source\PSoC5/Rx_Back_Pins.c **** * the software package with which this file was provided.
  15:.\Generated_Source\PSoC5/Rx_Back_Pins.c **** *******************************************************************************/
  16:.\Generated_Source\PSoC5/Rx_Back_Pins.c **** 
  17:.\Generated_Source\PSoC5/Rx_Back_Pins.c **** #include "cytypes.h"
  18:.\Generated_Source\PSoC5/Rx_Back_Pins.c **** #include "Rx_Back_Pins.h"
  19:.\Generated_Source\PSoC5/Rx_Back_Pins.c **** 
  20:.\Generated_Source\PSoC5/Rx_Back_Pins.c **** /* APIs are not generated for P15[7:6] on PSoC 5 */
  21:.\Generated_Source\PSoC5/Rx_Back_Pins.c **** #if !(CY_PSOC5A &&\
  22:.\Generated_Source\PSoC5/Rx_Back_Pins.c **** 	 Rx_Back_Pins__PORT == 15 && ((Rx_Back_Pins__MASK & 0xC0) != 0))
  23:.\Generated_Source\PSoC5/Rx_Back_Pins.c **** 
  24:.\Generated_Source\PSoC5/Rx_Back_Pins.c **** 
  25:.\Generated_Source\PSoC5/Rx_Back_Pins.c **** /*******************************************************************************
  26:.\Generated_Source\PSoC5/Rx_Back_Pins.c **** * Function Name: Rx_Back_Pins_Write
  27:.\Generated_Source\PSoC5/Rx_Back_Pins.c **** ********************************************************************************
  28:.\Generated_Source\PSoC5/Rx_Back_Pins.c **** *
  29:.\Generated_Source\PSoC5/Rx_Back_Pins.c **** * Summary:
  30:.\Generated_Source\PSoC5/Rx_Back_Pins.c **** *  Assign a new value to the digital port's data output register.  
  31:.\Generated_Source\PSoC5/Rx_Back_Pins.c **** *
ARM GAS  C:\Users\MATTHE~1\AppData\Local\Temp\ccelW8Mt.s 			page 2


  32:.\Generated_Source\PSoC5/Rx_Back_Pins.c **** * Parameters:  
  33:.\Generated_Source\PSoC5/Rx_Back_Pins.c **** *  prtValue:  The value to be assigned to the Digital Port. 
  34:.\Generated_Source\PSoC5/Rx_Back_Pins.c **** *
  35:.\Generated_Source\PSoC5/Rx_Back_Pins.c **** * Return: 
  36:.\Generated_Source\PSoC5/Rx_Back_Pins.c **** *  None
  37:.\Generated_Source\PSoC5/Rx_Back_Pins.c **** *  
  38:.\Generated_Source\PSoC5/Rx_Back_Pins.c **** *******************************************************************************/
  39:.\Generated_Source\PSoC5/Rx_Back_Pins.c **** void Rx_Back_Pins_Write(uint8 value) 
  40:.\Generated_Source\PSoC5/Rx_Back_Pins.c **** {
  27              		.loc 1 40 0
  28              		.cfi_startproc
  29              		@ args = 0, pretend = 0, frame = 16
  30              		@ frame_needed = 1, uses_anonymous_args = 0
  31              		@ link register save eliminated.
  32 0000 80B4     		push	{r7}
  33              		.cfi_def_cfa_offset 4
  34              		.cfi_offset 7, -4
  35 0002 85B0     		sub	sp, sp, #20
  36              		.cfi_def_cfa_offset 24
  37 0004 00AF     		add	r7, sp, #0
  38              		.cfi_def_cfa_register 7
  39 0006 0346     		mov	r3, r0
  40 0008 FB71     		strb	r3, [r7, #7]
  41:.\Generated_Source\PSoC5/Rx_Back_Pins.c ****     uint8 staticBits = (Rx_Back_Pins_DR & (uint8)(~Rx_Back_Pins_MASK));
  41              		.loc 1 41 0
  42 000a 0A4B     		ldr	r3, .L2
  43 000c 1B78     		ldrb	r3, [r3]
  44 000e DBB2     		uxtb	r3, r3
  45 0010 23F00F03 		bic	r3, r3, #15
  46 0014 FB73     		strb	r3, [r7, #15]
  42:.\Generated_Source\PSoC5/Rx_Back_Pins.c ****     Rx_Back_Pins_DR = staticBits | ((uint8)(value << Rx_Back_Pins_SHIFT) & Rx_Back_Pins_MASK);
  47              		.loc 1 42 0
  48 0016 074B     		ldr	r3, .L2
  49 0018 FA79     		ldrb	r2, [r7, #7]
  50 001a 02F00F02 		and	r2, r2, #15
  51 001e D1B2     		uxtb	r1, r2
  52 0020 FA7B     		ldrb	r2, [r7, #15]
  53 0022 0A43     		orrs	r2, r2, r1
  54 0024 D2B2     		uxtb	r2, r2
  55 0026 1A70     		strb	r2, [r3]
  43:.\Generated_Source\PSoC5/Rx_Back_Pins.c **** }
  56              		.loc 1 43 0
  57 0028 1437     		adds	r7, r7, #20
  58 002a BD46     		mov	sp, r7
  59              		@ sp needed
  60 002c 5DF8047B 		ldr	r7, [sp], #4
  61 0030 7047     		bx	lr
  62              	.L3:
  63 0032 00BF     		.align	2
  64              	.L2:
  65 0034 00510040 		.word	1073762560
  66              		.cfi_endproc
  67              	.LFE0:
  68              		.size	Rx_Back_Pins_Write, .-Rx_Back_Pins_Write
  69              		.section	.text.Rx_Back_Pins_SetDriveMode,"ax",%progbits
  70              		.align	2
  71              		.global	Rx_Back_Pins_SetDriveMode
ARM GAS  C:\Users\MATTHE~1\AppData\Local\Temp\ccelW8Mt.s 			page 3


  72              		.thumb
  73              		.thumb_func
  74              		.type	Rx_Back_Pins_SetDriveMode, %function
  75              	Rx_Back_Pins_SetDriveMode:
  76              	.LFB1:
  44:.\Generated_Source\PSoC5/Rx_Back_Pins.c **** 
  45:.\Generated_Source\PSoC5/Rx_Back_Pins.c **** 
  46:.\Generated_Source\PSoC5/Rx_Back_Pins.c **** /*******************************************************************************
  47:.\Generated_Source\PSoC5/Rx_Back_Pins.c **** * Function Name: Rx_Back_Pins_SetDriveMode
  48:.\Generated_Source\PSoC5/Rx_Back_Pins.c **** ********************************************************************************
  49:.\Generated_Source\PSoC5/Rx_Back_Pins.c **** *
  50:.\Generated_Source\PSoC5/Rx_Back_Pins.c **** * Summary:
  51:.\Generated_Source\PSoC5/Rx_Back_Pins.c **** *  Change the drive mode on the pins of the port.
  52:.\Generated_Source\PSoC5/Rx_Back_Pins.c **** * 
  53:.\Generated_Source\PSoC5/Rx_Back_Pins.c **** * Parameters:  
  54:.\Generated_Source\PSoC5/Rx_Back_Pins.c **** *  mode:  Change the pins to one of the following drive modes.
  55:.\Generated_Source\PSoC5/Rx_Back_Pins.c **** *
  56:.\Generated_Source\PSoC5/Rx_Back_Pins.c **** *  Rx_Back_Pins_DM_STRONG     Strong Drive 
  57:.\Generated_Source\PSoC5/Rx_Back_Pins.c **** *  Rx_Back_Pins_DM_OD_HI      Open Drain, Drives High 
  58:.\Generated_Source\PSoC5/Rx_Back_Pins.c **** *  Rx_Back_Pins_DM_OD_LO      Open Drain, Drives Low 
  59:.\Generated_Source\PSoC5/Rx_Back_Pins.c **** *  Rx_Back_Pins_DM_RES_UP     Resistive Pull Up 
  60:.\Generated_Source\PSoC5/Rx_Back_Pins.c **** *  Rx_Back_Pins_DM_RES_DWN    Resistive Pull Down 
  61:.\Generated_Source\PSoC5/Rx_Back_Pins.c **** *  Rx_Back_Pins_DM_RES_UPDWN  Resistive Pull Up/Down 
  62:.\Generated_Source\PSoC5/Rx_Back_Pins.c **** *  Rx_Back_Pins_DM_DIG_HIZ    High Impedance Digital 
  63:.\Generated_Source\PSoC5/Rx_Back_Pins.c **** *  Rx_Back_Pins_DM_ALG_HIZ    High Impedance Analog 
  64:.\Generated_Source\PSoC5/Rx_Back_Pins.c **** *
  65:.\Generated_Source\PSoC5/Rx_Back_Pins.c **** * Return: 
  66:.\Generated_Source\PSoC5/Rx_Back_Pins.c **** *  None
  67:.\Generated_Source\PSoC5/Rx_Back_Pins.c **** *
  68:.\Generated_Source\PSoC5/Rx_Back_Pins.c **** *******************************************************************************/
  69:.\Generated_Source\PSoC5/Rx_Back_Pins.c **** void Rx_Back_Pins_SetDriveMode(uint8 mode) 
  70:.\Generated_Source\PSoC5/Rx_Back_Pins.c **** {
  77              		.loc 1 70 0
  78              		.cfi_startproc
  79              		@ args = 0, pretend = 0, frame = 8
  80              		@ frame_needed = 1, uses_anonymous_args = 0
  81              		@ link register save eliminated.
  82 0000 80B4     		push	{r7}
  83              		.cfi_def_cfa_offset 4
  84              		.cfi_offset 7, -4
  85 0002 83B0     		sub	sp, sp, #12
  86              		.cfi_def_cfa_offset 16
  87 0004 00AF     		add	r7, sp, #0
  88              		.cfi_def_cfa_register 7
  89 0006 0346     		mov	r3, r0
  90 0008 FB71     		strb	r3, [r7, #7]
  71:.\Generated_Source\PSoC5/Rx_Back_Pins.c **** 	CyPins_SetPinDriveMode(Rx_Back_Pins_0, mode);
  91              		.loc 1 71 0
  92 000a 224B     		ldr	r3, .L5
  93 000c 214A     		ldr	r2, .L5
  94 000e 1278     		ldrb	r2, [r2]
  95 0010 D2B2     		uxtb	r2, r2
  96 0012 D2B2     		uxtb	r2, r2
  97 0014 22F00E02 		bic	r2, r2, #14
  98 0018 D1B2     		uxtb	r1, r2
  99 001a FA79     		ldrb	r2, [r7, #7]	@ zero_extendqisi2
 100 001c 02F00E02 		and	r2, r2, #14
ARM GAS  C:\Users\MATTHE~1\AppData\Local\Temp\ccelW8Mt.s 			page 4


 101 0020 D2B2     		uxtb	r2, r2
 102 0022 0A43     		orrs	r2, r2, r1
 103 0024 D2B2     		uxtb	r2, r2
 104 0026 D2B2     		uxtb	r2, r2
 105 0028 1A70     		strb	r2, [r3]
  72:.\Generated_Source\PSoC5/Rx_Back_Pins.c **** 	CyPins_SetPinDriveMode(Rx_Back_Pins_1, mode);
 106              		.loc 1 72 0
 107 002a 1B4B     		ldr	r3, .L5+4
 108 002c 1A4A     		ldr	r2, .L5+4
 109 002e 1278     		ldrb	r2, [r2]
 110 0030 D2B2     		uxtb	r2, r2
 111 0032 D2B2     		uxtb	r2, r2
 112 0034 22F00E02 		bic	r2, r2, #14
 113 0038 D1B2     		uxtb	r1, r2
 114 003a FA79     		ldrb	r2, [r7, #7]	@ zero_extendqisi2
 115 003c 02F00E02 		and	r2, r2, #14
 116 0040 D2B2     		uxtb	r2, r2
 117 0042 0A43     		orrs	r2, r2, r1
 118 0044 D2B2     		uxtb	r2, r2
 119 0046 D2B2     		uxtb	r2, r2
 120 0048 1A70     		strb	r2, [r3]
  73:.\Generated_Source\PSoC5/Rx_Back_Pins.c **** 	CyPins_SetPinDriveMode(Rx_Back_Pins_2, mode);
 121              		.loc 1 73 0
 122 004a 144B     		ldr	r3, .L5+8
 123 004c 134A     		ldr	r2, .L5+8
 124 004e 1278     		ldrb	r2, [r2]
 125 0050 D2B2     		uxtb	r2, r2
 126 0052 D2B2     		uxtb	r2, r2
 127 0054 22F00E02 		bic	r2, r2, #14
 128 0058 D1B2     		uxtb	r1, r2
 129 005a FA79     		ldrb	r2, [r7, #7]	@ zero_extendqisi2
 130 005c 02F00E02 		and	r2, r2, #14
 131 0060 D2B2     		uxtb	r2, r2
 132 0062 0A43     		orrs	r2, r2, r1
 133 0064 D2B2     		uxtb	r2, r2
 134 0066 D2B2     		uxtb	r2, r2
 135 0068 1A70     		strb	r2, [r3]
  74:.\Generated_Source\PSoC5/Rx_Back_Pins.c **** 	CyPins_SetPinDriveMode(Rx_Back_Pins_3, mode);
 136              		.loc 1 74 0
 137 006a 0D4B     		ldr	r3, .L5+12
 138 006c 0C4A     		ldr	r2, .L5+12
 139 006e 1278     		ldrb	r2, [r2]
 140 0070 D2B2     		uxtb	r2, r2
 141 0072 D2B2     		uxtb	r2, r2
 142 0074 22F00E02 		bic	r2, r2, #14
 143 0078 D1B2     		uxtb	r1, r2
 144 007a FA79     		ldrb	r2, [r7, #7]	@ zero_extendqisi2
 145 007c 02F00E02 		and	r2, r2, #14
 146 0080 D2B2     		uxtb	r2, r2
 147 0082 0A43     		orrs	r2, r2, r1
 148 0084 D2B2     		uxtb	r2, r2
 149 0086 D2B2     		uxtb	r2, r2
 150 0088 1A70     		strb	r2, [r3]
  75:.\Generated_Source\PSoC5/Rx_Back_Pins.c **** }
 151              		.loc 1 75 0
 152 008a 0C37     		adds	r7, r7, #12
 153 008c BD46     		mov	sp, r7
ARM GAS  C:\Users\MATTHE~1\AppData\Local\Temp\ccelW8Mt.s 			page 5


 154              		@ sp needed
 155 008e 5DF8047B 		ldr	r7, [sp], #4
 156 0092 7047     		bx	lr
 157              	.L6:
 158              		.align	2
 159              	.L5:
 160 0094 00500040 		.word	1073762304
 161 0098 01500040 		.word	1073762305
 162 009c 02500040 		.word	1073762306
 163 00a0 03500040 		.word	1073762307
 164              		.cfi_endproc
 165              	.LFE1:
 166              		.size	Rx_Back_Pins_SetDriveMode, .-Rx_Back_Pins_SetDriveMode
 167              		.section	.text.Rx_Back_Pins_Read,"ax",%progbits
 168              		.align	2
 169              		.global	Rx_Back_Pins_Read
 170              		.thumb
 171              		.thumb_func
 172              		.type	Rx_Back_Pins_Read, %function
 173              	Rx_Back_Pins_Read:
 174              	.LFB2:
  76:.\Generated_Source\PSoC5/Rx_Back_Pins.c **** 
  77:.\Generated_Source\PSoC5/Rx_Back_Pins.c **** 
  78:.\Generated_Source\PSoC5/Rx_Back_Pins.c **** /*******************************************************************************
  79:.\Generated_Source\PSoC5/Rx_Back_Pins.c **** * Function Name: Rx_Back_Pins_Read
  80:.\Generated_Source\PSoC5/Rx_Back_Pins.c **** ********************************************************************************
  81:.\Generated_Source\PSoC5/Rx_Back_Pins.c **** *
  82:.\Generated_Source\PSoC5/Rx_Back_Pins.c **** * Summary:
  83:.\Generated_Source\PSoC5/Rx_Back_Pins.c **** *  Read the current value on the pins of the Digital Port in right justified 
  84:.\Generated_Source\PSoC5/Rx_Back_Pins.c **** *  form.
  85:.\Generated_Source\PSoC5/Rx_Back_Pins.c **** *
  86:.\Generated_Source\PSoC5/Rx_Back_Pins.c **** * Parameters:  
  87:.\Generated_Source\PSoC5/Rx_Back_Pins.c **** *  None
  88:.\Generated_Source\PSoC5/Rx_Back_Pins.c **** *
  89:.\Generated_Source\PSoC5/Rx_Back_Pins.c **** * Return: 
  90:.\Generated_Source\PSoC5/Rx_Back_Pins.c **** *  Returns the current value of the Digital Port as a right justified number
  91:.\Generated_Source\PSoC5/Rx_Back_Pins.c **** *  
  92:.\Generated_Source\PSoC5/Rx_Back_Pins.c **** * Note:
  93:.\Generated_Source\PSoC5/Rx_Back_Pins.c **** *  Macro Rx_Back_Pins_ReadPS calls this function. 
  94:.\Generated_Source\PSoC5/Rx_Back_Pins.c **** *  
  95:.\Generated_Source\PSoC5/Rx_Back_Pins.c **** *******************************************************************************/
  96:.\Generated_Source\PSoC5/Rx_Back_Pins.c **** uint8 Rx_Back_Pins_Read(void) 
  97:.\Generated_Source\PSoC5/Rx_Back_Pins.c **** {
 175              		.loc 1 97 0
 176              		.cfi_startproc
 177              		@ args = 0, pretend = 0, frame = 0
 178              		@ frame_needed = 1, uses_anonymous_args = 0
 179              		@ link register save eliminated.
 180 0000 80B4     		push	{r7}
 181              		.cfi_def_cfa_offset 4
 182              		.cfi_offset 7, -4
 183 0002 00AF     		add	r7, sp, #0
 184              		.cfi_def_cfa_register 7
  98:.\Generated_Source\PSoC5/Rx_Back_Pins.c ****     return (Rx_Back_Pins_PS & Rx_Back_Pins_MASK) >> Rx_Back_Pins_SHIFT;
 185              		.loc 1 98 0
 186 0004 054B     		ldr	r3, .L9
 187 0006 1B78     		ldrb	r3, [r3]
ARM GAS  C:\Users\MATTHE~1\AppData\Local\Temp\ccelW8Mt.s 			page 6


 188 0008 DBB2     		uxtb	r3, r3
 189 000a 03F00F03 		and	r3, r3, #15
 190 000e DBB2     		uxtb	r3, r3
  99:.\Generated_Source\PSoC5/Rx_Back_Pins.c **** }
 191              		.loc 1 99 0
 192 0010 1846     		mov	r0, r3
 193 0012 BD46     		mov	sp, r7
 194              		@ sp needed
 195 0014 5DF8047B 		ldr	r7, [sp], #4
 196 0018 7047     		bx	lr
 197              	.L10:
 198 001a 00BF     		.align	2
 199              	.L9:
 200 001c 01510040 		.word	1073762561
 201              		.cfi_endproc
 202              	.LFE2:
 203              		.size	Rx_Back_Pins_Read, .-Rx_Back_Pins_Read
 204              		.section	.text.Rx_Back_Pins_ReadDataReg,"ax",%progbits
 205              		.align	2
 206              		.global	Rx_Back_Pins_ReadDataReg
 207              		.thumb
 208              		.thumb_func
 209              		.type	Rx_Back_Pins_ReadDataReg, %function
 210              	Rx_Back_Pins_ReadDataReg:
 211              	.LFB3:
 100:.\Generated_Source\PSoC5/Rx_Back_Pins.c **** 
 101:.\Generated_Source\PSoC5/Rx_Back_Pins.c **** 
 102:.\Generated_Source\PSoC5/Rx_Back_Pins.c **** /*******************************************************************************
 103:.\Generated_Source\PSoC5/Rx_Back_Pins.c **** * Function Name: Rx_Back_Pins_ReadDataReg
 104:.\Generated_Source\PSoC5/Rx_Back_Pins.c **** ********************************************************************************
 105:.\Generated_Source\PSoC5/Rx_Back_Pins.c **** *
 106:.\Generated_Source\PSoC5/Rx_Back_Pins.c **** * Summary:
 107:.\Generated_Source\PSoC5/Rx_Back_Pins.c **** *  Read the current value assigned to a Digital Port's data output register
 108:.\Generated_Source\PSoC5/Rx_Back_Pins.c **** *
 109:.\Generated_Source\PSoC5/Rx_Back_Pins.c **** * Parameters:  
 110:.\Generated_Source\PSoC5/Rx_Back_Pins.c **** *  None 
 111:.\Generated_Source\PSoC5/Rx_Back_Pins.c **** *
 112:.\Generated_Source\PSoC5/Rx_Back_Pins.c **** * Return: 
 113:.\Generated_Source\PSoC5/Rx_Back_Pins.c **** *  Returns the current value assigned to the Digital Port's data output register
 114:.\Generated_Source\PSoC5/Rx_Back_Pins.c **** *  
 115:.\Generated_Source\PSoC5/Rx_Back_Pins.c **** *******************************************************************************/
 116:.\Generated_Source\PSoC5/Rx_Back_Pins.c **** uint8 Rx_Back_Pins_ReadDataReg(void) 
 117:.\Generated_Source\PSoC5/Rx_Back_Pins.c **** {
 212              		.loc 1 117 0
 213              		.cfi_startproc
 214              		@ args = 0, pretend = 0, frame = 0
 215              		@ frame_needed = 1, uses_anonymous_args = 0
 216              		@ link register save eliminated.
 217 0000 80B4     		push	{r7}
 218              		.cfi_def_cfa_offset 4
 219              		.cfi_offset 7, -4
 220 0002 00AF     		add	r7, sp, #0
 221              		.cfi_def_cfa_register 7
 118:.\Generated_Source\PSoC5/Rx_Back_Pins.c ****     return (Rx_Back_Pins_DR & Rx_Back_Pins_MASK) >> Rx_Back_Pins_SHIFT;
 222              		.loc 1 118 0
 223 0004 054B     		ldr	r3, .L13
 224 0006 1B78     		ldrb	r3, [r3]
ARM GAS  C:\Users\MATTHE~1\AppData\Local\Temp\ccelW8Mt.s 			page 7


 225 0008 DBB2     		uxtb	r3, r3
 226 000a 03F00F03 		and	r3, r3, #15
 227 000e DBB2     		uxtb	r3, r3
 119:.\Generated_Source\PSoC5/Rx_Back_Pins.c **** }
 228              		.loc 1 119 0
 229 0010 1846     		mov	r0, r3
 230 0012 BD46     		mov	sp, r7
 231              		@ sp needed
 232 0014 5DF8047B 		ldr	r7, [sp], #4
 233 0018 7047     		bx	lr
 234              	.L14:
 235 001a 00BF     		.align	2
 236              	.L13:
 237 001c 00510040 		.word	1073762560
 238              		.cfi_endproc
 239              	.LFE3:
 240              		.size	Rx_Back_Pins_ReadDataReg, .-Rx_Back_Pins_ReadDataReg
 241              		.text
 242              	.Letext0:
 243              		.file 2 ".\\Generated_Source\\PSoC5\\cytypes.h"
 244              		.section	.debug_info,"",%progbits
 245              	.Ldebug_info0:
 246 0000 19010000 		.4byte	0x119
 247 0004 0400     		.2byte	0x4
 248 0006 00000000 		.4byte	.Ldebug_abbrev0
 249 000a 04       		.byte	0x4
 250 000b 01       		.uleb128 0x1
 251 000c 20010000 		.4byte	.LASF20
 252 0010 01       		.byte	0x1
 253 0011 AF010000 		.4byte	.LASF21
 254 0015 00000000 		.4byte	.LASF22
 255 0019 00000000 		.4byte	.Ldebug_ranges0+0
 256 001d 00000000 		.4byte	0
 257 0021 00000000 		.4byte	.Ldebug_line0
 258 0025 02       		.uleb128 0x2
 259 0026 01       		.byte	0x1
 260 0027 06       		.byte	0x6
 261 0028 F0010000 		.4byte	.LASF0
 262 002c 02       		.uleb128 0x2
 263 002d 01       		.byte	0x1
 264 002e 08       		.byte	0x8
 265 002f 8D000000 		.4byte	.LASF1
 266 0033 02       		.uleb128 0x2
 267 0034 02       		.byte	0x2
 268 0035 05       		.byte	0x5
 269 0036 D7010000 		.4byte	.LASF2
 270 003a 02       		.uleb128 0x2
 271 003b 02       		.byte	0x2
 272 003c 07       		.byte	0x7
 273 003d B2000000 		.4byte	.LASF3
 274 0041 02       		.uleb128 0x2
 275 0042 04       		.byte	0x4
 276 0043 05       		.byte	0x5
 277 0044 E7010000 		.4byte	.LASF4
 278 0048 02       		.uleb128 0x2
 279 0049 04       		.byte	0x4
 280 004a 07       		.byte	0x7
ARM GAS  C:\Users\MATTHE~1\AppData\Local\Temp\ccelW8Mt.s 			page 8


 281 004b A0000000 		.4byte	.LASF5
 282 004f 02       		.uleb128 0x2
 283 0050 08       		.byte	0x8
 284 0051 05       		.byte	0x5
 285 0052 9C010000 		.4byte	.LASF6
 286 0056 02       		.uleb128 0x2
 287 0057 08       		.byte	0x8
 288 0058 07       		.byte	0x7
 289 0059 04010000 		.4byte	.LASF7
 290 005d 03       		.uleb128 0x3
 291 005e 04       		.byte	0x4
 292 005f 05       		.byte	0x5
 293 0060 696E7400 		.ascii	"int\000"
 294 0064 02       		.uleb128 0x2
 295 0065 04       		.byte	0x4
 296 0066 07       		.byte	0x7
 297 0067 E5000000 		.4byte	.LASF8
 298 006b 04       		.uleb128 0x4
 299 006c E1010000 		.4byte	.LASF12
 300 0070 02       		.byte	0x2
 301 0071 A1       		.byte	0xa1
 302 0072 2C000000 		.4byte	0x2c
 303 0076 02       		.uleb128 0x2
 304 0077 04       		.byte	0x4
 305 0078 04       		.byte	0x4
 306 0079 87000000 		.4byte	.LASF9
 307 007d 02       		.uleb128 0x2
 308 007e 08       		.byte	0x8
 309 007f 04       		.byte	0x4
 310 0080 DE000000 		.4byte	.LASF10
 311 0084 02       		.uleb128 0x2
 312 0085 01       		.byte	0x1
 313 0086 08       		.byte	0x8
 314 0087 AA010000 		.4byte	.LASF11
 315 008b 05       		.uleb128 0x5
 316 008c 9B000000 		.4byte	.LASF13
 317 0090 02       		.byte	0x2
 318 0091 4B01     		.2byte	0x14b
 319 0093 97000000 		.4byte	0x97
 320 0097 06       		.uleb128 0x6
 321 0098 6B000000 		.4byte	0x6b
 322 009c 07       		.uleb128 0x7
 323 009d 49000000 		.4byte	.LASF14
 324 00a1 01       		.byte	0x1
 325 00a2 27       		.byte	0x27
 326 00a3 00000000 		.4byte	.LFB0
 327 00a7 38000000 		.4byte	.LFE0-.LFB0
 328 00ab 01       		.uleb128 0x1
 329 00ac 9C       		.byte	0x9c
 330 00ad CE000000 		.4byte	0xce
 331 00b1 08       		.uleb128 0x8
 332 00b2 5C000000 		.4byte	.LASF16
 333 00b6 01       		.byte	0x1
 334 00b7 27       		.byte	0x27
 335 00b8 6B000000 		.4byte	0x6b
 336 00bc 02       		.uleb128 0x2
 337 00bd 91       		.byte	0x91
ARM GAS  C:\Users\MATTHE~1\AppData\Local\Temp\ccelW8Mt.s 			page 9


 338 00be 6F       		.sleb128 -17
 339 00bf 09       		.uleb128 0x9
 340 00c0 7C000000 		.4byte	.LASF23
 341 00c4 01       		.byte	0x1
 342 00c5 29       		.byte	0x29
 343 00c6 6B000000 		.4byte	0x6b
 344 00ca 02       		.uleb128 0x2
 345 00cb 91       		.byte	0x91
 346 00cc 77       		.sleb128 -9
 347 00cd 00       		.byte	0
 348 00ce 07       		.uleb128 0x7
 349 00cf 62000000 		.4byte	.LASF15
 350 00d3 01       		.byte	0x1
 351 00d4 45       		.byte	0x45
 352 00d5 00000000 		.4byte	.LFB1
 353 00d9 A4000000 		.4byte	.LFE1-.LFB1
 354 00dd 01       		.uleb128 0x1
 355 00de 9C       		.byte	0x9c
 356 00df F2000000 		.4byte	0xf2
 357 00e3 08       		.uleb128 0x8
 358 00e4 1B010000 		.4byte	.LASF17
 359 00e8 01       		.byte	0x1
 360 00e9 45       		.byte	0x45
 361 00ea 6B000000 		.4byte	0x6b
 362 00ee 02       		.uleb128 0x2
 363 00ef 91       		.byte	0x91
 364 00f0 77       		.sleb128 -9
 365 00f1 00       		.byte	0
 366 00f2 0A       		.uleb128 0xa
 367 00f3 F2000000 		.4byte	.LASF18
 368 00f7 01       		.byte	0x1
 369 00f8 60       		.byte	0x60
 370 00f9 6B000000 		.4byte	0x6b
 371 00fd 00000000 		.4byte	.LFB2
 372 0101 20000000 		.4byte	.LFE2-.LFB2
 373 0105 01       		.uleb128 0x1
 374 0106 9C       		.byte	0x9c
 375 0107 0A       		.uleb128 0xa
 376 0108 C5000000 		.4byte	.LASF19
 377 010c 01       		.byte	0x1
 378 010d 74       		.byte	0x74
 379 010e 6B000000 		.4byte	0x6b
 380 0112 00000000 		.4byte	.LFB3
 381 0116 20000000 		.4byte	.LFE3-.LFB3
 382 011a 01       		.uleb128 0x1
 383 011b 9C       		.byte	0x9c
 384 011c 00       		.byte	0
 385              		.section	.debug_abbrev,"",%progbits
 386              	.Ldebug_abbrev0:
 387 0000 01       		.uleb128 0x1
 388 0001 11       		.uleb128 0x11
 389 0002 01       		.byte	0x1
 390 0003 25       		.uleb128 0x25
 391 0004 0E       		.uleb128 0xe
 392 0005 13       		.uleb128 0x13
 393 0006 0B       		.uleb128 0xb
 394 0007 03       		.uleb128 0x3
ARM GAS  C:\Users\MATTHE~1\AppData\Local\Temp\ccelW8Mt.s 			page 10


 395 0008 0E       		.uleb128 0xe
 396 0009 1B       		.uleb128 0x1b
 397 000a 0E       		.uleb128 0xe
 398 000b 55       		.uleb128 0x55
 399 000c 17       		.uleb128 0x17
 400 000d 11       		.uleb128 0x11
 401 000e 01       		.uleb128 0x1
 402 000f 10       		.uleb128 0x10
 403 0010 17       		.uleb128 0x17
 404 0011 00       		.byte	0
 405 0012 00       		.byte	0
 406 0013 02       		.uleb128 0x2
 407 0014 24       		.uleb128 0x24
 408 0015 00       		.byte	0
 409 0016 0B       		.uleb128 0xb
 410 0017 0B       		.uleb128 0xb
 411 0018 3E       		.uleb128 0x3e
 412 0019 0B       		.uleb128 0xb
 413 001a 03       		.uleb128 0x3
 414 001b 0E       		.uleb128 0xe
 415 001c 00       		.byte	0
 416 001d 00       		.byte	0
 417 001e 03       		.uleb128 0x3
 418 001f 24       		.uleb128 0x24
 419 0020 00       		.byte	0
 420 0021 0B       		.uleb128 0xb
 421 0022 0B       		.uleb128 0xb
 422 0023 3E       		.uleb128 0x3e
 423 0024 0B       		.uleb128 0xb
 424 0025 03       		.uleb128 0x3
 425 0026 08       		.uleb128 0x8
 426 0027 00       		.byte	0
 427 0028 00       		.byte	0
 428 0029 04       		.uleb128 0x4
 429 002a 16       		.uleb128 0x16
 430 002b 00       		.byte	0
 431 002c 03       		.uleb128 0x3
 432 002d 0E       		.uleb128 0xe
 433 002e 3A       		.uleb128 0x3a
 434 002f 0B       		.uleb128 0xb
 435 0030 3B       		.uleb128 0x3b
 436 0031 0B       		.uleb128 0xb
 437 0032 49       		.uleb128 0x49
 438 0033 13       		.uleb128 0x13
 439 0034 00       		.byte	0
 440 0035 00       		.byte	0
 441 0036 05       		.uleb128 0x5
 442 0037 16       		.uleb128 0x16
 443 0038 00       		.byte	0
 444 0039 03       		.uleb128 0x3
 445 003a 0E       		.uleb128 0xe
 446 003b 3A       		.uleb128 0x3a
 447 003c 0B       		.uleb128 0xb
 448 003d 3B       		.uleb128 0x3b
 449 003e 05       		.uleb128 0x5
 450 003f 49       		.uleb128 0x49
 451 0040 13       		.uleb128 0x13
ARM GAS  C:\Users\MATTHE~1\AppData\Local\Temp\ccelW8Mt.s 			page 11


 452 0041 00       		.byte	0
 453 0042 00       		.byte	0
 454 0043 06       		.uleb128 0x6
 455 0044 35       		.uleb128 0x35
 456 0045 00       		.byte	0
 457 0046 49       		.uleb128 0x49
 458 0047 13       		.uleb128 0x13
 459 0048 00       		.byte	0
 460 0049 00       		.byte	0
 461 004a 07       		.uleb128 0x7
 462 004b 2E       		.uleb128 0x2e
 463 004c 01       		.byte	0x1
 464 004d 3F       		.uleb128 0x3f
 465 004e 19       		.uleb128 0x19
 466 004f 03       		.uleb128 0x3
 467 0050 0E       		.uleb128 0xe
 468 0051 3A       		.uleb128 0x3a
 469 0052 0B       		.uleb128 0xb
 470 0053 3B       		.uleb128 0x3b
 471 0054 0B       		.uleb128 0xb
 472 0055 27       		.uleb128 0x27
 473 0056 19       		.uleb128 0x19
 474 0057 11       		.uleb128 0x11
 475 0058 01       		.uleb128 0x1
 476 0059 12       		.uleb128 0x12
 477 005a 06       		.uleb128 0x6
 478 005b 40       		.uleb128 0x40
 479 005c 18       		.uleb128 0x18
 480 005d 9742     		.uleb128 0x2117
 481 005f 19       		.uleb128 0x19
 482 0060 01       		.uleb128 0x1
 483 0061 13       		.uleb128 0x13
 484 0062 00       		.byte	0
 485 0063 00       		.byte	0
 486 0064 08       		.uleb128 0x8
 487 0065 05       		.uleb128 0x5
 488 0066 00       		.byte	0
 489 0067 03       		.uleb128 0x3
 490 0068 0E       		.uleb128 0xe
 491 0069 3A       		.uleb128 0x3a
 492 006a 0B       		.uleb128 0xb
 493 006b 3B       		.uleb128 0x3b
 494 006c 0B       		.uleb128 0xb
 495 006d 49       		.uleb128 0x49
 496 006e 13       		.uleb128 0x13
 497 006f 02       		.uleb128 0x2
 498 0070 18       		.uleb128 0x18
 499 0071 00       		.byte	0
 500 0072 00       		.byte	0
 501 0073 09       		.uleb128 0x9
 502 0074 34       		.uleb128 0x34
 503 0075 00       		.byte	0
 504 0076 03       		.uleb128 0x3
 505 0077 0E       		.uleb128 0xe
 506 0078 3A       		.uleb128 0x3a
 507 0079 0B       		.uleb128 0xb
 508 007a 3B       		.uleb128 0x3b
ARM GAS  C:\Users\MATTHE~1\AppData\Local\Temp\ccelW8Mt.s 			page 12


 509 007b 0B       		.uleb128 0xb
 510 007c 49       		.uleb128 0x49
 511 007d 13       		.uleb128 0x13
 512 007e 02       		.uleb128 0x2
 513 007f 18       		.uleb128 0x18
 514 0080 00       		.byte	0
 515 0081 00       		.byte	0
 516 0082 0A       		.uleb128 0xa
 517 0083 2E       		.uleb128 0x2e
 518 0084 00       		.byte	0
 519 0085 3F       		.uleb128 0x3f
 520 0086 19       		.uleb128 0x19
 521 0087 03       		.uleb128 0x3
 522 0088 0E       		.uleb128 0xe
 523 0089 3A       		.uleb128 0x3a
 524 008a 0B       		.uleb128 0xb
 525 008b 3B       		.uleb128 0x3b
 526 008c 0B       		.uleb128 0xb
 527 008d 27       		.uleb128 0x27
 528 008e 19       		.uleb128 0x19
 529 008f 49       		.uleb128 0x49
 530 0090 13       		.uleb128 0x13
 531 0091 11       		.uleb128 0x11
 532 0092 01       		.uleb128 0x1
 533 0093 12       		.uleb128 0x12
 534 0094 06       		.uleb128 0x6
 535 0095 40       		.uleb128 0x40
 536 0096 18       		.uleb128 0x18
 537 0097 9742     		.uleb128 0x2117
 538 0099 19       		.uleb128 0x19
 539 009a 00       		.byte	0
 540 009b 00       		.byte	0
 541 009c 00       		.byte	0
 542              		.section	.debug_aranges,"",%progbits
 543 0000 34000000 		.4byte	0x34
 544 0004 0200     		.2byte	0x2
 545 0006 00000000 		.4byte	.Ldebug_info0
 546 000a 04       		.byte	0x4
 547 000b 00       		.byte	0
 548 000c 0000     		.2byte	0
 549 000e 0000     		.2byte	0
 550 0010 00000000 		.4byte	.LFB0
 551 0014 38000000 		.4byte	.LFE0-.LFB0
 552 0018 00000000 		.4byte	.LFB1
 553 001c A4000000 		.4byte	.LFE1-.LFB1
 554 0020 00000000 		.4byte	.LFB2
 555 0024 20000000 		.4byte	.LFE2-.LFB2
 556 0028 00000000 		.4byte	.LFB3
 557 002c 20000000 		.4byte	.LFE3-.LFB3
 558 0030 00000000 		.4byte	0
 559 0034 00000000 		.4byte	0
 560              		.section	.debug_ranges,"",%progbits
 561              	.Ldebug_ranges0:
 562 0000 00000000 		.4byte	.LFB0
 563 0004 38000000 		.4byte	.LFE0
 564 0008 00000000 		.4byte	.LFB1
 565 000c A4000000 		.4byte	.LFE1
ARM GAS  C:\Users\MATTHE~1\AppData\Local\Temp\ccelW8Mt.s 			page 13


 566 0010 00000000 		.4byte	.LFB2
 567 0014 20000000 		.4byte	.LFE2
 568 0018 00000000 		.4byte	.LFB3
 569 001c 20000000 		.4byte	.LFE3
 570 0020 00000000 		.4byte	0
 571 0024 00000000 		.4byte	0
 572              		.section	.debug_line,"",%progbits
 573              	.Ldebug_line0:
 574 0000 9C000000 		.section	.debug_str,"MS",%progbits,1
 574      02004B00 
 574      00000201 
 574      FB0E0D00 
 574      01010101 
 575              	.LASF22:
 576 0000 433A5C55 		.ascii	"C:\\Users\\Matthew Arbesfeld\\Documents\\PSoC Creat"
 576      73657273 
 576      5C4D6174 
 576      74686577 
 576      20417262 
 577 002f 6F725C42 		.ascii	"or\\BoxesUART\\Boxes5.cydsn\000"
 577      6F786573 
 577      55415254 
 577      5C426F78 
 577      6573352E 
 578              	.LASF14:
 579 0049 52785F42 		.ascii	"Rx_Back_Pins_Write\000"
 579      61636B5F 
 579      50696E73 
 579      5F577269 
 579      746500
 580              	.LASF16:
 581 005c 76616C75 		.ascii	"value\000"
 581      6500
 582              	.LASF15:
 583 0062 52785F42 		.ascii	"Rx_Back_Pins_SetDriveMode\000"
 583      61636B5F 
 583      50696E73 
 583      5F536574 
 583      44726976 
 584              	.LASF23:
 585 007c 73746174 		.ascii	"staticBits\000"
 585      69634269 
 585      747300
 586              	.LASF9:
 587 0087 666C6F61 		.ascii	"float\000"
 587      7400
 588              	.LASF1:
 589 008d 756E7369 		.ascii	"unsigned char\000"
 589      676E6564 
 589      20636861 
 589      7200
 590              	.LASF13:
 591 009b 72656738 		.ascii	"reg8\000"
 591      00
 592              	.LASF5:
 593 00a0 6C6F6E67 		.ascii	"long unsigned int\000"
 593      20756E73 
ARM GAS  C:\Users\MATTHE~1\AppData\Local\Temp\ccelW8Mt.s 			page 14


 593      69676E65 
 593      6420696E 
 593      7400
 594              	.LASF3:
 595 00b2 73686F72 		.ascii	"short unsigned int\000"
 595      7420756E 
 595      7369676E 
 595      65642069 
 595      6E7400
 596              	.LASF19:
 597 00c5 52785F42 		.ascii	"Rx_Back_Pins_ReadDataReg\000"
 597      61636B5F 
 597      50696E73 
 597      5F526561 
 597      64446174 
 598              	.LASF10:
 599 00de 646F7562 		.ascii	"double\000"
 599      6C6500
 600              	.LASF8:
 601 00e5 756E7369 		.ascii	"unsigned int\000"
 601      676E6564 
 601      20696E74 
 601      00
 602              	.LASF18:
 603 00f2 52785F42 		.ascii	"Rx_Back_Pins_Read\000"
 603      61636B5F 
 603      50696E73 
 603      5F526561 
 603      6400
 604              	.LASF7:
 605 0104 6C6F6E67 		.ascii	"long long unsigned int\000"
 605      206C6F6E 
 605      6720756E 
 605      7369676E 
 605      65642069 
 606              	.LASF17:
 607 011b 6D6F6465 		.ascii	"mode\000"
 607      00
 608              	.LASF20:
 609 0120 474E5520 		.ascii	"GNU C 4.8.4 20140526 (release) [ARM/embedded-4_8-br"
 609      4320342E 
 609      382E3420 
 609      32303134 
 609      30353236 
 610 0153 616E6368 		.ascii	"anch revision 211358] -mcpu=cortex-m3 -mthumb -g -O"
 610      20726576 
 610      6973696F 
 610      6E203231 
 610      31333538 
 611 0186 30202D66 		.ascii	"0 -ffunction-sections\000"
 611      66756E63 
 611      74696F6E 
 611      2D736563 
 611      74696F6E 
 612              	.LASF6:
 613 019c 6C6F6E67 		.ascii	"long long int\000"
 613      206C6F6E 
ARM GAS  C:\Users\MATTHE~1\AppData\Local\Temp\ccelW8Mt.s 			page 15


 613      6720696E 
 613      7400
 614              	.LASF11:
 615 01aa 63686172 		.ascii	"char\000"
 615      00
 616              	.LASF21:
 617 01af 2E5C4765 		.ascii	".\\Generated_Source\\PSoC5\\Rx_Back_Pins.c\000"
 617      6E657261 
 617      7465645F 
 617      536F7572 
 617      63655C50 
 618              	.LASF2:
 619 01d7 73686F72 		.ascii	"short int\000"
 619      7420696E 
 619      7400
 620              	.LASF12:
 621 01e1 75696E74 		.ascii	"uint8\000"
 621      3800
 622              	.LASF4:
 623 01e7 6C6F6E67 		.ascii	"long int\000"
 623      20696E74 
 623      00
 624              	.LASF0:
 625 01f0 7369676E 		.ascii	"signed char\000"
 625      65642063 
 625      68617200 
 626              		.ident	"GCC: (GNU Tools for ARM Embedded Processors) 4.8.4 20140526 (release) [ARM/embedded-4_8-br
