ARM GAS  C:\Users\MATTHE~1\AppData\Local\Temp\ccL1EZUw.s 			page 1


   1              		.cpu cortex-m0
   2              		.fpu softvfp
   3              		.eabi_attribute 20, 1
   4              		.eabi_attribute 21, 1
   5              		.eabi_attribute 23, 3
   6              		.eabi_attribute 24, 1
   7              		.eabi_attribute 25, 1
   8              		.eabi_attribute 26, 1
   9              		.eabi_attribute 30, 6
  10              		.eabi_attribute 34, 0
  11              		.eabi_attribute 18, 4
  12              		.code	16
  13              		.file	"Side_1.c"
  14              		.text
  15              	.Ltext0:
  16              		.cfi_sections	.debug_frame
  17              		.section	.text.Side_1_Write,"ax",%progbits
  18              		.align	2
  19              		.global	Side_1_Write
  20              		.code	16
  21              		.thumb_func
  22              		.type	Side_1_Write, %function
  23              	Side_1_Write:
  24              	.LFB0:
  25              		.file 1 ".\\Generated_Source\\PSoC4\\Side_1.c"
   1:.\Generated_Source\PSoC4/Side_1.c **** /*******************************************************************************
   2:.\Generated_Source\PSoC4/Side_1.c **** * File Name: Side_1.c  
   3:.\Generated_Source\PSoC4/Side_1.c **** * Version 2.10
   4:.\Generated_Source\PSoC4/Side_1.c **** *
   5:.\Generated_Source\PSoC4/Side_1.c **** * Description:
   6:.\Generated_Source\PSoC4/Side_1.c **** *  This file contains API to enable firmware control of a Pins component.
   7:.\Generated_Source\PSoC4/Side_1.c **** *
   8:.\Generated_Source\PSoC4/Side_1.c **** * Note:
   9:.\Generated_Source\PSoC4/Side_1.c **** *
  10:.\Generated_Source\PSoC4/Side_1.c **** ********************************************************************************
  11:.\Generated_Source\PSoC4/Side_1.c **** * Copyright 2008-2014, Cypress Semiconductor Corporation.  All rights reserved.
  12:.\Generated_Source\PSoC4/Side_1.c **** * You may use this file only in accordance with the license, terms, conditions, 
  13:.\Generated_Source\PSoC4/Side_1.c **** * disclaimers, and limitations in the end user license agreement accompanying 
  14:.\Generated_Source\PSoC4/Side_1.c **** * the software package with which this file was provided.
  15:.\Generated_Source\PSoC4/Side_1.c **** *******************************************************************************/
  16:.\Generated_Source\PSoC4/Side_1.c **** 
  17:.\Generated_Source\PSoC4/Side_1.c **** #include "cytypes.h"
  18:.\Generated_Source\PSoC4/Side_1.c **** #include "Side_1.h"
  19:.\Generated_Source\PSoC4/Side_1.c **** 
  20:.\Generated_Source\PSoC4/Side_1.c **** #define SetP4PinDriveMode(shift, mode)  \
  21:.\Generated_Source\PSoC4/Side_1.c ****     do { \
  22:.\Generated_Source\PSoC4/Side_1.c ****         Side_1_PC =   (Side_1_PC & \
  23:.\Generated_Source\PSoC4/Side_1.c ****                                 (uint32)(~(uint32)(Side_1_DRIVE_MODE_IND_MASK << (Side_1_DRIVE_MODE
  24:.\Generated_Source\PSoC4/Side_1.c ****                                 (uint32)((uint32)(mode) << (Side_1_DRIVE_MODE_BITS * (shift))); \
  25:.\Generated_Source\PSoC4/Side_1.c ****     } while (0)
  26:.\Generated_Source\PSoC4/Side_1.c **** 
  27:.\Generated_Source\PSoC4/Side_1.c **** 
  28:.\Generated_Source\PSoC4/Side_1.c **** /*******************************************************************************
  29:.\Generated_Source\PSoC4/Side_1.c **** * Function Name: Side_1_Write
  30:.\Generated_Source\PSoC4/Side_1.c **** ********************************************************************************
  31:.\Generated_Source\PSoC4/Side_1.c **** *
  32:.\Generated_Source\PSoC4/Side_1.c **** * Summary:
ARM GAS  C:\Users\MATTHE~1\AppData\Local\Temp\ccL1EZUw.s 			page 2


  33:.\Generated_Source\PSoC4/Side_1.c **** *  Assign a new value to the digital port's data output register.  
  34:.\Generated_Source\PSoC4/Side_1.c **** *
  35:.\Generated_Source\PSoC4/Side_1.c **** * Parameters:  
  36:.\Generated_Source\PSoC4/Side_1.c **** *  prtValue:  The value to be assigned to the Digital Port. 
  37:.\Generated_Source\PSoC4/Side_1.c **** *
  38:.\Generated_Source\PSoC4/Side_1.c **** * Return: 
  39:.\Generated_Source\PSoC4/Side_1.c **** *  None 
  40:.\Generated_Source\PSoC4/Side_1.c **** *  
  41:.\Generated_Source\PSoC4/Side_1.c **** *******************************************************************************/
  42:.\Generated_Source\PSoC4/Side_1.c **** void Side_1_Write(uint8 value) 
  43:.\Generated_Source\PSoC4/Side_1.c **** {
  26              		.loc 1 43 0
  27              		.cfi_startproc
  28 0000 80B5     		push	{r7, lr}
  29              		.cfi_def_cfa_offset 8
  30              		.cfi_offset 7, -8
  31              		.cfi_offset 14, -4
  32 0002 84B0     		sub	sp, sp, #16
  33              		.cfi_def_cfa_offset 24
  34 0004 00AF     		add	r7, sp, #0
  35              		.cfi_def_cfa_register 7
  36 0006 021C     		mov	r2, r0
  37 0008 FB1D     		add	r3, r7, #7
  38 000a 1A70     		strb	r2, [r3]
  44:.\Generated_Source\PSoC4/Side_1.c ****     uint8 drVal = (uint8)(Side_1_DR & (uint8)(~Side_1_MASK));
  39              		.loc 1 44 0
  40 000c 0D4B     		ldr	r3, .L2
  41 000e 1B68     		ldr	r3, [r3]
  42 0010 DAB2     		uxtb	r2, r3
  43 0012 3B1C     		mov	r3, r7
  44 0014 0F33     		add	r3, r3, #15
  45 0016 0321     		mov	r1, #3
  46 0018 8A43     		bic	r2, r1
  47 001a 1A70     		strb	r2, [r3]
  45:.\Generated_Source\PSoC4/Side_1.c ****     drVal = (drVal | ((uint8)(value << Side_1_SHIFT) & Side_1_MASK));
  48              		.loc 1 45 0
  49 001c FB1D     		add	r3, r7, #7
  50 001e 1A78     		ldrb	r2, [r3]
  51 0020 0323     		mov	r3, #3
  52 0022 1340     		and	r3, r2
  53 0024 D9B2     		uxtb	r1, r3
  54 0026 3B1C     		mov	r3, r7
  55 0028 0F33     		add	r3, r3, #15
  56 002a 3A1C     		mov	r2, r7
  57 002c 0F32     		add	r2, r2, #15
  58 002e 1278     		ldrb	r2, [r2]
  59 0030 0A43     		orr	r2, r1
  60 0032 1A70     		strb	r2, [r3]
  46:.\Generated_Source\PSoC4/Side_1.c ****     Side_1_DR = (uint32)drVal;
  61              		.loc 1 46 0
  62 0034 034B     		ldr	r3, .L2
  63 0036 3A1C     		mov	r2, r7
  64 0038 0F32     		add	r2, r2, #15
  65 003a 1278     		ldrb	r2, [r2]
  66 003c 1A60     		str	r2, [r3]
  47:.\Generated_Source\PSoC4/Side_1.c **** }
  67              		.loc 1 47 0
ARM GAS  C:\Users\MATTHE~1\AppData\Local\Temp\ccL1EZUw.s 			page 3


  68 003e BD46     		mov	sp, r7
  69 0040 04B0     		add	sp, sp, #16
  70              		@ sp needed
  71 0042 80BD     		pop	{r7, pc}
  72              	.L3:
  73              		.align	2
  74              	.L2:
  75 0044 00030440 		.word	1074004736
  76              		.cfi_endproc
  77              	.LFE0:
  78              		.size	Side_1_Write, .-Side_1_Write
  79              		.section	.text.Side_1_SetDriveMode,"ax",%progbits
  80              		.align	2
  81              		.global	Side_1_SetDriveMode
  82              		.code	16
  83              		.thumb_func
  84              		.type	Side_1_SetDriveMode, %function
  85              	Side_1_SetDriveMode:
  86              	.LFB1:
  48:.\Generated_Source\PSoC4/Side_1.c **** 
  49:.\Generated_Source\PSoC4/Side_1.c **** 
  50:.\Generated_Source\PSoC4/Side_1.c **** /*******************************************************************************
  51:.\Generated_Source\PSoC4/Side_1.c **** * Function Name: Side_1_SetDriveMode
  52:.\Generated_Source\PSoC4/Side_1.c **** ********************************************************************************
  53:.\Generated_Source\PSoC4/Side_1.c **** *
  54:.\Generated_Source\PSoC4/Side_1.c **** * Summary:
  55:.\Generated_Source\PSoC4/Side_1.c **** *  Change the drive mode on the pins of the port.
  56:.\Generated_Source\PSoC4/Side_1.c **** * 
  57:.\Generated_Source\PSoC4/Side_1.c **** * Parameters:  
  58:.\Generated_Source\PSoC4/Side_1.c **** *  mode:  Change the pins to one of the following drive modes.
  59:.\Generated_Source\PSoC4/Side_1.c **** *
  60:.\Generated_Source\PSoC4/Side_1.c **** *  Side_1_DM_STRONG     Strong Drive 
  61:.\Generated_Source\PSoC4/Side_1.c **** *  Side_1_DM_OD_HI      Open Drain, Drives High 
  62:.\Generated_Source\PSoC4/Side_1.c **** *  Side_1_DM_OD_LO      Open Drain, Drives Low 
  63:.\Generated_Source\PSoC4/Side_1.c **** *  Side_1_DM_RES_UP     Resistive Pull Up 
  64:.\Generated_Source\PSoC4/Side_1.c **** *  Side_1_DM_RES_DWN    Resistive Pull Down 
  65:.\Generated_Source\PSoC4/Side_1.c **** *  Side_1_DM_RES_UPDWN  Resistive Pull Up/Down 
  66:.\Generated_Source\PSoC4/Side_1.c **** *  Side_1_DM_DIG_HIZ    High Impedance Digital 
  67:.\Generated_Source\PSoC4/Side_1.c **** *  Side_1_DM_ALG_HIZ    High Impedance Analog 
  68:.\Generated_Source\PSoC4/Side_1.c **** *
  69:.\Generated_Source\PSoC4/Side_1.c **** * Return: 
  70:.\Generated_Source\PSoC4/Side_1.c **** *  None
  71:.\Generated_Source\PSoC4/Side_1.c **** *
  72:.\Generated_Source\PSoC4/Side_1.c **** *******************************************************************************/
  73:.\Generated_Source\PSoC4/Side_1.c **** void Side_1_SetDriveMode(uint8 mode) 
  74:.\Generated_Source\PSoC4/Side_1.c **** {
  87              		.loc 1 74 0
  88              		.cfi_startproc
  89 0000 80B5     		push	{r7, lr}
  90              		.cfi_def_cfa_offset 8
  91              		.cfi_offset 7, -8
  92              		.cfi_offset 14, -4
  93 0002 82B0     		sub	sp, sp, #8
  94              		.cfi_def_cfa_offset 16
  95 0004 00AF     		add	r7, sp, #0
  96              		.cfi_def_cfa_register 7
  97 0006 021C     		mov	r2, r0
ARM GAS  C:\Users\MATTHE~1\AppData\Local\Temp\ccL1EZUw.s 			page 4


  98 0008 FB1D     		add	r3, r7, #7
  99 000a 1A70     		strb	r2, [r3]
  75:.\Generated_Source\PSoC4/Side_1.c **** 	SetP4PinDriveMode(Side_1__0__SHIFT, mode);
 100              		.loc 1 75 0
 101 000c 0C4B     		ldr	r3, .L5
 102 000e 0C4A     		ldr	r2, .L5
 103 0010 1268     		ldr	r2, [r2]
 104 0012 0721     		mov	r1, #7
 105 0014 101C     		mov	r0, r2
 106 0016 8843     		bic	r0, r1
 107 0018 011C     		mov	r1, r0
 108 001a FA1D     		add	r2, r7, #7
 109 001c 1278     		ldrb	r2, [r2]
 110 001e 0A43     		orr	r2, r1
 111 0020 1A60     		str	r2, [r3]
  76:.\Generated_Source\PSoC4/Side_1.c **** 	SetP4PinDriveMode(Side_1__1__SHIFT, mode);
 112              		.loc 1 76 0
 113 0022 074B     		ldr	r3, .L5
 114 0024 064A     		ldr	r2, .L5
 115 0026 1268     		ldr	r2, [r2]
 116 0028 3821     		mov	r1, #56
 117 002a 101C     		mov	r0, r2
 118 002c 8843     		bic	r0, r1
 119 002e 011C     		mov	r1, r0
 120 0030 FA1D     		add	r2, r7, #7
 121 0032 1278     		ldrb	r2, [r2]
 122 0034 D200     		lsl	r2, r2, #3
 123 0036 0A43     		orr	r2, r1
 124 0038 1A60     		str	r2, [r3]
  77:.\Generated_Source\PSoC4/Side_1.c **** }
 125              		.loc 1 77 0
 126 003a BD46     		mov	sp, r7
 127 003c 02B0     		add	sp, sp, #8
 128              		@ sp needed
 129 003e 80BD     		pop	{r7, pc}
 130              	.L6:
 131              		.align	2
 132              	.L5:
 133 0040 08030440 		.word	1074004744
 134              		.cfi_endproc
 135              	.LFE1:
 136              		.size	Side_1_SetDriveMode, .-Side_1_SetDriveMode
 137              		.section	.text.Side_1_Read,"ax",%progbits
 138              		.align	2
 139              		.global	Side_1_Read
 140              		.code	16
 141              		.thumb_func
 142              		.type	Side_1_Read, %function
 143              	Side_1_Read:
 144              	.LFB2:
  78:.\Generated_Source\PSoC4/Side_1.c **** 
  79:.\Generated_Source\PSoC4/Side_1.c **** 
  80:.\Generated_Source\PSoC4/Side_1.c **** /*******************************************************************************
  81:.\Generated_Source\PSoC4/Side_1.c **** * Function Name: Side_1_Read
  82:.\Generated_Source\PSoC4/Side_1.c **** ********************************************************************************
  83:.\Generated_Source\PSoC4/Side_1.c **** *
  84:.\Generated_Source\PSoC4/Side_1.c **** * Summary:
ARM GAS  C:\Users\MATTHE~1\AppData\Local\Temp\ccL1EZUw.s 			page 5


  85:.\Generated_Source\PSoC4/Side_1.c **** *  Read the current value on the pins of the Digital Port in right justified 
  86:.\Generated_Source\PSoC4/Side_1.c **** *  form.
  87:.\Generated_Source\PSoC4/Side_1.c **** *
  88:.\Generated_Source\PSoC4/Side_1.c **** * Parameters:  
  89:.\Generated_Source\PSoC4/Side_1.c **** *  None 
  90:.\Generated_Source\PSoC4/Side_1.c **** *
  91:.\Generated_Source\PSoC4/Side_1.c **** * Return: 
  92:.\Generated_Source\PSoC4/Side_1.c **** *  Returns the current value of the Digital Port as a right justified number
  93:.\Generated_Source\PSoC4/Side_1.c **** *  
  94:.\Generated_Source\PSoC4/Side_1.c **** * Note:
  95:.\Generated_Source\PSoC4/Side_1.c **** *  Macro Side_1_ReadPS calls this function. 
  96:.\Generated_Source\PSoC4/Side_1.c **** *  
  97:.\Generated_Source\PSoC4/Side_1.c **** *******************************************************************************/
  98:.\Generated_Source\PSoC4/Side_1.c **** uint8 Side_1_Read(void) 
  99:.\Generated_Source\PSoC4/Side_1.c **** {
 145              		.loc 1 99 0
 146              		.cfi_startproc
 147 0000 80B5     		push	{r7, lr}
 148              		.cfi_def_cfa_offset 8
 149              		.cfi_offset 7, -8
 150              		.cfi_offset 14, -4
 151 0002 00AF     		add	r7, sp, #0
 152              		.cfi_def_cfa_register 7
 100:.\Generated_Source\PSoC4/Side_1.c ****     return (uint8)((Side_1_PS & Side_1_MASK) >> Side_1_SHIFT);
 153              		.loc 1 100 0
 154 0004 044B     		ldr	r3, .L9
 155 0006 1B68     		ldr	r3, [r3]
 156 0008 DAB2     		uxtb	r2, r3
 157 000a 0323     		mov	r3, #3
 158 000c 1340     		and	r3, r2
 159 000e DBB2     		uxtb	r3, r3
 101:.\Generated_Source\PSoC4/Side_1.c **** }
 160              		.loc 1 101 0
 161 0010 181C     		mov	r0, r3
 162 0012 BD46     		mov	sp, r7
 163              		@ sp needed
 164 0014 80BD     		pop	{r7, pc}
 165              	.L10:
 166 0016 C046     		.align	2
 167              	.L9:
 168 0018 04030440 		.word	1074004740
 169              		.cfi_endproc
 170              	.LFE2:
 171              		.size	Side_1_Read, .-Side_1_Read
 172              		.section	.text.Side_1_ReadDataReg,"ax",%progbits
 173              		.align	2
 174              		.global	Side_1_ReadDataReg
 175              		.code	16
 176              		.thumb_func
 177              		.type	Side_1_ReadDataReg, %function
 178              	Side_1_ReadDataReg:
 179              	.LFB3:
 102:.\Generated_Source\PSoC4/Side_1.c **** 
 103:.\Generated_Source\PSoC4/Side_1.c **** 
 104:.\Generated_Source\PSoC4/Side_1.c **** /*******************************************************************************
 105:.\Generated_Source\PSoC4/Side_1.c **** * Function Name: Side_1_ReadDataReg
 106:.\Generated_Source\PSoC4/Side_1.c **** ********************************************************************************
ARM GAS  C:\Users\MATTHE~1\AppData\Local\Temp\ccL1EZUw.s 			page 6


 107:.\Generated_Source\PSoC4/Side_1.c **** *
 108:.\Generated_Source\PSoC4/Side_1.c **** * Summary:
 109:.\Generated_Source\PSoC4/Side_1.c **** *  Read the current value assigned to a Digital Port's data output register
 110:.\Generated_Source\PSoC4/Side_1.c **** *
 111:.\Generated_Source\PSoC4/Side_1.c **** * Parameters:  
 112:.\Generated_Source\PSoC4/Side_1.c **** *  None 
 113:.\Generated_Source\PSoC4/Side_1.c **** *
 114:.\Generated_Source\PSoC4/Side_1.c **** * Return: 
 115:.\Generated_Source\PSoC4/Side_1.c **** *  Returns the current value assigned to the Digital Port's data output register
 116:.\Generated_Source\PSoC4/Side_1.c **** *  
 117:.\Generated_Source\PSoC4/Side_1.c **** *******************************************************************************/
 118:.\Generated_Source\PSoC4/Side_1.c **** uint8 Side_1_ReadDataReg(void) 
 119:.\Generated_Source\PSoC4/Side_1.c **** {
 180              		.loc 1 119 0
 181              		.cfi_startproc
 182 0000 80B5     		push	{r7, lr}
 183              		.cfi_def_cfa_offset 8
 184              		.cfi_offset 7, -8
 185              		.cfi_offset 14, -4
 186 0002 00AF     		add	r7, sp, #0
 187              		.cfi_def_cfa_register 7
 120:.\Generated_Source\PSoC4/Side_1.c ****     return (uint8)((Side_1_DR & Side_1_MASK) >> Side_1_SHIFT);
 188              		.loc 1 120 0
 189 0004 044B     		ldr	r3, .L13
 190 0006 1B68     		ldr	r3, [r3]
 191 0008 DAB2     		uxtb	r2, r3
 192 000a 0323     		mov	r3, #3
 193 000c 1340     		and	r3, r2
 194 000e DBB2     		uxtb	r3, r3
 121:.\Generated_Source\PSoC4/Side_1.c **** }
 195              		.loc 1 121 0
 196 0010 181C     		mov	r0, r3
 197 0012 BD46     		mov	sp, r7
 198              		@ sp needed
 199 0014 80BD     		pop	{r7, pc}
 200              	.L14:
 201 0016 C046     		.align	2
 202              	.L13:
 203 0018 00030440 		.word	1074004736
 204              		.cfi_endproc
 205              	.LFE3:
 206              		.size	Side_1_ReadDataReg, .-Side_1_ReadDataReg
 207              		.section	.text.Side_1_ClearInterrupt,"ax",%progbits
 208              		.align	2
 209              		.global	Side_1_ClearInterrupt
 210              		.code	16
 211              		.thumb_func
 212              		.type	Side_1_ClearInterrupt, %function
 213              	Side_1_ClearInterrupt:
 214              	.LFB4:
 122:.\Generated_Source\PSoC4/Side_1.c **** 
 123:.\Generated_Source\PSoC4/Side_1.c **** 
 124:.\Generated_Source\PSoC4/Side_1.c **** /* If Interrupts Are Enabled for this Pins component */ 
 125:.\Generated_Source\PSoC4/Side_1.c **** #if defined(Side_1_INTSTAT) 
 126:.\Generated_Source\PSoC4/Side_1.c **** 
 127:.\Generated_Source\PSoC4/Side_1.c ****     /*******************************************************************************
 128:.\Generated_Source\PSoC4/Side_1.c ****     * Function Name: Side_1_ClearInterrupt
ARM GAS  C:\Users\MATTHE~1\AppData\Local\Temp\ccL1EZUw.s 			page 7


 129:.\Generated_Source\PSoC4/Side_1.c ****     ********************************************************************************
 130:.\Generated_Source\PSoC4/Side_1.c ****     *
 131:.\Generated_Source\PSoC4/Side_1.c ****     * Summary:
 132:.\Generated_Source\PSoC4/Side_1.c ****     *  Clears any active interrupts attached to port and returns the value of the 
 133:.\Generated_Source\PSoC4/Side_1.c ****     *  interrupt status register.
 134:.\Generated_Source\PSoC4/Side_1.c ****     *
 135:.\Generated_Source\PSoC4/Side_1.c ****     * Parameters:  
 136:.\Generated_Source\PSoC4/Side_1.c ****     *  None 
 137:.\Generated_Source\PSoC4/Side_1.c ****     *
 138:.\Generated_Source\PSoC4/Side_1.c ****     * Return: 
 139:.\Generated_Source\PSoC4/Side_1.c ****     *  Returns the value of the interrupt status register
 140:.\Generated_Source\PSoC4/Side_1.c ****     *  
 141:.\Generated_Source\PSoC4/Side_1.c ****     *******************************************************************************/
 142:.\Generated_Source\PSoC4/Side_1.c ****     uint8 Side_1_ClearInterrupt(void) 
 143:.\Generated_Source\PSoC4/Side_1.c ****     {
 215              		.loc 1 143 0
 216              		.cfi_startproc
 217 0000 80B5     		push	{r7, lr}
 218              		.cfi_def_cfa_offset 8
 219              		.cfi_offset 7, -8
 220              		.cfi_offset 14, -4
 221 0002 82B0     		sub	sp, sp, #8
 222              		.cfi_def_cfa_offset 16
 223 0004 00AF     		add	r7, sp, #0
 224              		.cfi_def_cfa_register 7
 144:.\Generated_Source\PSoC4/Side_1.c **** 		uint8 maskedStatus = (uint8)(Side_1_INTSTAT & Side_1_MASK);
 225              		.loc 1 144 0
 226 0006 084B     		ldr	r3, .L17
 227 0008 1B68     		ldr	r3, [r3]
 228 000a D9B2     		uxtb	r1, r3
 229 000c FB1D     		add	r3, r7, #7
 230 000e 0322     		mov	r2, #3
 231 0010 0A40     		and	r2, r1
 232 0012 1A70     		strb	r2, [r3]
 145:.\Generated_Source\PSoC4/Side_1.c **** 		Side_1_INTSTAT = maskedStatus;
 233              		.loc 1 145 0
 234 0014 044B     		ldr	r3, .L17
 235 0016 FA1D     		add	r2, r7, #7
 236 0018 1278     		ldrb	r2, [r2]
 237 001a 1A60     		str	r2, [r3]
 146:.\Generated_Source\PSoC4/Side_1.c ****         return maskedStatus >> Side_1_SHIFT;
 238              		.loc 1 146 0
 239 001c FB1D     		add	r3, r7, #7
 240 001e 1B78     		ldrb	r3, [r3]
 147:.\Generated_Source\PSoC4/Side_1.c ****     }
 241              		.loc 1 147 0
 242 0020 181C     		mov	r0, r3
 243 0022 BD46     		mov	sp, r7
 244 0024 02B0     		add	sp, sp, #8
 245              		@ sp needed
 246 0026 80BD     		pop	{r7, pc}
 247              	.L18:
 248              		.align	2
 249              	.L17:
 250 0028 10030440 		.word	1074004752
 251              		.cfi_endproc
 252              	.LFE4:
ARM GAS  C:\Users\MATTHE~1\AppData\Local\Temp\ccL1EZUw.s 			page 8


 253              		.size	Side_1_ClearInterrupt, .-Side_1_ClearInterrupt
 254              		.text
 255              	.Letext0:
 256              		.file 2 ".\\Generated_Source\\PSoC4\\cytypes.h"
 257              		.section	.debug_info,"",%progbits
 258              	.Ldebug_info0:
 259 0000 48010000 		.4byte	0x148
 260 0004 0400     		.2byte	0x4
 261 0006 00000000 		.4byte	.Ldebug_abbrev0
 262 000a 04       		.byte	0x4
 263 000b 01       		.uleb128 0x1
 264 000c 40010000 		.4byte	.LASF24
 265 0010 01       		.byte	0x1
 266 0011 11010000 		.4byte	.LASF25
 267 0015 06000000 		.4byte	.LASF26
 268 0019 00000000 		.4byte	.Ldebug_ranges0+0
 269 001d 00000000 		.4byte	0
 270 0021 00000000 		.4byte	.Ldebug_line0
 271 0025 02       		.uleb128 0x2
 272 0026 01       		.byte	0x1
 273 0027 06       		.byte	0x6
 274 0028 FA010000 		.4byte	.LASF0
 275 002c 02       		.uleb128 0x2
 276 002d 01       		.byte	0x1
 277 002e 08       		.byte	0x8
 278 002f 8D000000 		.4byte	.LASF1
 279 0033 02       		.uleb128 0x2
 280 0034 02       		.byte	0x2
 281 0035 05       		.byte	0x5
 282 0036 E1010000 		.4byte	.LASF2
 283 003a 02       		.uleb128 0x2
 284 003b 02       		.byte	0x2
 285 003c 07       		.byte	0x7
 286 003d B3000000 		.4byte	.LASF3
 287 0041 02       		.uleb128 0x2
 288 0042 04       		.byte	0x4
 289 0043 05       		.byte	0x5
 290 0044 F1010000 		.4byte	.LASF4
 291 0048 02       		.uleb128 0x2
 292 0049 04       		.byte	0x4
 293 004a 07       		.byte	0x7
 294 004b A1000000 		.4byte	.LASF5
 295 004f 02       		.uleb128 0x2
 296 0050 08       		.byte	0x8
 297 0051 05       		.byte	0x5
 298 0052 C1010000 		.4byte	.LASF6
 299 0056 02       		.uleb128 0x2
 300 0057 08       		.byte	0x8
 301 0058 07       		.byte	0x7
 302 0059 76000000 		.4byte	.LASF7
 303 005d 03       		.uleb128 0x3
 304 005e 04       		.byte	0x4
 305 005f 05       		.byte	0x5
 306 0060 696E7400 		.ascii	"int\000"
 307 0064 02       		.uleb128 0x2
 308 0065 04       		.byte	0x4
 309 0066 07       		.byte	0x7
ARM GAS  C:\Users\MATTHE~1\AppData\Local\Temp\ccL1EZUw.s 			page 9


 310 0067 33010000 		.4byte	.LASF8
 311 006b 04       		.uleb128 0x4
 312 006c EB010000 		.4byte	.LASF9
 313 0070 02       		.byte	0x2
 314 0071 A1       		.byte	0xa1
 315 0072 2C000000 		.4byte	0x2c
 316 0076 04       		.uleb128 0x4
 317 0077 0A010000 		.4byte	.LASF10
 318 007b 02       		.byte	0x2
 319 007c A3       		.byte	0xa3
 320 007d 48000000 		.4byte	0x48
 321 0081 02       		.uleb128 0x2
 322 0082 04       		.byte	0x4
 323 0083 04       		.byte	0x4
 324 0084 70000000 		.4byte	.LASF11
 325 0088 02       		.uleb128 0x2
 326 0089 08       		.byte	0x8
 327 008a 04       		.byte	0x4
 328 008b D9000000 		.4byte	.LASF12
 329 008f 02       		.uleb128 0x2
 330 0090 01       		.byte	0x1
 331 0091 08       		.byte	0x8
 332 0092 DC010000 		.4byte	.LASF13
 333 0096 05       		.uleb128 0x5
 334 0097 00000000 		.4byte	.LASF14
 335 009b 02       		.byte	0x2
 336 009c 4D01     		.2byte	0x14d
 337 009e A2000000 		.4byte	0xa2
 338 00a2 06       		.uleb128 0x6
 339 00a3 76000000 		.4byte	0x76
 340 00a7 07       		.uleb128 0x7
 341 00a8 57000000 		.4byte	.LASF15
 342 00ac 01       		.byte	0x1
 343 00ad 2A       		.byte	0x2a
 344 00ae 00000000 		.4byte	.LFB0
 345 00b2 48000000 		.4byte	.LFE0-.LFB0
 346 00b6 01       		.uleb128 0x1
 347 00b7 9C       		.byte	0x9c
 348 00b8 D9000000 		.4byte	0xd9
 349 00bc 08       		.uleb128 0x8
 350 00bd 51000000 		.4byte	.LASF17
 351 00c1 01       		.byte	0x1
 352 00c2 2A       		.byte	0x2a
 353 00c3 6B000000 		.4byte	0x6b
 354 00c7 02       		.uleb128 0x2
 355 00c8 91       		.byte	0x91
 356 00c9 6F       		.sleb128 -17
 357 00ca 09       		.uleb128 0x9
 358 00cb 9B000000 		.4byte	.LASF22
 359 00cf 01       		.byte	0x1
 360 00d0 2C       		.byte	0x2c
 361 00d1 6B000000 		.4byte	0x6b
 362 00d5 02       		.uleb128 0x2
 363 00d6 91       		.byte	0x91
 364 00d7 77       		.sleb128 -9
 365 00d8 00       		.byte	0
 366 00d9 07       		.uleb128 0x7
ARM GAS  C:\Users\MATTHE~1\AppData\Local\Temp\ccL1EZUw.s 			page 10


 367 00da E0000000 		.4byte	.LASF16
 368 00de 01       		.byte	0x1
 369 00df 49       		.byte	0x49
 370 00e0 00000000 		.4byte	.LFB1
 371 00e4 44000000 		.4byte	.LFE1-.LFB1
 372 00e8 01       		.uleb128 0x1
 373 00e9 9C       		.byte	0x9c
 374 00ea FD000000 		.4byte	0xfd
 375 00ee 08       		.uleb128 0x8
 376 00ef BC010000 		.4byte	.LASF18
 377 00f3 01       		.byte	0x1
 378 00f4 49       		.byte	0x49
 379 00f5 6B000000 		.4byte	0x6b
 380 00f9 02       		.uleb128 0x2
 381 00fa 91       		.byte	0x91
 382 00fb 77       		.sleb128 -9
 383 00fc 00       		.byte	0
 384 00fd 0A       		.uleb128 0xa
 385 00fe 64000000 		.4byte	.LASF19
 386 0102 01       		.byte	0x1
 387 0103 62       		.byte	0x62
 388 0104 6B000000 		.4byte	0x6b
 389 0108 00000000 		.4byte	.LFB2
 390 010c 1C000000 		.4byte	.LFE2-.LFB2
 391 0110 01       		.uleb128 0x1
 392 0111 9C       		.byte	0x9c
 393 0112 0A       		.uleb128 0xa
 394 0113 C6000000 		.4byte	.LASF20
 395 0117 01       		.byte	0x1
 396 0118 76       		.byte	0x76
 397 0119 6B000000 		.4byte	0x6b
 398 011d 00000000 		.4byte	.LFB3
 399 0121 1C000000 		.4byte	.LFE3-.LFB3
 400 0125 01       		.uleb128 0x1
 401 0126 9C       		.byte	0x9c
 402 0127 0B       		.uleb128 0xb
 403 0128 F4000000 		.4byte	.LASF21
 404 012c 01       		.byte	0x1
 405 012d 8E       		.byte	0x8e
 406 012e 6B000000 		.4byte	0x6b
 407 0132 00000000 		.4byte	.LFB4
 408 0136 2C000000 		.4byte	.LFE4-.LFB4
 409 013a 01       		.uleb128 0x1
 410 013b 9C       		.byte	0x9c
 411 013c 09       		.uleb128 0x9
 412 013d CF010000 		.4byte	.LASF23
 413 0141 01       		.byte	0x1
 414 0142 90       		.byte	0x90
 415 0143 6B000000 		.4byte	0x6b
 416 0147 02       		.uleb128 0x2
 417 0148 91       		.byte	0x91
 418 0149 77       		.sleb128 -9
 419 014a 00       		.byte	0
 420 014b 00       		.byte	0
 421              		.section	.debug_abbrev,"",%progbits
 422              	.Ldebug_abbrev0:
 423 0000 01       		.uleb128 0x1
ARM GAS  C:\Users\MATTHE~1\AppData\Local\Temp\ccL1EZUw.s 			page 11


 424 0001 11       		.uleb128 0x11
 425 0002 01       		.byte	0x1
 426 0003 25       		.uleb128 0x25
 427 0004 0E       		.uleb128 0xe
 428 0005 13       		.uleb128 0x13
 429 0006 0B       		.uleb128 0xb
 430 0007 03       		.uleb128 0x3
 431 0008 0E       		.uleb128 0xe
 432 0009 1B       		.uleb128 0x1b
 433 000a 0E       		.uleb128 0xe
 434 000b 55       		.uleb128 0x55
 435 000c 17       		.uleb128 0x17
 436 000d 11       		.uleb128 0x11
 437 000e 01       		.uleb128 0x1
 438 000f 10       		.uleb128 0x10
 439 0010 17       		.uleb128 0x17
 440 0011 00       		.byte	0
 441 0012 00       		.byte	0
 442 0013 02       		.uleb128 0x2
 443 0014 24       		.uleb128 0x24
 444 0015 00       		.byte	0
 445 0016 0B       		.uleb128 0xb
 446 0017 0B       		.uleb128 0xb
 447 0018 3E       		.uleb128 0x3e
 448 0019 0B       		.uleb128 0xb
 449 001a 03       		.uleb128 0x3
 450 001b 0E       		.uleb128 0xe
 451 001c 00       		.byte	0
 452 001d 00       		.byte	0
 453 001e 03       		.uleb128 0x3
 454 001f 24       		.uleb128 0x24
 455 0020 00       		.byte	0
 456 0021 0B       		.uleb128 0xb
 457 0022 0B       		.uleb128 0xb
 458 0023 3E       		.uleb128 0x3e
 459 0024 0B       		.uleb128 0xb
 460 0025 03       		.uleb128 0x3
 461 0026 08       		.uleb128 0x8
 462 0027 00       		.byte	0
 463 0028 00       		.byte	0
 464 0029 04       		.uleb128 0x4
 465 002a 16       		.uleb128 0x16
 466 002b 00       		.byte	0
 467 002c 03       		.uleb128 0x3
 468 002d 0E       		.uleb128 0xe
 469 002e 3A       		.uleb128 0x3a
 470 002f 0B       		.uleb128 0xb
 471 0030 3B       		.uleb128 0x3b
 472 0031 0B       		.uleb128 0xb
 473 0032 49       		.uleb128 0x49
 474 0033 13       		.uleb128 0x13
 475 0034 00       		.byte	0
 476 0035 00       		.byte	0
 477 0036 05       		.uleb128 0x5
 478 0037 16       		.uleb128 0x16
 479 0038 00       		.byte	0
 480 0039 03       		.uleb128 0x3
ARM GAS  C:\Users\MATTHE~1\AppData\Local\Temp\ccL1EZUw.s 			page 12


 481 003a 0E       		.uleb128 0xe
 482 003b 3A       		.uleb128 0x3a
 483 003c 0B       		.uleb128 0xb
 484 003d 3B       		.uleb128 0x3b
 485 003e 05       		.uleb128 0x5
 486 003f 49       		.uleb128 0x49
 487 0040 13       		.uleb128 0x13
 488 0041 00       		.byte	0
 489 0042 00       		.byte	0
 490 0043 06       		.uleb128 0x6
 491 0044 35       		.uleb128 0x35
 492 0045 00       		.byte	0
 493 0046 49       		.uleb128 0x49
 494 0047 13       		.uleb128 0x13
 495 0048 00       		.byte	0
 496 0049 00       		.byte	0
 497 004a 07       		.uleb128 0x7
 498 004b 2E       		.uleb128 0x2e
 499 004c 01       		.byte	0x1
 500 004d 3F       		.uleb128 0x3f
 501 004e 19       		.uleb128 0x19
 502 004f 03       		.uleb128 0x3
 503 0050 0E       		.uleb128 0xe
 504 0051 3A       		.uleb128 0x3a
 505 0052 0B       		.uleb128 0xb
 506 0053 3B       		.uleb128 0x3b
 507 0054 0B       		.uleb128 0xb
 508 0055 27       		.uleb128 0x27
 509 0056 19       		.uleb128 0x19
 510 0057 11       		.uleb128 0x11
 511 0058 01       		.uleb128 0x1
 512 0059 12       		.uleb128 0x12
 513 005a 06       		.uleb128 0x6
 514 005b 40       		.uleb128 0x40
 515 005c 18       		.uleb128 0x18
 516 005d 9742     		.uleb128 0x2117
 517 005f 19       		.uleb128 0x19
 518 0060 01       		.uleb128 0x1
 519 0061 13       		.uleb128 0x13
 520 0062 00       		.byte	0
 521 0063 00       		.byte	0
 522 0064 08       		.uleb128 0x8
 523 0065 05       		.uleb128 0x5
 524 0066 00       		.byte	0
 525 0067 03       		.uleb128 0x3
 526 0068 0E       		.uleb128 0xe
 527 0069 3A       		.uleb128 0x3a
 528 006a 0B       		.uleb128 0xb
 529 006b 3B       		.uleb128 0x3b
 530 006c 0B       		.uleb128 0xb
 531 006d 49       		.uleb128 0x49
 532 006e 13       		.uleb128 0x13
 533 006f 02       		.uleb128 0x2
 534 0070 18       		.uleb128 0x18
 535 0071 00       		.byte	0
 536 0072 00       		.byte	0
 537 0073 09       		.uleb128 0x9
ARM GAS  C:\Users\MATTHE~1\AppData\Local\Temp\ccL1EZUw.s 			page 13


 538 0074 34       		.uleb128 0x34
 539 0075 00       		.byte	0
 540 0076 03       		.uleb128 0x3
 541 0077 0E       		.uleb128 0xe
 542 0078 3A       		.uleb128 0x3a
 543 0079 0B       		.uleb128 0xb
 544 007a 3B       		.uleb128 0x3b
 545 007b 0B       		.uleb128 0xb
 546 007c 49       		.uleb128 0x49
 547 007d 13       		.uleb128 0x13
 548 007e 02       		.uleb128 0x2
 549 007f 18       		.uleb128 0x18
 550 0080 00       		.byte	0
 551 0081 00       		.byte	0
 552 0082 0A       		.uleb128 0xa
 553 0083 2E       		.uleb128 0x2e
 554 0084 00       		.byte	0
 555 0085 3F       		.uleb128 0x3f
 556 0086 19       		.uleb128 0x19
 557 0087 03       		.uleb128 0x3
 558 0088 0E       		.uleb128 0xe
 559 0089 3A       		.uleb128 0x3a
 560 008a 0B       		.uleb128 0xb
 561 008b 3B       		.uleb128 0x3b
 562 008c 0B       		.uleb128 0xb
 563 008d 27       		.uleb128 0x27
 564 008e 19       		.uleb128 0x19
 565 008f 49       		.uleb128 0x49
 566 0090 13       		.uleb128 0x13
 567 0091 11       		.uleb128 0x11
 568 0092 01       		.uleb128 0x1
 569 0093 12       		.uleb128 0x12
 570 0094 06       		.uleb128 0x6
 571 0095 40       		.uleb128 0x40
 572 0096 18       		.uleb128 0x18
 573 0097 9742     		.uleb128 0x2117
 574 0099 19       		.uleb128 0x19
 575 009a 00       		.byte	0
 576 009b 00       		.byte	0
 577 009c 0B       		.uleb128 0xb
 578 009d 2E       		.uleb128 0x2e
 579 009e 01       		.byte	0x1
 580 009f 3F       		.uleb128 0x3f
 581 00a0 19       		.uleb128 0x19
 582 00a1 03       		.uleb128 0x3
 583 00a2 0E       		.uleb128 0xe
 584 00a3 3A       		.uleb128 0x3a
 585 00a4 0B       		.uleb128 0xb
 586 00a5 3B       		.uleb128 0x3b
 587 00a6 0B       		.uleb128 0xb
 588 00a7 27       		.uleb128 0x27
 589 00a8 19       		.uleb128 0x19
 590 00a9 49       		.uleb128 0x49
 591 00aa 13       		.uleb128 0x13
 592 00ab 11       		.uleb128 0x11
 593 00ac 01       		.uleb128 0x1
 594 00ad 12       		.uleb128 0x12
ARM GAS  C:\Users\MATTHE~1\AppData\Local\Temp\ccL1EZUw.s 			page 14


 595 00ae 06       		.uleb128 0x6
 596 00af 40       		.uleb128 0x40
 597 00b0 18       		.uleb128 0x18
 598 00b1 9742     		.uleb128 0x2117
 599 00b3 19       		.uleb128 0x19
 600 00b4 00       		.byte	0
 601 00b5 00       		.byte	0
 602 00b6 00       		.byte	0
 603              		.section	.debug_aranges,"",%progbits
 604 0000 3C000000 		.4byte	0x3c
 605 0004 0200     		.2byte	0x2
 606 0006 00000000 		.4byte	.Ldebug_info0
 607 000a 04       		.byte	0x4
 608 000b 00       		.byte	0
 609 000c 0000     		.2byte	0
 610 000e 0000     		.2byte	0
 611 0010 00000000 		.4byte	.LFB0
 612 0014 48000000 		.4byte	.LFE0-.LFB0
 613 0018 00000000 		.4byte	.LFB1
 614 001c 44000000 		.4byte	.LFE1-.LFB1
 615 0020 00000000 		.4byte	.LFB2
 616 0024 1C000000 		.4byte	.LFE2-.LFB2
 617 0028 00000000 		.4byte	.LFB3
 618 002c 1C000000 		.4byte	.LFE3-.LFB3
 619 0030 00000000 		.4byte	.LFB4
 620 0034 2C000000 		.4byte	.LFE4-.LFB4
 621 0038 00000000 		.4byte	0
 622 003c 00000000 		.4byte	0
 623              		.section	.debug_ranges,"",%progbits
 624              	.Ldebug_ranges0:
 625 0000 00000000 		.4byte	.LFB0
 626 0004 48000000 		.4byte	.LFE0
 627 0008 00000000 		.4byte	.LFB1
 628 000c 44000000 		.4byte	.LFE1
 629 0010 00000000 		.4byte	.LFB2
 630 0014 1C000000 		.4byte	.LFE2
 631 0018 00000000 		.4byte	.LFB3
 632 001c 1C000000 		.4byte	.LFE3
 633 0020 00000000 		.4byte	.LFB4
 634 0024 2C000000 		.4byte	.LFE4
 635 0028 00000000 		.4byte	0
 636 002c 00000000 		.4byte	0
 637              		.section	.debug_line,"",%progbits
 638              	.Ldebug_line0:
 639 0000 A9000000 		.section	.debug_str,"MS",%progbits,1
 639      02004500 
 639      00000201 
 639      FB0E0D00 
 639      01010101 
 640              	.LASF14:
 641 0000 72656733 		.ascii	"reg32\000"
 641      3200
 642              	.LASF26:
 643 0006 433A5C55 		.ascii	"C:\\Users\\Matthew Arbesfeld\\Documents\\PSoC Creat"
 643      73657273 
 643      5C4D6174 
 643      74686577 
ARM GAS  C:\Users\MATTHE~1\AppData\Local\Temp\ccL1EZUw.s 			page 15


 643      20417262 
 644 0035 6F725C42 		.ascii	"or\\BoxesUART\\BoxesBLE.cydsn\000"
 644      6F786573 
 644      55415254 
 644      5C426F78 
 644      6573424C 
 645              	.LASF17:
 646 0051 76616C75 		.ascii	"value\000"
 646      6500
 647              	.LASF15:
 648 0057 53696465 		.ascii	"Side_1_Write\000"
 648      5F315F57 
 648      72697465 
 648      00
 649              	.LASF19:
 650 0064 53696465 		.ascii	"Side_1_Read\000"
 650      5F315F52 
 650      65616400 
 651              	.LASF11:
 652 0070 666C6F61 		.ascii	"float\000"
 652      7400
 653              	.LASF7:
 654 0076 6C6F6E67 		.ascii	"long long unsigned int\000"
 654      206C6F6E 
 654      6720756E 
 654      7369676E 
 654      65642069 
 655              	.LASF1:
 656 008d 756E7369 		.ascii	"unsigned char\000"
 656      676E6564 
 656      20636861 
 656      7200
 657              	.LASF22:
 658 009b 64725661 		.ascii	"drVal\000"
 658      6C00
 659              	.LASF5:
 660 00a1 6C6F6E67 		.ascii	"long unsigned int\000"
 660      20756E73 
 660      69676E65 
 660      6420696E 
 660      7400
 661              	.LASF3:
 662 00b3 73686F72 		.ascii	"short unsigned int\000"
 662      7420756E 
 662      7369676E 
 662      65642069 
 662      6E7400
 663              	.LASF20:
 664 00c6 53696465 		.ascii	"Side_1_ReadDataReg\000"
 664      5F315F52 
 664      65616444 
 664      61746152 
 664      656700
 665              	.LASF12:
 666 00d9 646F7562 		.ascii	"double\000"
 666      6C6500
 667              	.LASF16:
ARM GAS  C:\Users\MATTHE~1\AppData\Local\Temp\ccL1EZUw.s 			page 16


 668 00e0 53696465 		.ascii	"Side_1_SetDriveMode\000"
 668      5F315F53 
 668      65744472 
 668      6976654D 
 668      6F646500 
 669              	.LASF21:
 670 00f4 53696465 		.ascii	"Side_1_ClearInterrupt\000"
 670      5F315F43 
 670      6C656172 
 670      496E7465 
 670      72727570 
 671              	.LASF10:
 672 010a 75696E74 		.ascii	"uint32\000"
 672      333200
 673              	.LASF25:
 674 0111 2E5C4765 		.ascii	".\\Generated_Source\\PSoC4\\Side_1.c\000"
 674      6E657261 
 674      7465645F 
 674      536F7572 
 674      63655C50 
 675              	.LASF8:
 676 0133 756E7369 		.ascii	"unsigned int\000"
 676      676E6564 
 676      20696E74 
 676      00
 677              	.LASF24:
 678 0140 474E5520 		.ascii	"GNU C 4.8.4 20140526 (release) [ARM/embedded-4_8-br"
 678      4320342E 
 678      382E3420 
 678      32303134 
 678      30353236 
 679 0173 616E6368 		.ascii	"anch revision 211358] -mcpu=cortex-m0 -mthumb -g -O"
 679      20726576 
 679      6973696F 
 679      6E203231 
 679      31333538 
 680 01a6 30202D66 		.ascii	"0 -ffunction-sections\000"
 680      66756E63 
 680      74696F6E 
 680      2D736563 
 680      74696F6E 
 681              	.LASF18:
 682 01bc 6D6F6465 		.ascii	"mode\000"
 682      00
 683              	.LASF6:
 684 01c1 6C6F6E67 		.ascii	"long long int\000"
 684      206C6F6E 
 684      6720696E 
 684      7400
 685              	.LASF23:
 686 01cf 6D61736B 		.ascii	"maskedStatus\000"
 686      65645374 
 686      61747573 
 686      00
 687              	.LASF13:
 688 01dc 63686172 		.ascii	"char\000"
 688      00
ARM GAS  C:\Users\MATTHE~1\AppData\Local\Temp\ccL1EZUw.s 			page 17


 689              	.LASF2:
 690 01e1 73686F72 		.ascii	"short int\000"
 690      7420696E 
 690      7400
 691              	.LASF9:
 692 01eb 75696E74 		.ascii	"uint8\000"
 692      3800
 693              	.LASF4:
 694 01f1 6C6F6E67 		.ascii	"long int\000"
 694      20696E74 
 694      00
 695              	.LASF0:
 696 01fa 7369676E 		.ascii	"signed char\000"
 696      65642063 
 696      68617200 
 697              		.ident	"GCC: (GNU Tools for ARM Embedded Processors) 4.8.4 20140526 (release) [ARM/embedded-4_8-br
