ARM GAS  C:\Users\MATTHE~1\AppData\Local\Temp\cce1Pzqx.s 			page 1


   1              		.cpu cortex-m0
   2              		.fpu softvfp
   3              		.eabi_attribute 20, 1
   4              		.eabi_attribute 21, 1
   5              		.eabi_attribute 23, 3
   6              		.eabi_attribute 24, 1
   7              		.eabi_attribute 25, 1
   8              		.eabi_attribute 26, 1
   9              		.eabi_attribute 30, 6
  10              		.eabi_attribute 34, 0
  11              		.eabi_attribute 18, 4
  12              		.code	16
  13              		.file	"UART_1_PM.c"
  14              		.text
  15              	.Ltext0:
  16              		.cfi_sections	.debug_frame
  17              		.bss
  18              		.align	2
  19              	UART_1_backup:
  20 0000 0000     		.space	2
  21 0002 0000     		.section	.text.UART_1_SaveConfig,"ax",%progbits
  22              		.align	2
  23              		.global	UART_1_SaveConfig
  24              		.code	16
  25              		.thumb_func
  26              		.type	UART_1_SaveConfig, %function
  27              	UART_1_SaveConfig:
  28              	.LFB2:
  29              		.file 1 ".\\Generated_Source\\PSoC4\\UART_1_PM.c"
   1:.\Generated_Source\PSoC4/UART_1_PM.c **** /*******************************************************************************
   2:.\Generated_Source\PSoC4/UART_1_PM.c **** * File Name: UART_1_PM.c
   3:.\Generated_Source\PSoC4/UART_1_PM.c **** * Version 2.40
   4:.\Generated_Source\PSoC4/UART_1_PM.c **** *
   5:.\Generated_Source\PSoC4/UART_1_PM.c **** * Description:
   6:.\Generated_Source\PSoC4/UART_1_PM.c **** *  This file provides Sleep/WakeUp APIs functionality.
   7:.\Generated_Source\PSoC4/UART_1_PM.c **** *
   8:.\Generated_Source\PSoC4/UART_1_PM.c **** * Note:
   9:.\Generated_Source\PSoC4/UART_1_PM.c **** *
  10:.\Generated_Source\PSoC4/UART_1_PM.c **** ********************************************************************************
  11:.\Generated_Source\PSoC4/UART_1_PM.c **** * Copyright 2008-2015, Cypress Semiconductor Corporation.  All rights reserved.
  12:.\Generated_Source\PSoC4/UART_1_PM.c **** * You may use this file only in accordance with the license, terms, conditions,
  13:.\Generated_Source\PSoC4/UART_1_PM.c **** * disclaimers, and limitations in the end user license agreement accompanying
  14:.\Generated_Source\PSoC4/UART_1_PM.c **** * the software package with which this file was provided.
  15:.\Generated_Source\PSoC4/UART_1_PM.c **** *******************************************************************************/
  16:.\Generated_Source\PSoC4/UART_1_PM.c **** 
  17:.\Generated_Source\PSoC4/UART_1_PM.c **** #include "UART_1.h"
  18:.\Generated_Source\PSoC4/UART_1_PM.c **** 
  19:.\Generated_Source\PSoC4/UART_1_PM.c **** 
  20:.\Generated_Source\PSoC4/UART_1_PM.c **** /***************************************
  21:.\Generated_Source\PSoC4/UART_1_PM.c **** * Local data allocation
  22:.\Generated_Source\PSoC4/UART_1_PM.c **** ***************************************/
  23:.\Generated_Source\PSoC4/UART_1_PM.c **** 
  24:.\Generated_Source\PSoC4/UART_1_PM.c **** static UART_1_BACKUP_STRUCT  UART_1_backup =
  25:.\Generated_Source\PSoC4/UART_1_PM.c **** {
  26:.\Generated_Source\PSoC4/UART_1_PM.c ****     /* enableState - disabled */
  27:.\Generated_Source\PSoC4/UART_1_PM.c ****     0u,
  28:.\Generated_Source\PSoC4/UART_1_PM.c **** };
ARM GAS  C:\Users\MATTHE~1\AppData\Local\Temp\cce1Pzqx.s 			page 2


  29:.\Generated_Source\PSoC4/UART_1_PM.c **** 
  30:.\Generated_Source\PSoC4/UART_1_PM.c **** 
  31:.\Generated_Source\PSoC4/UART_1_PM.c **** 
  32:.\Generated_Source\PSoC4/UART_1_PM.c **** /*******************************************************************************
  33:.\Generated_Source\PSoC4/UART_1_PM.c **** * Function Name: UART_1_SaveConfig
  34:.\Generated_Source\PSoC4/UART_1_PM.c **** ********************************************************************************
  35:.\Generated_Source\PSoC4/UART_1_PM.c **** *
  36:.\Generated_Source\PSoC4/UART_1_PM.c **** * Summary:
  37:.\Generated_Source\PSoC4/UART_1_PM.c **** *  This function saves the component configuration and nonretention registers.
  38:.\Generated_Source\PSoC4/UART_1_PM.c **** *  It also saves the current component parameter values, as defined in the
  39:.\Generated_Source\PSoC4/UART_1_PM.c **** *  Configure dialog or as modified by appropriate APIs. This function is called
  40:.\Generated_Source\PSoC4/UART_1_PM.c **** *  by the UART_1_Sleep() function.
  41:.\Generated_Source\PSoC4/UART_1_PM.c **** *
  42:.\Generated_Source\PSoC4/UART_1_PM.c **** * Parameters:
  43:.\Generated_Source\PSoC4/UART_1_PM.c **** *  None.
  44:.\Generated_Source\PSoC4/UART_1_PM.c **** *
  45:.\Generated_Source\PSoC4/UART_1_PM.c **** * Return:
  46:.\Generated_Source\PSoC4/UART_1_PM.c **** *  None.
  47:.\Generated_Source\PSoC4/UART_1_PM.c **** *
  48:.\Generated_Source\PSoC4/UART_1_PM.c **** * Global Variables:
  49:.\Generated_Source\PSoC4/UART_1_PM.c **** *  UART_1_backup - modified when non-retention registers are saved.
  50:.\Generated_Source\PSoC4/UART_1_PM.c **** *
  51:.\Generated_Source\PSoC4/UART_1_PM.c **** * Reentrant:
  52:.\Generated_Source\PSoC4/UART_1_PM.c **** *  No.
  53:.\Generated_Source\PSoC4/UART_1_PM.c **** *
  54:.\Generated_Source\PSoC4/UART_1_PM.c **** * Side Effects:
  55:.\Generated_Source\PSoC4/UART_1_PM.c **** *  All nonretention registers except FIFO are saved to RAM
  56:.\Generated_Source\PSoC4/UART_1_PM.c **** *
  57:.\Generated_Source\PSoC4/UART_1_PM.c **** *******************************************************************************/
  58:.\Generated_Source\PSoC4/UART_1_PM.c **** void UART_1_SaveConfig(void)
  59:.\Generated_Source\PSoC4/UART_1_PM.c **** {
  30              		.loc 1 59 0
  31              		.cfi_startproc
  32 0000 80B5     		push	{r7, lr}
  33              		.cfi_def_cfa_offset 8
  34              		.cfi_offset 7, -8
  35              		.cfi_offset 14, -4
  36 0002 00AF     		add	r7, sp, #0
  37              		.cfi_def_cfa_register 7
  60:.\Generated_Source\PSoC4/UART_1_PM.c ****     #if(UART_1_CONTROL_REG_REMOVED == 0u)
  61:.\Generated_Source\PSoC4/UART_1_PM.c ****         UART_1_backup.cr = UART_1_CONTROL_REG;
  38              		.loc 1 61 0
  39 0004 034B     		ldr	r3, .L2
  40 0006 1B78     		ldrb	r3, [r3]
  41 0008 DAB2     		uxtb	r2, r3
  42 000a 034B     		ldr	r3, .L2+4
  43 000c 5A70     		strb	r2, [r3, #1]
  62:.\Generated_Source\PSoC4/UART_1_PM.c ****     #endif /* End UART_1_CONTROL_REG_REMOVED */
  63:.\Generated_Source\PSoC4/UART_1_PM.c **** }
  44              		.loc 1 63 0
  45 000e BD46     		mov	sp, r7
  46              		@ sp needed
  47 0010 80BD     		pop	{r7, pc}
  48              	.L3:
  49 0012 C046     		.align	2
  50              	.L2:
  51 0014 73000F40 		.word	1074724979
ARM GAS  C:\Users\MATTHE~1\AppData\Local\Temp\cce1Pzqx.s 			page 3


  52 0018 00000000 		.word	UART_1_backup
  53              		.cfi_endproc
  54              	.LFE2:
  55              		.size	UART_1_SaveConfig, .-UART_1_SaveConfig
  56              		.section	.text.UART_1_RestoreConfig,"ax",%progbits
  57              		.align	2
  58              		.global	UART_1_RestoreConfig
  59              		.code	16
  60              		.thumb_func
  61              		.type	UART_1_RestoreConfig, %function
  62              	UART_1_RestoreConfig:
  63              	.LFB3:
  64:.\Generated_Source\PSoC4/UART_1_PM.c **** 
  65:.\Generated_Source\PSoC4/UART_1_PM.c **** 
  66:.\Generated_Source\PSoC4/UART_1_PM.c **** /*******************************************************************************
  67:.\Generated_Source\PSoC4/UART_1_PM.c **** * Function Name: UART_1_RestoreConfig
  68:.\Generated_Source\PSoC4/UART_1_PM.c **** ********************************************************************************
  69:.\Generated_Source\PSoC4/UART_1_PM.c **** *
  70:.\Generated_Source\PSoC4/UART_1_PM.c **** * Summary:
  71:.\Generated_Source\PSoC4/UART_1_PM.c **** *  Restores the user configuration of nonretention registers.
  72:.\Generated_Source\PSoC4/UART_1_PM.c **** *
  73:.\Generated_Source\PSoC4/UART_1_PM.c **** * Parameters:
  74:.\Generated_Source\PSoC4/UART_1_PM.c **** *  None.
  75:.\Generated_Source\PSoC4/UART_1_PM.c **** *
  76:.\Generated_Source\PSoC4/UART_1_PM.c **** * Return:
  77:.\Generated_Source\PSoC4/UART_1_PM.c **** *  None.
  78:.\Generated_Source\PSoC4/UART_1_PM.c **** *
  79:.\Generated_Source\PSoC4/UART_1_PM.c **** * Global Variables:
  80:.\Generated_Source\PSoC4/UART_1_PM.c **** *  UART_1_backup - used when non-retention registers are restored.
  81:.\Generated_Source\PSoC4/UART_1_PM.c **** *
  82:.\Generated_Source\PSoC4/UART_1_PM.c **** * Reentrant:
  83:.\Generated_Source\PSoC4/UART_1_PM.c **** *  No.
  84:.\Generated_Source\PSoC4/UART_1_PM.c **** *
  85:.\Generated_Source\PSoC4/UART_1_PM.c **** * Side Effects:
  86:.\Generated_Source\PSoC4/UART_1_PM.c **** *  All nonretention registers except FIFO loaded from RAM. This function should
  87:.\Generated_Source\PSoC4/UART_1_PM.c **** *  be called only after UART_1_SaveConfig() is called, otherwise
  88:.\Generated_Source\PSoC4/UART_1_PM.c **** *  incorrect data will be loaded into the registers.
  89:.\Generated_Source\PSoC4/UART_1_PM.c **** *
  90:.\Generated_Source\PSoC4/UART_1_PM.c **** *******************************************************************************/
  91:.\Generated_Source\PSoC4/UART_1_PM.c **** void UART_1_RestoreConfig(void)
  92:.\Generated_Source\PSoC4/UART_1_PM.c **** {
  64              		.loc 1 92 0
  65              		.cfi_startproc
  66 0000 80B5     		push	{r7, lr}
  67              		.cfi_def_cfa_offset 8
  68              		.cfi_offset 7, -8
  69              		.cfi_offset 14, -4
  70 0002 00AF     		add	r7, sp, #0
  71              		.cfi_def_cfa_register 7
  93:.\Generated_Source\PSoC4/UART_1_PM.c ****     #if(UART_1_CONTROL_REG_REMOVED == 0u)
  94:.\Generated_Source\PSoC4/UART_1_PM.c ****         UART_1_CONTROL_REG = UART_1_backup.cr;
  72              		.loc 1 94 0
  73 0004 024B     		ldr	r3, .L5
  74 0006 034A     		ldr	r2, .L5+4
  75 0008 5278     		ldrb	r2, [r2, #1]
  76 000a 1A70     		strb	r2, [r3]
  95:.\Generated_Source\PSoC4/UART_1_PM.c ****     #endif /* End UART_1_CONTROL_REG_REMOVED */
ARM GAS  C:\Users\MATTHE~1\AppData\Local\Temp\cce1Pzqx.s 			page 4


  96:.\Generated_Source\PSoC4/UART_1_PM.c **** }
  77              		.loc 1 96 0
  78 000c BD46     		mov	sp, r7
  79              		@ sp needed
  80 000e 80BD     		pop	{r7, pc}
  81              	.L6:
  82              		.align	2
  83              	.L5:
  84 0010 73000F40 		.word	1074724979
  85 0014 00000000 		.word	UART_1_backup
  86              		.cfi_endproc
  87              	.LFE3:
  88              		.size	UART_1_RestoreConfig, .-UART_1_RestoreConfig
  89              		.section	.text.UART_1_Sleep,"ax",%progbits
  90              		.align	2
  91              		.global	UART_1_Sleep
  92              		.code	16
  93              		.thumb_func
  94              		.type	UART_1_Sleep, %function
  95              	UART_1_Sleep:
  96              	.LFB4:
  97:.\Generated_Source\PSoC4/UART_1_PM.c **** 
  98:.\Generated_Source\PSoC4/UART_1_PM.c **** 
  99:.\Generated_Source\PSoC4/UART_1_PM.c **** /*******************************************************************************
 100:.\Generated_Source\PSoC4/UART_1_PM.c **** * Function Name: UART_1_Sleep
 101:.\Generated_Source\PSoC4/UART_1_PM.c **** ********************************************************************************
 102:.\Generated_Source\PSoC4/UART_1_PM.c **** *
 103:.\Generated_Source\PSoC4/UART_1_PM.c **** * Summary:
 104:.\Generated_Source\PSoC4/UART_1_PM.c **** *  This is the preferred API to prepare the component for sleep. 
 105:.\Generated_Source\PSoC4/UART_1_PM.c **** *  The UART_1_Sleep() API saves the current component state. Then it
 106:.\Generated_Source\PSoC4/UART_1_PM.c **** *  calls the UART_1_Stop() function and calls 
 107:.\Generated_Source\PSoC4/UART_1_PM.c **** *  UART_1_SaveConfig() to save the hardware configuration.
 108:.\Generated_Source\PSoC4/UART_1_PM.c **** *  Call the UART_1_Sleep() function before calling the CyPmSleep() 
 109:.\Generated_Source\PSoC4/UART_1_PM.c **** *  or the CyPmHibernate() function. 
 110:.\Generated_Source\PSoC4/UART_1_PM.c **** *
 111:.\Generated_Source\PSoC4/UART_1_PM.c **** * Parameters:
 112:.\Generated_Source\PSoC4/UART_1_PM.c **** *  None.
 113:.\Generated_Source\PSoC4/UART_1_PM.c **** *
 114:.\Generated_Source\PSoC4/UART_1_PM.c **** * Return:
 115:.\Generated_Source\PSoC4/UART_1_PM.c **** *  None.
 116:.\Generated_Source\PSoC4/UART_1_PM.c **** *
 117:.\Generated_Source\PSoC4/UART_1_PM.c **** * Global Variables:
 118:.\Generated_Source\PSoC4/UART_1_PM.c **** *  UART_1_backup - modified when non-retention registers are saved.
 119:.\Generated_Source\PSoC4/UART_1_PM.c **** *
 120:.\Generated_Source\PSoC4/UART_1_PM.c **** * Reentrant:
 121:.\Generated_Source\PSoC4/UART_1_PM.c **** *  No.
 122:.\Generated_Source\PSoC4/UART_1_PM.c **** *
 123:.\Generated_Source\PSoC4/UART_1_PM.c **** *******************************************************************************/
 124:.\Generated_Source\PSoC4/UART_1_PM.c **** void UART_1_Sleep(void)
 125:.\Generated_Source\PSoC4/UART_1_PM.c **** {
  97              		.loc 1 125 0
  98              		.cfi_startproc
  99 0000 80B5     		push	{r7, lr}
 100              		.cfi_def_cfa_offset 8
 101              		.cfi_offset 7, -8
 102              		.cfi_offset 14, -4
 103 0002 00AF     		add	r7, sp, #0
ARM GAS  C:\Users\MATTHE~1\AppData\Local\Temp\cce1Pzqx.s 			page 5


 104              		.cfi_def_cfa_register 7
 126:.\Generated_Source\PSoC4/UART_1_PM.c ****     #if(UART_1_RX_ENABLED || UART_1_HD_ENABLED)
 127:.\Generated_Source\PSoC4/UART_1_PM.c ****         if((UART_1_RXSTATUS_ACTL_REG  & UART_1_INT_ENABLE) != 0u)
 105              		.loc 1 127 0
 106 0004 094B     		ldr	r3, .L10
 107 0006 1B78     		ldrb	r3, [r3]
 108 0008 DBB2     		uxtb	r3, r3
 109 000a 1A1C     		mov	r2, r3
 110 000c 1023     		mov	r3, #16
 111 000e 1340     		and	r3, r2
 112 0010 03D0     		beq	.L8
 128:.\Generated_Source\PSoC4/UART_1_PM.c ****         {
 129:.\Generated_Source\PSoC4/UART_1_PM.c ****             UART_1_backup.enableState = 1u;
 113              		.loc 1 129 0
 114 0012 074B     		ldr	r3, .L10+4
 115 0014 0122     		mov	r2, #1
 116 0016 1A70     		strb	r2, [r3]
 117 0018 02E0     		b	.L9
 118              	.L8:
 130:.\Generated_Source\PSoC4/UART_1_PM.c ****         }
 131:.\Generated_Source\PSoC4/UART_1_PM.c ****         else
 132:.\Generated_Source\PSoC4/UART_1_PM.c ****         {
 133:.\Generated_Source\PSoC4/UART_1_PM.c ****             UART_1_backup.enableState = 0u;
 119              		.loc 1 133 0
 120 001a 054B     		ldr	r3, .L10+4
 121 001c 0022     		mov	r2, #0
 122 001e 1A70     		strb	r2, [r3]
 123              	.L9:
 134:.\Generated_Source\PSoC4/UART_1_PM.c ****         }
 135:.\Generated_Source\PSoC4/UART_1_PM.c ****     #else
 136:.\Generated_Source\PSoC4/UART_1_PM.c ****         if((UART_1_TXSTATUS_ACTL_REG  & UART_1_INT_ENABLE) !=0u)
 137:.\Generated_Source\PSoC4/UART_1_PM.c ****         {
 138:.\Generated_Source\PSoC4/UART_1_PM.c ****             UART_1_backup.enableState = 1u;
 139:.\Generated_Source\PSoC4/UART_1_PM.c ****         }
 140:.\Generated_Source\PSoC4/UART_1_PM.c ****         else
 141:.\Generated_Source\PSoC4/UART_1_PM.c ****         {
 142:.\Generated_Source\PSoC4/UART_1_PM.c ****             UART_1_backup.enableState = 0u;
 143:.\Generated_Source\PSoC4/UART_1_PM.c ****         }
 144:.\Generated_Source\PSoC4/UART_1_PM.c ****     #endif /* End UART_1_RX_ENABLED || UART_1_HD_ENABLED*/
 145:.\Generated_Source\PSoC4/UART_1_PM.c **** 
 146:.\Generated_Source\PSoC4/UART_1_PM.c ****     UART_1_Stop();
 124              		.loc 1 146 0
 125 0020 FFF7FEFF 		bl	UART_1_Stop
 147:.\Generated_Source\PSoC4/UART_1_PM.c ****     UART_1_SaveConfig();
 126              		.loc 1 147 0
 127 0024 FFF7FEFF 		bl	UART_1_SaveConfig
 148:.\Generated_Source\PSoC4/UART_1_PM.c **** }
 128              		.loc 1 148 0
 129 0028 BD46     		mov	sp, r7
 130              		@ sp needed
 131 002a 80BD     		pop	{r7, pc}
 132              	.L11:
 133              		.align	2
 134              	.L10:
 135 002c 90000F40 		.word	1074725008
 136 0030 00000000 		.word	UART_1_backup
 137              		.cfi_endproc
ARM GAS  C:\Users\MATTHE~1\AppData\Local\Temp\cce1Pzqx.s 			page 6


 138              	.LFE4:
 139              		.size	UART_1_Sleep, .-UART_1_Sleep
 140              		.section	.text.UART_1_Wakeup,"ax",%progbits
 141              		.align	2
 142              		.global	UART_1_Wakeup
 143              		.code	16
 144              		.thumb_func
 145              		.type	UART_1_Wakeup, %function
 146              	UART_1_Wakeup:
 147              	.LFB5:
 149:.\Generated_Source\PSoC4/UART_1_PM.c **** 
 150:.\Generated_Source\PSoC4/UART_1_PM.c **** 
 151:.\Generated_Source\PSoC4/UART_1_PM.c **** /*******************************************************************************
 152:.\Generated_Source\PSoC4/UART_1_PM.c **** * Function Name: UART_1_Wakeup
 153:.\Generated_Source\PSoC4/UART_1_PM.c **** ********************************************************************************
 154:.\Generated_Source\PSoC4/UART_1_PM.c **** *
 155:.\Generated_Source\PSoC4/UART_1_PM.c **** * Summary:
 156:.\Generated_Source\PSoC4/UART_1_PM.c **** *  This is the preferred API to restore the component to the state when 
 157:.\Generated_Source\PSoC4/UART_1_PM.c **** *  UART_1_Sleep() was called. The UART_1_Wakeup() function
 158:.\Generated_Source\PSoC4/UART_1_PM.c **** *  calls the UART_1_RestoreConfig() function to restore the 
 159:.\Generated_Source\PSoC4/UART_1_PM.c **** *  configuration. If the component was enabled before the 
 160:.\Generated_Source\PSoC4/UART_1_PM.c **** *  UART_1_Sleep() function was called, the UART_1_Wakeup()
 161:.\Generated_Source\PSoC4/UART_1_PM.c **** *  function will also re-enable the component.
 162:.\Generated_Source\PSoC4/UART_1_PM.c **** *
 163:.\Generated_Source\PSoC4/UART_1_PM.c **** * Parameters:
 164:.\Generated_Source\PSoC4/UART_1_PM.c **** *  None.
 165:.\Generated_Source\PSoC4/UART_1_PM.c **** *
 166:.\Generated_Source\PSoC4/UART_1_PM.c **** * Return:
 167:.\Generated_Source\PSoC4/UART_1_PM.c **** *  None.
 168:.\Generated_Source\PSoC4/UART_1_PM.c **** *
 169:.\Generated_Source\PSoC4/UART_1_PM.c **** * Global Variables:
 170:.\Generated_Source\PSoC4/UART_1_PM.c **** *  UART_1_backup - used when non-retention registers are restored.
 171:.\Generated_Source\PSoC4/UART_1_PM.c **** *
 172:.\Generated_Source\PSoC4/UART_1_PM.c **** * Reentrant:
 173:.\Generated_Source\PSoC4/UART_1_PM.c **** *  No.
 174:.\Generated_Source\PSoC4/UART_1_PM.c **** *
 175:.\Generated_Source\PSoC4/UART_1_PM.c **** *******************************************************************************/
 176:.\Generated_Source\PSoC4/UART_1_PM.c **** void UART_1_Wakeup(void)
 177:.\Generated_Source\PSoC4/UART_1_PM.c **** {
 148              		.loc 1 177 0
 149              		.cfi_startproc
 150 0000 80B5     		push	{r7, lr}
 151              		.cfi_def_cfa_offset 8
 152              		.cfi_offset 7, -8
 153              		.cfi_offset 14, -4
 154 0002 00AF     		add	r7, sp, #0
 155              		.cfi_def_cfa_register 7
 178:.\Generated_Source\PSoC4/UART_1_PM.c ****     UART_1_RestoreConfig();
 156              		.loc 1 178 0
 157 0004 FFF7FEFF 		bl	UART_1_RestoreConfig
 179:.\Generated_Source\PSoC4/UART_1_PM.c ****     #if( (UART_1_RX_ENABLED) || (UART_1_HD_ENABLED) )
 180:.\Generated_Source\PSoC4/UART_1_PM.c ****         UART_1_ClearRxBuffer();
 158              		.loc 1 180 0
 159 0008 FFF7FEFF 		bl	UART_1_ClearRxBuffer
 181:.\Generated_Source\PSoC4/UART_1_PM.c ****     #endif /* End (UART_1_RX_ENABLED) || (UART_1_HD_ENABLED) */
 182:.\Generated_Source\PSoC4/UART_1_PM.c ****     #if(UART_1_TX_ENABLED || UART_1_HD_ENABLED)
 183:.\Generated_Source\PSoC4/UART_1_PM.c ****         UART_1_ClearTxBuffer();
ARM GAS  C:\Users\MATTHE~1\AppData\Local\Temp\cce1Pzqx.s 			page 7


 160              		.loc 1 183 0
 161 000c FFF7FEFF 		bl	UART_1_ClearTxBuffer
 184:.\Generated_Source\PSoC4/UART_1_PM.c ****     #endif /* End UART_1_TX_ENABLED || UART_1_HD_ENABLED */
 185:.\Generated_Source\PSoC4/UART_1_PM.c **** 
 186:.\Generated_Source\PSoC4/UART_1_PM.c ****     if(UART_1_backup.enableState != 0u)
 162              		.loc 1 186 0
 163 0010 034B     		ldr	r3, .L14
 164 0012 1B78     		ldrb	r3, [r3]
 165 0014 002B     		cmp	r3, #0
 166 0016 01D0     		beq	.L12
 187:.\Generated_Source\PSoC4/UART_1_PM.c ****     {
 188:.\Generated_Source\PSoC4/UART_1_PM.c ****         UART_1_Enable();
 167              		.loc 1 188 0
 168 0018 FFF7FEFF 		bl	UART_1_Enable
 169              	.L12:
 189:.\Generated_Source\PSoC4/UART_1_PM.c ****     }
 190:.\Generated_Source\PSoC4/UART_1_PM.c **** }
 170              		.loc 1 190 0
 171 001c BD46     		mov	sp, r7
 172              		@ sp needed
 173 001e 80BD     		pop	{r7, pc}
 174              	.L15:
 175              		.align	2
 176              	.L14:
 177 0020 00000000 		.word	UART_1_backup
 178              		.cfi_endproc
 179              	.LFE5:
 180              		.size	UART_1_Wakeup, .-UART_1_Wakeup
 181              		.text
 182              	.Letext0:
 183              		.file 2 ".\\Generated_Source\\PSoC4\\cytypes.h"
 184              		.file 3 ".\\Generated_Source\\PSoC4\\UART_1.h"
 185              		.section	.debug_info,"",%progbits
 186              	.Ldebug_info0:
 187 0000 24010000 		.4byte	0x124
 188 0004 0400     		.2byte	0x4
 189 0006 00000000 		.4byte	.Ldebug_abbrev0
 190 000a 04       		.byte	0x4
 191 000b 01       		.uleb128 0x1
 192 000c 75000000 		.4byte	.LASF21
 193 0010 01       		.byte	0x1
 194 0011 14010000 		.4byte	.LASF22
 195 0015 47010000 		.4byte	.LASF23
 196 0019 00000000 		.4byte	.Ldebug_ranges0+0
 197 001d 00000000 		.4byte	0
 198 0021 00000000 		.4byte	.Ldebug_line0
 199 0025 02       		.uleb128 0x2
 200 0026 01       		.byte	0x1
 201 0027 06       		.byte	0x6
 202 0028 BA010000 		.4byte	.LASF0
 203 002c 02       		.uleb128 0x2
 204 002d 01       		.byte	0x1
 205 002e 08       		.byte	0x8
 206 002f 06010000 		.4byte	.LASF1
 207 0033 02       		.uleb128 0x2
 208 0034 02       		.byte	0x2
 209 0035 05       		.byte	0x5
ARM GAS  C:\Users\MATTHE~1\AppData\Local\Temp\cce1Pzqx.s 			page 8


 210 0036 E1010000 		.4byte	.LASF2
 211 003a 02       		.uleb128 0x2
 212 003b 02       		.byte	0x2
 213 003c 07       		.byte	0x7
 214 003d A7010000 		.4byte	.LASF3
 215 0041 02       		.uleb128 0x2
 216 0042 04       		.byte	0x4
 217 0043 05       		.byte	0x5
 218 0044 3E010000 		.4byte	.LASF4
 219 0048 02       		.uleb128 0x2
 220 0049 04       		.byte	0x4
 221 004a 07       		.byte	0x7
 222 004b 3A000000 		.4byte	.LASF5
 223 004f 02       		.uleb128 0x2
 224 0050 08       		.byte	0x8
 225 0051 05       		.byte	0x5
 226 0052 00000000 		.4byte	.LASF6
 227 0056 02       		.uleb128 0x2
 228 0057 08       		.byte	0x8
 229 0058 07       		.byte	0x7
 230 0059 5E000000 		.4byte	.LASF7
 231 005d 03       		.uleb128 0x3
 232 005e 04       		.byte	0x4
 233 005f 05       		.byte	0x5
 234 0060 696E7400 		.ascii	"int\000"
 235 0064 02       		.uleb128 0x2
 236 0065 04       		.byte	0x4
 237 0066 07       		.byte	0x7
 238 0067 1A000000 		.4byte	.LASF8
 239 006b 04       		.uleb128 0x4
 240 006c 34000000 		.4byte	.LASF12
 241 0070 02       		.byte	0x2
 242 0071 A1       		.byte	0xa1
 243 0072 2C000000 		.4byte	0x2c
 244 0076 02       		.uleb128 0x2
 245 0077 04       		.byte	0x4
 246 0078 04       		.byte	0x4
 247 0079 DB010000 		.4byte	.LASF9
 248 007d 02       		.uleb128 0x2
 249 007e 08       		.byte	0x8
 250 007f 04       		.byte	0x4
 251 0080 92010000 		.4byte	.LASF10
 252 0084 02       		.uleb128 0x2
 253 0085 01       		.byte	0x1
 254 0086 08       		.byte	0x8
 255 0087 39010000 		.4byte	.LASF11
 256 008b 05       		.uleb128 0x5
 257 008c EB010000 		.4byte	.LASF13
 258 0090 02       		.byte	0x2
 259 0091 4B01     		.2byte	0x14b
 260 0093 97000000 		.4byte	0x97
 261 0097 06       		.uleb128 0x6
 262 0098 6B000000 		.4byte	0x6b
 263 009c 02       		.uleb128 0x2
 264 009d 04       		.byte	0x4
 265 009e 07       		.byte	0x7
 266 009f FE010000 		.4byte	.LASF14
ARM GAS  C:\Users\MATTHE~1\AppData\Local\Temp\cce1Pzqx.s 			page 9


 267 00a3 07       		.uleb128 0x7
 268 00a4 F1000000 		.4byte	.LASF24
 269 00a8 02       		.byte	0x2
 270 00a9 03       		.byte	0x3
 271 00aa 45       		.byte	0x45
 272 00ab C7000000 		.4byte	0xc7
 273 00af 08       		.uleb128 0x8
 274 00b0 0E000000 		.4byte	.LASF15
 275 00b4 03       		.byte	0x3
 276 00b5 47       		.byte	0x47
 277 00b6 6B000000 		.4byte	0x6b
 278 00ba 00       		.byte	0
 279 00bb 09       		.uleb128 0x9
 280 00bc 637200   		.ascii	"cr\000"
 281 00bf 03       		.byte	0x3
 282 00c0 4A       		.byte	0x4a
 283 00c1 6B000000 		.4byte	0x6b
 284 00c5 01       		.byte	0x1
 285 00c6 00       		.byte	0
 286 00c7 04       		.uleb128 0x4
 287 00c8 07020000 		.4byte	.LASF16
 288 00cc 03       		.byte	0x3
 289 00cd 4D       		.byte	0x4d
 290 00ce A3000000 		.4byte	0xa3
 291 00d2 0A       		.uleb128 0xa
 292 00d3 4C000000 		.4byte	.LASF17
 293 00d7 01       		.byte	0x1
 294 00d8 3A       		.byte	0x3a
 295 00d9 00000000 		.4byte	.LFB2
 296 00dd 1C000000 		.4byte	.LFE2-.LFB2
 297 00e1 01       		.uleb128 0x1
 298 00e2 9C       		.byte	0x9c
 299 00e3 0A       		.uleb128 0xa
 300 00e4 C6010000 		.4byte	.LASF18
 301 00e8 01       		.byte	0x1
 302 00e9 5B       		.byte	0x5b
 303 00ea 00000000 		.4byte	.LFB3
 304 00ee 18000000 		.4byte	.LFE3-.LFB3
 305 00f2 01       		.uleb128 0x1
 306 00f3 9C       		.byte	0x9c
 307 00f4 0B       		.uleb128 0xb
 308 00f5 27000000 		.4byte	.LASF19
 309 00f9 01       		.byte	0x1
 310 00fa 7C       		.byte	0x7c
 311 00fb 00000000 		.4byte	.LFB4
 312 00ff 34000000 		.4byte	.LFE4-.LFB4
 313 0103 01       		.uleb128 0x1
 314 0104 9C       		.byte	0x9c
 315 0105 0B       		.uleb128 0xb
 316 0106 F0010000 		.4byte	.LASF20
 317 010a 01       		.byte	0x1
 318 010b B0       		.byte	0xb0
 319 010c 00000000 		.4byte	.LFB5
 320 0110 24000000 		.4byte	.LFE5-.LFB5
 321 0114 01       		.uleb128 0x1
 322 0115 9C       		.byte	0x9c
 323 0116 0C       		.uleb128 0xc
ARM GAS  C:\Users\MATTHE~1\AppData\Local\Temp\cce1Pzqx.s 			page 10


 324 0117 99010000 		.4byte	.LASF25
 325 011b 01       		.byte	0x1
 326 011c 18       		.byte	0x18
 327 011d C7000000 		.4byte	0xc7
 328 0121 05       		.uleb128 0x5
 329 0122 03       		.byte	0x3
 330 0123 00000000 		.4byte	UART_1_backup
 331 0127 00       		.byte	0
 332              		.section	.debug_abbrev,"",%progbits
 333              	.Ldebug_abbrev0:
 334 0000 01       		.uleb128 0x1
 335 0001 11       		.uleb128 0x11
 336 0002 01       		.byte	0x1
 337 0003 25       		.uleb128 0x25
 338 0004 0E       		.uleb128 0xe
 339 0005 13       		.uleb128 0x13
 340 0006 0B       		.uleb128 0xb
 341 0007 03       		.uleb128 0x3
 342 0008 0E       		.uleb128 0xe
 343 0009 1B       		.uleb128 0x1b
 344 000a 0E       		.uleb128 0xe
 345 000b 55       		.uleb128 0x55
 346 000c 17       		.uleb128 0x17
 347 000d 11       		.uleb128 0x11
 348 000e 01       		.uleb128 0x1
 349 000f 10       		.uleb128 0x10
 350 0010 17       		.uleb128 0x17
 351 0011 00       		.byte	0
 352 0012 00       		.byte	0
 353 0013 02       		.uleb128 0x2
 354 0014 24       		.uleb128 0x24
 355 0015 00       		.byte	0
 356 0016 0B       		.uleb128 0xb
 357 0017 0B       		.uleb128 0xb
 358 0018 3E       		.uleb128 0x3e
 359 0019 0B       		.uleb128 0xb
 360 001a 03       		.uleb128 0x3
 361 001b 0E       		.uleb128 0xe
 362 001c 00       		.byte	0
 363 001d 00       		.byte	0
 364 001e 03       		.uleb128 0x3
 365 001f 24       		.uleb128 0x24
 366 0020 00       		.byte	0
 367 0021 0B       		.uleb128 0xb
 368 0022 0B       		.uleb128 0xb
 369 0023 3E       		.uleb128 0x3e
 370 0024 0B       		.uleb128 0xb
 371 0025 03       		.uleb128 0x3
 372 0026 08       		.uleb128 0x8
 373 0027 00       		.byte	0
 374 0028 00       		.byte	0
 375 0029 04       		.uleb128 0x4
 376 002a 16       		.uleb128 0x16
 377 002b 00       		.byte	0
 378 002c 03       		.uleb128 0x3
 379 002d 0E       		.uleb128 0xe
 380 002e 3A       		.uleb128 0x3a
ARM GAS  C:\Users\MATTHE~1\AppData\Local\Temp\cce1Pzqx.s 			page 11


 381 002f 0B       		.uleb128 0xb
 382 0030 3B       		.uleb128 0x3b
 383 0031 0B       		.uleb128 0xb
 384 0032 49       		.uleb128 0x49
 385 0033 13       		.uleb128 0x13
 386 0034 00       		.byte	0
 387 0035 00       		.byte	0
 388 0036 05       		.uleb128 0x5
 389 0037 16       		.uleb128 0x16
 390 0038 00       		.byte	0
 391 0039 03       		.uleb128 0x3
 392 003a 0E       		.uleb128 0xe
 393 003b 3A       		.uleb128 0x3a
 394 003c 0B       		.uleb128 0xb
 395 003d 3B       		.uleb128 0x3b
 396 003e 05       		.uleb128 0x5
 397 003f 49       		.uleb128 0x49
 398 0040 13       		.uleb128 0x13
 399 0041 00       		.byte	0
 400 0042 00       		.byte	0
 401 0043 06       		.uleb128 0x6
 402 0044 35       		.uleb128 0x35
 403 0045 00       		.byte	0
 404 0046 49       		.uleb128 0x49
 405 0047 13       		.uleb128 0x13
 406 0048 00       		.byte	0
 407 0049 00       		.byte	0
 408 004a 07       		.uleb128 0x7
 409 004b 13       		.uleb128 0x13
 410 004c 01       		.byte	0x1
 411 004d 03       		.uleb128 0x3
 412 004e 0E       		.uleb128 0xe
 413 004f 0B       		.uleb128 0xb
 414 0050 0B       		.uleb128 0xb
 415 0051 3A       		.uleb128 0x3a
 416 0052 0B       		.uleb128 0xb
 417 0053 3B       		.uleb128 0x3b
 418 0054 0B       		.uleb128 0xb
 419 0055 01       		.uleb128 0x1
 420 0056 13       		.uleb128 0x13
 421 0057 00       		.byte	0
 422 0058 00       		.byte	0
 423 0059 08       		.uleb128 0x8
 424 005a 0D       		.uleb128 0xd
 425 005b 00       		.byte	0
 426 005c 03       		.uleb128 0x3
 427 005d 0E       		.uleb128 0xe
 428 005e 3A       		.uleb128 0x3a
 429 005f 0B       		.uleb128 0xb
 430 0060 3B       		.uleb128 0x3b
 431 0061 0B       		.uleb128 0xb
 432 0062 49       		.uleb128 0x49
 433 0063 13       		.uleb128 0x13
 434 0064 38       		.uleb128 0x38
 435 0065 0B       		.uleb128 0xb
 436 0066 00       		.byte	0
 437 0067 00       		.byte	0
ARM GAS  C:\Users\MATTHE~1\AppData\Local\Temp\cce1Pzqx.s 			page 12


 438 0068 09       		.uleb128 0x9
 439 0069 0D       		.uleb128 0xd
 440 006a 00       		.byte	0
 441 006b 03       		.uleb128 0x3
 442 006c 08       		.uleb128 0x8
 443 006d 3A       		.uleb128 0x3a
 444 006e 0B       		.uleb128 0xb
 445 006f 3B       		.uleb128 0x3b
 446 0070 0B       		.uleb128 0xb
 447 0071 49       		.uleb128 0x49
 448 0072 13       		.uleb128 0x13
 449 0073 38       		.uleb128 0x38
 450 0074 0B       		.uleb128 0xb
 451 0075 00       		.byte	0
 452 0076 00       		.byte	0
 453 0077 0A       		.uleb128 0xa
 454 0078 2E       		.uleb128 0x2e
 455 0079 00       		.byte	0
 456 007a 3F       		.uleb128 0x3f
 457 007b 19       		.uleb128 0x19
 458 007c 03       		.uleb128 0x3
 459 007d 0E       		.uleb128 0xe
 460 007e 3A       		.uleb128 0x3a
 461 007f 0B       		.uleb128 0xb
 462 0080 3B       		.uleb128 0x3b
 463 0081 0B       		.uleb128 0xb
 464 0082 27       		.uleb128 0x27
 465 0083 19       		.uleb128 0x19
 466 0084 11       		.uleb128 0x11
 467 0085 01       		.uleb128 0x1
 468 0086 12       		.uleb128 0x12
 469 0087 06       		.uleb128 0x6
 470 0088 40       		.uleb128 0x40
 471 0089 18       		.uleb128 0x18
 472 008a 9742     		.uleb128 0x2117
 473 008c 19       		.uleb128 0x19
 474 008d 00       		.byte	0
 475 008e 00       		.byte	0
 476 008f 0B       		.uleb128 0xb
 477 0090 2E       		.uleb128 0x2e
 478 0091 00       		.byte	0
 479 0092 3F       		.uleb128 0x3f
 480 0093 19       		.uleb128 0x19
 481 0094 03       		.uleb128 0x3
 482 0095 0E       		.uleb128 0xe
 483 0096 3A       		.uleb128 0x3a
 484 0097 0B       		.uleb128 0xb
 485 0098 3B       		.uleb128 0x3b
 486 0099 0B       		.uleb128 0xb
 487 009a 27       		.uleb128 0x27
 488 009b 19       		.uleb128 0x19
 489 009c 11       		.uleb128 0x11
 490 009d 01       		.uleb128 0x1
 491 009e 12       		.uleb128 0x12
 492 009f 06       		.uleb128 0x6
 493 00a0 40       		.uleb128 0x40
 494 00a1 18       		.uleb128 0x18
ARM GAS  C:\Users\MATTHE~1\AppData\Local\Temp\cce1Pzqx.s 			page 13


 495 00a2 9642     		.uleb128 0x2116
 496 00a4 19       		.uleb128 0x19
 497 00a5 00       		.byte	0
 498 00a6 00       		.byte	0
 499 00a7 0C       		.uleb128 0xc
 500 00a8 34       		.uleb128 0x34
 501 00a9 00       		.byte	0
 502 00aa 03       		.uleb128 0x3
 503 00ab 0E       		.uleb128 0xe
 504 00ac 3A       		.uleb128 0x3a
 505 00ad 0B       		.uleb128 0xb
 506 00ae 3B       		.uleb128 0x3b
 507 00af 0B       		.uleb128 0xb
 508 00b0 49       		.uleb128 0x49
 509 00b1 13       		.uleb128 0x13
 510 00b2 02       		.uleb128 0x2
 511 00b3 18       		.uleb128 0x18
 512 00b4 00       		.byte	0
 513 00b5 00       		.byte	0
 514 00b6 00       		.byte	0
 515              		.section	.debug_aranges,"",%progbits
 516 0000 34000000 		.4byte	0x34
 517 0004 0200     		.2byte	0x2
 518 0006 00000000 		.4byte	.Ldebug_info0
 519 000a 04       		.byte	0x4
 520 000b 00       		.byte	0
 521 000c 0000     		.2byte	0
 522 000e 0000     		.2byte	0
 523 0010 00000000 		.4byte	.LFB2
 524 0014 1C000000 		.4byte	.LFE2-.LFB2
 525 0018 00000000 		.4byte	.LFB3
 526 001c 18000000 		.4byte	.LFE3-.LFB3
 527 0020 00000000 		.4byte	.LFB4
 528 0024 34000000 		.4byte	.LFE4-.LFB4
 529 0028 00000000 		.4byte	.LFB5
 530 002c 24000000 		.4byte	.LFE5-.LFB5
 531 0030 00000000 		.4byte	0
 532 0034 00000000 		.4byte	0
 533              		.section	.debug_ranges,"",%progbits
 534              	.Ldebug_ranges0:
 535 0000 00000000 		.4byte	.LFB2
 536 0004 1C000000 		.4byte	.LFE2
 537 0008 00000000 		.4byte	.LFB3
 538 000c 18000000 		.4byte	.LFE3
 539 0010 00000000 		.4byte	.LFB4
 540 0014 34000000 		.4byte	.LFE4
 541 0018 00000000 		.4byte	.LFB5
 542 001c 24000000 		.4byte	.LFE5
 543 0020 00000000 		.4byte	0
 544 0024 00000000 		.4byte	0
 545              		.section	.debug_line,"",%progbits
 546              	.Ldebug_line0:
 547 0000 AB000000 		.section	.debug_str,"MS",%progbits,1
 547      02005400 
 547      00000201 
 547      FB0E0D00 
 547      01010101 
ARM GAS  C:\Users\MATTHE~1\AppData\Local\Temp\cce1Pzqx.s 			page 14


 548              	.LASF6:
 549 0000 6C6F6E67 		.ascii	"long long int\000"
 549      206C6F6E 
 549      6720696E 
 549      7400
 550              	.LASF15:
 551 000e 656E6162 		.ascii	"enableState\000"
 551      6C655374 
 551      61746500 
 552              	.LASF8:
 553 001a 756E7369 		.ascii	"unsigned int\000"
 553      676E6564 
 553      20696E74 
 553      00
 554              	.LASF19:
 555 0027 55415254 		.ascii	"UART_1_Sleep\000"
 555      5F315F53 
 555      6C656570 
 555      00
 556              	.LASF12:
 557 0034 75696E74 		.ascii	"uint8\000"
 557      3800
 558              	.LASF5:
 559 003a 6C6F6E67 		.ascii	"long unsigned int\000"
 559      20756E73 
 559      69676E65 
 559      6420696E 
 559      7400
 560              	.LASF17:
 561 004c 55415254 		.ascii	"UART_1_SaveConfig\000"
 561      5F315F53 
 561      61766543 
 561      6F6E6669 
 561      6700
 562              	.LASF7:
 563 005e 6C6F6E67 		.ascii	"long long unsigned int\000"
 563      206C6F6E 
 563      6720756E 
 563      7369676E 
 563      65642069 
 564              	.LASF21:
 565 0075 474E5520 		.ascii	"GNU C 4.8.4 20140526 (release) [ARM/embedded-4_8-br"
 565      4320342E 
 565      382E3420 
 565      32303134 
 565      30353236 
 566 00a8 616E6368 		.ascii	"anch revision 211358] -mcpu=cortex-m0 -mthumb -g -O"
 566      20726576 
 566      6973696F 
 566      6E203231 
 566      31333538 
 567 00db 30202D66 		.ascii	"0 -ffunction-sections\000"
 567      66756E63 
 567      74696F6E 
 567      2D736563 
 567      74696F6E 
 568              	.LASF24:
ARM GAS  C:\Users\MATTHE~1\AppData\Local\Temp\cce1Pzqx.s 			page 15


 569 00f1 55415254 		.ascii	"UART_1_backupStruct_\000"
 569      5F315F62 
 569      61636B75 
 569      70537472 
 569      7563745F 
 570              	.LASF1:
 571 0106 756E7369 		.ascii	"unsigned char\000"
 571      676E6564 
 571      20636861 
 571      7200
 572              	.LASF22:
 573 0114 2E5C4765 		.ascii	".\\Generated_Source\\PSoC4\\UART_1_PM.c\000"
 573      6E657261 
 573      7465645F 
 573      536F7572 
 573      63655C50 
 574              	.LASF11:
 575 0139 63686172 		.ascii	"char\000"
 575      00
 576              	.LASF4:
 577 013e 6C6F6E67 		.ascii	"long int\000"
 577      20696E74 
 577      00
 578              	.LASF23:
 579 0147 433A5C55 		.ascii	"C:\\Users\\Matthew Arbesfeld\\Documents\\PSoC Creat"
 579      73657273 
 579      5C4D6174 
 579      74686577 
 579      20417262 
 580 0176 6F725C42 		.ascii	"or\\BoxesUART\\BoxesBLE.cydsn\000"
 580      6F786573 
 580      55415254 
 580      5C426F78 
 580      6573424C 
 581              	.LASF10:
 582 0192 646F7562 		.ascii	"double\000"
 582      6C6500
 583              	.LASF25:
 584 0199 55415254 		.ascii	"UART_1_backup\000"
 584      5F315F62 
 584      61636B75 
 584      7000
 585              	.LASF3:
 586 01a7 73686F72 		.ascii	"short unsigned int\000"
 586      7420756E 
 586      7369676E 
 586      65642069 
 586      6E7400
 587              	.LASF0:
 588 01ba 7369676E 		.ascii	"signed char\000"
 588      65642063 
 588      68617200 
 589              	.LASF18:
 590 01c6 55415254 		.ascii	"UART_1_RestoreConfig\000"
 590      5F315F52 
 590      6573746F 
 590      7265436F 
ARM GAS  C:\Users\MATTHE~1\AppData\Local\Temp\cce1Pzqx.s 			page 16


 590      6E666967 
 591              	.LASF9:
 592 01db 666C6F61 		.ascii	"float\000"
 592      7400
 593              	.LASF2:
 594 01e1 73686F72 		.ascii	"short int\000"
 594      7420696E 
 594      7400
 595              	.LASF13:
 596 01eb 72656738 		.ascii	"reg8\000"
 596      00
 597              	.LASF20:
 598 01f0 55415254 		.ascii	"UART_1_Wakeup\000"
 598      5F315F57 
 598      616B6575 
 598      7000
 599              	.LASF14:
 600 01fe 73697A65 		.ascii	"sizetype\000"
 600      74797065 
 600      00
 601              	.LASF16:
 602 0207 55415254 		.ascii	"UART_1_BACKUP_STRUCT\000"
 602      5F315F42 
 602      41434B55 
 602      505F5354 
 602      52554354 
 603              		.ident	"GCC: (GNU Tools for ARM Embedded Processors) 4.8.4 20140526 (release) [ARM/embedded-4_8-br
