ARM GAS  C:\Users\MATTHE~1\AppData\Local\Temp\ccAbNd1c.s 			page 1


   1              		.cpu cortex-m0
   2              		.fpu softvfp
   3              		.eabi_attribute 20, 1
   4              		.eabi_attribute 21, 1
   5              		.eabi_attribute 23, 3
   6              		.eabi_attribute 24, 1
   7              		.eabi_attribute 25, 1
   8              		.eabi_attribute 26, 1
   9              		.eabi_attribute 30, 6
  10              		.eabi_attribute 34, 0
  11              		.eabi_attribute 18, 4
  12              		.code	16
  13              		.file	"UART_Rx_Left_UART.c"
  14              		.text
  15              	.Ltext0:
  16              		.cfi_sections	.debug_frame
  17              		.section	.text.UART_Rx_Left_UartInit,"ax",%progbits
  18              		.align	2
  19              		.global	UART_Rx_Left_UartInit
  20              		.code	16
  21              		.thumb_func
  22              		.type	UART_Rx_Left_UartInit, %function
  23              	UART_Rx_Left_UartInit:
  24              	.LFB0:
  25              		.file 1 ".\\Generated_Source\\PSoC4\\UART_Rx_Left_UART.c"
   1:.\Generated_Source\PSoC4/UART_Rx_Left_UART.c **** /*******************************************************************************
   2:.\Generated_Source\PSoC4/UART_Rx_Left_UART.c **** * File Name: UART_Rx_Left_UART.c
   3:.\Generated_Source\PSoC4/UART_Rx_Left_UART.c **** * Version 2.0
   4:.\Generated_Source\PSoC4/UART_Rx_Left_UART.c **** *
   5:.\Generated_Source\PSoC4/UART_Rx_Left_UART.c **** * Description:
   6:.\Generated_Source\PSoC4/UART_Rx_Left_UART.c **** *  This file provides the source code to the API for the SCB Component in
   7:.\Generated_Source\PSoC4/UART_Rx_Left_UART.c **** *  UART mode.
   8:.\Generated_Source\PSoC4/UART_Rx_Left_UART.c **** *
   9:.\Generated_Source\PSoC4/UART_Rx_Left_UART.c **** * Note:
  10:.\Generated_Source\PSoC4/UART_Rx_Left_UART.c **** *
  11:.\Generated_Source\PSoC4/UART_Rx_Left_UART.c **** *******************************************************************************
  12:.\Generated_Source\PSoC4/UART_Rx_Left_UART.c **** * Copyright 2013-2014, Cypress Semiconductor Corporation.  All rights reserved.
  13:.\Generated_Source\PSoC4/UART_Rx_Left_UART.c **** * You may use this file only in accordance with the license, terms, conditions,
  14:.\Generated_Source\PSoC4/UART_Rx_Left_UART.c **** * disclaimers, and limitations in the end user license agreement accompanying
  15:.\Generated_Source\PSoC4/UART_Rx_Left_UART.c **** * the software package with which this file was provided.
  16:.\Generated_Source\PSoC4/UART_Rx_Left_UART.c **** *******************************************************************************/
  17:.\Generated_Source\PSoC4/UART_Rx_Left_UART.c **** 
  18:.\Generated_Source\PSoC4/UART_Rx_Left_UART.c **** #include "UART_Rx_Left_PVT.h"
  19:.\Generated_Source\PSoC4/UART_Rx_Left_UART.c **** #include "UART_Rx_Left_SPI_UART_PVT.h"
  20:.\Generated_Source\PSoC4/UART_Rx_Left_UART.c **** 
  21:.\Generated_Source\PSoC4/UART_Rx_Left_UART.c **** 
  22:.\Generated_Source\PSoC4/UART_Rx_Left_UART.c **** #if(UART_Rx_Left_SCB_MODE_UNCONFIG_CONST_CFG)
  23:.\Generated_Source\PSoC4/UART_Rx_Left_UART.c **** 
  24:.\Generated_Source\PSoC4/UART_Rx_Left_UART.c ****     /***************************************
  25:.\Generated_Source\PSoC4/UART_Rx_Left_UART.c ****     *  Configuration Structure Initialization
  26:.\Generated_Source\PSoC4/UART_Rx_Left_UART.c ****     ***************************************/
  27:.\Generated_Source\PSoC4/UART_Rx_Left_UART.c **** 
  28:.\Generated_Source\PSoC4/UART_Rx_Left_UART.c ****     const UART_Rx_Left_UART_INIT_STRUCT UART_Rx_Left_configUart =
  29:.\Generated_Source\PSoC4/UART_Rx_Left_UART.c ****     {
  30:.\Generated_Source\PSoC4/UART_Rx_Left_UART.c ****         UART_Rx_Left_UART_SUB_MODE,
  31:.\Generated_Source\PSoC4/UART_Rx_Left_UART.c ****         UART_Rx_Left_UART_DIRECTION,
  32:.\Generated_Source\PSoC4/UART_Rx_Left_UART.c ****         UART_Rx_Left_UART_DATA_BITS_NUM,
ARM GAS  C:\Users\MATTHE~1\AppData\Local\Temp\ccAbNd1c.s 			page 2


  33:.\Generated_Source\PSoC4/UART_Rx_Left_UART.c ****         UART_Rx_Left_UART_PARITY_TYPE,
  34:.\Generated_Source\PSoC4/UART_Rx_Left_UART.c ****         UART_Rx_Left_UART_STOP_BITS_NUM,
  35:.\Generated_Source\PSoC4/UART_Rx_Left_UART.c ****         UART_Rx_Left_UART_OVS_FACTOR,
  36:.\Generated_Source\PSoC4/UART_Rx_Left_UART.c ****         UART_Rx_Left_UART_IRDA_LOW_POWER,
  37:.\Generated_Source\PSoC4/UART_Rx_Left_UART.c ****         UART_Rx_Left_UART_MEDIAN_FILTER_ENABLE,
  38:.\Generated_Source\PSoC4/UART_Rx_Left_UART.c ****         UART_Rx_Left_UART_RETRY_ON_NACK,
  39:.\Generated_Source\PSoC4/UART_Rx_Left_UART.c ****         UART_Rx_Left_UART_IRDA_POLARITY,
  40:.\Generated_Source\PSoC4/UART_Rx_Left_UART.c ****         UART_Rx_Left_UART_DROP_ON_PARITY_ERR,
  41:.\Generated_Source\PSoC4/UART_Rx_Left_UART.c ****         UART_Rx_Left_UART_DROP_ON_FRAME_ERR,
  42:.\Generated_Source\PSoC4/UART_Rx_Left_UART.c ****         UART_Rx_Left_UART_WAKE_ENABLE,
  43:.\Generated_Source\PSoC4/UART_Rx_Left_UART.c ****         0u,
  44:.\Generated_Source\PSoC4/UART_Rx_Left_UART.c ****         NULL,
  45:.\Generated_Source\PSoC4/UART_Rx_Left_UART.c ****         0u,
  46:.\Generated_Source\PSoC4/UART_Rx_Left_UART.c ****         NULL,
  47:.\Generated_Source\PSoC4/UART_Rx_Left_UART.c ****         UART_Rx_Left_UART_MP_MODE_ENABLE,
  48:.\Generated_Source\PSoC4/UART_Rx_Left_UART.c ****         UART_Rx_Left_UART_MP_ACCEPT_ADDRESS,
  49:.\Generated_Source\PSoC4/UART_Rx_Left_UART.c ****         UART_Rx_Left_UART_MP_RX_ADDRESS,
  50:.\Generated_Source\PSoC4/UART_Rx_Left_UART.c ****         UART_Rx_Left_UART_MP_RX_ADDRESS_MASK,
  51:.\Generated_Source\PSoC4/UART_Rx_Left_UART.c ****         (uint32) UART_Rx_Left_SCB_IRQ_INTERNAL,
  52:.\Generated_Source\PSoC4/UART_Rx_Left_UART.c ****         UART_Rx_Left_UART_INTR_RX_MASK,
  53:.\Generated_Source\PSoC4/UART_Rx_Left_UART.c ****         UART_Rx_Left_UART_RX_TRIGGER_LEVEL,
  54:.\Generated_Source\PSoC4/UART_Rx_Left_UART.c ****         UART_Rx_Left_UART_INTR_TX_MASK,
  55:.\Generated_Source\PSoC4/UART_Rx_Left_UART.c ****         UART_Rx_Left_UART_TX_TRIGGER_LEVEL,
  56:.\Generated_Source\PSoC4/UART_Rx_Left_UART.c ****         (uint8) UART_Rx_Left_UART_BYTE_MODE_ENABLE,
  57:.\Generated_Source\PSoC4/UART_Rx_Left_UART.c ****         (uint8) UART_Rx_Left_UART_CTS_ENABLE,
  58:.\Generated_Source\PSoC4/UART_Rx_Left_UART.c ****         (uint8) UART_Rx_Left_UART_CTS_POLARITY,
  59:.\Generated_Source\PSoC4/UART_Rx_Left_UART.c ****         (uint8) UART_Rx_Left_UART_RTS_POLARITY,
  60:.\Generated_Source\PSoC4/UART_Rx_Left_UART.c ****         (uint8) UART_Rx_Left_UART_RTS_FIFO_LEVEL
  61:.\Generated_Source\PSoC4/UART_Rx_Left_UART.c ****     };
  62:.\Generated_Source\PSoC4/UART_Rx_Left_UART.c **** 
  63:.\Generated_Source\PSoC4/UART_Rx_Left_UART.c **** 
  64:.\Generated_Source\PSoC4/UART_Rx_Left_UART.c ****     /*******************************************************************************
  65:.\Generated_Source\PSoC4/UART_Rx_Left_UART.c ****     * Function Name: UART_Rx_Left_UartInit
  66:.\Generated_Source\PSoC4/UART_Rx_Left_UART.c ****     ********************************************************************************
  67:.\Generated_Source\PSoC4/UART_Rx_Left_UART.c ****     *
  68:.\Generated_Source\PSoC4/UART_Rx_Left_UART.c ****     * Summary:
  69:.\Generated_Source\PSoC4/UART_Rx_Left_UART.c ****     *  Configures the SCB for the UART operation.
  70:.\Generated_Source\PSoC4/UART_Rx_Left_UART.c ****     *
  71:.\Generated_Source\PSoC4/UART_Rx_Left_UART.c ****     * Parameters:
  72:.\Generated_Source\PSoC4/UART_Rx_Left_UART.c ****     *  config:  Pointer to a structure that contains the following ordered list of
  73:.\Generated_Source\PSoC4/UART_Rx_Left_UART.c ****     *           fields. These fields match the selections available in the
  74:.\Generated_Source\PSoC4/UART_Rx_Left_UART.c ****     *           customizer.
  75:.\Generated_Source\PSoC4/UART_Rx_Left_UART.c ****     *
  76:.\Generated_Source\PSoC4/UART_Rx_Left_UART.c ****     * Return:
  77:.\Generated_Source\PSoC4/UART_Rx_Left_UART.c ****     *  None
  78:.\Generated_Source\PSoC4/UART_Rx_Left_UART.c ****     *
  79:.\Generated_Source\PSoC4/UART_Rx_Left_UART.c ****     *******************************************************************************/
  80:.\Generated_Source\PSoC4/UART_Rx_Left_UART.c ****     void UART_Rx_Left_UartInit(const UART_Rx_Left_UART_INIT_STRUCT *config)
  81:.\Generated_Source\PSoC4/UART_Rx_Left_UART.c ****     {
  82:.\Generated_Source\PSoC4/UART_Rx_Left_UART.c ****         uint32 pinsConfig;
  83:.\Generated_Source\PSoC4/UART_Rx_Left_UART.c **** 
  84:.\Generated_Source\PSoC4/UART_Rx_Left_UART.c ****         if(NULL == config)
  85:.\Generated_Source\PSoC4/UART_Rx_Left_UART.c ****         {
  86:.\Generated_Source\PSoC4/UART_Rx_Left_UART.c ****             CYASSERT(0u != 0u); /* Halt execution due to bad function parameter */
  87:.\Generated_Source\PSoC4/UART_Rx_Left_UART.c ****         }
  88:.\Generated_Source\PSoC4/UART_Rx_Left_UART.c ****         else
  89:.\Generated_Source\PSoC4/UART_Rx_Left_UART.c ****         {
ARM GAS  C:\Users\MATTHE~1\AppData\Local\Temp\ccAbNd1c.s 			page 3


  90:.\Generated_Source\PSoC4/UART_Rx_Left_UART.c ****             /* Get direction to configure UART pins: TX, RX or TX+RX */
  91:.\Generated_Source\PSoC4/UART_Rx_Left_UART.c ****             pinsConfig  = config->direction;
  92:.\Generated_Source\PSoC4/UART_Rx_Left_UART.c **** 
  93:.\Generated_Source\PSoC4/UART_Rx_Left_UART.c ****         #if !(UART_Rx_Left_CY_SCBIP_V0 || UART_Rx_Left_CY_SCBIP_V1)
  94:.\Generated_Source\PSoC4/UART_Rx_Left_UART.c ****             /* Add RTS and CTS pins to configure */
  95:.\Generated_Source\PSoC4/UART_Rx_Left_UART.c ****             pinsConfig |= (0u != config->rtsRxFifoLevel) ? (UART_Rx_Left_UART_RTS_PIN_ENABLE) : (0u
  96:.\Generated_Source\PSoC4/UART_Rx_Left_UART.c ****             pinsConfig |= (0u != config->enableCts)         ? (UART_Rx_Left_UART_CTS_PIN_ENABLE) : 
  97:.\Generated_Source\PSoC4/UART_Rx_Left_UART.c ****         #endif /* !(UART_Rx_Left_CY_SCBIP_V0 || UART_Rx_Left_CY_SCBIP_V1) */
  98:.\Generated_Source\PSoC4/UART_Rx_Left_UART.c **** 
  99:.\Generated_Source\PSoC4/UART_Rx_Left_UART.c ****             /* Configure pins */
 100:.\Generated_Source\PSoC4/UART_Rx_Left_UART.c ****             UART_Rx_Left_SetPins(UART_Rx_Left_SCB_MODE_UART, config->mode, pinsConfig);
 101:.\Generated_Source\PSoC4/UART_Rx_Left_UART.c **** 
 102:.\Generated_Source\PSoC4/UART_Rx_Left_UART.c ****             /* Store internal configuration */
 103:.\Generated_Source\PSoC4/UART_Rx_Left_UART.c ****             UART_Rx_Left_scbMode       = (uint8) UART_Rx_Left_SCB_MODE_UART;
 104:.\Generated_Source\PSoC4/UART_Rx_Left_UART.c ****             UART_Rx_Left_scbEnableWake = (uint8) config->enableWake;
 105:.\Generated_Source\PSoC4/UART_Rx_Left_UART.c ****             UART_Rx_Left_scbEnableIntr = (uint8) config->enableInterrupt;
 106:.\Generated_Source\PSoC4/UART_Rx_Left_UART.c **** 
 107:.\Generated_Source\PSoC4/UART_Rx_Left_UART.c ****             /* Set RX direction internal variables */
 108:.\Generated_Source\PSoC4/UART_Rx_Left_UART.c ****             UART_Rx_Left_rxBuffer      =         config->rxBuffer;
 109:.\Generated_Source\PSoC4/UART_Rx_Left_UART.c ****             UART_Rx_Left_rxDataBits    = (uint8) config->dataBits;
 110:.\Generated_Source\PSoC4/UART_Rx_Left_UART.c ****             UART_Rx_Left_rxBufferSize  = (uint8) config->rxBufferSize;
 111:.\Generated_Source\PSoC4/UART_Rx_Left_UART.c **** 
 112:.\Generated_Source\PSoC4/UART_Rx_Left_UART.c ****             /* Set TX direction internal variables */
 113:.\Generated_Source\PSoC4/UART_Rx_Left_UART.c ****             UART_Rx_Left_txBuffer      =         config->txBuffer;
 114:.\Generated_Source\PSoC4/UART_Rx_Left_UART.c ****             UART_Rx_Left_txDataBits    = (uint8) config->dataBits;
 115:.\Generated_Source\PSoC4/UART_Rx_Left_UART.c ****             UART_Rx_Left_txBufferSize  = (uint8) config->txBufferSize;
 116:.\Generated_Source\PSoC4/UART_Rx_Left_UART.c **** 
 117:.\Generated_Source\PSoC4/UART_Rx_Left_UART.c ****             /* Configure UART interface */
 118:.\Generated_Source\PSoC4/UART_Rx_Left_UART.c ****             if(UART_Rx_Left_UART_MODE_IRDA == config->mode)
 119:.\Generated_Source\PSoC4/UART_Rx_Left_UART.c ****             {
 120:.\Generated_Source\PSoC4/UART_Rx_Left_UART.c ****                 /* OVS settings: IrDA */
 121:.\Generated_Source\PSoC4/UART_Rx_Left_UART.c ****                 UART_Rx_Left_CTRL_REG  = ((0u != config->enableIrdaLowPower) ?
 122:.\Generated_Source\PSoC4/UART_Rx_Left_UART.c ****                                                 (UART_Rx_Left_UART_GET_CTRL_OVS_IRDA_LP(config->ove
 123:.\Generated_Source\PSoC4/UART_Rx_Left_UART.c ****                                                 (UART_Rx_Left_CTRL_OVS_IRDA_OVS16));
 124:.\Generated_Source\PSoC4/UART_Rx_Left_UART.c ****             }
 125:.\Generated_Source\PSoC4/UART_Rx_Left_UART.c ****             else
 126:.\Generated_Source\PSoC4/UART_Rx_Left_UART.c ****             {
 127:.\Generated_Source\PSoC4/UART_Rx_Left_UART.c ****                 /* OVS settings: UART and SmartCard */
 128:.\Generated_Source\PSoC4/UART_Rx_Left_UART.c ****                 UART_Rx_Left_CTRL_REG  = UART_Rx_Left_GET_CTRL_OVS(config->oversample);
 129:.\Generated_Source\PSoC4/UART_Rx_Left_UART.c ****             }
 130:.\Generated_Source\PSoC4/UART_Rx_Left_UART.c **** 
 131:.\Generated_Source\PSoC4/UART_Rx_Left_UART.c ****             UART_Rx_Left_CTRL_REG     |= UART_Rx_Left_GET_CTRL_BYTE_MODE  (config->enableByteMode) 
 132:.\Generated_Source\PSoC4/UART_Rx_Left_UART.c ****                                              UART_Rx_Left_GET_CTRL_ADDR_ACCEPT(config->multiprocAcc
 133:.\Generated_Source\PSoC4/UART_Rx_Left_UART.c ****                                              UART_Rx_Left_CTRL_UART;
 134:.\Generated_Source\PSoC4/UART_Rx_Left_UART.c **** 
 135:.\Generated_Source\PSoC4/UART_Rx_Left_UART.c ****             /* Configure sub-mode: UART, SmartCard or IrDA */
 136:.\Generated_Source\PSoC4/UART_Rx_Left_UART.c ****             UART_Rx_Left_UART_CTRL_REG = UART_Rx_Left_GET_UART_CTRL_MODE(config->mode);
 137:.\Generated_Source\PSoC4/UART_Rx_Left_UART.c **** 
 138:.\Generated_Source\PSoC4/UART_Rx_Left_UART.c ****             /* Configure RX direction */
 139:.\Generated_Source\PSoC4/UART_Rx_Left_UART.c ****             UART_Rx_Left_UART_RX_CTRL_REG = UART_Rx_Left_GET_UART_RX_CTRL_MODE(config->stopBits)   
 140:.\Generated_Source\PSoC4/UART_Rx_Left_UART.c ****                                         UART_Rx_Left_GET_UART_RX_CTRL_POLARITY(config->enableInvert
 141:.\Generated_Source\PSoC4/UART_Rx_Left_UART.c ****                                         UART_Rx_Left_GET_UART_RX_CTRL_MP_MODE(config->enableMultipr
 142:.\Generated_Source\PSoC4/UART_Rx_Left_UART.c ****                                         UART_Rx_Left_GET_UART_RX_CTRL_DROP_ON_PARITY_ERR(config->dr
 143:.\Generated_Source\PSoC4/UART_Rx_Left_UART.c ****                                         UART_Rx_Left_GET_UART_RX_CTRL_DROP_ON_FRAME_ERR(config->dro
 144:.\Generated_Source\PSoC4/UART_Rx_Left_UART.c **** 
 145:.\Generated_Source\PSoC4/UART_Rx_Left_UART.c ****             if(UART_Rx_Left_UART_PARITY_NONE != config->parity)
 146:.\Generated_Source\PSoC4/UART_Rx_Left_UART.c ****             {
ARM GAS  C:\Users\MATTHE~1\AppData\Local\Temp\ccAbNd1c.s 			page 4


 147:.\Generated_Source\PSoC4/UART_Rx_Left_UART.c ****                UART_Rx_Left_UART_RX_CTRL_REG |= UART_Rx_Left_GET_UART_RX_CTRL_PARITY(config->parity
 148:.\Generated_Source\PSoC4/UART_Rx_Left_UART.c ****                                                     UART_Rx_Left_UART_RX_CTRL_PARITY_ENABLED;
 149:.\Generated_Source\PSoC4/UART_Rx_Left_UART.c ****             }
 150:.\Generated_Source\PSoC4/UART_Rx_Left_UART.c **** 
 151:.\Generated_Source\PSoC4/UART_Rx_Left_UART.c ****             UART_Rx_Left_RX_CTRL_REG      = UART_Rx_Left_GET_RX_CTRL_DATA_WIDTH(config->dataBits)  
 152:.\Generated_Source\PSoC4/UART_Rx_Left_UART.c ****                                                 UART_Rx_Left_GET_RX_CTRL_MEDIAN(config->enableMedia
 153:.\Generated_Source\PSoC4/UART_Rx_Left_UART.c ****                                                 UART_Rx_Left_GET_UART_RX_CTRL_ENABLED(config->direc
 154:.\Generated_Source\PSoC4/UART_Rx_Left_UART.c **** 
 155:.\Generated_Source\PSoC4/UART_Rx_Left_UART.c ****             UART_Rx_Left_RX_FIFO_CTRL_REG = UART_Rx_Left_GET_RX_FIFO_CTRL_TRIGGER_LEVEL(config->rxT
 156:.\Generated_Source\PSoC4/UART_Rx_Left_UART.c **** 
 157:.\Generated_Source\PSoC4/UART_Rx_Left_UART.c ****             /* Configure MP address */
 158:.\Generated_Source\PSoC4/UART_Rx_Left_UART.c ****             UART_Rx_Left_RX_MATCH_REG     = UART_Rx_Left_GET_RX_MATCH_ADDR(config->multiprocAddr) |
 159:.\Generated_Source\PSoC4/UART_Rx_Left_UART.c ****                                                 UART_Rx_Left_GET_RX_MATCH_MASK(config->multiprocAdd
 160:.\Generated_Source\PSoC4/UART_Rx_Left_UART.c **** 
 161:.\Generated_Source\PSoC4/UART_Rx_Left_UART.c ****             /* Configure RX direction */
 162:.\Generated_Source\PSoC4/UART_Rx_Left_UART.c ****             UART_Rx_Left_UART_TX_CTRL_REG = UART_Rx_Left_GET_UART_TX_CTRL_MODE(config->stopBits) |
 163:.\Generated_Source\PSoC4/UART_Rx_Left_UART.c ****                                                 UART_Rx_Left_GET_UART_TX_CTRL_RETRY_NACK(config->en
 164:.\Generated_Source\PSoC4/UART_Rx_Left_UART.c **** 
 165:.\Generated_Source\PSoC4/UART_Rx_Left_UART.c ****             if(UART_Rx_Left_UART_PARITY_NONE != config->parity)
 166:.\Generated_Source\PSoC4/UART_Rx_Left_UART.c ****             {
 167:.\Generated_Source\PSoC4/UART_Rx_Left_UART.c ****                UART_Rx_Left_UART_TX_CTRL_REG |= UART_Rx_Left_GET_UART_TX_CTRL_PARITY(config->parity
 168:.\Generated_Source\PSoC4/UART_Rx_Left_UART.c ****                                                     UART_Rx_Left_UART_TX_CTRL_PARITY_ENABLED;
 169:.\Generated_Source\PSoC4/UART_Rx_Left_UART.c ****             }
 170:.\Generated_Source\PSoC4/UART_Rx_Left_UART.c **** 
 171:.\Generated_Source\PSoC4/UART_Rx_Left_UART.c ****             UART_Rx_Left_TX_CTRL_REG      = UART_Rx_Left_GET_TX_CTRL_DATA_WIDTH(config->dataBits)  
 172:.\Generated_Source\PSoC4/UART_Rx_Left_UART.c ****                                                 UART_Rx_Left_GET_UART_TX_CTRL_ENABLED(config->direc
 173:.\Generated_Source\PSoC4/UART_Rx_Left_UART.c **** 
 174:.\Generated_Source\PSoC4/UART_Rx_Left_UART.c ****             UART_Rx_Left_TX_FIFO_CTRL_REG = UART_Rx_Left_GET_TX_FIFO_CTRL_TRIGGER_LEVEL(config->txT
 175:.\Generated_Source\PSoC4/UART_Rx_Left_UART.c **** 
 176:.\Generated_Source\PSoC4/UART_Rx_Left_UART.c ****         #if !(UART_Rx_Left_CY_SCBIP_V0 || UART_Rx_Left_CY_SCBIP_V1)
 177:.\Generated_Source\PSoC4/UART_Rx_Left_UART.c ****             UART_Rx_Left_UART_FLOW_CTRL_REG = UART_Rx_Left_GET_UART_FLOW_CTRL_CTS_ENABLE(config->en
 178:.\Generated_Source\PSoC4/UART_Rx_Left_UART.c ****                                             UART_Rx_Left_GET_UART_FLOW_CTRL_CTS_POLARITY (config->c
 179:.\Generated_Source\PSoC4/UART_Rx_Left_UART.c ****                                             UART_Rx_Left_GET_UART_FLOW_CTRL_RTS_POLARITY(config->rt
 180:.\Generated_Source\PSoC4/UART_Rx_Left_UART.c ****                                             UART_Rx_Left_GET_UART_FLOW_CTRL_TRIGGER_LEVEL(config->r
 181:.\Generated_Source\PSoC4/UART_Rx_Left_UART.c ****         #endif /* !(UART_Rx_Left_CY_SCBIP_V0 || UART_Rx_Left_CY_SCBIP_V1) */
 182:.\Generated_Source\PSoC4/UART_Rx_Left_UART.c **** 
 183:.\Generated_Source\PSoC4/UART_Rx_Left_UART.c ****             /* Configure interrupt with UART handler but do not enable it */
 184:.\Generated_Source\PSoC4/UART_Rx_Left_UART.c ****             CyIntDisable    (UART_Rx_Left_ISR_NUMBER);
 185:.\Generated_Source\PSoC4/UART_Rx_Left_UART.c ****             CyIntSetPriority(UART_Rx_Left_ISR_NUMBER, UART_Rx_Left_ISR_PRIORITY);
 186:.\Generated_Source\PSoC4/UART_Rx_Left_UART.c ****             (void) CyIntSetVector(UART_Rx_Left_ISR_NUMBER, &UART_Rx_Left_SPI_UART_ISR);
 187:.\Generated_Source\PSoC4/UART_Rx_Left_UART.c **** 
 188:.\Generated_Source\PSoC4/UART_Rx_Left_UART.c ****             /* Configure WAKE interrupt */
 189:.\Generated_Source\PSoC4/UART_Rx_Left_UART.c ****         #if(UART_Rx_Left_UART_RX_WAKEUP_IRQ)
 190:.\Generated_Source\PSoC4/UART_Rx_Left_UART.c ****             CyIntDisable    (UART_Rx_Left_RX_WAKE_ISR_NUMBER);
 191:.\Generated_Source\PSoC4/UART_Rx_Left_UART.c ****             CyIntSetPriority(UART_Rx_Left_RX_WAKE_ISR_NUMBER, UART_Rx_Left_RX_WAKE_ISR_PRIORITY);
 192:.\Generated_Source\PSoC4/UART_Rx_Left_UART.c ****             (void) CyIntSetVector(UART_Rx_Left_RX_WAKE_ISR_NUMBER, &UART_Rx_Left_UART_WAKEUP_ISR);
 193:.\Generated_Source\PSoC4/UART_Rx_Left_UART.c ****         #endif /* (UART_Rx_Left_UART_RX_WAKEUP_IRQ) */
 194:.\Generated_Source\PSoC4/UART_Rx_Left_UART.c **** 
 195:.\Generated_Source\PSoC4/UART_Rx_Left_UART.c ****             /* Configure interrupt sources */
 196:.\Generated_Source\PSoC4/UART_Rx_Left_UART.c ****             UART_Rx_Left_INTR_I2C_EC_MASK_REG = UART_Rx_Left_NO_INTR_SOURCES;
 197:.\Generated_Source\PSoC4/UART_Rx_Left_UART.c ****             UART_Rx_Left_INTR_SPI_EC_MASK_REG = UART_Rx_Left_NO_INTR_SOURCES;
 198:.\Generated_Source\PSoC4/UART_Rx_Left_UART.c ****             UART_Rx_Left_INTR_SLAVE_MASK_REG  = UART_Rx_Left_NO_INTR_SOURCES;
 199:.\Generated_Source\PSoC4/UART_Rx_Left_UART.c ****             UART_Rx_Left_INTR_MASTER_MASK_REG = UART_Rx_Left_NO_INTR_SOURCES;
 200:.\Generated_Source\PSoC4/UART_Rx_Left_UART.c ****             UART_Rx_Left_INTR_RX_MASK_REG     = config->rxInterruptMask;
 201:.\Generated_Source\PSoC4/UART_Rx_Left_UART.c ****             UART_Rx_Left_INTR_TX_MASK_REG     = config->txInterruptMask;
 202:.\Generated_Source\PSoC4/UART_Rx_Left_UART.c **** 
 203:.\Generated_Source\PSoC4/UART_Rx_Left_UART.c ****             /* Clear RX buffer indexes */
ARM GAS  C:\Users\MATTHE~1\AppData\Local\Temp\ccAbNd1c.s 			page 5


 204:.\Generated_Source\PSoC4/UART_Rx_Left_UART.c ****             UART_Rx_Left_rxBufferHead     = 0u;
 205:.\Generated_Source\PSoC4/UART_Rx_Left_UART.c ****             UART_Rx_Left_rxBufferTail     = 0u;
 206:.\Generated_Source\PSoC4/UART_Rx_Left_UART.c ****             UART_Rx_Left_rxBufferOverflow = 0u;
 207:.\Generated_Source\PSoC4/UART_Rx_Left_UART.c **** 
 208:.\Generated_Source\PSoC4/UART_Rx_Left_UART.c ****             /* Clear TX buffer indexes */
 209:.\Generated_Source\PSoC4/UART_Rx_Left_UART.c ****             UART_Rx_Left_txBufferHead = 0u;
 210:.\Generated_Source\PSoC4/UART_Rx_Left_UART.c ****             UART_Rx_Left_txBufferTail = 0u;
 211:.\Generated_Source\PSoC4/UART_Rx_Left_UART.c ****         }
 212:.\Generated_Source\PSoC4/UART_Rx_Left_UART.c ****     }
 213:.\Generated_Source\PSoC4/UART_Rx_Left_UART.c **** 
 214:.\Generated_Source\PSoC4/UART_Rx_Left_UART.c **** #else
 215:.\Generated_Source\PSoC4/UART_Rx_Left_UART.c **** 
 216:.\Generated_Source\PSoC4/UART_Rx_Left_UART.c ****     /*******************************************************************************
 217:.\Generated_Source\PSoC4/UART_Rx_Left_UART.c ****     * Function Name: UART_Rx_Left_UartInit
 218:.\Generated_Source\PSoC4/UART_Rx_Left_UART.c ****     ********************************************************************************
 219:.\Generated_Source\PSoC4/UART_Rx_Left_UART.c ****     *
 220:.\Generated_Source\PSoC4/UART_Rx_Left_UART.c ****     * Summary:
 221:.\Generated_Source\PSoC4/UART_Rx_Left_UART.c ****     *  Configures the SCB for the UART operation.
 222:.\Generated_Source\PSoC4/UART_Rx_Left_UART.c ****     *
 223:.\Generated_Source\PSoC4/UART_Rx_Left_UART.c ****     * Parameters:
 224:.\Generated_Source\PSoC4/UART_Rx_Left_UART.c ****     *  None
 225:.\Generated_Source\PSoC4/UART_Rx_Left_UART.c ****     *
 226:.\Generated_Source\PSoC4/UART_Rx_Left_UART.c ****     * Return:
 227:.\Generated_Source\PSoC4/UART_Rx_Left_UART.c ****     *  None
 228:.\Generated_Source\PSoC4/UART_Rx_Left_UART.c ****     *
 229:.\Generated_Source\PSoC4/UART_Rx_Left_UART.c ****     *******************************************************************************/
 230:.\Generated_Source\PSoC4/UART_Rx_Left_UART.c ****     void UART_Rx_Left_UartInit(void)
 231:.\Generated_Source\PSoC4/UART_Rx_Left_UART.c ****     {
  26              		.loc 1 231 0
  27              		.cfi_startproc
  28 0000 80B5     		push	{r7, lr}
  29              		.cfi_def_cfa_offset 8
  30              		.cfi_offset 7, -8
  31              		.cfi_offset 14, -4
  32 0002 00AF     		add	r7, sp, #0
  33              		.cfi_def_cfa_register 7
 232:.\Generated_Source\PSoC4/UART_Rx_Left_UART.c ****         /* Configure UART interface */
 233:.\Generated_Source\PSoC4/UART_Rx_Left_UART.c ****         UART_Rx_Left_CTRL_REG = UART_Rx_Left_UART_DEFAULT_CTRL;
  34              		.loc 1 233 0
  35 0004 174B     		ldr	r3, .L2
  36 0006 184A     		ldr	r2, .L2+4
  37 0008 1A60     		str	r2, [r3]
 234:.\Generated_Source\PSoC4/UART_Rx_Left_UART.c **** 
 235:.\Generated_Source\PSoC4/UART_Rx_Left_UART.c ****         /* Configure sub-mode: UART, SmartCard or IrDA */
 236:.\Generated_Source\PSoC4/UART_Rx_Left_UART.c ****         UART_Rx_Left_UART_CTRL_REG = UART_Rx_Left_UART_DEFAULT_UART_CTRL;
  38              		.loc 1 236 0
  39 000a 184B     		ldr	r3, .L2+8
  40 000c 0022     		mov	r2, #0
  41 000e 1A60     		str	r2, [r3]
 237:.\Generated_Source\PSoC4/UART_Rx_Left_UART.c **** 
 238:.\Generated_Source\PSoC4/UART_Rx_Left_UART.c ****         /* Configure RX direction */
 239:.\Generated_Source\PSoC4/UART_Rx_Left_UART.c ****         UART_Rx_Left_UART_RX_CTRL_REG = UART_Rx_Left_UART_DEFAULT_UART_RX_CTRL;
  42              		.loc 1 239 0
  43 0010 174B     		ldr	r3, .L2+12
  44 0012 0122     		mov	r2, #1
  45 0014 1A60     		str	r2, [r3]
 240:.\Generated_Source\PSoC4/UART_Rx_Left_UART.c ****         UART_Rx_Left_RX_CTRL_REG      = UART_Rx_Left_UART_DEFAULT_RX_CTRL;
ARM GAS  C:\Users\MATTHE~1\AppData\Local\Temp\ccAbNd1c.s 			page 6


  46              		.loc 1 240 0
  47 0016 174B     		ldr	r3, .L2+16
  48 0018 174A     		ldr	r2, .L2+20
  49 001a 1A60     		str	r2, [r3]
 241:.\Generated_Source\PSoC4/UART_Rx_Left_UART.c ****         UART_Rx_Left_RX_FIFO_CTRL_REG = UART_Rx_Left_UART_DEFAULT_RX_FIFO_CTRL;
  50              		.loc 1 241 0
  51 001c 174B     		ldr	r3, .L2+24
  52 001e 0722     		mov	r2, #7
  53 0020 1A60     		str	r2, [r3]
 242:.\Generated_Source\PSoC4/UART_Rx_Left_UART.c ****         UART_Rx_Left_RX_MATCH_REG     = UART_Rx_Left_UART_DEFAULT_RX_MATCH_REG;
  54              		.loc 1 242 0
  55 0022 174B     		ldr	r3, .L2+28
  56 0024 0022     		mov	r2, #0
  57 0026 1A60     		str	r2, [r3]
 243:.\Generated_Source\PSoC4/UART_Rx_Left_UART.c **** 
 244:.\Generated_Source\PSoC4/UART_Rx_Left_UART.c ****         /* Configure TX direction */
 245:.\Generated_Source\PSoC4/UART_Rx_Left_UART.c ****         UART_Rx_Left_UART_TX_CTRL_REG = UART_Rx_Left_UART_DEFAULT_UART_TX_CTRL;
  58              		.loc 1 245 0
  59 0028 164B     		ldr	r3, .L2+32
  60 002a 0122     		mov	r2, #1
  61 002c 1A60     		str	r2, [r3]
 246:.\Generated_Source\PSoC4/UART_Rx_Left_UART.c ****         UART_Rx_Left_TX_CTRL_REG      = UART_Rx_Left_UART_DEFAULT_TX_CTRL;
  62              		.loc 1 246 0
  63 002e 164B     		ldr	r3, .L2+36
  64 0030 0722     		mov	r2, #7
  65 0032 1A60     		str	r2, [r3]
 247:.\Generated_Source\PSoC4/UART_Rx_Left_UART.c ****         UART_Rx_Left_TX_FIFO_CTRL_REG = UART_Rx_Left_UART_DEFAULT_TX_FIFO_CTRL;
  66              		.loc 1 247 0
  67 0034 154B     		ldr	r3, .L2+40
  68 0036 0022     		mov	r2, #0
  69 0038 1A60     		str	r2, [r3]
 248:.\Generated_Source\PSoC4/UART_Rx_Left_UART.c **** 
 249:.\Generated_Source\PSoC4/UART_Rx_Left_UART.c ****     #if !(UART_Rx_Left_CY_SCBIP_V0 || UART_Rx_Left_CY_SCBIP_V1)
 250:.\Generated_Source\PSoC4/UART_Rx_Left_UART.c ****         UART_Rx_Left_UART_FLOW_CTRL_REG = UART_Rx_Left_UART_DEFAULT_FLOW_CTRL;
 251:.\Generated_Source\PSoC4/UART_Rx_Left_UART.c ****     #endif /* !(UART_Rx_Left_CY_SCBIP_V0 || UART_Rx_Left_CY_SCBIP_V1) */
 252:.\Generated_Source\PSoC4/UART_Rx_Left_UART.c **** 
 253:.\Generated_Source\PSoC4/UART_Rx_Left_UART.c ****         /* Configure interrupt with UART handler but do not enable it */
 254:.\Generated_Source\PSoC4/UART_Rx_Left_UART.c ****     #if(UART_Rx_Left_SCB_IRQ_INTERNAL)
 255:.\Generated_Source\PSoC4/UART_Rx_Left_UART.c ****         CyIntDisable    (UART_Rx_Left_ISR_NUMBER);
 256:.\Generated_Source\PSoC4/UART_Rx_Left_UART.c ****         CyIntSetPriority(UART_Rx_Left_ISR_NUMBER, UART_Rx_Left_ISR_PRIORITY);
 257:.\Generated_Source\PSoC4/UART_Rx_Left_UART.c ****         (void) CyIntSetVector(UART_Rx_Left_ISR_NUMBER, &UART_Rx_Left_SPI_UART_ISR);
 258:.\Generated_Source\PSoC4/UART_Rx_Left_UART.c ****     #endif /* (UART_Rx_Left_SCB_IRQ_INTERNAL) */
 259:.\Generated_Source\PSoC4/UART_Rx_Left_UART.c **** 
 260:.\Generated_Source\PSoC4/UART_Rx_Left_UART.c ****         /* Configure WAKE interrupt */
 261:.\Generated_Source\PSoC4/UART_Rx_Left_UART.c ****     #if(UART_Rx_Left_UART_RX_WAKEUP_IRQ)
 262:.\Generated_Source\PSoC4/UART_Rx_Left_UART.c ****         CyIntDisable    (UART_Rx_Left_RX_WAKE_ISR_NUMBER);
 263:.\Generated_Source\PSoC4/UART_Rx_Left_UART.c ****         CyIntSetPriority(UART_Rx_Left_RX_WAKE_ISR_NUMBER, UART_Rx_Left_RX_WAKE_ISR_PRIORITY);
 264:.\Generated_Source\PSoC4/UART_Rx_Left_UART.c ****         (void) CyIntSetVector(UART_Rx_Left_RX_WAKE_ISR_NUMBER, &UART_Rx_Left_UART_WAKEUP_ISR);
 265:.\Generated_Source\PSoC4/UART_Rx_Left_UART.c ****     #endif /* (UART_Rx_Left_UART_RX_WAKEUP_IRQ) */
 266:.\Generated_Source\PSoC4/UART_Rx_Left_UART.c **** 
 267:.\Generated_Source\PSoC4/UART_Rx_Left_UART.c ****         /* Configure interrupt sources */
 268:.\Generated_Source\PSoC4/UART_Rx_Left_UART.c ****         UART_Rx_Left_INTR_I2C_EC_MASK_REG = UART_Rx_Left_UART_DEFAULT_INTR_I2C_EC_MASK;
  70              		.loc 1 268 0
  71 003a 154B     		ldr	r3, .L2+44
  72 003c 0022     		mov	r2, #0
  73 003e 1A60     		str	r2, [r3]
 269:.\Generated_Source\PSoC4/UART_Rx_Left_UART.c ****         UART_Rx_Left_INTR_SPI_EC_MASK_REG = UART_Rx_Left_UART_DEFAULT_INTR_SPI_EC_MASK;
ARM GAS  C:\Users\MATTHE~1\AppData\Local\Temp\ccAbNd1c.s 			page 7


  74              		.loc 1 269 0
  75 0040 144B     		ldr	r3, .L2+48
  76 0042 0022     		mov	r2, #0
  77 0044 1A60     		str	r2, [r3]
 270:.\Generated_Source\PSoC4/UART_Rx_Left_UART.c ****         UART_Rx_Left_INTR_SLAVE_MASK_REG  = UART_Rx_Left_UART_DEFAULT_INTR_SLAVE_MASK;
  78              		.loc 1 270 0
  79 0046 144B     		ldr	r3, .L2+52
  80 0048 0022     		mov	r2, #0
  81 004a 1A60     		str	r2, [r3]
 271:.\Generated_Source\PSoC4/UART_Rx_Left_UART.c ****         UART_Rx_Left_INTR_MASTER_MASK_REG = UART_Rx_Left_UART_DEFAULT_INTR_MASTER_MASK;
  82              		.loc 1 271 0
  83 004c 134B     		ldr	r3, .L2+56
  84 004e 0022     		mov	r2, #0
  85 0050 1A60     		str	r2, [r3]
 272:.\Generated_Source\PSoC4/UART_Rx_Left_UART.c ****         UART_Rx_Left_INTR_RX_MASK_REG     = UART_Rx_Left_UART_DEFAULT_INTR_RX_MASK;
  86              		.loc 1 272 0
  87 0052 134B     		ldr	r3, .L2+60
  88 0054 0022     		mov	r2, #0
  89 0056 1A60     		str	r2, [r3]
 273:.\Generated_Source\PSoC4/UART_Rx_Left_UART.c ****         UART_Rx_Left_INTR_TX_MASK_REG     = UART_Rx_Left_UART_DEFAULT_INTR_TX_MASK;
  90              		.loc 1 273 0
  91 0058 124B     		ldr	r3, .L2+64
  92 005a 0022     		mov	r2, #0
  93 005c 1A60     		str	r2, [r3]
 274:.\Generated_Source\PSoC4/UART_Rx_Left_UART.c **** 
 275:.\Generated_Source\PSoC4/UART_Rx_Left_UART.c ****     #if(UART_Rx_Left_INTERNAL_RX_SW_BUFFER_CONST)
 276:.\Generated_Source\PSoC4/UART_Rx_Left_UART.c ****         UART_Rx_Left_rxBufferHead     = 0u;
 277:.\Generated_Source\PSoC4/UART_Rx_Left_UART.c ****         UART_Rx_Left_rxBufferTail     = 0u;
 278:.\Generated_Source\PSoC4/UART_Rx_Left_UART.c ****         UART_Rx_Left_rxBufferOverflow = 0u;
 279:.\Generated_Source\PSoC4/UART_Rx_Left_UART.c ****     #endif /* (UART_Rx_Left_INTERNAL_RX_SW_BUFFER_CONST) */
 280:.\Generated_Source\PSoC4/UART_Rx_Left_UART.c **** 
 281:.\Generated_Source\PSoC4/UART_Rx_Left_UART.c ****     #if(UART_Rx_Left_INTERNAL_TX_SW_BUFFER_CONST)
 282:.\Generated_Source\PSoC4/UART_Rx_Left_UART.c ****         UART_Rx_Left_txBufferHead = 0u;
 283:.\Generated_Source\PSoC4/UART_Rx_Left_UART.c ****         UART_Rx_Left_txBufferTail = 0u;
 284:.\Generated_Source\PSoC4/UART_Rx_Left_UART.c ****     #endif /* (UART_Rx_Left_INTERNAL_TX_SW_BUFFER_CONST) */
 285:.\Generated_Source\PSoC4/UART_Rx_Left_UART.c ****     }
  94              		.loc 1 285 0
  95 005e BD46     		mov	sp, r7
  96              		@ sp needed
  97 0060 80BD     		pop	{r7, pc}
  98              	.L3:
  99 0062 C046     		.align	2
 100              	.L2:
 101 0064 00000640 		.word	1074135040
 102 0068 0B000002 		.word	33554443
 103 006c 40000640 		.word	1074135104
 104 0070 48000640 		.word	1074135112
 105 0074 00030640 		.word	1074135808
 106 0078 07000080 		.word	-2147483641
 107 007c 04030640 		.word	1074135812
 108 0080 10030640 		.word	1074135824
 109 0084 44000640 		.word	1074135108
 110 0088 00020640 		.word	1074135552
 111 008c 04020640 		.word	1074135556
 112 0090 880E0640 		.word	1074138760
 113 0094 C80E0640 		.word	1074138824
 114 0098 480F0640 		.word	1074138952
ARM GAS  C:\Users\MATTHE~1\AppData\Local\Temp\ccAbNd1c.s 			page 8


 115 009c 080F0640 		.word	1074138888
 116 00a0 C80F0640 		.word	1074139080
 117 00a4 880F0640 		.word	1074139016
 118              		.cfi_endproc
 119              	.LFE0:
 120              		.size	UART_Rx_Left_UartInit, .-UART_Rx_Left_UartInit
 121              		.section	.text.UART_Rx_Left_UartSetRxAddress,"ax",%progbits
 122              		.align	2
 123              		.global	UART_Rx_Left_UartSetRxAddress
 124              		.code	16
 125              		.thumb_func
 126              		.type	UART_Rx_Left_UartSetRxAddress, %function
 127              	UART_Rx_Left_UartSetRxAddress:
 128              	.LFB1:
 286:.\Generated_Source\PSoC4/UART_Rx_Left_UART.c **** #endif /* (UART_Rx_Left_SCB_MODE_UNCONFIG_CONST_CFG) */
 287:.\Generated_Source\PSoC4/UART_Rx_Left_UART.c **** 
 288:.\Generated_Source\PSoC4/UART_Rx_Left_UART.c **** 
 289:.\Generated_Source\PSoC4/UART_Rx_Left_UART.c **** /*******************************************************************************
 290:.\Generated_Source\PSoC4/UART_Rx_Left_UART.c **** * Function Name: UART_Rx_Left_UartSetRxAddress
 291:.\Generated_Source\PSoC4/UART_Rx_Left_UART.c **** ********************************************************************************
 292:.\Generated_Source\PSoC4/UART_Rx_Left_UART.c **** *
 293:.\Generated_Source\PSoC4/UART_Rx_Left_UART.c **** * Summary:
 294:.\Generated_Source\PSoC4/UART_Rx_Left_UART.c **** *  Sets the hardware detectable receiver address for the UART in the
 295:.\Generated_Source\PSoC4/UART_Rx_Left_UART.c **** *  Multiprocessor mode.
 296:.\Generated_Source\PSoC4/UART_Rx_Left_UART.c **** *
 297:.\Generated_Source\PSoC4/UART_Rx_Left_UART.c **** * Parameters:
 298:.\Generated_Source\PSoC4/UART_Rx_Left_UART.c **** *  address: Address for hardware address detection.
 299:.\Generated_Source\PSoC4/UART_Rx_Left_UART.c **** *
 300:.\Generated_Source\PSoC4/UART_Rx_Left_UART.c **** * Return:
 301:.\Generated_Source\PSoC4/UART_Rx_Left_UART.c **** *  None
 302:.\Generated_Source\PSoC4/UART_Rx_Left_UART.c **** *
 303:.\Generated_Source\PSoC4/UART_Rx_Left_UART.c **** *******************************************************************************/
 304:.\Generated_Source\PSoC4/UART_Rx_Left_UART.c **** void UART_Rx_Left_UartSetRxAddress(uint32 address)
 305:.\Generated_Source\PSoC4/UART_Rx_Left_UART.c **** {
 129              		.loc 1 305 0
 130              		.cfi_startproc
 131 0000 80B5     		push	{r7, lr}
 132              		.cfi_def_cfa_offset 8
 133              		.cfi_offset 7, -8
 134              		.cfi_offset 14, -4
 135 0002 84B0     		sub	sp, sp, #16
 136              		.cfi_def_cfa_offset 24
 137 0004 00AF     		add	r7, sp, #0
 138              		.cfi_def_cfa_register 7
 139 0006 7860     		str	r0, [r7, #4]
 306:.\Generated_Source\PSoC4/UART_Rx_Left_UART.c ****      uint32 matchReg;
 307:.\Generated_Source\PSoC4/UART_Rx_Left_UART.c **** 
 308:.\Generated_Source\PSoC4/UART_Rx_Left_UART.c ****     matchReg = UART_Rx_Left_RX_MATCH_REG;
 140              		.loc 1 308 0
 141 0008 094B     		ldr	r3, .L5
 142 000a 1B68     		ldr	r3, [r3]
 143 000c FB60     		str	r3, [r7, #12]
 309:.\Generated_Source\PSoC4/UART_Rx_Left_UART.c **** 
 310:.\Generated_Source\PSoC4/UART_Rx_Left_UART.c ****     matchReg &= ((uint32) ~UART_Rx_Left_RX_MATCH_ADDR_MASK); /* Clear address bits */
 144              		.loc 1 310 0
 145 000e FB68     		ldr	r3, [r7, #12]
 146 0010 FF22     		mov	r2, #255
ARM GAS  C:\Users\MATTHE~1\AppData\Local\Temp\ccAbNd1c.s 			page 9


 147 0012 9343     		bic	r3, r2
 148 0014 FB60     		str	r3, [r7, #12]
 311:.\Generated_Source\PSoC4/UART_Rx_Left_UART.c ****     matchReg |= ((uint32)  (address & UART_Rx_Left_RX_MATCH_ADDR_MASK)); /* Set address  */
 149              		.loc 1 311 0
 150 0016 7A68     		ldr	r2, [r7, #4]
 151 0018 FF23     		mov	r3, #255
 152 001a 1340     		and	r3, r2
 153 001c FA68     		ldr	r2, [r7, #12]
 154 001e 1343     		orr	r3, r2
 155 0020 FB60     		str	r3, [r7, #12]
 312:.\Generated_Source\PSoC4/UART_Rx_Left_UART.c **** 
 313:.\Generated_Source\PSoC4/UART_Rx_Left_UART.c ****     UART_Rx_Left_RX_MATCH_REG = matchReg;
 156              		.loc 1 313 0
 157 0022 034B     		ldr	r3, .L5
 158 0024 FA68     		ldr	r2, [r7, #12]
 159 0026 1A60     		str	r2, [r3]
 314:.\Generated_Source\PSoC4/UART_Rx_Left_UART.c **** }
 160              		.loc 1 314 0
 161 0028 BD46     		mov	sp, r7
 162 002a 04B0     		add	sp, sp, #16
 163              		@ sp needed
 164 002c 80BD     		pop	{r7, pc}
 165              	.L6:
 166 002e C046     		.align	2
 167              	.L5:
 168 0030 10030640 		.word	1074135824
 169              		.cfi_endproc
 170              	.LFE1:
 171              		.size	UART_Rx_Left_UartSetRxAddress, .-UART_Rx_Left_UartSetRxAddress
 172              		.section	.text.UART_Rx_Left_UartSetRxAddressMask,"ax",%progbits
 173              		.align	2
 174              		.global	UART_Rx_Left_UartSetRxAddressMask
 175              		.code	16
 176              		.thumb_func
 177              		.type	UART_Rx_Left_UartSetRxAddressMask, %function
 178              	UART_Rx_Left_UartSetRxAddressMask:
 179              	.LFB2:
 315:.\Generated_Source\PSoC4/UART_Rx_Left_UART.c **** 
 316:.\Generated_Source\PSoC4/UART_Rx_Left_UART.c **** 
 317:.\Generated_Source\PSoC4/UART_Rx_Left_UART.c **** /*******************************************************************************
 318:.\Generated_Source\PSoC4/UART_Rx_Left_UART.c **** * Function Name: UART_Rx_Left_UartSetRxAddressMask
 319:.\Generated_Source\PSoC4/UART_Rx_Left_UART.c **** ********************************************************************************
 320:.\Generated_Source\PSoC4/UART_Rx_Left_UART.c **** *
 321:.\Generated_Source\PSoC4/UART_Rx_Left_UART.c **** * Summary:
 322:.\Generated_Source\PSoC4/UART_Rx_Left_UART.c **** *  Sets the hardware address mask for the UART in the Multiprocessor mode.
 323:.\Generated_Source\PSoC4/UART_Rx_Left_UART.c **** *
 324:.\Generated_Source\PSoC4/UART_Rx_Left_UART.c **** * Parameters:
 325:.\Generated_Source\PSoC4/UART_Rx_Left_UART.c **** *  addressMask: Address mask.
 326:.\Generated_Source\PSoC4/UART_Rx_Left_UART.c **** *   0 - address bit does not care while comparison.
 327:.\Generated_Source\PSoC4/UART_Rx_Left_UART.c **** *   1 - address bit is significant while comparison.
 328:.\Generated_Source\PSoC4/UART_Rx_Left_UART.c **** *
 329:.\Generated_Source\PSoC4/UART_Rx_Left_UART.c **** * Return:
 330:.\Generated_Source\PSoC4/UART_Rx_Left_UART.c **** *  None
 331:.\Generated_Source\PSoC4/UART_Rx_Left_UART.c **** *
 332:.\Generated_Source\PSoC4/UART_Rx_Left_UART.c **** *******************************************************************************/
 333:.\Generated_Source\PSoC4/UART_Rx_Left_UART.c **** void UART_Rx_Left_UartSetRxAddressMask(uint32 addressMask)
 334:.\Generated_Source\PSoC4/UART_Rx_Left_UART.c **** {
ARM GAS  C:\Users\MATTHE~1\AppData\Local\Temp\ccAbNd1c.s 			page 10


 180              		.loc 1 334 0
 181              		.cfi_startproc
 182 0000 80B5     		push	{r7, lr}
 183              		.cfi_def_cfa_offset 8
 184              		.cfi_offset 7, -8
 185              		.cfi_offset 14, -4
 186 0002 84B0     		sub	sp, sp, #16
 187              		.cfi_def_cfa_offset 24
 188 0004 00AF     		add	r7, sp, #0
 189              		.cfi_def_cfa_register 7
 190 0006 7860     		str	r0, [r7, #4]
 335:.\Generated_Source\PSoC4/UART_Rx_Left_UART.c ****     uint32 matchReg;
 336:.\Generated_Source\PSoC4/UART_Rx_Left_UART.c **** 
 337:.\Generated_Source\PSoC4/UART_Rx_Left_UART.c ****     matchReg = UART_Rx_Left_RX_MATCH_REG;
 191              		.loc 1 337 0
 192 0008 084B     		ldr	r3, .L8
 193 000a 1B68     		ldr	r3, [r3]
 194 000c FB60     		str	r3, [r7, #12]
 338:.\Generated_Source\PSoC4/UART_Rx_Left_UART.c **** 
 339:.\Generated_Source\PSoC4/UART_Rx_Left_UART.c ****     matchReg &= ((uint32) ~UART_Rx_Left_RX_MATCH_MASK_MASK); /* Clear address mask bits */
 195              		.loc 1 339 0
 196 000e FA68     		ldr	r2, [r7, #12]
 197 0010 074B     		ldr	r3, .L8+4
 198 0012 1340     		and	r3, r2
 199 0014 FB60     		str	r3, [r7, #12]
 340:.\Generated_Source\PSoC4/UART_Rx_Left_UART.c ****     matchReg |= ((uint32) (addressMask << UART_Rx_Left_RX_MATCH_MASK_POS));
 200              		.loc 1 340 0
 201 0016 7B68     		ldr	r3, [r7, #4]
 202 0018 1B04     		lsl	r3, r3, #16
 203 001a FA68     		ldr	r2, [r7, #12]
 204 001c 1343     		orr	r3, r2
 205 001e FB60     		str	r3, [r7, #12]
 341:.\Generated_Source\PSoC4/UART_Rx_Left_UART.c **** 
 342:.\Generated_Source\PSoC4/UART_Rx_Left_UART.c ****     UART_Rx_Left_RX_MATCH_REG = matchReg;
 206              		.loc 1 342 0
 207 0020 024B     		ldr	r3, .L8
 208 0022 FA68     		ldr	r2, [r7, #12]
 209 0024 1A60     		str	r2, [r3]
 343:.\Generated_Source\PSoC4/UART_Rx_Left_UART.c **** }
 210              		.loc 1 343 0
 211 0026 BD46     		mov	sp, r7
 212 0028 04B0     		add	sp, sp, #16
 213              		@ sp needed
 214 002a 80BD     		pop	{r7, pc}
 215              	.L9:
 216              		.align	2
 217              	.L8:
 218 002c 10030640 		.word	1074135824
 219 0030 FFFF00FF 		.word	-16711681
 220              		.cfi_endproc
 221              	.LFE2:
 222              		.size	UART_Rx_Left_UartSetRxAddressMask, .-UART_Rx_Left_UartSetRxAddressMask
 223              		.section	.text.UART_Rx_Left_UartGetChar,"ax",%progbits
 224              		.align	2
 225              		.global	UART_Rx_Left_UartGetChar
 226              		.code	16
 227              		.thumb_func
ARM GAS  C:\Users\MATTHE~1\AppData\Local\Temp\ccAbNd1c.s 			page 11


 228              		.type	UART_Rx_Left_UartGetChar, %function
 229              	UART_Rx_Left_UartGetChar:
 230              	.LFB3:
 344:.\Generated_Source\PSoC4/UART_Rx_Left_UART.c **** 
 345:.\Generated_Source\PSoC4/UART_Rx_Left_UART.c **** 
 346:.\Generated_Source\PSoC4/UART_Rx_Left_UART.c **** #if(UART_Rx_Left_UART_RX_DIRECTION)
 347:.\Generated_Source\PSoC4/UART_Rx_Left_UART.c ****     /*******************************************************************************
 348:.\Generated_Source\PSoC4/UART_Rx_Left_UART.c ****     * Function Name: UART_Rx_Left_UartGetChar
 349:.\Generated_Source\PSoC4/UART_Rx_Left_UART.c ****     ********************************************************************************
 350:.\Generated_Source\PSoC4/UART_Rx_Left_UART.c ****     *
 351:.\Generated_Source\PSoC4/UART_Rx_Left_UART.c ****     * Summary:
 352:.\Generated_Source\PSoC4/UART_Rx_Left_UART.c ****     *  Retrieves the next data element from the receive buffer.
 353:.\Generated_Source\PSoC4/UART_Rx_Left_UART.c ****     *  This function is designed for ASCII characters and returns a char
 354:.\Generated_Source\PSoC4/UART_Rx_Left_UART.c ****     *  where 1 to 255 are valid characters and 0 indicates an error occurred or
 355:.\Generated_Source\PSoC4/UART_Rx_Left_UART.c ****     *  no data present.
 356:.\Generated_Source\PSoC4/UART_Rx_Left_UART.c ****     *  - The RX software buffer is disabled: returns the data element
 357:.\Generated_Source\PSoC4/UART_Rx_Left_UART.c ****     *    retrieved from the RX FIFO.
 358:.\Generated_Source\PSoC4/UART_Rx_Left_UART.c ****     *    Undefined data will be returned if the RX FIFO is empty.
 359:.\Generated_Source\PSoC4/UART_Rx_Left_UART.c ****     *  - The RX software buffer is enabled: returns the data element from
 360:.\Generated_Source\PSoC4/UART_Rx_Left_UART.c ****     *    the software receive buffer.
 361:.\Generated_Source\PSoC4/UART_Rx_Left_UART.c ****     *
 362:.\Generated_Source\PSoC4/UART_Rx_Left_UART.c ****     * Parameters:
 363:.\Generated_Source\PSoC4/UART_Rx_Left_UART.c ****     *  None
 364:.\Generated_Source\PSoC4/UART_Rx_Left_UART.c ****     *
 365:.\Generated_Source\PSoC4/UART_Rx_Left_UART.c ****     * Return:
 366:.\Generated_Source\PSoC4/UART_Rx_Left_UART.c ****     *  The next data element from the receive buffer.
 367:.\Generated_Source\PSoC4/UART_Rx_Left_UART.c ****     *  ASCII character values from 1 to 255 are valid.
 368:.\Generated_Source\PSoC4/UART_Rx_Left_UART.c ****     *  A returned zero signifies an error condition or no data available.
 369:.\Generated_Source\PSoC4/UART_Rx_Left_UART.c ****     *
 370:.\Generated_Source\PSoC4/UART_Rx_Left_UART.c ****     * Side Effects:
 371:.\Generated_Source\PSoC4/UART_Rx_Left_UART.c ****     *  The errors bits may not correspond with reading characters due to RX FIFO
 372:.\Generated_Source\PSoC4/UART_Rx_Left_UART.c ****     *  and software buffer usage.
 373:.\Generated_Source\PSoC4/UART_Rx_Left_UART.c ****     *  RX software buffer is enabled: The internal software buffer overflow
 374:.\Generated_Source\PSoC4/UART_Rx_Left_UART.c ****     *  does not treat as an error condition.
 375:.\Generated_Source\PSoC4/UART_Rx_Left_UART.c ****     *  Check SCB_rxBufferOverflow to capture that error condition.
 376:.\Generated_Source\PSoC4/UART_Rx_Left_UART.c ****     *
 377:.\Generated_Source\PSoC4/UART_Rx_Left_UART.c ****     *******************************************************************************/
 378:.\Generated_Source\PSoC4/UART_Rx_Left_UART.c ****     uint32 UART_Rx_Left_UartGetChar(void)
 379:.\Generated_Source\PSoC4/UART_Rx_Left_UART.c ****     {
 231              		.loc 1 379 0
 232              		.cfi_startproc
 233 0000 80B5     		push	{r7, lr}
 234              		.cfi_def_cfa_offset 8
 235              		.cfi_offset 7, -8
 236              		.cfi_offset 14, -4
 237 0002 82B0     		sub	sp, sp, #8
 238              		.cfi_def_cfa_offset 16
 239 0004 00AF     		add	r7, sp, #0
 240              		.cfi_def_cfa_register 7
 380:.\Generated_Source\PSoC4/UART_Rx_Left_UART.c ****         uint32 rxData = 0u;
 241              		.loc 1 380 0
 242 0006 0023     		mov	r3, #0
 243 0008 7B60     		str	r3, [r7, #4]
 381:.\Generated_Source\PSoC4/UART_Rx_Left_UART.c **** 
 382:.\Generated_Source\PSoC4/UART_Rx_Left_UART.c ****         /* Reads data only if there is data to read */
 383:.\Generated_Source\PSoC4/UART_Rx_Left_UART.c ****         if(0u != UART_Rx_Left_SpiUartGetRxBufferSize())
 244              		.loc 1 383 0
ARM GAS  C:\Users\MATTHE~1\AppData\Local\Temp\ccAbNd1c.s 			page 12


 245 000a FFF7FEFF 		bl	UART_Rx_Left_SpiUartGetRxBufferSize
 246 000e 031C     		mov	r3, r0
 247 0010 002B     		cmp	r3, #0
 248 0012 03D0     		beq	.L11
 384:.\Generated_Source\PSoC4/UART_Rx_Left_UART.c ****         {
 385:.\Generated_Source\PSoC4/UART_Rx_Left_UART.c ****             rxData = UART_Rx_Left_SpiUartReadRxData();
 249              		.loc 1 385 0
 250 0014 FFF7FEFF 		bl	UART_Rx_Left_SpiUartReadRxData
 251 0018 031C     		mov	r3, r0
 252 001a 7B60     		str	r3, [r7, #4]
 253              	.L11:
 386:.\Generated_Source\PSoC4/UART_Rx_Left_UART.c ****         }
 387:.\Generated_Source\PSoC4/UART_Rx_Left_UART.c **** 
 388:.\Generated_Source\PSoC4/UART_Rx_Left_UART.c ****         if(UART_Rx_Left_CHECK_INTR_RX(UART_Rx_Left_INTR_RX_ERR))
 254              		.loc 1 388 0
 255 001c 084B     		ldr	r3, .L14
 256 001e 1A68     		ldr	r2, [r3]
 257 0020 D823     		mov	r3, #216
 258 0022 9B00     		lsl	r3, r3, #2
 259 0024 1340     		and	r3, r2
 260 0026 05D0     		beq	.L12
 389:.\Generated_Source\PSoC4/UART_Rx_Left_UART.c ****         {
 390:.\Generated_Source\PSoC4/UART_Rx_Left_UART.c ****             rxData = 0u; /* Error occurred: returns zero */
 261              		.loc 1 390 0
 262 0028 0023     		mov	r3, #0
 263 002a 7B60     		str	r3, [r7, #4]
 391:.\Generated_Source\PSoC4/UART_Rx_Left_UART.c ****             UART_Rx_Left_ClearRxInterruptSource(UART_Rx_Left_INTR_RX_ERR);
 264              		.loc 1 391 0
 265 002c 044B     		ldr	r3, .L14
 266 002e D822     		mov	r2, #216
 267 0030 9200     		lsl	r2, r2, #2
 268 0032 1A60     		str	r2, [r3]
 269              	.L12:
 392:.\Generated_Source\PSoC4/UART_Rx_Left_UART.c ****         }
 393:.\Generated_Source\PSoC4/UART_Rx_Left_UART.c **** 
 394:.\Generated_Source\PSoC4/UART_Rx_Left_UART.c ****         return(rxData);
 270              		.loc 1 394 0
 271 0034 7B68     		ldr	r3, [r7, #4]
 395:.\Generated_Source\PSoC4/UART_Rx_Left_UART.c ****     }
 272              		.loc 1 395 0
 273 0036 181C     		mov	r0, r3
 274 0038 BD46     		mov	sp, r7
 275 003a 02B0     		add	sp, sp, #8
 276              		@ sp needed
 277 003c 80BD     		pop	{r7, pc}
 278              	.L15:
 279 003e C046     		.align	2
 280              	.L14:
 281 0040 C00F0640 		.word	1074139072
 282              		.cfi_endproc
 283              	.LFE3:
 284              		.size	UART_Rx_Left_UartGetChar, .-UART_Rx_Left_UartGetChar
 285              		.section	.text.UART_Rx_Left_UartGetByte,"ax",%progbits
 286              		.align	2
 287              		.global	UART_Rx_Left_UartGetByte
 288              		.code	16
 289              		.thumb_func
ARM GAS  C:\Users\MATTHE~1\AppData\Local\Temp\ccAbNd1c.s 			page 13


 290              		.type	UART_Rx_Left_UartGetByte, %function
 291              	UART_Rx_Left_UartGetByte:
 292              	.LFB4:
 396:.\Generated_Source\PSoC4/UART_Rx_Left_UART.c **** 
 397:.\Generated_Source\PSoC4/UART_Rx_Left_UART.c **** 
 398:.\Generated_Source\PSoC4/UART_Rx_Left_UART.c ****     /*******************************************************************************
 399:.\Generated_Source\PSoC4/UART_Rx_Left_UART.c ****     * Function Name: UART_Rx_Left_UartGetByte
 400:.\Generated_Source\PSoC4/UART_Rx_Left_UART.c ****     ********************************************************************************
 401:.\Generated_Source\PSoC4/UART_Rx_Left_UART.c ****     *
 402:.\Generated_Source\PSoC4/UART_Rx_Left_UART.c ****     * Summary:
 403:.\Generated_Source\PSoC4/UART_Rx_Left_UART.c ****     *  Retrieves the next data element from the receive buffer, returns the
 404:.\Generated_Source\PSoC4/UART_Rx_Left_UART.c ****     *  received byte and error condition.
 405:.\Generated_Source\PSoC4/UART_Rx_Left_UART.c ****     *   - The RX software buffer is disabled: returns the data element retrieved
 406:.\Generated_Source\PSoC4/UART_Rx_Left_UART.c ****     *     from the RX FIFO. Undefined data will be returned if the RX FIFO is
 407:.\Generated_Source\PSoC4/UART_Rx_Left_UART.c ****     *     empty.
 408:.\Generated_Source\PSoC4/UART_Rx_Left_UART.c ****     *   - The RX software buffer is enabled: returns data element from the
 409:.\Generated_Source\PSoC4/UART_Rx_Left_UART.c ****     *     software receive buffer.
 410:.\Generated_Source\PSoC4/UART_Rx_Left_UART.c ****     *
 411:.\Generated_Source\PSoC4/UART_Rx_Left_UART.c ****     * Parameters:
 412:.\Generated_Source\PSoC4/UART_Rx_Left_UART.c ****     *  None
 413:.\Generated_Source\PSoC4/UART_Rx_Left_UART.c ****     *
 414:.\Generated_Source\PSoC4/UART_Rx_Left_UART.c ****     * Return:
 415:.\Generated_Source\PSoC4/UART_Rx_Left_UART.c ****     *  Bits 7-0 contain the next data element from the receive buffer and
 416:.\Generated_Source\PSoC4/UART_Rx_Left_UART.c ****     *  other bits contain the error condition.
 417:.\Generated_Source\PSoC4/UART_Rx_Left_UART.c ****     *
 418:.\Generated_Source\PSoC4/UART_Rx_Left_UART.c ****     * Side Effects:
 419:.\Generated_Source\PSoC4/UART_Rx_Left_UART.c ****     *  The errors bits may not correspond with reading characters due to RX FIFO
 420:.\Generated_Source\PSoC4/UART_Rx_Left_UART.c ****     *  and software buffer usage.
 421:.\Generated_Source\PSoC4/UART_Rx_Left_UART.c ****     *  RX software buffer is disabled: The internal software buffer overflow
 422:.\Generated_Source\PSoC4/UART_Rx_Left_UART.c ****     *  is not returned as status by this function.
 423:.\Generated_Source\PSoC4/UART_Rx_Left_UART.c ****     *  Check SCB_rxBufferOverflow to capture that error condition.
 424:.\Generated_Source\PSoC4/UART_Rx_Left_UART.c ****     *
 425:.\Generated_Source\PSoC4/UART_Rx_Left_UART.c ****     *******************************************************************************/
 426:.\Generated_Source\PSoC4/UART_Rx_Left_UART.c ****     uint32 UART_Rx_Left_UartGetByte(void)
 427:.\Generated_Source\PSoC4/UART_Rx_Left_UART.c ****     {
 293              		.loc 1 427 0
 294              		.cfi_startproc
 295 0000 80B5     		push	{r7, lr}
 296              		.cfi_def_cfa_offset 8
 297              		.cfi_offset 7, -8
 298              		.cfi_offset 14, -4
 299 0002 84B0     		sub	sp, sp, #16
 300              		.cfi_def_cfa_offset 24
 301 0004 00AF     		add	r7, sp, #0
 302              		.cfi_def_cfa_register 7
 428:.\Generated_Source\PSoC4/UART_Rx_Left_UART.c ****         uint32 rxData;
 429:.\Generated_Source\PSoC4/UART_Rx_Left_UART.c ****         uint32 tmpStatus;
 430:.\Generated_Source\PSoC4/UART_Rx_Left_UART.c ****         uint32 intSourceMask;
 431:.\Generated_Source\PSoC4/UART_Rx_Left_UART.c **** 
 432:.\Generated_Source\PSoC4/UART_Rx_Left_UART.c ****         intSourceMask = UART_Rx_Left_SpiUartDisableIntRx();
 303              		.loc 1 432 0
 304 0006 FFF7FEFF 		bl	UART_Rx_Left_SpiUartDisableIntRx
 305 000a 031C     		mov	r3, r0
 306 000c BB60     		str	r3, [r7, #8]
 433:.\Generated_Source\PSoC4/UART_Rx_Left_UART.c **** 
 434:.\Generated_Source\PSoC4/UART_Rx_Left_UART.c ****         if(0u != UART_Rx_Left_SpiUartGetRxBufferSize())
 307              		.loc 1 434 0
ARM GAS  C:\Users\MATTHE~1\AppData\Local\Temp\ccAbNd1c.s 			page 14


 308 000e FFF7FEFF 		bl	UART_Rx_Left_SpiUartGetRxBufferSize
 309 0012 031C     		mov	r3, r0
 310 0014 002B     		cmp	r3, #0
 311 0016 07D0     		beq	.L17
 435:.\Generated_Source\PSoC4/UART_Rx_Left_UART.c ****         {
 436:.\Generated_Source\PSoC4/UART_Rx_Left_UART.c ****             /* Enables interrupt to receive more bytes: at least one byte is in
 437:.\Generated_Source\PSoC4/UART_Rx_Left_UART.c ****             * buffer.
 438:.\Generated_Source\PSoC4/UART_Rx_Left_UART.c ****             */
 439:.\Generated_Source\PSoC4/UART_Rx_Left_UART.c ****             UART_Rx_Left_SpiUartEnableIntRx(intSourceMask);
 312              		.loc 1 439 0
 313 0018 104B     		ldr	r3, .L20
 314 001a BA68     		ldr	r2, [r7, #8]
 315 001c 1A60     		str	r2, [r3]
 440:.\Generated_Source\PSoC4/UART_Rx_Left_UART.c **** 
 441:.\Generated_Source\PSoC4/UART_Rx_Left_UART.c ****             /* Get received byte */
 442:.\Generated_Source\PSoC4/UART_Rx_Left_UART.c ****             rxData = UART_Rx_Left_SpiUartReadRxData();
 316              		.loc 1 442 0
 317 001e FFF7FEFF 		bl	UART_Rx_Left_SpiUartReadRxData
 318 0022 031C     		mov	r3, r0
 319 0024 FB60     		str	r3, [r7, #12]
 320 0026 05E0     		b	.L18
 321              	.L17:
 443:.\Generated_Source\PSoC4/UART_Rx_Left_UART.c ****         }
 444:.\Generated_Source\PSoC4/UART_Rx_Left_UART.c ****         else
 445:.\Generated_Source\PSoC4/UART_Rx_Left_UART.c ****         {
 446:.\Generated_Source\PSoC4/UART_Rx_Left_UART.c ****             /* Reads a byte directly from RX FIFO: underflow is raised in the case
 447:.\Generated_Source\PSoC4/UART_Rx_Left_UART.c ****             * of empty. Otherwise the first received byte will be read.
 448:.\Generated_Source\PSoC4/UART_Rx_Left_UART.c ****             */
 449:.\Generated_Source\PSoC4/UART_Rx_Left_UART.c ****             rxData = UART_Rx_Left_RX_FIFO_RD_REG;
 322              		.loc 1 449 0
 323 0028 0D4B     		ldr	r3, .L20+4
 324 002a 1B68     		ldr	r3, [r3]
 325 002c FB60     		str	r3, [r7, #12]
 450:.\Generated_Source\PSoC4/UART_Rx_Left_UART.c **** 
 451:.\Generated_Source\PSoC4/UART_Rx_Left_UART.c ****             /* Enables interrupt to receive more bytes.
 452:.\Generated_Source\PSoC4/UART_Rx_Left_UART.c ****             * The RX_NOT_EMPTY interrupt is cleared by the interrupt routine
 453:.\Generated_Source\PSoC4/UART_Rx_Left_UART.c ****             * in case the byte was received and read by code above.
 454:.\Generated_Source\PSoC4/UART_Rx_Left_UART.c ****             */
 455:.\Generated_Source\PSoC4/UART_Rx_Left_UART.c ****             UART_Rx_Left_SpiUartEnableIntRx(intSourceMask);
 326              		.loc 1 455 0
 327 002e 0B4B     		ldr	r3, .L20
 328 0030 BA68     		ldr	r2, [r7, #8]
 329 0032 1A60     		str	r2, [r3]
 330              	.L18:
 456:.\Generated_Source\PSoC4/UART_Rx_Left_UART.c ****         }
 457:.\Generated_Source\PSoC4/UART_Rx_Left_UART.c **** 
 458:.\Generated_Source\PSoC4/UART_Rx_Left_UART.c ****         /* Get and clear RX error mask */
 459:.\Generated_Source\PSoC4/UART_Rx_Left_UART.c ****         tmpStatus = (UART_Rx_Left_GetRxInterruptSource() & UART_Rx_Left_INTR_RX_ERR);
 331              		.loc 1 459 0
 332 0034 0B4B     		ldr	r3, .L20+8
 333 0036 1A68     		ldr	r2, [r3]
 334 0038 D823     		mov	r3, #216
 335 003a 9B00     		lsl	r3, r3, #2
 336 003c 1340     		and	r3, r2
 337 003e 7B60     		str	r3, [r7, #4]
 460:.\Generated_Source\PSoC4/UART_Rx_Left_UART.c ****         UART_Rx_Left_ClearRxInterruptSource(UART_Rx_Left_INTR_RX_ERR);
 338              		.loc 1 460 0
ARM GAS  C:\Users\MATTHE~1\AppData\Local\Temp\ccAbNd1c.s 			page 15


 339 0040 084B     		ldr	r3, .L20+8
 340 0042 D822     		mov	r2, #216
 341 0044 9200     		lsl	r2, r2, #2
 342 0046 1A60     		str	r2, [r3]
 461:.\Generated_Source\PSoC4/UART_Rx_Left_UART.c **** 
 462:.\Generated_Source\PSoC4/UART_Rx_Left_UART.c ****         /* Puts together data and error status:
 463:.\Generated_Source\PSoC4/UART_Rx_Left_UART.c ****         * MP mode and accept address: 9th bit is set to notify mark.
 464:.\Generated_Source\PSoC4/UART_Rx_Left_UART.c ****         */
 465:.\Generated_Source\PSoC4/UART_Rx_Left_UART.c ****         rxData |= ((uint32) (tmpStatus << 8u));
 343              		.loc 1 465 0
 344 0048 7B68     		ldr	r3, [r7, #4]
 345 004a 1B02     		lsl	r3, r3, #8
 346 004c FA68     		ldr	r2, [r7, #12]
 347 004e 1343     		orr	r3, r2
 348 0050 FB60     		str	r3, [r7, #12]
 466:.\Generated_Source\PSoC4/UART_Rx_Left_UART.c **** 
 467:.\Generated_Source\PSoC4/UART_Rx_Left_UART.c ****         return(rxData);
 349              		.loc 1 467 0
 350 0052 FB68     		ldr	r3, [r7, #12]
 468:.\Generated_Source\PSoC4/UART_Rx_Left_UART.c ****     }
 351              		.loc 1 468 0
 352 0054 181C     		mov	r0, r3
 353 0056 BD46     		mov	sp, r7
 354 0058 04B0     		add	sp, sp, #16
 355              		@ sp needed
 356 005a 80BD     		pop	{r7, pc}
 357              	.L21:
 358              		.align	2
 359              	.L20:
 360 005c C80F0640 		.word	1074139080
 361 0060 40030640 		.word	1074135872
 362 0064 C00F0640 		.word	1074139072
 363              		.cfi_endproc
 364              	.LFE4:
 365              		.size	UART_Rx_Left_UartGetByte, .-UART_Rx_Left_UartGetByte
 366              		.text
 367              	.Letext0:
 368              		.file 2 ".\\Generated_Source\\PSoC4/cytypes.h"
 369              		.section	.debug_info,"",%progbits
 370              	.Ldebug_info0:
 371 0000 89010000 		.4byte	0x189
 372 0004 0400     		.2byte	0x4
 373 0006 00000000 		.4byte	.Ldebug_abbrev0
 374 000a 04       		.byte	0x4
 375 000b 01       		.uleb128 0x1
 376 000c 04010000 		.4byte	.LASF24
 377 0010 01       		.byte	0x1
 378 0011 BA010000 		.4byte	.LASF25
 379 0015 5E000000 		.4byte	.LASF26
 380 0019 00000000 		.4byte	.Ldebug_ranges0+0
 381 001d 00000000 		.4byte	0
 382 0021 00000000 		.4byte	.Ldebug_line0
 383 0025 02       		.uleb128 0x2
 384 0026 01       		.byte	0x1
 385 0027 06       		.byte	0x6
 386 0028 FA010000 		.4byte	.LASF0
 387 002c 02       		.uleb128 0x2
ARM GAS  C:\Users\MATTHE~1\AppData\Local\Temp\ccAbNd1c.s 			page 16


 388 002d 01       		.byte	0x1
 389 002e 08       		.byte	0x8
 390 002f 87010000 		.4byte	.LASF1
 391 0033 02       		.uleb128 0x2
 392 0034 02       		.byte	0x2
 393 0035 05       		.byte	0x5
 394 0036 2D020000 		.4byte	.LASF2
 395 003a 02       		.uleb128 0x2
 396 003b 02       		.byte	0x2
 397 003c 07       		.byte	0x7
 398 003d E7010000 		.4byte	.LASF3
 399 0041 02       		.uleb128 0x2
 400 0042 04       		.byte	0x4
 401 0043 05       		.byte	0x5
 402 0044 9A010000 		.4byte	.LASF4
 403 0048 02       		.uleb128 0x2
 404 0049 04       		.byte	0x4
 405 004a 07       		.byte	0x7
 406 004b 4C000000 		.4byte	.LASF5
 407 004f 02       		.uleb128 0x2
 408 0050 08       		.byte	0x8
 409 0051 05       		.byte	0x5
 410 0052 00000000 		.4byte	.LASF6
 411 0056 02       		.uleb128 0x2
 412 0057 08       		.byte	0x8
 413 0058 07       		.byte	0x7
 414 0059 A7000000 		.4byte	.LASF7
 415 005d 03       		.uleb128 0x3
 416 005e 04       		.byte	0x4
 417 005f 05       		.byte	0x5
 418 0060 696E7400 		.ascii	"int\000"
 419 0064 02       		.uleb128 0x2
 420 0065 04       		.byte	0x4
 421 0066 07       		.byte	0x7
 422 0067 15000000 		.4byte	.LASF8
 423 006b 04       		.uleb128 0x4
 424 006c 0E000000 		.4byte	.LASF12
 425 0070 02       		.byte	0x2
 426 0071 A3       		.byte	0xa3
 427 0072 48000000 		.4byte	0x48
 428 0076 02       		.uleb128 0x2
 429 0077 04       		.byte	0x4
 430 0078 04       		.byte	0x4
 431 0079 E0000000 		.4byte	.LASF9
 432 007d 02       		.uleb128 0x2
 433 007e 08       		.byte	0x8
 434 007f 04       		.byte	0x4
 435 0080 A3010000 		.4byte	.LASF10
 436 0084 02       		.uleb128 0x2
 437 0085 01       		.byte	0x1
 438 0086 08       		.byte	0x8
 439 0087 95010000 		.4byte	.LASF11
 440 008b 05       		.uleb128 0x5
 441 008c B4010000 		.4byte	.LASF13
 442 0090 02       		.byte	0x2
 443 0091 4D01     		.2byte	0x14d
 444 0093 97000000 		.4byte	0x97
ARM GAS  C:\Users\MATTHE~1\AppData\Local\Temp\ccAbNd1c.s 			page 17


 445 0097 06       		.uleb128 0x6
 446 0098 6B000000 		.4byte	0x6b
 447 009c 02       		.uleb128 0x2
 448 009d 04       		.byte	0x4
 449 009e 07       		.byte	0x7
 450 009f 4D020000 		.4byte	.LASF14
 451 00a3 07       		.uleb128 0x7
 452 00a4 37020000 		.4byte	.LASF27
 453 00a8 01       		.byte	0x1
 454 00a9 E6       		.byte	0xe6
 455 00aa 00000000 		.4byte	.LFB0
 456 00ae A8000000 		.4byte	.LFE0-.LFB0
 457 00b2 01       		.uleb128 0x1
 458 00b3 9C       		.byte	0x9c
 459 00b4 08       		.uleb128 0x8
 460 00b5 E6000000 		.4byte	.LASF15
 461 00b9 01       		.byte	0x1
 462 00ba 3001     		.2byte	0x130
 463 00bc 00000000 		.4byte	.LFB1
 464 00c0 34000000 		.4byte	.LFE1-.LFB1
 465 00c4 01       		.uleb128 0x1
 466 00c5 9C       		.byte	0x9c
 467 00c6 E9000000 		.4byte	0xe9
 468 00ca 09       		.uleb128 0x9
 469 00cb 44000000 		.4byte	.LASF17
 470 00cf 01       		.byte	0x1
 471 00d0 3001     		.2byte	0x130
 472 00d2 6B000000 		.4byte	0x6b
 473 00d6 02       		.uleb128 0x2
 474 00d7 91       		.byte	0x91
 475 00d8 6C       		.sleb128 -20
 476 00d9 0A       		.uleb128 0xa
 477 00da 22000000 		.4byte	.LASF19
 478 00de 01       		.byte	0x1
 479 00df 3201     		.2byte	0x132
 480 00e1 6B000000 		.4byte	0x6b
 481 00e5 02       		.uleb128 0x2
 482 00e6 91       		.byte	0x91
 483 00e7 74       		.sleb128 -12
 484 00e8 00       		.byte	0
 485 00e9 08       		.uleb128 0x8
 486 00ea BE000000 		.4byte	.LASF16
 487 00ee 01       		.byte	0x1
 488 00ef 4D01     		.2byte	0x14d
 489 00f1 00000000 		.4byte	.LFB2
 490 00f5 34000000 		.4byte	.LFE2-.LFB2
 491 00f9 01       		.uleb128 0x1
 492 00fa 9C       		.byte	0x9c
 493 00fb 1E010000 		.4byte	0x11e
 494 00ff 09       		.uleb128 0x9
 495 0100 56020000 		.4byte	.LASF18
 496 0104 01       		.byte	0x1
 497 0105 4D01     		.2byte	0x14d
 498 0107 6B000000 		.4byte	0x6b
 499 010b 02       		.uleb128 0x2
 500 010c 91       		.byte	0x91
 501 010d 6C       		.sleb128 -20
ARM GAS  C:\Users\MATTHE~1\AppData\Local\Temp\ccAbNd1c.s 			page 18


 502 010e 0A       		.uleb128 0xa
 503 010f 22000000 		.4byte	.LASF19
 504 0113 01       		.byte	0x1
 505 0114 4F01     		.2byte	0x14f
 506 0116 6B000000 		.4byte	0x6b
 507 011a 02       		.uleb128 0x2
 508 011b 91       		.byte	0x91
 509 011c 74       		.sleb128 -12
 510 011d 00       		.byte	0
 511 011e 0B       		.uleb128 0xb
 512 011f 2B000000 		.4byte	.LASF28
 513 0123 01       		.byte	0x1
 514 0124 7A01     		.2byte	0x17a
 515 0126 6B000000 		.4byte	0x6b
 516 012a 00000000 		.4byte	.LFB3
 517 012e 44000000 		.4byte	.LFE3-.LFB3
 518 0132 01       		.uleb128 0x1
 519 0133 9C       		.byte	0x9c
 520 0134 48010000 		.4byte	0x148
 521 0138 0A       		.uleb128 0xa
 522 0139 80010000 		.4byte	.LASF20
 523 013d 01       		.byte	0x1
 524 013e 7C01     		.2byte	0x17c
 525 0140 6B000000 		.4byte	0x6b
 526 0144 02       		.uleb128 0x2
 527 0145 91       		.byte	0x91
 528 0146 74       		.sleb128 -12
 529 0147 00       		.byte	0
 530 0148 0C       		.uleb128 0xc
 531 0149 06020000 		.4byte	.LASF21
 532 014d 01       		.byte	0x1
 533 014e AA01     		.2byte	0x1aa
 534 0150 6B000000 		.4byte	0x6b
 535 0154 00000000 		.4byte	.LFB4
 536 0158 68000000 		.4byte	.LFE4-.LFB4
 537 015c 01       		.uleb128 0x1
 538 015d 9C       		.byte	0x9c
 539 015e 0A       		.uleb128 0xa
 540 015f 80010000 		.4byte	.LASF20
 541 0163 01       		.byte	0x1
 542 0164 AC01     		.2byte	0x1ac
 543 0166 6B000000 		.4byte	0x6b
 544 016a 02       		.uleb128 0x2
 545 016b 91       		.byte	0x91
 546 016c 74       		.sleb128 -12
 547 016d 0A       		.uleb128 0xa
 548 016e AA010000 		.4byte	.LASF22
 549 0172 01       		.byte	0x1
 550 0173 AD01     		.2byte	0x1ad
 551 0175 6B000000 		.4byte	0x6b
 552 0179 02       		.uleb128 0x2
 553 017a 91       		.byte	0x91
 554 017b 6C       		.sleb128 -20
 555 017c 0A       		.uleb128 0xa
 556 017d 1F020000 		.4byte	.LASF23
 557 0181 01       		.byte	0x1
 558 0182 AE01     		.2byte	0x1ae
ARM GAS  C:\Users\MATTHE~1\AppData\Local\Temp\ccAbNd1c.s 			page 19


 559 0184 6B000000 		.4byte	0x6b
 560 0188 02       		.uleb128 0x2
 561 0189 91       		.byte	0x91
 562 018a 70       		.sleb128 -16
 563 018b 00       		.byte	0
 564 018c 00       		.byte	0
 565              		.section	.debug_abbrev,"",%progbits
 566              	.Ldebug_abbrev0:
 567 0000 01       		.uleb128 0x1
 568 0001 11       		.uleb128 0x11
 569 0002 01       		.byte	0x1
 570 0003 25       		.uleb128 0x25
 571 0004 0E       		.uleb128 0xe
 572 0005 13       		.uleb128 0x13
 573 0006 0B       		.uleb128 0xb
 574 0007 03       		.uleb128 0x3
 575 0008 0E       		.uleb128 0xe
 576 0009 1B       		.uleb128 0x1b
 577 000a 0E       		.uleb128 0xe
 578 000b 55       		.uleb128 0x55
 579 000c 17       		.uleb128 0x17
 580 000d 11       		.uleb128 0x11
 581 000e 01       		.uleb128 0x1
 582 000f 10       		.uleb128 0x10
 583 0010 17       		.uleb128 0x17
 584 0011 00       		.byte	0
 585 0012 00       		.byte	0
 586 0013 02       		.uleb128 0x2
 587 0014 24       		.uleb128 0x24
 588 0015 00       		.byte	0
 589 0016 0B       		.uleb128 0xb
 590 0017 0B       		.uleb128 0xb
 591 0018 3E       		.uleb128 0x3e
 592 0019 0B       		.uleb128 0xb
 593 001a 03       		.uleb128 0x3
 594 001b 0E       		.uleb128 0xe
 595 001c 00       		.byte	0
 596 001d 00       		.byte	0
 597 001e 03       		.uleb128 0x3
 598 001f 24       		.uleb128 0x24
 599 0020 00       		.byte	0
 600 0021 0B       		.uleb128 0xb
 601 0022 0B       		.uleb128 0xb
 602 0023 3E       		.uleb128 0x3e
 603 0024 0B       		.uleb128 0xb
 604 0025 03       		.uleb128 0x3
 605 0026 08       		.uleb128 0x8
 606 0027 00       		.byte	0
 607 0028 00       		.byte	0
 608 0029 04       		.uleb128 0x4
 609 002a 16       		.uleb128 0x16
 610 002b 00       		.byte	0
 611 002c 03       		.uleb128 0x3
 612 002d 0E       		.uleb128 0xe
 613 002e 3A       		.uleb128 0x3a
 614 002f 0B       		.uleb128 0xb
 615 0030 3B       		.uleb128 0x3b
ARM GAS  C:\Users\MATTHE~1\AppData\Local\Temp\ccAbNd1c.s 			page 20


 616 0031 0B       		.uleb128 0xb
 617 0032 49       		.uleb128 0x49
 618 0033 13       		.uleb128 0x13
 619 0034 00       		.byte	0
 620 0035 00       		.byte	0
 621 0036 05       		.uleb128 0x5
 622 0037 16       		.uleb128 0x16
 623 0038 00       		.byte	0
 624 0039 03       		.uleb128 0x3
 625 003a 0E       		.uleb128 0xe
 626 003b 3A       		.uleb128 0x3a
 627 003c 0B       		.uleb128 0xb
 628 003d 3B       		.uleb128 0x3b
 629 003e 05       		.uleb128 0x5
 630 003f 49       		.uleb128 0x49
 631 0040 13       		.uleb128 0x13
 632 0041 00       		.byte	0
 633 0042 00       		.byte	0
 634 0043 06       		.uleb128 0x6
 635 0044 35       		.uleb128 0x35
 636 0045 00       		.byte	0
 637 0046 49       		.uleb128 0x49
 638 0047 13       		.uleb128 0x13
 639 0048 00       		.byte	0
 640 0049 00       		.byte	0
 641 004a 07       		.uleb128 0x7
 642 004b 2E       		.uleb128 0x2e
 643 004c 00       		.byte	0
 644 004d 3F       		.uleb128 0x3f
 645 004e 19       		.uleb128 0x19
 646 004f 03       		.uleb128 0x3
 647 0050 0E       		.uleb128 0xe
 648 0051 3A       		.uleb128 0x3a
 649 0052 0B       		.uleb128 0xb
 650 0053 3B       		.uleb128 0x3b
 651 0054 0B       		.uleb128 0xb
 652 0055 27       		.uleb128 0x27
 653 0056 19       		.uleb128 0x19
 654 0057 11       		.uleb128 0x11
 655 0058 01       		.uleb128 0x1
 656 0059 12       		.uleb128 0x12
 657 005a 06       		.uleb128 0x6
 658 005b 40       		.uleb128 0x40
 659 005c 18       		.uleb128 0x18
 660 005d 9742     		.uleb128 0x2117
 661 005f 19       		.uleb128 0x19
 662 0060 00       		.byte	0
 663 0061 00       		.byte	0
 664 0062 08       		.uleb128 0x8
 665 0063 2E       		.uleb128 0x2e
 666 0064 01       		.byte	0x1
 667 0065 3F       		.uleb128 0x3f
 668 0066 19       		.uleb128 0x19
 669 0067 03       		.uleb128 0x3
 670 0068 0E       		.uleb128 0xe
 671 0069 3A       		.uleb128 0x3a
 672 006a 0B       		.uleb128 0xb
ARM GAS  C:\Users\MATTHE~1\AppData\Local\Temp\ccAbNd1c.s 			page 21


 673 006b 3B       		.uleb128 0x3b
 674 006c 05       		.uleb128 0x5
 675 006d 27       		.uleb128 0x27
 676 006e 19       		.uleb128 0x19
 677 006f 11       		.uleb128 0x11
 678 0070 01       		.uleb128 0x1
 679 0071 12       		.uleb128 0x12
 680 0072 06       		.uleb128 0x6
 681 0073 40       		.uleb128 0x40
 682 0074 18       		.uleb128 0x18
 683 0075 9742     		.uleb128 0x2117
 684 0077 19       		.uleb128 0x19
 685 0078 01       		.uleb128 0x1
 686 0079 13       		.uleb128 0x13
 687 007a 00       		.byte	0
 688 007b 00       		.byte	0
 689 007c 09       		.uleb128 0x9
 690 007d 05       		.uleb128 0x5
 691 007e 00       		.byte	0
 692 007f 03       		.uleb128 0x3
 693 0080 0E       		.uleb128 0xe
 694 0081 3A       		.uleb128 0x3a
 695 0082 0B       		.uleb128 0xb
 696 0083 3B       		.uleb128 0x3b
 697 0084 05       		.uleb128 0x5
 698 0085 49       		.uleb128 0x49
 699 0086 13       		.uleb128 0x13
 700 0087 02       		.uleb128 0x2
 701 0088 18       		.uleb128 0x18
 702 0089 00       		.byte	0
 703 008a 00       		.byte	0
 704 008b 0A       		.uleb128 0xa
 705 008c 34       		.uleb128 0x34
 706 008d 00       		.byte	0
 707 008e 03       		.uleb128 0x3
 708 008f 0E       		.uleb128 0xe
 709 0090 3A       		.uleb128 0x3a
 710 0091 0B       		.uleb128 0xb
 711 0092 3B       		.uleb128 0x3b
 712 0093 05       		.uleb128 0x5
 713 0094 49       		.uleb128 0x49
 714 0095 13       		.uleb128 0x13
 715 0096 02       		.uleb128 0x2
 716 0097 18       		.uleb128 0x18
 717 0098 00       		.byte	0
 718 0099 00       		.byte	0
 719 009a 0B       		.uleb128 0xb
 720 009b 2E       		.uleb128 0x2e
 721 009c 01       		.byte	0x1
 722 009d 3F       		.uleb128 0x3f
 723 009e 19       		.uleb128 0x19
 724 009f 03       		.uleb128 0x3
 725 00a0 0E       		.uleb128 0xe
 726 00a1 3A       		.uleb128 0x3a
 727 00a2 0B       		.uleb128 0xb
 728 00a3 3B       		.uleb128 0x3b
 729 00a4 05       		.uleb128 0x5
ARM GAS  C:\Users\MATTHE~1\AppData\Local\Temp\ccAbNd1c.s 			page 22


 730 00a5 27       		.uleb128 0x27
 731 00a6 19       		.uleb128 0x19
 732 00a7 49       		.uleb128 0x49
 733 00a8 13       		.uleb128 0x13
 734 00a9 11       		.uleb128 0x11
 735 00aa 01       		.uleb128 0x1
 736 00ab 12       		.uleb128 0x12
 737 00ac 06       		.uleb128 0x6
 738 00ad 40       		.uleb128 0x40
 739 00ae 18       		.uleb128 0x18
 740 00af 9642     		.uleb128 0x2116
 741 00b1 19       		.uleb128 0x19
 742 00b2 01       		.uleb128 0x1
 743 00b3 13       		.uleb128 0x13
 744 00b4 00       		.byte	0
 745 00b5 00       		.byte	0
 746 00b6 0C       		.uleb128 0xc
 747 00b7 2E       		.uleb128 0x2e
 748 00b8 01       		.byte	0x1
 749 00b9 3F       		.uleb128 0x3f
 750 00ba 19       		.uleb128 0x19
 751 00bb 03       		.uleb128 0x3
 752 00bc 0E       		.uleb128 0xe
 753 00bd 3A       		.uleb128 0x3a
 754 00be 0B       		.uleb128 0xb
 755 00bf 3B       		.uleb128 0x3b
 756 00c0 05       		.uleb128 0x5
 757 00c1 27       		.uleb128 0x27
 758 00c2 19       		.uleb128 0x19
 759 00c3 49       		.uleb128 0x49
 760 00c4 13       		.uleb128 0x13
 761 00c5 11       		.uleb128 0x11
 762 00c6 01       		.uleb128 0x1
 763 00c7 12       		.uleb128 0x12
 764 00c8 06       		.uleb128 0x6
 765 00c9 40       		.uleb128 0x40
 766 00ca 18       		.uleb128 0x18
 767 00cb 9642     		.uleb128 0x2116
 768 00cd 19       		.uleb128 0x19
 769 00ce 00       		.byte	0
 770 00cf 00       		.byte	0
 771 00d0 00       		.byte	0
 772              		.section	.debug_aranges,"",%progbits
 773 0000 3C000000 		.4byte	0x3c
 774 0004 0200     		.2byte	0x2
 775 0006 00000000 		.4byte	.Ldebug_info0
 776 000a 04       		.byte	0x4
 777 000b 00       		.byte	0
 778 000c 0000     		.2byte	0
 779 000e 0000     		.2byte	0
 780 0010 00000000 		.4byte	.LFB0
 781 0014 A8000000 		.4byte	.LFE0-.LFB0
 782 0018 00000000 		.4byte	.LFB1
 783 001c 34000000 		.4byte	.LFE1-.LFB1
 784 0020 00000000 		.4byte	.LFB2
 785 0024 34000000 		.4byte	.LFE2-.LFB2
 786 0028 00000000 		.4byte	.LFB3
ARM GAS  C:\Users\MATTHE~1\AppData\Local\Temp\ccAbNd1c.s 			page 23


 787 002c 44000000 		.4byte	.LFE3-.LFB3
 788 0030 00000000 		.4byte	.LFB4
 789 0034 68000000 		.4byte	.LFE4-.LFB4
 790 0038 00000000 		.4byte	0
 791 003c 00000000 		.4byte	0
 792              		.section	.debug_ranges,"",%progbits
 793              	.Ldebug_ranges0:
 794 0000 00000000 		.4byte	.LFB0
 795 0004 A8000000 		.4byte	.LFE0
 796 0008 00000000 		.4byte	.LFB1
 797 000c 34000000 		.4byte	.LFE1
 798 0010 00000000 		.4byte	.LFB2
 799 0014 34000000 		.4byte	.LFE2
 800 0018 00000000 		.4byte	.LFB3
 801 001c 44000000 		.4byte	.LFE3
 802 0020 00000000 		.4byte	.LFB4
 803 0024 68000000 		.4byte	.LFE4
 804 0028 00000000 		.4byte	0
 805 002c 00000000 		.4byte	0
 806              		.section	.debug_line,"",%progbits
 807              	.Ldebug_line0:
 808 0000 D7000000 		.section	.debug_str,"MS",%progbits,1
 808      02005000 
 808      00000201 
 808      FB0E0D00 
 808      01010101 
 809              	.LASF6:
 810 0000 6C6F6E67 		.ascii	"long long int\000"
 810      206C6F6E 
 810      6720696E 
 810      7400
 811              	.LASF12:
 812 000e 75696E74 		.ascii	"uint32\000"
 812      333200
 813              	.LASF8:
 814 0015 756E7369 		.ascii	"unsigned int\000"
 814      676E6564 
 814      20696E74 
 814      00
 815              	.LASF19:
 816 0022 6D617463 		.ascii	"matchReg\000"
 816      68526567 
 816      00
 817              	.LASF28:
 818 002b 55415254 		.ascii	"UART_Rx_Left_UartGetChar\000"
 818      5F52785F 
 818      4C656674 
 818      5F556172 
 818      74476574 
 819              	.LASF17:
 820 0044 61646472 		.ascii	"address\000"
 820      65737300 
 821              	.LASF5:
 822 004c 6C6F6E67 		.ascii	"long unsigned int\000"
 822      20756E73 
 822      69676E65 
 822      6420696E 
ARM GAS  C:\Users\MATTHE~1\AppData\Local\Temp\ccAbNd1c.s 			page 24


 822      7400
 823              	.LASF26:
 824 005e 433A5C55 		.ascii	"C:\\Users\\Matthew Arbesfeld\\Documents\\PSoC Creat"
 824      73657273 
 824      5C4D6174 
 824      74686577 
 824      20417262 
 825 008d 6F725C42 		.ascii	"or\\BoxesUART\\Boxes4.cydsn\000"
 825      6F786573 
 825      55415254 
 825      5C426F78 
 825      6573342E 
 826              	.LASF7:
 827 00a7 6C6F6E67 		.ascii	"long long unsigned int\000"
 827      206C6F6E 
 827      6720756E 
 827      7369676E 
 827      65642069 
 828              	.LASF16:
 829 00be 55415254 		.ascii	"UART_Rx_Left_UartSetRxAddressMask\000"
 829      5F52785F 
 829      4C656674 
 829      5F556172 
 829      74536574 
 830              	.LASF9:
 831 00e0 666C6F61 		.ascii	"float\000"
 831      7400
 832              	.LASF15:
 833 00e6 55415254 		.ascii	"UART_Rx_Left_UartSetRxAddress\000"
 833      5F52785F 
 833      4C656674 
 833      5F556172 
 833      74536574 
 834              	.LASF24:
 835 0104 474E5520 		.ascii	"GNU C 4.8.4 20140526 (release) [ARM/embedded-4_8-br"
 835      4320342E 
 835      382E3420 
 835      32303134 
 835      30353236 
 836 0137 616E6368 		.ascii	"anch revision 211358] -mcpu=cortex-m0 -mthumb -g -O"
 836      20726576 
 836      6973696F 
 836      6E203231 
 836      31333538 
 837 016a 30202D66 		.ascii	"0 -ffunction-sections\000"
 837      66756E63 
 837      74696F6E 
 837      2D736563 
 837      74696F6E 
 838              	.LASF20:
 839 0180 72784461 		.ascii	"rxData\000"
 839      746100
 840              	.LASF1:
 841 0187 756E7369 		.ascii	"unsigned char\000"
 841      676E6564 
 841      20636861 
 841      7200
ARM GAS  C:\Users\MATTHE~1\AppData\Local\Temp\ccAbNd1c.s 			page 25


 842              	.LASF11:
 843 0195 63686172 		.ascii	"char\000"
 843      00
 844              	.LASF4:
 845 019a 6C6F6E67 		.ascii	"long int\000"
 845      20696E74 
 845      00
 846              	.LASF10:
 847 01a3 646F7562 		.ascii	"double\000"
 847      6C6500
 848              	.LASF22:
 849 01aa 746D7053 		.ascii	"tmpStatus\000"
 849      74617475 
 849      7300
 850              	.LASF13:
 851 01b4 72656733 		.ascii	"reg32\000"
 851      3200
 852              	.LASF25:
 853 01ba 2E5C4765 		.ascii	".\\Generated_Source\\PSoC4\\UART_Rx_Left_UART.c\000"
 853      6E657261 
 853      7465645F 
 853      536F7572 
 853      63655C50 
 854              	.LASF3:
 855 01e7 73686F72 		.ascii	"short unsigned int\000"
 855      7420756E 
 855      7369676E 
 855      65642069 
 855      6E7400
 856              	.LASF0:
 857 01fa 7369676E 		.ascii	"signed char\000"
 857      65642063 
 857      68617200 
 858              	.LASF21:
 859 0206 55415254 		.ascii	"UART_Rx_Left_UartGetByte\000"
 859      5F52785F 
 859      4C656674 
 859      5F556172 
 859      74476574 
 860              	.LASF23:
 861 021f 696E7453 		.ascii	"intSourceMask\000"
 861      6F757263 
 861      654D6173 
 861      6B00
 862              	.LASF2:
 863 022d 73686F72 		.ascii	"short int\000"
 863      7420696E 
 863      7400
 864              	.LASF27:
 865 0237 55415254 		.ascii	"UART_Rx_Left_UartInit\000"
 865      5F52785F 
 865      4C656674 
 865      5F556172 
 865      74496E69 
 866              	.LASF14:
 867 024d 73697A65 		.ascii	"sizetype\000"
 867      74797065 
ARM GAS  C:\Users\MATTHE~1\AppData\Local\Temp\ccAbNd1c.s 			page 26


 867      00
 868              	.LASF18:
 869 0256 61646472 		.ascii	"addressMask\000"
 869      6573734D 
 869      61736B00 
 870              		.ident	"GCC: (GNU Tools for ARM Embedded Processors) 4.8.4 20140526 (release) [ARM/embedded-4_8-br
